2018-01-31 16:30:21.642 INFO  [localhost-startStop-1] org.atmosphere.cpr.AtmosphereFramework - Installed AtmosphereHandler com.vaadin.server.communication.PushAtmosphereHandler mapped to context-path: /*
2018-01-31 16:30:21.650 INFO  [localhost-startStop-1] org.atmosphere.cpr.AtmosphereFramework - Installed the following AtmosphereInterceptor mapped to AtmosphereHandler com.vaadin.server.communication.PushAtmosphereHandler
2018-01-31 16:30:21.656 INFO  [localhost-startStop-1] org.atmosphere.util.IOUtils - META-INF/services/org.atmosphere.cpr.AtmosphereFramework not found in class loader
2018-01-31 16:30:21.694 INFO  [localhost-startStop-1] org.atmosphere.cpr.AtmosphereFramework - Atmosphere is using org.atmosphere.util.VoidAnnotationProcessor for processing annotation
2018-01-31 16:30:21.721 INFO  [localhost-startStop-1] org.atmosphere.cpr.AtmosphereFramework - Installed WebSocketProtocol org.atmosphere.websocket.protocol.SimpleHttpProtocol 
2018-01-31 16:30:21.736 INFO  [localhost-startStop-1] org.atmosphere.container.JSR356AsyncSupport - JSR 356 Mapping path /{path}
2018-01-31 16:30:21.771 INFO  [localhost-startStop-1] org.atmosphere.cpr.AtmosphereFramework - Installing Default AtmosphereInterceptors
2018-01-31 16:30:21.772 INFO  [localhost-startStop-1] org.atmosphere.cpr.AtmosphereFramework - 	org.atmosphere.interceptor.CorsInterceptor : CORS Interceptor Support
2018-01-31 16:30:21.773 INFO  [localhost-startStop-1] org.atmosphere.cpr.AtmosphereFramework - 	org.atmosphere.interceptor.CacheHeadersInterceptor : Default Response's Headers Interceptor
2018-01-31 16:30:21.775 INFO  [localhost-startStop-1] org.atmosphere.cpr.AtmosphereFramework - 	org.atmosphere.interceptor.PaddingAtmosphereInterceptor : Browser Padding Interceptor Support
2018-01-31 16:30:21.776 INFO  [localhost-startStop-1] org.atmosphere.cpr.AtmosphereFramework - 	org.atmosphere.interceptor.AndroidAtmosphereInterceptor : Android Interceptor Support
2018-01-31 16:30:21.776 INFO  [localhost-startStop-1] org.atmosphere.cpr.AtmosphereFramework - Dropping Interceptor org.atmosphere.interceptor.HeartbeatInterceptor
2018-01-31 16:30:21.778 INFO  [localhost-startStop-1] org.atmosphere.cpr.AtmosphereFramework - 	org.atmosphere.interceptor.SSEAtmosphereInterceptor : SSE Interceptor Support
2018-01-31 16:30:21.779 INFO  [localhost-startStop-1] org.atmosphere.cpr.AtmosphereFramework - 	org.atmosphere.interceptor.JSONPAtmosphereInterceptor : JSONP Interceptor Support
2018-01-31 16:30:21.782 INFO  [localhost-startStop-1] org.atmosphere.cpr.AtmosphereFramework - 	org.atmosphere.interceptor.JavaScriptProtocol : Atmosphere JavaScript Protocol
2018-01-31 16:30:21.784 INFO  [localhost-startStop-1] org.atmosphere.cpr.AtmosphereFramework - 	org.atmosphere.interceptor.WebSocketMessageSuspendInterceptor : org.atmosphere.interceptor.WebSocketMessageSuspendInterceptor
2018-01-31 16:30:21.785 INFO  [localhost-startStop-1] org.atmosphere.cpr.AtmosphereFramework - 	org.atmosphere.interceptor.OnDisconnectInterceptor : Browser disconnection detection
2018-01-31 16:30:21.787 INFO  [localhost-startStop-1] org.atmosphere.cpr.AtmosphereFramework - 	org.atmosphere.interceptor.IdleResourceInterceptor : org.atmosphere.interceptor.IdleResourceInterceptor
2018-01-31 16:30:21.787 INFO  [localhost-startStop-1] org.atmosphere.cpr.AtmosphereFramework - Set org.atmosphere.cpr.AtmosphereInterceptor.disableDefaults to disable them.
2018-01-31 16:30:21.792 INFO  [localhost-startStop-1] org.atmosphere.cpr.AtmosphereFramework - Using EndpointMapper class org.atmosphere.util.DefaultEndpointMapper
2018-01-31 16:30:21.792 INFO  [localhost-startStop-1] org.atmosphere.cpr.AtmosphereFramework - Using BroadcasterCache: org.atmosphere.cache.UUIDBroadcasterCache
2018-01-31 16:30:21.794 INFO  [localhost-startStop-1] org.atmosphere.cpr.AtmosphereFramework - Default Broadcaster Class: org.atmosphere.cpr.DefaultBroadcaster
2018-01-31 16:30:21.794 INFO  [localhost-startStop-1] org.atmosphere.cpr.AtmosphereFramework - Broadcaster Polling Wait Time 100
2018-01-31 16:30:21.794 INFO  [localhost-startStop-1] org.atmosphere.cpr.AtmosphereFramework - Shared ExecutorService supported: true
2018-01-31 16:30:21.795 INFO  [localhost-startStop-1] org.atmosphere.cpr.AtmosphereFramework - Messaging Thread Pool Size: Unlimited
2018-01-31 16:30:21.796 INFO  [localhost-startStop-1] org.atmosphere.cpr.AtmosphereFramework - Async I/O Thread Pool Size: 200
2018-01-31 16:30:21.796 INFO  [localhost-startStop-1] org.atmosphere.cpr.AtmosphereFramework - Using BroadcasterFactory: org.atmosphere.cpr.DefaultBroadcasterFactory
2018-01-31 16:30:21.796 INFO  [localhost-startStop-1] org.atmosphere.cpr.AtmosphereFramework - Using WebSocketProcessor: org.atmosphere.websocket.DefaultWebSocketProcessor
2018-01-31 16:30:21.801 INFO  [localhost-startStop-1] org.atmosphere.cpr.AtmosphereFramework - Invoke AtmosphereInterceptor on WebSocket message true
2018-01-31 16:30:21.802 INFO  [localhost-startStop-1] org.atmosphere.cpr.AtmosphereFramework - HttpSession supported: true
2018-01-31 16:30:21.802 INFO  [localhost-startStop-1] org.atmosphere.cpr.AtmosphereFramework - Atmosphere is using DefaultAtmosphereObjectFactory for dependency injection and object creation
2018-01-31 16:30:21.803 INFO  [localhost-startStop-1] org.atmosphere.cpr.AtmosphereFramework - Atmosphere is using async support: org.atmosphere.container.JSR356AsyncSupport running under container: Apache Tomcat/8.5.14 using javax.servlet/3.0 and jsr356/WebSocket API
2018-01-31 16:30:21.804 INFO  [localhost-startStop-1] org.atmosphere.cpr.AtmosphereFramework - Atmosphere Framework 2.2.9.vaadin2.cuba1 started.
2018-01-31 16:30:21.808 INFO  [localhost-startStop-1] org.atmosphere.cpr.AtmosphereFramework - Installed AtmosphereInterceptor  Track Message Size Interceptor using | with priority BEFORE_DEFAULT 
2018-01-31 16:30:21.980 INFO  [localhost-startStop-1] com.haulmont.cuba.core.sys.AppComponents - Using app components: [com.haulmont.cuba]
2018-01-31 16:30:22.042 INFO  [localhost-startStop-1] com.haulmont.cuba.core.sys.AbstractWebAppContextLoader - Loading app properties from classpath:com/artwell/inspectionrecord/web-app.properties
2018-01-31 16:30:22.388 INFO  [localhost-startStop-1] com.haulmont.cuba.core.sys.CubaClassPathXmlApplicationContext - Refreshing com.haulmont.cuba.core.sys.CubaClassPathXmlApplicationContext@5c63973e: startup date [Wed Jan 31 16:30:22 CST 2018]; root of context hierarchy
2018-01-31 16:30:26.616 INFO  [localhost-startStop-1] com.haulmont.cuba.core.sys.remoting.discovery.StaticServerSelector - Server URLs: [http://localhost:8080/app-core/remoting]
2018-01-31 16:30:26.648 INFO  [localhost-startStop-1] com.haulmont.cuba.web.sys.remoting.WebRemoteProxyBeanCreator - Configuring proxy beans for local service invocations: [cuba_LoginService, cuba_ServerInfoService, cuba_UserSettingService, cuba_UserManagementService, cuba_DataService, cuba_ConfigStorageService, cuba_PersistenceManagerService, cuba_LockService, cuba_UserSessionService, cuba_FoldersService, cuba_EmailService, cuba_FileStorageService, cuba_EntitySnapshotService, cuba_UniqueNumbersService, cuba_LocalizedMessageService, cuba_ResourceService, cuba_ScheduledTasksService, cuba_EntityLogService, cuba_TestingService, cuba_ObjectsCacheManagerService, cuba_DomainDescriptionService, cuba_RelatedEntitiesService, cuba_EntitySqlGenerationService, cuba_NumberIdService, cuba_QueryResultsService, cuba_DynamicAttributesCacheService, cuba_EntityRestoreService, cuba_LocalFileExchangeService, cuba_EntityImportExportService, cuba_ScreenProfilerService, cuba_ServerTokenStore, cuba_IdpService, cuba_ConstraintLocalizationService]
2018-01-31 16:30:26.657 INFO  [localhost-startStop-1] com.haulmont.cuba.web.sys.remoting.WebRemoteProxyBeanCreator - Configuring proxy beans for local service invocations: [inspectionrecord_EmployeeService, inspectionrecord_InspectionRecordService]
2018-01-31 16:30:27.789 INFO  [localhost-startStop-1] com.haulmont.chile.core.datatypes.Datatypes - Can't find /datatypes.xml, using default datatypes settings
2018-01-31 16:30:29.620 INFO  [localhost-startStop-1] com.haulmont.cuba.core.sys.CubaThreadPoolTaskScheduler - Initializing ExecutorService  'scheduler'
2018-01-31 16:30:30.428 INFO  [localhost-startStop-1] com.haulmont.cuba.core.sys.jmx.MBeanExporter - Registering beans for JMX exposure: [app.cuba:type=ConfigStorage, app.cuba:type=CachingFacade, app.cuba:type=FileUploading, app.cuba:type=JmxNodeIdentifier, app.cuba:type=JmxLogControl, app.cuba:type=ClassLoaderManager, app.cuba:type=StatisticsCounter]
2018-01-31 16:30:30.542 INFO  [localhost-startStop-1] com.haulmont.cuba.core.sys.AbstractWebAppContextLoader - AppContext initialized
2018-01-31 16:30:30.631 INFO  [localhost-startStop-1] com.haulmont.cuba.web.sys.CubaDispatcherServlet - FrameworkServlet 'dispatcher': initialization started
2018-01-31 16:30:30.641 INFO  [localhost-startStop-1] com.haulmont.cuba.core.sys.CubaXmlWebApplicationContext - Refreshing WebApplicationContext for namespace 'dispatcher-servlet': startup date [Wed Jan 31 16:30:30 CST 2018]; parent: com.haulmont.cuba.core.sys.CubaClassPathXmlApplicationContext@5c63973e
2018-01-31 16:30:31.614 DEBUG [localhost-startStop-1] org.jboss.logging - Logging Provider: org.jboss.logging.Slf4jLoggerProvider
2018-01-31 16:30:32.760 INFO  [localhost-startStop-1] com.haulmont.cuba.web.sys.CubaDispatcherServlet - FrameworkServlet 'dispatcher': initialization completed in 2127 ms
2018-01-31 16:30:32.795 INFO  [localhost-startStop-1] com.haulmont.restapi.sys.CubaRestApiServlet - FrameworkServlet 'rest_api': initialization started
2018-01-31 16:30:32.796 INFO  [localhost-startStop-1] com.haulmont.cuba.core.sys.CubaXmlWebApplicationContext - Refreshing WebApplicationContext for namespace 'rest_api-servlet': startup date [Wed Jan 31 16:30:32 CST 2018]; parent: com.haulmont.cuba.core.sys.CubaClassPathXmlApplicationContext@5c63973e
2018-01-31 16:30:35.086 INFO  [localhost-startStop-1] com.haulmont.restapi.sys.CubaRestApiServlet - FrameworkServlet 'rest_api': initialization completed in 2290 ms
2018-01-31 16:30:35.389 INFO  [localhost-startStop-1] com.haulmont.cuba.core.sys.AppComponents - Using app components: [com.haulmont.cuba]
2018-01-31 16:30:35.414 INFO  [localhost-startStop-1] com.haulmont.cuba.core.sys.AbstractWebAppContextLoader - Loading app properties from classpath:com/artwell/inspectionrecord/app.properties
2018-01-31 16:30:35.433 INFO  [localhost-startStop-1] com.haulmont.cuba.core.sys.AppContextLoader - DbmsType of the main database is set to hsql
2018-01-31 16:30:35.631 INFO  [localhost-startStop-1] com.haulmont.cuba.core.sys.persistence.PersistenceConfigProcessor - Creating file C:\Users\Admin\Desktop\program\studio-projects\InspectionRecord\deploy\tomcat\work\app-core\persistence.xml
2018-01-31 16:30:35.705 INFO  [localhost-startStop-1] com.haulmont.cuba.core.sys.persistence.PersistenceConfigProcessor - Creating file C:\Users\Admin\Desktop\program\studio-projects\InspectionRecord\deploy\tomcat\work\app-core\legacy-persistence.xml
2018-01-31 16:30:36.135 INFO  [localhost-startStop-1] com.haulmont.cuba.core.sys.CubaCoreApplicationContext - Refreshing com.haulmont.cuba.core.sys.CubaCoreApplicationContext@5290ba5c: startup date [Wed Jan 31 16:30:36 CST 2018]; root of context hierarchy
2018-01-31 16:30:43.287 INFO  [localhost-startStop-1] com.haulmont.chile.core.datatypes.Datatypes - Can't find /datatypes.xml, using default datatypes settings
2018-01-31 16:30:46.802 INFO  [localhost-startStop-1] com.haulmont.cuba.core.sys.CubaThreadPoolTaskScheduler - Initializing ExecutorService  'scheduler'
2018-01-31 16:30:47.194 INFO  [localhost-startStop-1] com.haulmont.cuba.core.sys.jmx.MBeanExporter - Registering beans for JMX exposure: [app-core.cuba:type=PersistenceManager, app-core.cuba:type=ConfigStorage, app-core.cuba:type=UserSessions, app-core.cuba:type=UniqueNumbers, app-core.cuba:type=Emailer, app-core.cuba:type=EntityLog, app-core.cuba:type=FileStorage, app-core.cuba:type=LockManager, app-core.cuba:type=CachingFacade, app-core.cuba:type=ClusterManager, app-core.cuba:type=ScriptingManager, app-core.cuba:type=ServerInfo, app-core.cuba:type=Scheduling, app-core.cuba:type=ObjectsCacheManager, app-core.cuba:type=PasswordEncryptionSupport, app-core.cuba:type=JmxNodeIdentifier, app-core.cuba:type=JmxLogControl, app-core.cuba:type=ClassLoaderManager, app-core.cuba:type=StatisticsCounter, app-core.cuba:type=BruteForceProtection, app-core.cuba:type=QueryCacheSupport, app-core.cuba:type=IdpSessions]
2018-01-31 16:30:48.078 DEBUG [localhost-startStop-1] com.haulmont.cuba.security.app.LoginWorkerBean - Initialize anonymous session
2018-01-31 16:30:48.079 INFO  [localhost-startStop-1] com.haulmont.cuba.core.app.ConfigStorage - Loading DB-stored app properties cache
2018-01-31 16:30:48.180 INFO  [localhost-startStop-1] com.haulmont.cuba.core.sys.MetadataImpl - Initializing metadata
2018-01-31 16:30:48.498 INFO  [localhost-startStop-1] com.haulmont.cuba.core.sys.MetadataImpl - Metadata initialized in 318ms
2018-01-31 16:30:49.793 INFO  [localhost-startStop-1] com.haulmont.cuba.core.sys.DefaultPermissionValuesConfig - Initializing default permission values
2018-01-31 16:30:49.918 INFO  [localhost-startStop-1] com.haulmont.cuba.security.app.LoginWorkerBean - Logged in: d01b3951-9d4b-b0b8-e54d-b51fd065f642 [anonymous]
2018-01-31 16:30:49.918 DEBUG [localhost-startStop-1] com.haulmont.cuba.security.app.LoginWorkerBean - Anonymous session initialized with id d01b3951-9d4b-b0b8-e54d-b51fd065f642
2018-01-31 16:30:49.918 INFO  [localhost-startStop-1] com.haulmont.cuba.core.sys.AbstractWebAppContextLoader - AppContext initialized
2018-01-31 16:30:49.921 INFO  [localhost-startStop-1] com.haulmont.cuba.core.sys.remoting.RemotingServlet - FrameworkServlet 'remoting': initialization started
2018-01-31 16:30:49.924 INFO  [localhost-startStop-1] com.haulmont.cuba.core.sys.CubaXmlWebApplicationContext - Refreshing WebApplicationContext for namespace 'remoting-servlet': startup date [Wed Jan 31 16:30:49 CST 2018]; parent: com.haulmont.cuba.core.sys.CubaCoreApplicationContext@5290ba5c
2018-01-31 16:30:49.973 INFO  [localhost-startStop-1] com.haulmont.cuba.core.sys.remoting.RemoteServicesBeanCreator - Configuring remote services
2018-01-31 16:30:50.181 INFO  [localhost-startStop-1] com.haulmont.cuba.core.sys.remoting.RemotingServlet - FrameworkServlet 'remoting': initialization completed in 260 ms
2018-01-31 16:30:50.615 INFO  [localhost-startStop-1] com.haulmont.cuba.core.sys.AppComponents - Using app components: [com.haulmont.cuba]
2018-01-31 16:30:50.648 INFO  [localhost-startStop-1] com.haulmont.cuba.core.sys.AbstractWebAppContextLoader - Loading app properties from classpath:com/artwell/inspectionrecord/portal-app.properties
2018-01-31 16:30:50.689 INFO  [localhost-startStop-1] com.haulmont.cuba.core.sys.CubaXmlWebApplicationContext - Refreshing Root WebApplicationContext: startup date [Wed Jan 31 16:30:50 CST 2018]; root of context hierarchy
2018-01-31 16:30:51.666 INFO  [localhost-startStop-1] com.haulmont.cuba.core.sys.remoting.discovery.StaticServerSelector - Server URLs: [http://localhost:8080/app-core/remoting]
2018-01-31 16:30:51.670 INFO  [localhost-startStop-1] com.haulmont.cuba.portal.sys.remoting.PortalRemoteProxyBeanCreator - Configuring proxy beans for local service invocations: [cuba_LoginService, cuba_ServerInfoService, cuba_UserSettingService, cuba_UserManagementService, cuba_DataService, cuba_ConfigStorageService, cuba_PersistenceManagerService, cuba_LockService, cuba_UserSessionService, cuba_FoldersService, cuba_EmailService, cuba_FileStorageService, cuba_EntitySnapshotService, cuba_UniqueNumbersService, cuba_LocalizedMessageService, cuba_ResourceService, cuba_ScheduledTasksService, cuba_TestingService, cuba_DomainDescriptionService, cuba_RelatedEntitiesService, cuba_NumberIdService, cuba_DynamicAttributesCacheService, cuba_LocalFileExchangeService, cuba_EntityImportExportService, cuba_ServerTokenStore, cuba_IdpService, cuba_ConstraintLocalizationService]
2018-01-31 16:30:51.674 INFO  [localhost-startStop-1] com.haulmont.cuba.portal.sys.remoting.PortalRemoteProxyBeanCreator - Configuring proxy beans for local service invocations: [inspectionrecord_InspectionRecordService, inspectionrecord_EmployeeService]
2018-01-31 16:30:52.067 INFO  [localhost-startStop-1] com.haulmont.chile.core.datatypes.Datatypes - Can't find /datatypes.xml, using default datatypes settings
2018-01-31 16:30:52.847 INFO  [localhost-startStop-1] com.haulmont.cuba.core.sys.jmx.MBeanExporter - Registering beans for JMX exposure: [app-portal.cuba:type=ConfigStorage, app-portal.cuba:type=JmxNodeIdentifier, app-portal.cuba:type=JmxLogControl]
2018-01-31 16:30:52.862 INFO  [localhost-startStop-1] com.haulmont.cuba.core.sys.AbstractWebAppContextLoader - AppContext initialized
2018-01-31 16:30:52.873 INFO  [localhost-startStop-1] com.haulmont.cuba.portal.sys.PortalDispatcherServlet - FrameworkServlet 'portal': initialization started
2018-01-31 16:30:52.874 INFO  [localhost-startStop-1] com.haulmont.cuba.core.sys.CubaXmlWebApplicationContext - Refreshing WebApplicationContext for namespace 'portal-servlet': startup date [Wed Jan 31 16:30:52 CST 2018]; parent: Root WebApplicationContext
2018-01-31 16:30:54.032 INFO  [localhost-startStop-1] com.haulmont.cuba.portal.sys.PortalDispatcherServlet - FrameworkServlet 'portal': initialization completed in 1158 ms
2018-01-31 16:30:54.033 INFO  [localhost-startStop-1] com.haulmont.restapi.sys.CubaRestApiServlet - FrameworkServlet 'rest_api': initialization started
2018-01-31 16:30:54.034 INFO  [localhost-startStop-1] com.haulmont.cuba.core.sys.CubaXmlWebApplicationContext - Refreshing WebApplicationContext for namespace 'rest_api-servlet': startup date [Wed Jan 31 16:30:54 CST 2018]; parent: Root WebApplicationContext
2018-01-31 16:30:54.886 INFO  [localhost-startStop-1] com.haulmont.restapi.sys.CubaRestApiServlet - FrameworkServlet 'rest_api': initialization completed in 853 ms
2018-01-31 16:41:59.534 DEBUG [http-nio-8080-exec-37] com.haulmont.cuba.gui.theme.ThemeConstantsRepository - Loading theme constants
2018-01-31 16:41:59.655 DEBUG [http-nio-8080-exec-37] com.haulmont.cuba.web.App - Initializing application
2018-01-31 16:42:00.770 DEBUG [http-nio-8080-exec-37/app/anonymous] com.haulmont.cuba.web.DefaultApp - connectionStateChanged connected: true, authenticated: false
2018-01-31 16:42:00.770 DEBUG [http-nio-8080-exec-37/app/anonymous] com.haulmont.cuba.web.App - Closing all windows
2018-01-31 16:42:00.911 INFO  [http-nio-8080-exec-37/app/anonymous] com.haulmont.cuba.core.sys.MetadataImpl - Initializing metadata
2018-01-31 16:42:01.595 INFO  [http-nio-8080-exec-37/app/anonymous] com.haulmont.cuba.core.sys.MetadataImpl - Metadata initialized in 682ms
2018-01-31 16:42:03.537 DEBUG [http-nio-8080-exec-37/app/anonymous] com.haulmont.cuba.web.AbstractConnection - Logged in: user=anonymous, ip=0:0:0:0:0:0:0:1, clientInfo=Web (localhost:8080/app) Mozilla/5.0 (Windows NT 10.0; Win64; x64) AppleWebKit/537.36 (KHTML, like Gecko) Chrome/63.0.3239.132 Safari/537.36
2018-01-31 16:42:05.805 INFO  [http-nio-8080-exec-33/app-core/anonymous] com.haulmont.cuba.security.app.LoginWorkerBean - Logged in: 89729117-53a8-6c18-5a03-7c636c4478ce [admin]
2018-01-31 16:42:05.839 DEBUG [http-nio-8080-exec-33/app/admin] com.haulmont.cuba.web.DefaultApp - connectionStateChanged connected: true, authenticated: true
2018-01-31 16:42:05.840 DEBUG [http-nio-8080-exec-33/app/admin] com.haulmont.cuba.web.App - Closing all windows
2018-01-31 16:42:05.844 DEBUG [http-nio-8080-exec-33/app/admin] com.haulmont.cuba.web.DefaultApp - Session reinitialized: HttpSession=org.apache.catalina.session.StandardSessionFacade@2d0b8920, timeout=1800sec, UserSession=89729117-53a8-6c18-5a03-7c636c4478ce [admin]
2018-01-31 16:42:06.809 INFO  [http-nio-8080-exec-33/app/admin] com.haulmont.cuba.core.sys.AbstractViewRepository - Initializing views
2018-01-31 16:42:06.906 DEBUG [http-nio-8080-exec-33/app-core/admin] com.haulmont.cuba.core.app.StoreFactory - No implementation is specified for _MAIN_ store, using RdbmsStore
2018-01-31 16:42:07.044 DEBUG [http-nio-8080-exec-33/app-core/admin] com.haulmont.cuba.core.app.RdbmsStore - loadList: metaClass=sec$UserSubstitution, view=com.haulmont.cuba.security.entity.UserSubstitution/app, query=select us from sec$UserSubstitution us where us.user.id = :userId and (us.endDate is null or us.endDate >= :currentDate) and (us.startDate is null or us.startDate <= :currentDate) and (us.substitutedUser.active = true or us.substitutedUser.active is null) order by us.substitutedUser.name
2018-01-31 16:42:08.120 DEBUG [http-nio-8080-exec-33/app-core/admin] com.haulmont.cuba.core.app.FoldersServiceBean - Loading AppFolders
2018-01-31 16:42:08.263 DEBUG [http-nio-8080-exec-33/app-core/admin] com.haulmont.cuba.core.app.FoldersServiceBean - Loading SearchFolders
2018-01-31 16:42:08.358 DEBUG [http-nio-8080-exec-33/app/admin] com.haulmont.cuba.web.AbstractConnection - Logged in: user=admin, ip=0:0:0:0:0:0:0:1, clientInfo=Web (localhost:8080/app) Mozilla/5.0 (Windows NT 10.0; Win64; x64) AppleWebKit/537.36 (KHTML, like Gecko) Chrome/63.0.3239.132 Safari/537.36
2018-01-31 16:42:12.305 INFO  [http-nio-8080-exec-6/app-core/admin] com.haulmont.cuba.core.app.PersistenceManager - Loading statistics cache
2018-01-31 16:42:12.616 INFO  [http-nio-8080-exec-6/app-core/admin] com.haulmont.cuba.core.sys.AbstractViewRepository - Initializing views
2018-01-31 16:42:13.119 DEBUG [http-nio-8080-exec-6/app-core/admin] com.haulmont.cuba.core.app.RdbmsStore - loadList: metaClass=sec$Filter, view=com.haulmont.cuba.security.entity.FilterEntity/app, query=select f from sec$Filter f left join f.user u where f.componentId = :component and (u.id = :userId or u is null) order by f.name
2018-01-31 16:42:13.729 DEBUG [http-nio-8080-exec-6/app-core/admin] com.haulmont.cuba.core.app.StoreFactory - No implementation is specified for legacy store, using RdbmsStore
2018-01-31 16:42:13.729 DEBUG [http-nio-8080-exec-6/app-core/admin] com.haulmont.cuba.core.app.RdbmsStore - loadList: metaClass=inspectionrecord$HtEmpl, view=com.artwell.inspectionrecord.entity.HtEmpl/_local, query=select e from inspectionrecord$HtEmpl e, max=50
2018-01-31 16:42:27.848 DEBUG [http-nio-8080-exec-36/app-core/admin] com.haulmont.cuba.core.app.RdbmsStore - loadList: metaClass=sec$Filter, view=com.haulmont.cuba.security.entity.FilterEntity/app, query=select f from sec$Filter f left join f.user u where f.componentId = :component and (u.id = :userId or u is null) order by f.name
2018-01-31 16:42:27.936 DEBUG [http-nio-8080-exec-36/app-core/admin] com.haulmont.cuba.core.app.RdbmsStore - loadList: metaClass=inspectionrecord$Employee, view=com.artwell.inspectionrecord.entity.Employee/employee-view, query=select e from inspectionrecord$Employee e, max=50
2018-01-31 16:42:27.989 DEBUG [http-nio-8080-exec-36/app-core/admin] com.haulmont.cuba.core.app.RdbmsStore - load: metaClass=inspectionrecord$HtEmpl, id=99800126, view=com.artwell.inspectionrecord.entity.HtEmpl/
2018-01-31 16:42:31.231 INFO  [ClientCacheManager-pool-2-thread-1] com.haulmont.cuba.security.app.LoginWorkerBean - Logged in: 2bbaf9e8-bcd0-ef52-414f-e8182476e8ab [admin]
2018-01-31 16:42:32.447 DEBUG [http-nio-8080-exec-20/app-core/admin] com.haulmont.cuba.core.app.RdbmsStore - loadList: metaClass=sec$Filter, view=com.haulmont.cuba.security.entity.FilterEntity/app, query=select f from sec$Filter f left join f.user u where f.componentId = :component and (u.id = :userId or u is null) order by f.name
2018-01-31 16:42:32.479 DEBUG [http-nio-8080-exec-20/app-core/admin] com.haulmont.cuba.core.app.RdbmsStore - loadList: metaClass=inspectionrecord$Job, view=com.artwell.inspectionrecord.entity.Job/job-view, query=select e from inspectionrecord$Job e, max=50
2018-01-31 16:42:32.510 DEBUG [http-nio-8080-exec-20/app-core/admin] com.haulmont.cuba.core.app.RdbmsStore - loadList: metaClass=inspectionrecord$HtJob, view=com.artwell.inspectionrecord.entity.HtJob/_minimal, query=select e from inspectionrecord$HtJob e where e.id in :idList
2018-01-31 16:42:35.030 DEBUG [http-nio-8080-exec-33/app-core/admin] com.haulmont.cuba.core.app.RdbmsStore - load: metaClass=inspectionrecord$Job, id=558c690e-c495-c945-f3be-3a4f2019e9d9, view=com.artwell.inspectionrecord.entity.Job/job-view
2018-01-31 16:42:35.070 DEBUG [http-nio-8080-exec-33/app-core/admin] com.haulmont.cuba.core.app.RdbmsStore - load: metaClass=inspectionrecord$HtJob, id=154520035, view=com.artwell.inspectionrecord.entity.HtJob/_minimal
2018-01-31 16:42:38.726 DEBUG [http-nio-8080-exec-27/app-core/admin] com.haulmont.cuba.core.app.RdbmsStore - loadList: metaClass=sec$Filter, view=com.haulmont.cuba.security.entity.FilterEntity/app, query=select f from sec$Filter f left join f.user u where f.componentId = :component and (u.id = :userId or u is null) order by f.name
2018-01-31 16:42:38.752 DEBUG [http-nio-8080-exec-27/app-core/admin] com.haulmont.cuba.core.app.RdbmsStore - loadList: metaClass=inspectionrecord$HtJob, view=com.artwell.inspectionrecord.entity.HtJob/_local, query=select e from inspectionrecord$HtJob e, max=50
2018-01-31 16:42:42.139 DEBUG [http-nio-8080-exec-14/app-core/admin] com.haulmont.cuba.core.app.RdbmsStore - loadList: metaClass=sec$Filter, view=com.haulmont.cuba.security.entity.FilterEntity/app, query=select f from sec$Filter f left join f.user u where f.componentId = :component and (u.id = :userId or u is null) order by f.name
2018-01-31 16:42:42.163 DEBUG [http-nio-8080-exec-14/app-core/admin] com.haulmont.cuba.core.app.RdbmsStore - loadList: metaClass=inspectionrecord$DefectType, view=com.artwell.inspectionrecord.entity.DefectType/defectType-view, query=select e from inspectionrecord$DefectType e, max=50
2018-01-31 16:42:42.195 DEBUG [http-nio-8080-exec-14/app-core/admin] com.haulmont.cuba.core.app.RdbmsStore - loadList: metaClass=inspectionrecord$HtJob, view=com.artwell.inspectionrecord.entity.HtJob/, query=select e from inspectionrecord$HtJob e where e.id in :idList
2018-01-31 16:42:44.076 DEBUG [http-nio-8080-exec-3/app-core/admin] com.haulmont.cuba.core.app.RdbmsStore - load: metaClass=inspectionrecord$DefectType, id=137df54d-c453-3202-20d8-70d442a52fbf, view=com.artwell.inspectionrecord.entity.DefectType/defectType-view
2018-01-31 16:42:44.100 DEBUG [http-nio-8080-exec-3/app-core/admin] com.haulmont.cuba.core.app.RdbmsStore - loadList: metaClass=inspectionrecord$HtJob, view=com.artwell.inspectionrecord.entity.HtJob/, query=select e from inspectionrecord$HtJob e where e.id in :idList
2018-01-31 16:42:44.946 DEBUG [http-nio-8080-exec-12/app-core/admin] com.haulmont.cuba.core.app.RdbmsStore - load: metaClass=inspectionrecord$DefectType, id=4d01e264-0762-9b3a-bc8c-97c7e9207365, view=com.artwell.inspectionrecord.entity.DefectType/defectType-view
2018-01-31 16:42:44.967 DEBUG [http-nio-8080-exec-12/app-core/admin] com.haulmont.cuba.core.app.RdbmsStore - loadList: metaClass=inspectionrecord$HtJob, view=com.artwell.inspectionrecord.entity.HtJob/, query=select e from inspectionrecord$HtJob e where e.id in :idList
2018-01-31 16:42:50.370 DEBUG [http-nio-8080-exec-11/app-core/admin] com.haulmont.cuba.core.app.RdbmsStore - loadList: metaClass=sec$Filter, view=com.haulmont.cuba.security.entity.FilterEntity/app, query=select f from sec$Filter f left join f.user u where f.componentId = :component and (u.id = :userId or u is null) order by f.name
2018-01-31 16:42:50.393 DEBUG [http-nio-8080-exec-11/app-core/admin] com.haulmont.cuba.core.app.RdbmsStore - loadList: metaClass=inspectionrecord$InspectionRecord, view=com.artwell.inspectionrecord.entity.InspectionRecord/inspectionRecord-view, query=select e from inspectionrecord$InspectionRecord e, max=50
2018-01-31 16:42:50.429 DEBUG [http-nio-8080-exec-11/app-core/admin] com.haulmont.cuba.core.app.RdbmsStore - load: metaClass=inspectionrecord$HtEmpl, id=99800126, view=com.artwell.inspectionrecord.entity.HtEmpl/
2018-01-31 16:42:55.435 DEBUG [http-nio-8080-exec-9/app-core/admin] com.haulmont.cuba.core.app.RdbmsStore - load: metaClass=inspectionrecord$InspectionRecord, id=a6a42bb9-7473-bbde-78cd-8cccc46ee84d, view=com.artwell.inspectionrecord.entity.InspectionRecord/inspectionRecord-view
2018-01-31 16:42:55.463 DEBUG [http-nio-8080-exec-9/app-core/admin] com.haulmont.cuba.core.app.RdbmsStore - load: metaClass=inspectionrecord$HtEmpl, id=99800126, view=com.artwell.inspectionrecord.entity.HtEmpl/
2018-01-31 16:42:57.746 DEBUG [http-nio-8080-exec-29/app-core/admin] com.haulmont.cuba.core.app.RdbmsStore - load: metaClass=inspectionrecord$InspectionRecord, id=b53c227f-5143-e4f4-fa59-77ffc9aa958e, view=com.artwell.inspectionrecord.entity.InspectionRecord/inspectionRecord-view
2018-01-31 16:42:57.781 DEBUG [http-nio-8080-exec-29/app-core/admin] com.haulmont.cuba.core.app.RdbmsStore - load: metaClass=inspectionrecord$HtEmpl, id=99800126, view=com.artwell.inspectionrecord.entity.HtEmpl/
2018-01-31 16:52:53.569 INFO  [localhost-startStop-1] org.atmosphere.cpr.AtmosphereFramework - Installed AtmosphereHandler com.vaadin.server.communication.PushAtmosphereHandler mapped to context-path: /*
2018-01-31 16:52:53.575 INFO  [localhost-startStop-1] org.atmosphere.cpr.AtmosphereFramework - Installed the following AtmosphereInterceptor mapped to AtmosphereHandler com.vaadin.server.communication.PushAtmosphereHandler
2018-01-31 16:52:53.579 INFO  [localhost-startStop-1] org.atmosphere.util.IOUtils - META-INF/services/org.atmosphere.cpr.AtmosphereFramework not found in class loader
2018-01-31 16:52:53.598 INFO  [localhost-startStop-1] org.atmosphere.cpr.AtmosphereFramework - Atmosphere is using org.atmosphere.util.VoidAnnotationProcessor for processing annotation
2018-01-31 16:52:53.609 INFO  [localhost-startStop-1] org.atmosphere.cpr.AtmosphereFramework - Installed WebSocketProtocol org.atmosphere.websocket.protocol.SimpleHttpProtocol 
2018-01-31 16:52:53.621 INFO  [localhost-startStop-1] org.atmosphere.container.JSR356AsyncSupport - JSR 356 Mapping path /{path}
2018-01-31 16:52:53.638 INFO  [localhost-startStop-1] org.atmosphere.cpr.AtmosphereFramework - Installing Default AtmosphereInterceptors
2018-01-31 16:52:53.639 INFO  [localhost-startStop-1] org.atmosphere.cpr.AtmosphereFramework - 	org.atmosphere.interceptor.CorsInterceptor : CORS Interceptor Support
2018-01-31 16:52:53.640 INFO  [localhost-startStop-1] org.atmosphere.cpr.AtmosphereFramework - 	org.atmosphere.interceptor.CacheHeadersInterceptor : Default Response's Headers Interceptor
2018-01-31 16:52:53.641 INFO  [localhost-startStop-1] org.atmosphere.cpr.AtmosphereFramework - 	org.atmosphere.interceptor.PaddingAtmosphereInterceptor : Browser Padding Interceptor Support
2018-01-31 16:52:53.643 INFO  [localhost-startStop-1] org.atmosphere.cpr.AtmosphereFramework - 	org.atmosphere.interceptor.AndroidAtmosphereInterceptor : Android Interceptor Support
2018-01-31 16:52:53.643 INFO  [localhost-startStop-1] org.atmosphere.cpr.AtmosphereFramework - Dropping Interceptor org.atmosphere.interceptor.HeartbeatInterceptor
2018-01-31 16:52:53.644 INFO  [localhost-startStop-1] org.atmosphere.cpr.AtmosphereFramework - 	org.atmosphere.interceptor.SSEAtmosphereInterceptor : SSE Interceptor Support
2018-01-31 16:52:53.646 INFO  [localhost-startStop-1] org.atmosphere.cpr.AtmosphereFramework - 	org.atmosphere.interceptor.JSONPAtmosphereInterceptor : JSONP Interceptor Support
2018-01-31 16:52:53.655 INFO  [localhost-startStop-1] org.atmosphere.cpr.AtmosphereFramework - 	org.atmosphere.interceptor.JavaScriptProtocol : Atmosphere JavaScript Protocol
2018-01-31 16:52:53.656 INFO  [localhost-startStop-1] org.atmosphere.cpr.AtmosphereFramework - 	org.atmosphere.interceptor.WebSocketMessageSuspendInterceptor : org.atmosphere.interceptor.WebSocketMessageSuspendInterceptor
2018-01-31 16:52:53.657 INFO  [localhost-startStop-1] org.atmosphere.cpr.AtmosphereFramework - 	org.atmosphere.interceptor.OnDisconnectInterceptor : Browser disconnection detection
2018-01-31 16:52:53.658 INFO  [localhost-startStop-1] org.atmosphere.cpr.AtmosphereFramework - 	org.atmosphere.interceptor.IdleResourceInterceptor : org.atmosphere.interceptor.IdleResourceInterceptor
2018-01-31 16:52:53.658 INFO  [localhost-startStop-1] org.atmosphere.cpr.AtmosphereFramework - Set org.atmosphere.cpr.AtmosphereInterceptor.disableDefaults to disable them.
2018-01-31 16:52:53.663 INFO  [localhost-startStop-1] org.atmosphere.cpr.AtmosphereFramework - Using EndpointMapper class org.atmosphere.util.DefaultEndpointMapper
2018-01-31 16:52:53.664 INFO  [localhost-startStop-1] org.atmosphere.cpr.AtmosphereFramework - Using BroadcasterCache: org.atmosphere.cache.UUIDBroadcasterCache
2018-01-31 16:52:53.664 INFO  [localhost-startStop-1] org.atmosphere.cpr.AtmosphereFramework - Default Broadcaster Class: org.atmosphere.cpr.DefaultBroadcaster
2018-01-31 16:52:53.664 INFO  [localhost-startStop-1] org.atmosphere.cpr.AtmosphereFramework - Broadcaster Polling Wait Time 100
2018-01-31 16:52:53.665 INFO  [localhost-startStop-1] org.atmosphere.cpr.AtmosphereFramework - Shared ExecutorService supported: true
2018-01-31 16:52:53.665 INFO  [localhost-startStop-1] org.atmosphere.cpr.AtmosphereFramework - Messaging Thread Pool Size: Unlimited
2018-01-31 16:52:53.665 INFO  [localhost-startStop-1] org.atmosphere.cpr.AtmosphereFramework - Async I/O Thread Pool Size: 200
2018-01-31 16:52:53.665 INFO  [localhost-startStop-1] org.atmosphere.cpr.AtmosphereFramework - Using BroadcasterFactory: org.atmosphere.cpr.DefaultBroadcasterFactory
2018-01-31 16:52:53.667 INFO  [localhost-startStop-1] org.atmosphere.cpr.AtmosphereFramework - Using WebSocketProcessor: org.atmosphere.websocket.DefaultWebSocketProcessor
2018-01-31 16:52:53.672 INFO  [localhost-startStop-1] org.atmosphere.cpr.AtmosphereFramework - Invoke AtmosphereInterceptor on WebSocket message true
2018-01-31 16:52:53.672 INFO  [localhost-startStop-1] org.atmosphere.cpr.AtmosphereFramework - HttpSession supported: true
2018-01-31 16:52:53.672 INFO  [localhost-startStop-1] org.atmosphere.cpr.AtmosphereFramework - Atmosphere is using DefaultAtmosphereObjectFactory for dependency injection and object creation
2018-01-31 16:52:53.672 INFO  [localhost-startStop-1] org.atmosphere.cpr.AtmosphereFramework - Atmosphere is using async support: org.atmosphere.container.JSR356AsyncSupport running under container: Apache Tomcat/8.5.14 using javax.servlet/3.0 and jsr356/WebSocket API
2018-01-31 16:52:53.672 INFO  [localhost-startStop-1] org.atmosphere.cpr.AtmosphereFramework - Atmosphere Framework 2.2.9.vaadin2.cuba1 started.
2018-01-31 16:52:53.675 INFO  [localhost-startStop-1] org.atmosphere.cpr.AtmosphereFramework - Installed AtmosphereInterceptor  Track Message Size Interceptor using | with priority BEFORE_DEFAULT 
2018-01-31 16:52:53.809 INFO  [localhost-startStop-1] com.haulmont.cuba.core.sys.AppComponents - Using app components: [com.haulmont.cuba]
2018-01-31 16:52:53.856 INFO  [localhost-startStop-1] com.haulmont.cuba.core.sys.AbstractWebAppContextLoader - Loading app properties from classpath:com/artwell/inspectionrecord/web-app.properties
2018-01-31 16:52:54.120 INFO  [localhost-startStop-1] com.haulmont.cuba.core.sys.CubaClassPathXmlApplicationContext - Refreshing com.haulmont.cuba.core.sys.CubaClassPathXmlApplicationContext@4d6fdd51: startup date [Wed Jan 31 16:52:54 CST 2018]; root of context hierarchy
2018-01-31 16:52:56.748 INFO  [localhost-startStop-1] com.haulmont.cuba.core.sys.remoting.discovery.StaticServerSelector - Server URLs: [http://localhost:8080/app-core/remoting]
2018-01-31 16:52:56.776 INFO  [localhost-startStop-1] com.haulmont.cuba.web.sys.remoting.WebRemoteProxyBeanCreator - Configuring proxy beans for local service invocations: [cuba_LoginService, cuba_ServerInfoService, cuba_UserSettingService, cuba_UserManagementService, cuba_DataService, cuba_ConfigStorageService, cuba_PersistenceManagerService, cuba_LockService, cuba_UserSessionService, cuba_FoldersService, cuba_EmailService, cuba_FileStorageService, cuba_EntitySnapshotService, cuba_UniqueNumbersService, cuba_LocalizedMessageService, cuba_ResourceService, cuba_ScheduledTasksService, cuba_EntityLogService, cuba_TestingService, cuba_ObjectsCacheManagerService, cuba_DomainDescriptionService, cuba_RelatedEntitiesService, cuba_EntitySqlGenerationService, cuba_NumberIdService, cuba_QueryResultsService, cuba_DynamicAttributesCacheService, cuba_EntityRestoreService, cuba_LocalFileExchangeService, cuba_EntityImportExportService, cuba_ScreenProfilerService, cuba_ServerTokenStore, cuba_IdpService, cuba_ConstraintLocalizationService]
2018-01-31 16:52:56.782 INFO  [localhost-startStop-1] com.haulmont.cuba.web.sys.remoting.WebRemoteProxyBeanCreator - Configuring proxy beans for local service invocations: [inspectionrecord_EmployeeService, inspectionrecord_InspectionRecordService]
2018-01-31 16:52:57.400 INFO  [localhost-startStop-1] com.haulmont.chile.core.datatypes.Datatypes - Can't find /datatypes.xml, using default datatypes settings
2018-01-31 16:52:58.497 INFO  [localhost-startStop-1] com.haulmont.cuba.core.sys.CubaThreadPoolTaskScheduler - Initializing ExecutorService  'scheduler'
2018-01-31 16:52:58.879 INFO  [localhost-startStop-1] com.haulmont.cuba.core.sys.jmx.MBeanExporter - Registering beans for JMX exposure: [app.cuba:type=ConfigStorage, app.cuba:type=CachingFacade, app.cuba:type=FileUploading, app.cuba:type=JmxNodeIdentifier, app.cuba:type=JmxLogControl, app.cuba:type=ClassLoaderManager, app.cuba:type=StatisticsCounter]
2018-01-31 16:52:58.959 INFO  [localhost-startStop-1] com.haulmont.cuba.core.sys.AbstractWebAppContextLoader - AppContext initialized
2018-01-31 16:52:59.021 INFO  [localhost-startStop-1] com.haulmont.cuba.web.sys.CubaDispatcherServlet - FrameworkServlet 'dispatcher': initialization started
2018-01-31 16:52:59.032 INFO  [localhost-startStop-1] com.haulmont.cuba.core.sys.CubaXmlWebApplicationContext - Refreshing WebApplicationContext for namespace 'dispatcher-servlet': startup date [Wed Jan 31 16:52:59 CST 2018]; parent: com.haulmont.cuba.core.sys.CubaClassPathXmlApplicationContext@4d6fdd51
2018-01-31 16:52:59.862 DEBUG [localhost-startStop-1] org.jboss.logging - Logging Provider: org.jboss.logging.Slf4jLoggerProvider
2018-01-31 16:53:00.767 INFO  [localhost-startStop-1] com.haulmont.cuba.web.sys.CubaDispatcherServlet - FrameworkServlet 'dispatcher': initialization completed in 1742 ms
2018-01-31 16:53:00.770 INFO  [localhost-startStop-1] com.haulmont.restapi.sys.CubaRestApiServlet - FrameworkServlet 'rest_api': initialization started
2018-01-31 16:53:00.771 INFO  [localhost-startStop-1] com.haulmont.cuba.core.sys.CubaXmlWebApplicationContext - Refreshing WebApplicationContext for namespace 'rest_api-servlet': startup date [Wed Jan 31 16:53:00 CST 2018]; parent: com.haulmont.cuba.core.sys.CubaClassPathXmlApplicationContext@4d6fdd51
2018-01-31 16:53:02.570 INFO  [localhost-startStop-1] com.haulmont.restapi.sys.CubaRestApiServlet - FrameworkServlet 'rest_api': initialization completed in 1800 ms
2018-01-31 16:53:02.747 INFO  [localhost-startStop-1] com.haulmont.cuba.core.sys.AppComponents - Using app components: [com.haulmont.cuba]
2018-01-31 16:53:02.763 INFO  [localhost-startStop-1] com.haulmont.cuba.core.sys.AbstractWebAppContextLoader - Loading app properties from classpath:com/artwell/inspectionrecord/app.properties
2018-01-31 16:53:02.782 INFO  [localhost-startStop-1] com.haulmont.cuba.core.sys.AppContextLoader - DbmsType of the main database is set to hsql
2018-01-31 16:53:02.907 INFO  [localhost-startStop-1] com.haulmont.cuba.core.sys.persistence.PersistenceConfigProcessor - Creating file C:\Users\Admin\Desktop\program\studio-projects\InspectionRecord\deploy\tomcat\work\app-core\persistence.xml
2018-01-31 16:53:02.941 INFO  [localhost-startStop-1] com.haulmont.cuba.core.sys.persistence.PersistenceConfigProcessor - Creating file C:\Users\Admin\Desktop\program\studio-projects\InspectionRecord\deploy\tomcat\work\app-core\legacy-persistence.xml
2018-01-31 16:53:02.957 INFO  [localhost-startStop-1] com.haulmont.cuba.core.sys.CubaCoreApplicationContext - Refreshing com.haulmont.cuba.core.sys.CubaCoreApplicationContext@71fac423: startup date [Wed Jan 31 16:53:02 CST 2018]; root of context hierarchy
2018-01-31 16:53:07.944 INFO  [localhost-startStop-1] com.haulmont.chile.core.datatypes.Datatypes - Can't find /datatypes.xml, using default datatypes settings
2018-01-31 16:53:11.421 INFO  [localhost-startStop-1] com.haulmont.cuba.core.sys.CubaThreadPoolTaskScheduler - Initializing ExecutorService  'scheduler'
2018-01-31 16:53:11.659 INFO  [localhost-startStop-1] com.haulmont.cuba.core.sys.jmx.MBeanExporter - Registering beans for JMX exposure: [app-core.cuba:type=PersistenceManager, app-core.cuba:type=ConfigStorage, app-core.cuba:type=UserSessions, app-core.cuba:type=UniqueNumbers, app-core.cuba:type=Emailer, app-core.cuba:type=EntityLog, app-core.cuba:type=FileStorage, app-core.cuba:type=LockManager, app-core.cuba:type=CachingFacade, app-core.cuba:type=ClusterManager, app-core.cuba:type=ScriptingManager, app-core.cuba:type=ServerInfo, app-core.cuba:type=Scheduling, app-core.cuba:type=ObjectsCacheManager, app-core.cuba:type=PasswordEncryptionSupport, app-core.cuba:type=JmxNodeIdentifier, app-core.cuba:type=JmxLogControl, app-core.cuba:type=ClassLoaderManager, app-core.cuba:type=StatisticsCounter, app-core.cuba:type=BruteForceProtection, app-core.cuba:type=QueryCacheSupport, app-core.cuba:type=IdpSessions]
2018-01-31 16:53:12.589 DEBUG [localhost-startStop-1] com.haulmont.cuba.security.app.LoginWorkerBean - Initialize anonymous session
2018-01-31 16:53:12.591 INFO  [localhost-startStop-1] com.haulmont.cuba.core.app.ConfigStorage - Loading DB-stored app properties cache
2018-01-31 16:53:12.713 INFO  [localhost-startStop-1] com.haulmont.cuba.core.sys.MetadataImpl - Initializing metadata
2018-01-31 16:53:13.004 INFO  [localhost-startStop-1] com.haulmont.cuba.core.sys.MetadataImpl - Metadata initialized in 291ms
2018-01-31 16:53:13.861 INFO  [localhost-startStop-1] com.haulmont.cuba.core.sys.DefaultPermissionValuesConfig - Initializing default permission values
2018-01-31 16:53:14.001 INFO  [localhost-startStop-1] com.haulmont.cuba.security.app.LoginWorkerBean - Logged in: d01b3951-9d4b-b0b8-e54d-b51fd065f642 [anonymous]
2018-01-31 16:53:14.001 DEBUG [localhost-startStop-1] com.haulmont.cuba.security.app.LoginWorkerBean - Anonymous session initialized with id d01b3951-9d4b-b0b8-e54d-b51fd065f642
2018-01-31 16:53:14.001 INFO  [localhost-startStop-1] com.haulmont.cuba.core.sys.AbstractWebAppContextLoader - AppContext initialized
2018-01-31 16:53:14.005 INFO  [localhost-startStop-1] com.haulmont.cuba.core.sys.remoting.RemotingServlet - FrameworkServlet 'remoting': initialization started
2018-01-31 16:53:14.008 INFO  [localhost-startStop-1] com.haulmont.cuba.core.sys.CubaXmlWebApplicationContext - Refreshing WebApplicationContext for namespace 'remoting-servlet': startup date [Wed Jan 31 16:53:14 CST 2018]; parent: com.haulmont.cuba.core.sys.CubaCoreApplicationContext@71fac423
2018-01-31 16:53:14.049 INFO  [localhost-startStop-1] com.haulmont.cuba.core.sys.remoting.RemoteServicesBeanCreator - Configuring remote services
2018-01-31 16:53:14.233 INFO  [localhost-startStop-1] com.haulmont.cuba.core.sys.remoting.RemotingServlet - FrameworkServlet 'remoting': initialization completed in 228 ms
2018-01-31 16:53:14.350 INFO  [localhost-startStop-1] com.haulmont.cuba.core.sys.AppComponents - Using app components: [com.haulmont.cuba]
2018-01-31 16:53:14.367 INFO  [localhost-startStop-1] com.haulmont.cuba.core.sys.AbstractWebAppContextLoader - Loading app properties from classpath:com/artwell/inspectionrecord/portal-app.properties
2018-01-31 16:53:14.413 INFO  [localhost-startStop-1] com.haulmont.cuba.core.sys.CubaXmlWebApplicationContext - Refreshing Root WebApplicationContext: startup date [Wed Jan 31 16:53:14 CST 2018]; root of context hierarchy
2018-01-31 16:53:15.073 INFO  [localhost-startStop-1] com.haulmont.cuba.core.sys.remoting.discovery.StaticServerSelector - Server URLs: [http://localhost:8080/app-core/remoting]
2018-01-31 16:53:15.075 INFO  [localhost-startStop-1] com.haulmont.cuba.portal.sys.remoting.PortalRemoteProxyBeanCreator - Configuring proxy beans for local service invocations: [cuba_LoginService, cuba_ServerInfoService, cuba_UserSettingService, cuba_UserManagementService, cuba_DataService, cuba_ConfigStorageService, cuba_PersistenceManagerService, cuba_LockService, cuba_UserSessionService, cuba_FoldersService, cuba_EmailService, cuba_FileStorageService, cuba_EntitySnapshotService, cuba_UniqueNumbersService, cuba_LocalizedMessageService, cuba_ResourceService, cuba_ScheduledTasksService, cuba_TestingService, cuba_DomainDescriptionService, cuba_RelatedEntitiesService, cuba_NumberIdService, cuba_DynamicAttributesCacheService, cuba_LocalFileExchangeService, cuba_EntityImportExportService, cuba_ServerTokenStore, cuba_IdpService, cuba_ConstraintLocalizationService]
2018-01-31 16:53:15.082 INFO  [localhost-startStop-1] com.haulmont.cuba.portal.sys.remoting.PortalRemoteProxyBeanCreator - Configuring proxy beans for local service invocations: [inspectionrecord_InspectionRecordService, inspectionrecord_EmployeeService]
2018-01-31 16:53:15.484 INFO  [localhost-startStop-1] com.haulmont.chile.core.datatypes.Datatypes - Can't find /datatypes.xml, using default datatypes settings
2018-01-31 16:53:16.052 INFO  [localhost-startStop-1] com.haulmont.cuba.core.sys.jmx.MBeanExporter - Registering beans for JMX exposure: [app-portal.cuba:type=ConfigStorage, app-portal.cuba:type=JmxNodeIdentifier, app-portal.cuba:type=JmxLogControl]
2018-01-31 16:53:16.066 INFO  [localhost-startStop-1] com.haulmont.cuba.core.sys.AbstractWebAppContextLoader - AppContext initialized
2018-01-31 16:53:16.080 INFO  [localhost-startStop-1] com.haulmont.cuba.portal.sys.PortalDispatcherServlet - FrameworkServlet 'portal': initialization started
2018-01-31 16:53:16.082 INFO  [localhost-startStop-1] com.haulmont.cuba.core.sys.CubaXmlWebApplicationContext - Refreshing WebApplicationContext for namespace 'portal-servlet': startup date [Wed Jan 31 16:53:16 CST 2018]; parent: Root WebApplicationContext
2018-01-31 16:53:16.568 INFO  [localhost-startStop-1] com.haulmont.cuba.portal.sys.PortalDispatcherServlet - FrameworkServlet 'portal': initialization completed in 487 ms
2018-01-31 16:53:16.571 INFO  [localhost-startStop-1] com.haulmont.restapi.sys.CubaRestApiServlet - FrameworkServlet 'rest_api': initialization started
2018-01-31 16:53:16.573 INFO  [localhost-startStop-1] com.haulmont.cuba.core.sys.CubaXmlWebApplicationContext - Refreshing WebApplicationContext for namespace 'rest_api-servlet': startup date [Wed Jan 31 16:53:16 CST 2018]; parent: Root WebApplicationContext
2018-01-31 16:53:17.198 INFO  [localhost-startStop-1] com.haulmont.restapi.sys.CubaRestApiServlet - FrameworkServlet 'rest_api': initialization completed in 626 ms
2018-01-31 16:53:25.503 INFO  [http-nio-8080-exec-20] com.haulmont.cuba.security.app.LoginWorkerBean - Logged in: 9927b66e-c90f-ca58-f579-83de13eadf6b [admin]
2018-01-31 16:53:25.596 INFO  [http-nio-8080-exec-20/app/admin] com.haulmont.restapi.auth.ClientProxyTokenStore - REST API access token stored: [admin] 616e576c-86b0-4dbf-8cc5-cd30f1c38ff7
2018-01-31 16:53:26.077 DEBUG [http-nio-8080-exec-3/app/admin] com.haulmont.restapi.auth.CubaRestLastSecurityFilter - REST API request [616e576c-86b0-4dbf-8cc5-cd30f1c38ff7] GET http://10.52.0.52:8080/app/rest/v2/services/inspectionrecord_EmployeeService/getLoginInfobyCode?code=08014 10.52.0.52
2018-01-31 16:53:27.421 INFO  [http-nio-8080-exec-3/app/admin] com.haulmont.cuba.core.sys.MetadataImpl - Initializing metadata
2018-01-31 16:53:27.654 INFO  [http-nio-8080-exec-3/app/admin] com.haulmont.cuba.core.sys.MetadataImpl - Metadata initialized in 233ms
2018-01-31 16:53:57.743 INFO  [http-nio-8080-exec-6] com.haulmont.cuba.security.app.LoginWorkerBean - Logged in: 5aa51294-7a3a-d3b2-4516-8b03175f9798 [admin]
2018-01-31 16:53:57.756 INFO  [http-nio-8080-exec-6/app/admin] com.haulmont.restapi.auth.ClientProxyTokenStore - REST API access token stored: [admin] 4b35727e-a609-4656-ba11-b9a71cc7a032
2018-01-31 16:53:57.796 DEBUG [http-nio-8080-exec-24/app/admin] com.haulmont.restapi.auth.CubaRestLastSecurityFilter - REST API request [4b35727e-a609-4656-ba11-b9a71cc7a032] GET http://10.52.0.52:8080/app/rest/v2/services/inspectionrecord_EmployeeService/getLoginInfobyCode?code=123456 10.52.0.52
2018-01-31 16:53:58.528 INFO  [http-nio-8080-exec-27] com.haulmont.cuba.security.app.LoginWorkerBean - Logged in: 69b0d744-bd3d-dfea-f6ed-2298945f471f [admin]
2018-01-31 16:53:58.535 INFO  [http-nio-8080-exec-27/app/admin] com.haulmont.restapi.auth.ClientProxyTokenStore - REST API access token stored: [admin] 2c0635a9-ca69-4ab7-82ea-48b5e452056d
2018-01-31 16:53:58.583 DEBUG [http-nio-8080-exec-7/app/admin] com.haulmont.restapi.auth.CubaRestLastSecurityFilter - REST API request [2c0635a9-ca69-4ab7-82ea-48b5e452056d] GET http://10.52.0.52:8080/app/rest/v2/services/inspectionrecord_EmployeeService/getLoginInfobyCode?code=123456 10.52.0.52
2018-01-31 16:54:26.020 INFO  [http-nio-8080-exec-27] com.haulmont.cuba.security.app.LoginWorkerBean - Logged in: d80602e1-7636-572a-5027-7600bac57808 [admin]
2018-01-31 16:54:26.027 INFO  [http-nio-8080-exec-27/app/admin] com.haulmont.restapi.auth.ClientProxyTokenStore - REST API access token stored: [admin] 3ca01525-8002-4789-b463-4d9ae1cfb742
2018-01-31 16:54:26.055 DEBUG [http-nio-8080-exec-21/app/admin] com.haulmont.restapi.auth.CubaRestLastSecurityFilter - REST API request [3ca01525-8002-4789-b463-4d9ae1cfb742] GET http://10.52.0.52:8080/app/rest/v2/services/inspectionrecord_EmployeeService/getLoginInfobyCode?code=08014 10.52.0.52
2018-01-31 16:55:15.905 INFO  [http-nio-8080-exec-11] com.haulmont.cuba.security.app.LoginWorkerBean - Logged in: 1a2a09eb-c422-76f0-1d8e-b1cd7f1a329d [admin]
2018-01-31 16:55:15.911 INFO  [http-nio-8080-exec-11/app/admin] com.haulmont.restapi.auth.ClientProxyTokenStore - REST API access token stored: [admin] 17507960-daa0-4476-bb81-04ff642689d7
2018-01-31 16:55:15.944 DEBUG [http-nio-8080-exec-26/app/admin] com.haulmont.restapi.auth.CubaRestLastSecurityFilter - REST API request [17507960-daa0-4476-bb81-04ff642689d7] GET http://10.52.0.52:8080/app/rest/v2/services/inspectionrecord_EmployeeService/getLoginInfobyCode?code=08014 10.52.0.52
2018-01-31 16:55:39.543 INFO  [http-nio-8080-exec-1] com.haulmont.cuba.security.app.LoginWorkerBean - Logged in: a1f8aa39-72a5-c92f-044c-064694e82a3b [admin]
2018-01-31 16:55:39.551 INFO  [http-nio-8080-exec-1/app/admin] com.haulmont.restapi.auth.ClientProxyTokenStore - REST API access token stored: [admin] cf698510-457e-4cd3-9fc0-18159903ede7
2018-01-31 16:55:39.582 DEBUG [http-nio-8080-exec-27/app/admin] com.haulmont.restapi.auth.CubaRestLastSecurityFilter - REST API request [cf698510-457e-4cd3-9fc0-18159903ede7] GET http://10.52.0.52:8080/app/rest/v2/services/inspectionrecord_EmployeeService/getLoginInfobyCode?code=08014 10.52.0.52
2018-01-31 16:55:49.721 INFO  [http-nio-8080-exec-14] com.haulmont.cuba.security.app.LoginWorkerBean - Logged in: b9fbe220-0c0e-b8a1-e309-33fcd57b287f [admin]
2018-01-31 16:55:49.727 INFO  [http-nio-8080-exec-14/app/admin] com.haulmont.restapi.auth.ClientProxyTokenStore - REST API access token stored: [admin] 3fe774e3-c85b-46f6-8287-567d0fbc6001
2018-01-31 16:55:49.758 DEBUG [http-nio-8080-exec-30/app/admin] com.haulmont.restapi.auth.CubaRestLastSecurityFilter - REST API request [3fe774e3-c85b-46f6-8287-567d0fbc6001] GET http://10.52.0.52:8080/app/rest/v2/services/inspectionrecord_EmployeeService/getLoginInfobyCode?code=08014 10.52.0.52
2018-01-31 16:56:06.397 INFO  [http-nio-8080-exec-27] com.haulmont.cuba.security.app.LoginWorkerBean - Logged in: a86863a2-d0f9-49e9-1c08-56dac9bdf4f7 [admin]
2018-01-31 16:56:06.401 INFO  [http-nio-8080-exec-27/app/admin] com.haulmont.restapi.auth.ClientProxyTokenStore - REST API access token stored: [admin] 892fa62c-e024-4a15-83d8-2ea7c09aa266
2018-01-31 16:56:06.435 DEBUG [http-nio-8080-exec-7/app/admin] com.haulmont.restapi.auth.CubaRestLastSecurityFilter - REST API request [892fa62c-e024-4a15-83d8-2ea7c09aa266] GET http://10.52.0.52:8080/app/rest/v2/services/inspectionrecord_EmployeeService/getLoginInfobyCode?code=08014 10.52.0.52
2018-01-31 16:56:13.655 DEBUG [http-nio-8080-exec-9/app/admin] com.haulmont.restapi.auth.CubaRestLastSecurityFilter - REST API request [892fa62c-e024-4a15-83d8-2ea7c09aa266] POST http://10.52.0.52:8080/app/rest/v2/services/inspectionrecord_InspectionRecordService/recordInspection 10.52.0.52
2018-01-31 16:56:13.698 DEBUG [http-nio-8080-exec-9/app-core/admin] com.haulmont.cuba.core.app.StoreFactory - No implementation is specified for _MAIN_ store, using RdbmsStore
2018-01-31 16:56:13.763 DEBUG [http-nio-8080-exec-9/app-core/admin] com.haulmont.cuba.core.app.RdbmsStore - commit: commitInstances=[com.artwell.inspectionrecord.entity.InspectionRecord-78ffb55a-3680-7365-fc10-51fe6e95adee [new]], removeInstances=[]
2018-01-31 16:56:13.764 DEBUG [http-nio-8080-exec-9/app-core/admin] com.haulmont.cuba.security.app.EntityLog - Loading entities
2018-01-31 16:56:13.769 DEBUG [http-nio-8080-exec-9/app-core/admin] com.haulmont.cuba.security.app.EntityLog - Loaded: entitiesAuto=0, entitiesManual=0
2018-01-31 16:56:31.866 DEBUG [http-nio-8080-exec-24/app/admin] com.haulmont.restapi.auth.CubaRestLastSecurityFilter - REST API request [892fa62c-e024-4a15-83d8-2ea7c09aa266] POST http://10.52.0.52:8080/app/rest/v2/services/inspectionrecord_InspectionRecordService/recordInspection 10.52.0.52
2018-01-31 16:56:31.887 DEBUG [http-nio-8080-exec-24/app-core/admin] com.haulmont.cuba.core.app.RdbmsStore - commit: commitInstances=[com.artwell.inspectionrecord.entity.InspectionRecord-db12edcb-62de-ea8f-c2b2-8433308bb399 [new]], removeInstances=[]
2018-01-31 16:56:47.534 INFO  [http-nio-8080-exec-10] com.haulmont.cuba.security.app.LoginWorkerBean - Logged in: af99dd44-ebb7-96f9-6514-07aee3cadef8 [admin]
2018-01-31 16:56:47.539 INFO  [http-nio-8080-exec-10/app/admin] com.haulmont.restapi.auth.ClientProxyTokenStore - REST API access token stored: [admin] b8155984-1026-4cec-a826-457e5aa2a444
2018-01-31 16:56:47.563 DEBUG [http-nio-8080-exec-17/app/admin] com.haulmont.restapi.auth.CubaRestLastSecurityFilter - REST API request [b8155984-1026-4cec-a826-457e5aa2a444] GET http://10.52.0.52:8080/app/rest/v2/services/inspectionrecord_EmployeeService/getLoginInfobyCode?code=08014 10.52.0.52
2018-01-31 16:56:54.245 INFO  [http-nio-8080-exec-3] com.haulmont.cuba.security.app.LoginWorkerBean - Logged in: e9c08a33-6b64-94c9-5c88-e731abf55efd [admin]
2018-01-31 16:56:54.252 INFO  [http-nio-8080-exec-3/app/admin] com.haulmont.restapi.auth.ClientProxyTokenStore - REST API access token stored: [admin] 2746ea3e-625f-45e7-a3d6-16c5d1443c4d
2018-01-31 16:56:54.273 DEBUG [http-nio-8080-exec-2/app/admin] com.haulmont.restapi.auth.CubaRestLastSecurityFilter - REST API request [2746ea3e-625f-45e7-a3d6-16c5d1443c4d] GET http://10.52.0.52:8080/app/rest/v2/services/inspectionrecord_EmployeeService/getLoginInfobyCode?code=08014 10.52.0.52
2018-01-31 17:00:09.308 INFO  [http-nio-8080-exec-14] com.haulmont.cuba.security.app.LoginWorkerBean - Logged in: 4e6d581c-8f2a-4f21-0039-c339bebc2186 [admin]
2018-01-31 17:00:09.314 INFO  [http-nio-8080-exec-14/app/admin] com.haulmont.restapi.auth.ClientProxyTokenStore - REST API access token stored: [admin] 78e8b39d-b364-4048-9b05-8ae9d40328ec
2018-01-31 17:00:09.594 DEBUG [http-nio-8080-exec-18/app/admin] com.haulmont.restapi.auth.CubaRestLastSecurityFilter - REST API request [78e8b39d-b364-4048-9b05-8ae9d40328ec] GET http://10.52.0.52:8080/app/rest/v2/services/inspectionrecord_EmployeeService/getLoginInfobyCode?code=08014 10.52.0.52
2018-01-31 17:00:19.374 INFO  [http-nio-8080-exec-12] com.haulmont.cuba.security.app.LoginWorkerBean - Logged in: d3e95ad1-5062-4664-9155-dcf5695674f5 [admin]
2018-01-31 17:00:19.379 INFO  [http-nio-8080-exec-12/app/admin] com.haulmont.restapi.auth.ClientProxyTokenStore - REST API access token stored: [admin] 19fb085e-cb94-4184-b28a-5beba221bb14
2018-01-31 17:00:19.401 DEBUG [http-nio-8080-exec-3/app/admin] com.haulmont.restapi.auth.CubaRestLastSecurityFilter - REST API request [19fb085e-cb94-4184-b28a-5beba221bb14] GET http://10.52.0.52:8080/app/rest/v2/services/inspectionrecord_EmployeeService/getLoginInfobyCode?code=08014 10.52.0.52
2018-01-31 17:00:24.302 INFO  [http-nio-8080-exec-27] com.haulmont.cuba.security.app.LoginWorkerBean - Logged in: a7e52c14-2a54-a215-ca74-caad597c48a8 [admin]
2018-01-31 17:00:24.307 INFO  [http-nio-8080-exec-27/app/admin] com.haulmont.restapi.auth.ClientProxyTokenStore - REST API access token stored: [admin] 9b49890a-4e97-4c23-9874-2bbad6b0c962
2018-01-31 17:00:24.388 DEBUG [http-nio-8080-exec-7/app/admin] com.haulmont.restapi.auth.CubaRestLastSecurityFilter - REST API request [9b49890a-4e97-4c23-9874-2bbad6b0c962] GET http://10.52.0.52:8080/app/rest/v2/services/inspectionrecord_EmployeeService/getLoginInfobyCode?code=08014 10.52.0.52
2018-01-31 17:00:30.720 DEBUG [http-nio-8080-exec-9/app/admin] com.haulmont.restapi.auth.CubaRestLastSecurityFilter - REST API request [9b49890a-4e97-4c23-9874-2bbad6b0c962] POST http://10.52.0.52:8080/app/rest/v2/services/inspectionrecord_InspectionRecordService/recordInspection 10.52.0.52
2018-01-31 17:00:30.731 DEBUG [http-nio-8080-exec-9/app-core/admin] com.haulmont.cuba.core.app.RdbmsStore - commit: commitInstances=[com.artwell.inspectionrecord.entity.InspectionRecord-d4593184-004e-29de-4f66-d0e614fb3235 [new]], removeInstances=[]
2018-01-31 17:06:57.703 INFO  [http-nio-8080-exec-22] com.haulmont.cuba.security.app.LoginWorkerBean - Logged in: c1d119a6-0dd3-6f99-0a45-53dc38a6dc53 [admin]
2018-01-31 17:06:57.709 INFO  [http-nio-8080-exec-22/app/admin] com.haulmont.restapi.auth.ClientProxyTokenStore - REST API access token stored: [admin] dc2bc7d1-e08f-43bb-81d9-ef1ea12d727c
2018-01-31 17:06:57.979 DEBUG [http-nio-8080-exec-5/app/admin] com.haulmont.restapi.auth.CubaRestLastSecurityFilter - REST API request [dc2bc7d1-e08f-43bb-81d9-ef1ea12d727c] GET http://10.52.0.52:8080/app/rest/v2/services/inspectionrecord_EmployeeService/getLoginInfobyCode?code=08014 10.52.0.52
2018-01-31 17:07:10.396 DEBUG [http-nio-8080-exec-20/app/admin] com.haulmont.restapi.auth.CubaRestLastSecurityFilter - REST API request [dc2bc7d1-e08f-43bb-81d9-ef1ea12d727c] POST http://10.52.0.52:8080/app/rest/v2/services/inspectionrecord_InspectionRecordService/recordInspection 10.52.0.52
2018-01-31 17:07:10.411 DEBUG [http-nio-8080-exec-20/app-core/admin] com.haulmont.cuba.core.app.RdbmsStore - commit: commitInstances=[com.artwell.inspectionrecord.entity.InspectionRecord-f9321eff-f296-5ea1-18a2-d6ce2ac45879 [new]], removeInstances=[]
2018-01-31 17:07:26.569 DEBUG [http-nio-8080-exec-5/app/admin] com.haulmont.restapi.auth.CubaRestLastSecurityFilter - REST API request [dc2bc7d1-e08f-43bb-81d9-ef1ea12d727c] POST http://10.52.0.52:8080/app/rest/v2/services/inspectionrecord_InspectionRecordService/recordInspection 10.52.0.52
2018-01-31 17:07:26.583 DEBUG [http-nio-8080-exec-5/app-core/admin] com.haulmont.cuba.core.app.RdbmsStore - commit: commitInstances=[com.artwell.inspectionrecord.entity.InspectionRecord-d9f77a50-0358-775b-7df0-0fb5bb90a7eb [new]], removeInstances=[]
2018-01-31 17:09:04.582 INFO  [http-nio-8080-exec-6] com.haulmont.cuba.security.app.LoginWorkerBean - Logged in: 3e464bbe-7c23-f3f9-d1d0-060461e91e82 [admin]
2018-01-31 17:09:04.585 INFO  [http-nio-8080-exec-6/app/admin] com.haulmont.restapi.auth.ClientProxyTokenStore - REST API access token stored: [admin] dced45fe-0838-47ec-b2ec-62314b81a5f9
2018-01-31 17:09:05.741 DEBUG [http-nio-8080-exec-1/app/admin] com.haulmont.restapi.auth.CubaRestLastSecurityFilter - REST API request [dced45fe-0838-47ec-b2ec-62314b81a5f9] GET http://10.52.0.52:8080/app/rest/v2/services/inspectionrecord_EmployeeService/getLoginInfobyCode?code=08014 10.52.0.52
2018-01-31 17:09:32.627 DEBUG [http-nio-8080-exec-24/app/admin] com.haulmont.restapi.auth.CubaRestLastSecurityFilter - REST API request [dced45fe-0838-47ec-b2ec-62314b81a5f9] POST http://10.52.0.52:8080/app/rest/v2/services/inspectionrecord_InspectionRecordService/recordInspection 10.52.0.52
2018-01-31 17:09:32.638 DEBUG [http-nio-8080-exec-24/app-core/admin] com.haulmont.cuba.core.app.RdbmsStore - commit: commitInstances=[com.artwell.inspectionrecord.entity.InspectionRecord-9611b781-7726-5497-677b-ccf3bd920ba6 [new]], removeInstances=[]
2018-01-31 17:09:49.496 INFO  [http-nio-8080-exec-17] com.haulmont.cuba.security.app.LoginWorkerBean - Logged in: 8f026731-3e1b-b8f4-8712-5166d6399ff1 [admin]
2018-01-31 17:09:49.501 INFO  [http-nio-8080-exec-17/app/admin] com.haulmont.restapi.auth.ClientProxyTokenStore - REST API access token stored: [admin] 8e123cfa-2160-4f72-99e0-d051c30f3425
2018-01-31 17:09:49.529 DEBUG [http-nio-8080-exec-15/app/admin] com.haulmont.restapi.auth.CubaRestLastSecurityFilter - REST API request [8e123cfa-2160-4f72-99e0-d051c30f3425] GET http://10.52.0.52:8080/app/rest/v2/services/inspectionrecord_EmployeeService/getLoginInfobyCode?code=08014 10.52.0.52
2018-01-31 17:09:59.093 INFO  [http-nio-8080-exec-24] com.haulmont.cuba.security.app.LoginWorkerBean - Logged in: 3a8f682d-d9fc-2acb-4c5c-edcbaeb9da39 [admin]
2018-01-31 17:09:59.097 INFO  [http-nio-8080-exec-24/app/admin] com.haulmont.restapi.auth.ClientProxyTokenStore - REST API access token stored: [admin] ff04026c-8010-4e59-b413-b19abcfd5776
2018-01-31 17:09:59.151 DEBUG [http-nio-8080-exec-27/app/admin] com.haulmont.restapi.auth.CubaRestLastSecurityFilter - REST API request [ff04026c-8010-4e59-b413-b19abcfd5776] GET http://10.52.0.52:8080/app/rest/v2/services/inspectionrecord_EmployeeService/getLoginInfobyCode?code=08014 10.52.0.52
2018-01-31 17:13:13.962 INFO  [http-nio-8080-exec-10] com.haulmont.cuba.security.app.LoginWorkerBean - Logged in: 4b05e840-ca6a-2a60-843c-909c808c3172 [admin]
2018-01-31 17:13:13.967 INFO  [http-nio-8080-exec-10/app/admin] com.haulmont.restapi.auth.ClientProxyTokenStore - REST API access token stored: [admin] 2b80c395-3da3-40b8-9d03-a856490145c8
2018-01-31 17:13:14.235 DEBUG [http-nio-8080-exec-15/app/admin] com.haulmont.restapi.auth.CubaRestLastSecurityFilter - REST API request [2b80c395-3da3-40b8-9d03-a856490145c8] GET http://10.52.0.52:8080/app/rest/v2/services/inspectionrecord_EmployeeService/getLoginInfobyCode?code=08014 10.52.0.52
2018-01-31 17:16:45.566 INFO  [http-nio-8080-exec-26] com.haulmont.cuba.security.app.LoginWorkerBean - Logged in: 660e2915-c301-d9af-1c85-a9ad51213ffc [admin]
2018-01-31 17:16:45.569 INFO  [http-nio-8080-exec-26/app/admin] com.haulmont.restapi.auth.ClientProxyTokenStore - REST API access token stored: [admin] b52903f6-f710-4425-8d01-d1a72ba19fa1
2018-01-31 17:16:45.839 DEBUG [http-nio-8080-exec-16/app/admin] com.haulmont.restapi.auth.CubaRestLastSecurityFilter - REST API request [b52903f6-f710-4425-8d01-d1a72ba19fa1] GET http://10.52.0.52:8080/app/rest/v2/services/inspectionrecord_EmployeeService/getLoginInfobyCode?code=08014 10.52.0.52
2018-01-31 17:16:51.610 DEBUG [http-nio-8080-exec-6/app/admin] com.haulmont.restapi.auth.CubaRestLastSecurityFilter - REST API request [b52903f6-f710-4425-8d01-d1a72ba19fa1] POST http://10.52.0.52:8080/app/rest/v2/services/inspectionrecord_InspectionRecordService/recordInspection 10.52.0.52
2018-01-31 17:16:51.624 DEBUG [http-nio-8080-exec-6/app-core/admin] com.haulmont.cuba.core.app.RdbmsStore - commit: commitInstances=[com.artwell.inspectionrecord.entity.InspectionRecord-f2b81234-393f-35d9-65f7-4b5fda094b14 [new]], removeInstances=[]
2018-01-31 17:18:25.280 INFO  [http-nio-8080-exec-23] com.haulmont.cuba.security.app.LoginWorkerBean - Logged in: 25b3fdbe-0c33-1f20-e349-0af5755d630d [admin]
2018-01-31 17:18:25.285 INFO  [http-nio-8080-exec-23/app/admin] com.haulmont.restapi.auth.ClientProxyTokenStore - REST API access token stored: [admin] 293bb3cb-2b59-4ccd-a255-6286a2d163af
2018-01-31 17:18:25.536 DEBUG [http-nio-8080-exec-29/app/admin] com.haulmont.restapi.auth.CubaRestLastSecurityFilter - REST API request [293bb3cb-2b59-4ccd-a255-6286a2d163af] GET http://10.52.0.52:8080/app/rest/v2/services/inspectionrecord_EmployeeService/getLoginInfobyCode?code=08014 10.52.0.52
2018-01-31 17:19:27.691 INFO  [http-nio-8080-exec-5] com.haulmont.cuba.security.app.LoginWorkerBean - Logged in: c385b7cf-fd4c-af29-e4d2-369753ac27db [admin]
2018-01-31 17:19:27.695 INFO  [http-nio-8080-exec-5/app/admin] com.haulmont.restapi.auth.ClientProxyTokenStore - REST API access token stored: [admin] f554fc6f-0779-4411-981c-df92ec95fa4c
2018-01-31 17:19:27.959 DEBUG [http-nio-8080-exec-9/app/admin] com.haulmont.restapi.auth.CubaRestLastSecurityFilter - REST API request [f554fc6f-0779-4411-981c-df92ec95fa4c] GET http://10.52.0.52:8080/app/rest/v2/services/inspectionrecord_EmployeeService/getLoginInfobyCode?code=08014 10.52.0.52
2018-01-31 17:19:34.888 INFO  [http-nio-8080-exec-15] com.haulmont.cuba.security.app.LoginWorkerBean - Logged in: 2bfe1988-8772-3519-cb6c-a7bfe0b9648f [admin]
2018-01-31 17:19:34.893 INFO  [http-nio-8080-exec-15/app/admin] com.haulmont.restapi.auth.ClientProxyTokenStore - REST API access token stored: [admin] b12062b0-3334-4ff8-a6e0-cc789a812ef8
2018-01-31 17:19:34.918 DEBUG [http-nio-8080-exec-11/app/admin] com.haulmont.restapi.auth.CubaRestLastSecurityFilter - REST API request [b12062b0-3334-4ff8-a6e0-cc789a812ef8] GET http://10.52.0.52:8080/app/rest/v2/services/inspectionrecord_EmployeeService/getLoginInfobyCode?code=08014 10.52.0.52
2018-01-31 17:19:47.093 INFO  [http-nio-8080-exec-21] com.haulmont.cuba.security.app.LoginWorkerBean - Logged in: d2653079-0a93-43de-ac74-8dd38112649b [admin]
2018-01-31 17:19:47.098 INFO  [http-nio-8080-exec-21/app/admin] com.haulmont.restapi.auth.ClientProxyTokenStore - REST API access token stored: [admin] fd53a11d-732b-4f39-bd6c-d73912e6e7c8
2018-01-31 17:19:47.123 DEBUG [http-nio-8080-exec-7/app/admin] com.haulmont.restapi.auth.CubaRestLastSecurityFilter - REST API request [fd53a11d-732b-4f39-bd6c-d73912e6e7c8] GET http://10.52.0.52:8080/app/rest/v2/services/inspectionrecord_EmployeeService/getLoginInfobyCode?code=08014 10.52.0.52
2018-01-31 17:20:10.801 DEBUG [http-nio-8080-exec-24/app/admin] com.haulmont.restapi.auth.CubaRestLastSecurityFilter - REST API request [fd53a11d-732b-4f39-bd6c-d73912e6e7c8] POST http://10.52.0.52:8080/app/rest/v2/services/inspectionrecord_InspectionRecordService/recordInspection 10.52.0.52
2018-01-31 17:20:10.818 DEBUG [http-nio-8080-exec-24/app-core/admin] com.haulmont.cuba.core.app.RdbmsStore - commit: commitInstances=[com.artwell.inspectionrecord.entity.InspectionRecord-cb749d9b-47a9-aa85-8d94-866c1239d339 [new]], removeInstances=[]
2018-01-31 17:20:20.920 INFO  [http-nio-8080-exec-8] com.haulmont.cuba.security.app.LoginWorkerBean - Logged in: 301bb3fc-0c3d-5c5e-b595-e2ba58f09a44 [admin]
2018-01-31 17:20:20.924 INFO  [http-nio-8080-exec-8/app/admin] com.haulmont.restapi.auth.ClientProxyTokenStore - REST API access token stored: [admin] 5536e349-a21d-4915-9d32-39230b8df35a
2018-01-31 17:20:20.970 DEBUG [http-nio-8080-exec-9/app/admin] com.haulmont.restapi.auth.CubaRestLastSecurityFilter - REST API request [5536e349-a21d-4915-9d32-39230b8df35a] GET http://10.52.0.52:8080/app/rest/v2/services/inspectionrecord_EmployeeService/getLoginInfobyCode?code=08014 10.52.0.52
2018-01-31 17:20:27.882 DEBUG [http-nio-8080-exec-26/app/admin] com.haulmont.restapi.auth.CubaRestLastSecurityFilter - REST API request [5536e349-a21d-4915-9d32-39230b8df35a] POST http://10.52.0.52:8080/app/rest/v2/services/inspectionrecord_InspectionRecordService/recordInspection 10.52.0.52
2018-01-31 17:20:27.891 DEBUG [http-nio-8080-exec-26/app-core/admin] com.haulmont.cuba.core.app.RdbmsStore - commit: commitInstances=[com.artwell.inspectionrecord.entity.InspectionRecord-fb470503-e8a3-d14f-3ea3-0f648bb77a77 [new]], removeInstances=[]
2018-01-31 17:20:42.391 DEBUG [http-nio-8080-exec-29/app/admin] com.haulmont.restapi.auth.CubaRestLastSecurityFilter - REST API request [5536e349-a21d-4915-9d32-39230b8df35a] POST http://10.52.0.52:8080/app/rest/v2/services/inspectionrecord_InspectionRecordService/recordInspection 10.52.0.52
2018-01-31 17:20:42.405 DEBUG [http-nio-8080-exec-29/app-core/admin] com.haulmont.cuba.core.app.RdbmsStore - commit: commitInstances=[com.artwell.inspectionrecord.entity.InspectionRecord-de1cc91e-0de0-d507-eaa7-401fb8a1e30b [new]], removeInstances=[]
2018-01-31 17:23:31.951 DEBUG [scheduler-7] com.haulmont.cuba.security.app.UserSessions - Removing session due to timeout: 9927b66e-c90f-ca58-f579-83de13eadf6b [admin], since: Wed Jan 31 16:53:25 CST 2018, lastUsed: Wed Jan 31 16:53:25 CST 2018
2018-01-31 17:24:01.950 DEBUG [scheduler-8] com.haulmont.cuba.security.app.UserSessions - Removing session due to timeout: 69b0d744-bd3d-dfea-f6ed-2298945f471f [admin], since: Wed Jan 31 16:53:58 CST 2018, lastUsed: Wed Jan 31 16:53:58 CST 2018
2018-01-31 17:24:01.950 DEBUG [scheduler-8] com.haulmont.cuba.security.app.UserSessions - Removing session due to timeout: 5aa51294-7a3a-d3b2-4516-8b03175f9798 [admin], since: Wed Jan 31 16:53:57 CST 2018, lastUsed: Wed Jan 31 16:53:57 CST 2018
2018-01-31 17:24:31.951 DEBUG [scheduler-7] com.haulmont.cuba.security.app.UserSessions - Removing session due to timeout: d80602e1-7636-572a-5027-7600bac57808 [admin], since: Wed Jan 31 16:54:26 CST 2018, lastUsed: Wed Jan 31 16:54:26 CST 2018
2018-01-31 17:25:21.950 DEBUG [scheduler-7] com.haulmont.cuba.security.app.UserSessions - Removing session due to timeout: 1a2a09eb-c422-76f0-1d8e-b1cd7f1a329d [admin], since: Wed Jan 31 16:55:15 CST 2018, lastUsed: Wed Jan 31 16:55:15 CST 2018
2018-01-31 17:25:41.951 DEBUG [scheduler-3] com.haulmont.cuba.security.app.UserSessions - Removing session due to timeout: a1f8aa39-72a5-c92f-044c-064694e82a3b [admin], since: Wed Jan 31 16:55:39 CST 2018, lastUsed: Wed Jan 31 16:55:39 CST 2018
2018-01-31 17:25:51.951 DEBUG [scheduler-6] com.haulmont.cuba.security.app.UserSessions - Removing session due to timeout: b9fbe220-0c0e-b8a1-e309-33fcd57b287f [admin], since: Wed Jan 31 16:55:49 CST 2018, lastUsed: Wed Jan 31 16:55:49 CST 2018
2018-01-31 17:26:31.951 DEBUG [scheduler-4] com.haulmont.cuba.security.app.UserSessions - Removing session due to timeout: a86863a2-d0f9-49e9-1c08-56dac9bdf4f7 [admin], since: Wed Jan 31 16:56:06 CST 2018, lastUsed: Wed Jan 31 16:56:31 CST 2018
2018-01-31 17:26:51.951 DEBUG [scheduler-2] com.haulmont.cuba.security.app.UserSessions - Removing session due to timeout: af99dd44-ebb7-96f9-6514-07aee3cadef8 [admin], since: Wed Jan 31 16:56:47 CST 2018, lastUsed: Wed Jan 31 16:56:47 CST 2018
2018-01-31 17:27:01.950 DEBUG [scheduler-2] com.haulmont.cuba.security.app.UserSessions - Removing session due to timeout: e9c08a33-6b64-94c9-5c88-e731abf55efd [admin], since: Wed Jan 31 16:56:54 CST 2018, lastUsed: Wed Jan 31 16:56:54 CST 2018
2018-01-31 17:30:11.951 DEBUG [scheduler-9] com.haulmont.cuba.security.app.UserSessions - Removing session due to timeout: 4e6d581c-8f2a-4f21-0039-c339bebc2186 [admin], since: Wed Jan 31 17:00:09 CST 2018, lastUsed: Wed Jan 31 17:00:09 CST 2018
2018-01-31 17:30:21.951 DEBUG [scheduler-3] com.haulmont.cuba.security.app.UserSessions - Removing session due to timeout: d3e95ad1-5062-4664-9155-dcf5695674f5 [admin], since: Wed Jan 31 17:00:19 CST 2018, lastUsed: Wed Jan 31 17:00:19 CST 2018
2018-01-31 17:30:31.950 DEBUG [scheduler-1] com.haulmont.cuba.security.app.UserSessions - Removing session due to timeout: a7e52c14-2a54-a215-ca74-caad597c48a8 [admin], since: Wed Jan 31 17:00:24 CST 2018, lastUsed: Wed Jan 31 17:00:24 CST 2018
2018-01-31 17:37:31.951 DEBUG [scheduler-2] com.haulmont.cuba.security.app.UserSessions - Removing session due to timeout: c1d119a6-0dd3-6f99-0a45-53dc38a6dc53 [admin], since: Wed Jan 31 17:06:57 CST 2018, lastUsed: Wed Jan 31 17:07:26 CST 2018
2018-01-31 17:39:41.952 DEBUG [scheduler-1] com.haulmont.cuba.security.app.UserSessions - Removing session due to timeout: 3e464bbe-7c23-f3f9-d1d0-060461e91e82 [admin], since: Wed Jan 31 17:09:04 CST 2018, lastUsed: Wed Jan 31 17:09:32 CST 2018
2018-01-31 17:39:51.950 DEBUG [scheduler-10] com.haulmont.cuba.security.app.UserSessions - Removing session due to timeout: 8f026731-3e1b-b8f4-8712-5166d6399ff1 [admin], since: Wed Jan 31 17:09:49 CST 2018, lastUsed: Wed Jan 31 17:09:49 CST 2018
2018-01-31 17:40:01.950 DEBUG [scheduler-10] com.haulmont.cuba.security.app.UserSessions - Removing session due to timeout: 3a8f682d-d9fc-2acb-4c5c-edcbaeb9da39 [admin], since: Wed Jan 31 17:09:59 CST 2018, lastUsed: Wed Jan 31 17:09:59 CST 2018
2018-01-31 17:43:21.951 DEBUG [scheduler-10] com.haulmont.cuba.security.app.UserSessions - Removing session due to timeout: 4b05e840-ca6a-2a60-843c-909c808c3172 [admin], since: Wed Jan 31 17:13:13 CST 2018, lastUsed: Wed Jan 31 17:13:13 CST 2018
2018-01-31 17:46:51.950 DEBUG [scheduler-2] com.haulmont.cuba.security.app.UserSessions - Removing session due to timeout: 660e2915-c301-d9af-1c85-a9ad51213ffc [admin], since: Wed Jan 31 17:16:45 CST 2018, lastUsed: Wed Jan 31 17:16:45 CST 2018
2018-01-31 17:48:31.950 DEBUG [scheduler-1] com.haulmont.cuba.security.app.UserSessions - Removing session due to timeout: 25b3fdbe-0c33-1f20-e349-0af5755d630d [admin], since: Wed Jan 31 17:18:25 CST 2018, lastUsed: Wed Jan 31 17:18:25 CST 2018
2018-01-31 17:49:31.951 DEBUG [scheduler-5] com.haulmont.cuba.security.app.UserSessions - Removing session due to timeout: c385b7cf-fd4c-af29-e4d2-369753ac27db [admin], since: Wed Jan 31 17:19:27 CST 2018, lastUsed: Wed Jan 31 17:19:27 CST 2018
2018-01-31 17:49:41.950 DEBUG [scheduler-7] com.haulmont.cuba.security.app.UserSessions - Removing session due to timeout: 2bfe1988-8772-3519-cb6c-a7bfe0b9648f [admin], since: Wed Jan 31 17:19:34 CST 2018, lastUsed: Wed Jan 31 17:19:34 CST 2018
2018-01-31 17:50:11.950 DEBUG [scheduler-9] com.haulmont.cuba.security.app.UserSessions - Removing session due to timeout: d2653079-0a93-43de-ac74-8dd38112649b [admin], since: Wed Jan 31 17:19:47 CST 2018, lastUsed: Wed Jan 31 17:20:10 CST 2018
2018-01-31 17:50:51.950 DEBUG [scheduler-9] com.haulmont.cuba.security.app.UserSessions - Removing session due to timeout: 301bb3fc-0c3d-5c5e-b595-e2ba58f09a44 [admin], since: Wed Jan 31 17:20:20 CST 2018, lastUsed: Wed Jan 31 17:20:42 CST 2018
