2018-02-02 16:21:25.574 INFO  [localhost-startStop-1] org.atmosphere.cpr.AtmosphereFramework - Installed AtmosphereHandler com.vaadin.server.communication.PushAtmosphereHandler mapped to context-path: /*
2018-02-02 16:21:25.581 INFO  [localhost-startStop-1] org.atmosphere.cpr.AtmosphereFramework - Installed the following AtmosphereInterceptor mapped to AtmosphereHandler com.vaadin.server.communication.PushAtmosphereHandler
2018-02-02 16:21:25.587 INFO  [localhost-startStop-1] org.atmosphere.util.IOUtils - META-INF/services/org.atmosphere.cpr.AtmosphereFramework not found in class loader
2018-02-02 16:21:25.612 INFO  [localhost-startStop-1] org.atmosphere.cpr.AtmosphereFramework - Atmosphere is using org.atmosphere.util.VoidAnnotationProcessor for processing annotation
2018-02-02 16:21:25.629 INFO  [localhost-startStop-1] org.atmosphere.cpr.AtmosphereFramework - Installed WebSocketProtocol org.atmosphere.websocket.protocol.SimpleHttpProtocol 
2018-02-02 16:21:25.643 INFO  [localhost-startStop-1] org.atmosphere.container.JSR356AsyncSupport - JSR 356 Mapping path /{path}
2018-02-02 16:21:25.674 INFO  [localhost-startStop-1] org.atmosphere.cpr.AtmosphereFramework - Installing Default AtmosphereInterceptors
2018-02-02 16:21:25.675 INFO  [localhost-startStop-1] org.atmosphere.cpr.AtmosphereFramework - 	org.atmosphere.interceptor.CorsInterceptor : CORS Interceptor Support
2018-02-02 16:21:25.677 INFO  [localhost-startStop-1] org.atmosphere.cpr.AtmosphereFramework - 	org.atmosphere.interceptor.CacheHeadersInterceptor : Default Response's Headers Interceptor
2018-02-02 16:21:25.678 INFO  [localhost-startStop-1] org.atmosphere.cpr.AtmosphereFramework - 	org.atmosphere.interceptor.PaddingAtmosphereInterceptor : Browser Padding Interceptor Support
2018-02-02 16:21:25.679 INFO  [localhost-startStop-1] org.atmosphere.cpr.AtmosphereFramework - 	org.atmosphere.interceptor.AndroidAtmosphereInterceptor : Android Interceptor Support
2018-02-02 16:21:25.680 INFO  [localhost-startStop-1] org.atmosphere.cpr.AtmosphereFramework - Dropping Interceptor org.atmosphere.interceptor.HeartbeatInterceptor
2018-02-02 16:21:25.681 INFO  [localhost-startStop-1] org.atmosphere.cpr.AtmosphereFramework - 	org.atmosphere.interceptor.SSEAtmosphereInterceptor : SSE Interceptor Support
2018-02-02 16:21:25.687 INFO  [localhost-startStop-1] org.atmosphere.cpr.AtmosphereFramework - 	org.atmosphere.interceptor.JSONPAtmosphereInterceptor : JSONP Interceptor Support
2018-02-02 16:21:25.690 INFO  [localhost-startStop-1] org.atmosphere.cpr.AtmosphereFramework - 	org.atmosphere.interceptor.JavaScriptProtocol : Atmosphere JavaScript Protocol
2018-02-02 16:21:25.691 INFO  [localhost-startStop-1] org.atmosphere.cpr.AtmosphereFramework - 	org.atmosphere.interceptor.WebSocketMessageSuspendInterceptor : org.atmosphere.interceptor.WebSocketMessageSuspendInterceptor
2018-02-02 16:21:25.692 INFO  [localhost-startStop-1] org.atmosphere.cpr.AtmosphereFramework - 	org.atmosphere.interceptor.OnDisconnectInterceptor : Browser disconnection detection
2018-02-02 16:21:25.693 INFO  [localhost-startStop-1] org.atmosphere.cpr.AtmosphereFramework - 	org.atmosphere.interceptor.IdleResourceInterceptor : org.atmosphere.interceptor.IdleResourceInterceptor
2018-02-02 16:21:25.694 INFO  [localhost-startStop-1] org.atmosphere.cpr.AtmosphereFramework - Set org.atmosphere.cpr.AtmosphereInterceptor.disableDefaults to disable them.
2018-02-02 16:21:25.698 INFO  [localhost-startStop-1] org.atmosphere.cpr.AtmosphereFramework - Using EndpointMapper class org.atmosphere.util.DefaultEndpointMapper
2018-02-02 16:21:25.698 INFO  [localhost-startStop-1] org.atmosphere.cpr.AtmosphereFramework - Using BroadcasterCache: org.atmosphere.cache.UUIDBroadcasterCache
2018-02-02 16:21:25.698 INFO  [localhost-startStop-1] org.atmosphere.cpr.AtmosphereFramework - Default Broadcaster Class: org.atmosphere.cpr.DefaultBroadcaster
2018-02-02 16:21:25.700 INFO  [localhost-startStop-1] org.atmosphere.cpr.AtmosphereFramework - Broadcaster Polling Wait Time 100
2018-02-02 16:21:25.701 INFO  [localhost-startStop-1] org.atmosphere.cpr.AtmosphereFramework - Shared ExecutorService supported: true
2018-02-02 16:21:25.701 INFO  [localhost-startStop-1] org.atmosphere.cpr.AtmosphereFramework - Messaging Thread Pool Size: Unlimited
2018-02-02 16:21:25.702 INFO  [localhost-startStop-1] org.atmosphere.cpr.AtmosphereFramework - Async I/O Thread Pool Size: 200
2018-02-02 16:21:25.702 INFO  [localhost-startStop-1] org.atmosphere.cpr.AtmosphereFramework - Using BroadcasterFactory: org.atmosphere.cpr.DefaultBroadcasterFactory
2018-02-02 16:21:25.703 INFO  [localhost-startStop-1] org.atmosphere.cpr.AtmosphereFramework - Using WebSocketProcessor: org.atmosphere.websocket.DefaultWebSocketProcessor
2018-02-02 16:21:25.708 INFO  [localhost-startStop-1] org.atmosphere.cpr.AtmosphereFramework - Invoke AtmosphereInterceptor on WebSocket message true
2018-02-02 16:21:25.708 INFO  [localhost-startStop-1] org.atmosphere.cpr.AtmosphereFramework - HttpSession supported: true
2018-02-02 16:21:25.708 INFO  [localhost-startStop-1] org.atmosphere.cpr.AtmosphereFramework - Atmosphere is using DefaultAtmosphereObjectFactory for dependency injection and object creation
2018-02-02 16:21:25.709 INFO  [localhost-startStop-1] org.atmosphere.cpr.AtmosphereFramework - Atmosphere is using async support: org.atmosphere.container.JSR356AsyncSupport running under container: Apache Tomcat/8.5.14 using javax.servlet/3.0 and jsr356/WebSocket API
2018-02-02 16:21:25.709 INFO  [localhost-startStop-1] org.atmosphere.cpr.AtmosphereFramework - Atmosphere Framework 2.2.9.vaadin2.cuba1 started.
2018-02-02 16:21:25.713 INFO  [localhost-startStop-1] org.atmosphere.cpr.AtmosphereFramework - Installed AtmosphereInterceptor  Track Message Size Interceptor using | with priority BEFORE_DEFAULT 
2018-02-02 16:21:25.854 INFO  [localhost-startStop-1] com.haulmont.cuba.core.sys.AppComponents - Using app components: [com.haulmont.cuba]
2018-02-02 16:21:25.895 INFO  [localhost-startStop-1] com.haulmont.cuba.core.sys.AbstractWebAppContextLoader - Loading app properties from classpath:com/artwell/inspectionrecord/web-app.properties
2018-02-02 16:21:26.131 INFO  [localhost-startStop-1] com.haulmont.cuba.core.sys.CubaClassPathXmlApplicationContext - Refreshing com.haulmont.cuba.core.sys.CubaClassPathXmlApplicationContext@4cc743a: startup date [Fri Feb 02 16:21:26 CST 2018]; root of context hierarchy
2018-02-02 16:21:30.190 INFO  [localhost-startStop-1] com.haulmont.cuba.core.sys.remoting.discovery.StaticServerSelector - Server URLs: [http://localhost:8080/app-core/remoting]
2018-02-02 16:21:30.207 INFO  [localhost-startStop-1] com.haulmont.cuba.web.sys.remoting.WebRemoteProxyBeanCreator - Configuring proxy beans for local service invocations: [cuba_LoginService, cuba_ServerInfoService, cuba_UserSettingService, cuba_UserManagementService, cuba_DataService, cuba_ConfigStorageService, cuba_PersistenceManagerService, cuba_LockService, cuba_UserSessionService, cuba_FoldersService, cuba_EmailService, cuba_FileStorageService, cuba_EntitySnapshotService, cuba_UniqueNumbersService, cuba_LocalizedMessageService, cuba_ResourceService, cuba_ScheduledTasksService, cuba_EntityLogService, cuba_TestingService, cuba_ObjectsCacheManagerService, cuba_DomainDescriptionService, cuba_RelatedEntitiesService, cuba_EntitySqlGenerationService, cuba_NumberIdService, cuba_QueryResultsService, cuba_DynamicAttributesCacheService, cuba_EntityRestoreService, cuba_LocalFileExchangeService, cuba_EntityImportExportService, cuba_ScreenProfilerService, cuba_ServerTokenStore, cuba_IdpService, cuba_ConstraintLocalizationService]
2018-02-02 16:21:30.215 INFO  [localhost-startStop-1] com.haulmont.cuba.web.sys.remoting.WebRemoteProxyBeanCreator - Configuring proxy beans for local service invocations: [inspectionrecord_EmployeeService, inspectionrecord_InspectionRecordService]
2018-02-02 16:21:31.355 INFO  [localhost-startStop-1] com.haulmont.chile.core.datatypes.Datatypes - Can't find /datatypes.xml, using default datatypes settings
2018-02-02 16:21:33.356 INFO  [localhost-startStop-1] com.haulmont.cuba.core.sys.CubaThreadPoolTaskScheduler - Initializing ExecutorService  'scheduler'
2018-02-02 16:21:34.024 INFO  [localhost-startStop-1] com.haulmont.cuba.core.sys.jmx.MBeanExporter - Registering beans for JMX exposure: [app.cuba:type=ConfigStorage, app.cuba:type=CachingFacade, app.cuba:type=FileUploading, app.cuba:type=JmxNodeIdentifier, app.cuba:type=JmxLogControl, app.cuba:type=ClassLoaderManager, app.cuba:type=StatisticsCounter]
2018-02-02 16:21:34.158 INFO  [localhost-startStop-1] com.haulmont.cuba.core.sys.AbstractWebAppContextLoader - AppContext initialized
2018-02-02 16:21:34.247 INFO  [localhost-startStop-1] com.haulmont.cuba.web.sys.CubaDispatcherServlet - FrameworkServlet 'dispatcher': initialization started
2018-02-02 16:21:34.278 INFO  [localhost-startStop-1] com.haulmont.cuba.core.sys.CubaXmlWebApplicationContext - Refreshing WebApplicationContext for namespace 'dispatcher-servlet': startup date [Fri Feb 02 16:21:34 CST 2018]; parent: com.haulmont.cuba.core.sys.CubaClassPathXmlApplicationContext@4cc743a
2018-02-02 16:21:35.399 DEBUG [localhost-startStop-1] org.jboss.logging - Logging Provider: org.jboss.logging.Slf4jLoggerProvider
2018-02-02 16:21:36.995 INFO  [localhost-startStop-1] com.haulmont.cuba.web.sys.CubaDispatcherServlet - FrameworkServlet 'dispatcher': initialization completed in 2736 ms
2018-02-02 16:21:37.011 INFO  [localhost-startStop-1] com.haulmont.restapi.sys.CubaRestApiServlet - FrameworkServlet 'rest_api': initialization started
2018-02-02 16:21:37.030 INFO  [localhost-startStop-1] com.haulmont.cuba.core.sys.CubaXmlWebApplicationContext - Refreshing WebApplicationContext for namespace 'rest_api-servlet': startup date [Fri Feb 02 16:21:37 CST 2018]; parent: com.haulmont.cuba.core.sys.CubaClassPathXmlApplicationContext@4cc743a
2018-02-02 16:21:39.873 INFO  [localhost-startStop-1] com.haulmont.restapi.sys.CubaRestApiServlet - FrameworkServlet 'rest_api': initialization completed in 2844 ms
2018-02-02 16:21:40.169 INFO  [localhost-startStop-1] com.haulmont.cuba.core.sys.AppComponents - Using app components: [com.haulmont.cuba]
2018-02-02 16:21:40.187 INFO  [localhost-startStop-1] com.haulmont.cuba.core.sys.AbstractWebAppContextLoader - Loading app properties from classpath:com/artwell/inspectionrecord/app.properties
2018-02-02 16:21:40.205 INFO  [localhost-startStop-1] com.haulmont.cuba.core.sys.AppContextLoader - DbmsType of the main database is set to hsql
2018-02-02 16:21:40.421 INFO  [localhost-startStop-1] com.haulmont.cuba.core.sys.persistence.PersistenceConfigProcessor - Creating file C:\Users\Admin\Desktop\program\studio-projects\InspectionRecord\deploy\tomcat\work\app-core\persistence.xml
2018-02-02 16:21:40.470 INFO  [localhost-startStop-1] com.haulmont.cuba.core.sys.persistence.PersistenceConfigProcessor - Creating file C:\Users\Admin\Desktop\program\studio-projects\InspectionRecord\deploy\tomcat\work\app-core\legacy-persistence.xml
2018-02-02 16:21:40.482 INFO  [localhost-startStop-1] com.haulmont.cuba.core.sys.CubaCoreApplicationContext - Refreshing com.haulmont.cuba.core.sys.CubaCoreApplicationContext@4b73d0ff: startup date [Fri Feb 02 16:21:40 CST 2018]; root of context hierarchy
2018-02-02 16:21:47.328 INFO  [localhost-startStop-1] com.haulmont.chile.core.datatypes.Datatypes - Can't find /datatypes.xml, using default datatypes settings
2018-02-02 16:21:51.021 INFO  [localhost-startStop-1] com.haulmont.cuba.core.sys.CubaThreadPoolTaskScheduler - Initializing ExecutorService  'scheduler'
2018-02-02 16:21:51.403 INFO  [localhost-startStop-1] com.haulmont.cuba.core.sys.jmx.MBeanExporter - Registering beans for JMX exposure: [app-core.cuba:type=PersistenceManager, app-core.cuba:type=ConfigStorage, app-core.cuba:type=UserSessions, app-core.cuba:type=UniqueNumbers, app-core.cuba:type=Emailer, app-core.cuba:type=EntityLog, app-core.cuba:type=FileStorage, app-core.cuba:type=LockManager, app-core.cuba:type=CachingFacade, app-core.cuba:type=ClusterManager, app-core.cuba:type=ScriptingManager, app-core.cuba:type=ServerInfo, app-core.cuba:type=Scheduling, app-core.cuba:type=ObjectsCacheManager, app-core.cuba:type=PasswordEncryptionSupport, app-core.cuba:type=JmxNodeIdentifier, app-core.cuba:type=JmxLogControl, app-core.cuba:type=ClassLoaderManager, app-core.cuba:type=StatisticsCounter, app-core.cuba:type=BruteForceProtection, app-core.cuba:type=QueryCacheSupport, app-core.cuba:type=IdpSessions]
2018-02-02 16:21:52.363 DEBUG [localhost-startStop-1] com.haulmont.cuba.security.app.LoginWorkerBean - Initialize anonymous session
2018-02-02 16:21:52.365 INFO  [localhost-startStop-1] com.haulmont.cuba.core.app.ConfigStorage - Loading DB-stored app properties cache
2018-02-02 16:21:52.497 INFO  [localhost-startStop-1] com.haulmont.cuba.core.sys.MetadataImpl - Initializing metadata
2018-02-02 16:21:52.939 INFO  [localhost-startStop-1] com.haulmont.cuba.core.sys.MetadataImpl - Metadata initialized in 441ms
2018-02-02 16:21:54.068 INFO  [localhost-startStop-1] com.haulmont.cuba.core.sys.DefaultPermissionValuesConfig - Initializing default permission values
2018-02-02 16:21:54.213 INFO  [localhost-startStop-1] com.haulmont.cuba.security.app.LoginWorkerBean - Logged in: d01b3951-9d4b-b0b8-e54d-b51fd065f642 [anonymous]
2018-02-02 16:21:54.214 DEBUG [localhost-startStop-1] com.haulmont.cuba.security.app.LoginWorkerBean - Anonymous session initialized with id d01b3951-9d4b-b0b8-e54d-b51fd065f642
2018-02-02 16:21:54.214 INFO  [localhost-startStop-1] com.haulmont.cuba.core.sys.AbstractWebAppContextLoader - AppContext initialized
2018-02-02 16:21:54.220 INFO  [localhost-startStop-1] com.haulmont.cuba.core.sys.remoting.RemotingServlet - FrameworkServlet 'remoting': initialization started
2018-02-02 16:21:54.224 INFO  [localhost-startStop-1] com.haulmont.cuba.core.sys.CubaXmlWebApplicationContext - Refreshing WebApplicationContext for namespace 'remoting-servlet': startup date [Fri Feb 02 16:21:54 CST 2018]; parent: com.haulmont.cuba.core.sys.CubaCoreApplicationContext@4b73d0ff
2018-02-02 16:21:54.273 INFO  [localhost-startStop-1] com.haulmont.cuba.core.sys.remoting.RemoteServicesBeanCreator - Configuring remote services
2018-02-02 16:21:54.499 INFO  [localhost-startStop-1] com.haulmont.cuba.core.sys.remoting.RemotingServlet - FrameworkServlet 'remoting': initialization completed in 279 ms
2018-02-02 16:21:54.607 INFO  [localhost-startStop-1] com.haulmont.cuba.core.sys.AppComponents - Using app components: [com.haulmont.cuba]
2018-02-02 16:21:54.676 INFO  [localhost-startStop-1] com.haulmont.cuba.core.sys.AbstractWebAppContextLoader - Loading app properties from classpath:com/artwell/inspectionrecord/portal-app.properties
2018-02-02 16:21:54.707 INFO  [localhost-startStop-1] com.haulmont.cuba.core.sys.CubaXmlWebApplicationContext - Refreshing Root WebApplicationContext: startup date [Fri Feb 02 16:21:54 CST 2018]; root of context hierarchy
2018-02-02 16:21:55.660 INFO  [localhost-startStop-1] com.haulmont.cuba.core.sys.remoting.discovery.StaticServerSelector - Server URLs: [http://localhost:8080/app-core/remoting]
2018-02-02 16:21:55.663 INFO  [localhost-startStop-1] com.haulmont.cuba.portal.sys.remoting.PortalRemoteProxyBeanCreator - Configuring proxy beans for local service invocations: [cuba_LoginService, cuba_ServerInfoService, cuba_UserSettingService, cuba_UserManagementService, cuba_DataService, cuba_ConfigStorageService, cuba_PersistenceManagerService, cuba_LockService, cuba_UserSessionService, cuba_FoldersService, cuba_EmailService, cuba_FileStorageService, cuba_EntitySnapshotService, cuba_UniqueNumbersService, cuba_LocalizedMessageService, cuba_ResourceService, cuba_ScheduledTasksService, cuba_TestingService, cuba_DomainDescriptionService, cuba_RelatedEntitiesService, cuba_NumberIdService, cuba_DynamicAttributesCacheService, cuba_LocalFileExchangeService, cuba_EntityImportExportService, cuba_ServerTokenStore, cuba_IdpService, cuba_ConstraintLocalizationService]
2018-02-02 16:21:55.671 INFO  [localhost-startStop-1] com.haulmont.cuba.portal.sys.remoting.PortalRemoteProxyBeanCreator - Configuring proxy beans for local service invocations: [inspectionrecord_InspectionRecordService, inspectionrecord_EmployeeService]
2018-02-02 16:21:56.398 INFO  [localhost-startStop-1] com.haulmont.chile.core.datatypes.Datatypes - Can't find /datatypes.xml, using default datatypes settings
2018-02-02 16:21:57.190 INFO  [localhost-startStop-1] com.haulmont.cuba.core.sys.jmx.MBeanExporter - Registering beans for JMX exposure: [app-portal.cuba:type=ConfigStorage, app-portal.cuba:type=JmxNodeIdentifier, app-portal.cuba:type=JmxLogControl]
2018-02-02 16:21:57.205 INFO  [localhost-startStop-1] com.haulmont.cuba.core.sys.AbstractWebAppContextLoader - AppContext initialized
2018-02-02 16:21:57.215 INFO  [localhost-startStop-1] com.haulmont.cuba.portal.sys.PortalDispatcherServlet - FrameworkServlet 'portal': initialization started
2018-02-02 16:21:57.217 INFO  [localhost-startStop-1] com.haulmont.cuba.core.sys.CubaXmlWebApplicationContext - Refreshing WebApplicationContext for namespace 'portal-servlet': startup date [Fri Feb 02 16:21:57 CST 2018]; parent: Root WebApplicationContext
2018-02-02 16:21:57.905 INFO  [localhost-startStop-1] com.haulmont.cuba.portal.sys.PortalDispatcherServlet - FrameworkServlet 'portal': initialization completed in 690 ms
2018-02-02 16:21:57.908 INFO  [localhost-startStop-1] com.haulmont.restapi.sys.CubaRestApiServlet - FrameworkServlet 'rest_api': initialization started
2018-02-02 16:21:57.910 INFO  [localhost-startStop-1] com.haulmont.cuba.core.sys.CubaXmlWebApplicationContext - Refreshing WebApplicationContext for namespace 'rest_api-servlet': startup date [Fri Feb 02 16:21:57 CST 2018]; parent: Root WebApplicationContext
2018-02-02 16:21:58.637 INFO  [localhost-startStop-1] com.haulmont.restapi.sys.CubaRestApiServlet - FrameworkServlet 'rest_api': initialization completed in 728 ms
2018-02-02 16:22:04.087 DEBUG [http-nio-8080-exec-11] com.haulmont.cuba.gui.theme.ThemeConstantsRepository - Loading theme constants
2018-02-02 16:22:04.096 DEBUG [http-nio-8080-exec-11] com.haulmont.cuba.web.App - Initializing application
2018-02-02 16:22:04.341 DEBUG [http-nio-8080-exec-11/app/anonymous] com.haulmont.cuba.web.DefaultApp - connectionStateChanged connected: true, authenticated: false
2018-02-02 16:22:04.341 DEBUG [http-nio-8080-exec-11/app/anonymous] com.haulmont.cuba.web.App - Closing all windows
2018-02-02 16:22:04.361 INFO  [http-nio-8080-exec-11/app/anonymous] com.haulmont.cuba.core.sys.MetadataImpl - Initializing metadata
2018-02-02 16:22:04.910 INFO  [http-nio-8080-exec-11/app/anonymous] com.haulmont.cuba.core.sys.MetadataImpl - Metadata initialized in 524ms
2018-02-02 16:22:05.355 DEBUG [http-nio-8080-exec-11/app/anonymous] com.haulmont.cuba.web.AbstractConnection - Logged in: user=anonymous, ip=0:0:0:0:0:0:0:1, clientInfo=Web (localhost:8080/app) Mozilla/5.0 (Windows NT 10.0; Win64; x64) AppleWebKit/537.36 (KHTML, like Gecko) Chrome/63.0.3239.132 Safari/537.36
2018-02-02 16:22:13.880 INFO  [http-nio-8080-exec-16/app-core/anonymous] com.haulmont.cuba.security.app.LoginWorkerBean - Logged in: 9d44dc35-5cff-0d66-0fc0-c15f7ece4cab [admin]
2018-02-02 16:22:13.899 DEBUG [http-nio-8080-exec-16/app/admin] com.haulmont.cuba.web.DefaultApp - connectionStateChanged connected: true, authenticated: true
2018-02-02 16:22:13.900 DEBUG [http-nio-8080-exec-16/app/admin] com.haulmont.cuba.web.App - Closing all windows
2018-02-02 16:22:13.904 DEBUG [http-nio-8080-exec-16/app/admin] com.haulmont.cuba.web.DefaultApp - Session reinitialized: HttpSession=org.apache.catalina.session.StandardSessionFacade@5e6bac11, timeout=1800sec, UserSession=9d44dc35-5cff-0d66-0fc0-c15f7ece4cab [admin]
2018-02-02 16:22:14.157 INFO  [http-nio-8080-exec-16/app/admin] com.haulmont.cuba.core.sys.AbstractViewRepository - Initializing views
2018-02-02 16:22:14.208 DEBUG [http-nio-8080-exec-16/app-core/admin] com.haulmont.cuba.core.app.StoreFactory - No implementation is specified for _MAIN_ store, using RdbmsStore
2018-02-02 16:22:14.325 DEBUG [http-nio-8080-exec-16/app-core/admin] com.haulmont.cuba.core.app.RdbmsStore - loadList: metaClass=sec$UserSubstitution, view=com.haulmont.cuba.security.entity.UserSubstitution/app, query=select us from sec$UserSubstitution us where us.user.id = :userId and (us.endDate is null or us.endDate >= :currentDate) and (us.startDate is null or us.startDate <= :currentDate) and (us.substitutedUser.active = true or us.substitutedUser.active is null) order by us.substitutedUser.name
2018-02-02 16:22:14.495 DEBUG [http-nio-8080-exec-16/app-core/admin] com.haulmont.cuba.core.app.FoldersServiceBean - Loading AppFolders
2018-02-02 16:22:14.523 DEBUG [http-nio-8080-exec-16/app-core/admin] com.haulmont.cuba.core.app.FoldersServiceBean - Loading SearchFolders
2018-02-02 16:22:14.570 DEBUG [http-nio-8080-exec-16/app/admin] com.haulmont.cuba.web.AbstractConnection - Logged in: user=admin, ip=0:0:0:0:0:0:0:1, clientInfo=Web (localhost:8080/app) Mozilla/5.0 (Windows NT 10.0; Win64; x64) AppleWebKit/537.36 (KHTML, like Gecko) Chrome/63.0.3239.132 Safari/537.36
2018-02-02 16:24:33.889 INFO  [ClientCacheManager-pool-2-thread-1] com.haulmont.cuba.security.app.LoginWorkerBean - Logged in: 634d72cb-194b-188b-87e0-f6e4020a3d80 [admin]
2018-02-02 16:24:34.002 INFO  [http-nio-8080-exec-27/app-core/admin] com.haulmont.cuba.core.app.PersistenceManager - Loading statistics cache
2018-02-02 16:24:34.121 INFO  [http-nio-8080-exec-27/app-core/admin] com.haulmont.cuba.core.sys.AbstractViewRepository - Initializing views
2018-02-02 16:24:34.215 DEBUG [http-nio-8080-exec-27/app-core/admin] com.haulmont.cuba.core.app.RdbmsStore - loadList: metaClass=sec$Filter, view=com.haulmont.cuba.security.entity.FilterEntity/app, query=select f from sec$Filter f left join f.user u where f.componentId = :component and (u.id = :userId or u is null) order by f.name
2018-02-02 16:24:34.484 DEBUG [http-nio-8080-exec-27/app-core/admin] com.haulmont.cuba.core.app.StoreFactory - No implementation is specified for legacy store, using RdbmsStore
2018-02-02 16:24:34.485 DEBUG [http-nio-8080-exec-27/app-core/admin] com.haulmont.cuba.core.app.RdbmsStore - loadList: metaClass=inspectionrecord$HtEmpl, view=com.artwell.inspectionrecord.entity.HtEmpl/_local, query=select e from inspectionrecord$HtEmpl e, max=50
2018-02-02 16:24:34.488 ERROR [http-nio-8080-exec-27/app-core/admin] com.haulmont.cuba.core.sys.ServiceInterceptor - Exception: 
org.springframework.beans.factory.NoSuchBeanDefinitionException: No bean named 'transactionManager_legacy' available
	at org.springframework.beans.factory.support.DefaultListableBeanFactory.getBeanDefinition(DefaultListableBeanFactory.java:687)
	at org.springframework.beans.factory.support.AbstractBeanFactory.getMergedLocalBeanDefinition(AbstractBeanFactory.java:1207)
	at org.springframework.beans.factory.support.AbstractBeanFactory.doGetBean(AbstractBeanFactory.java:284)
	at org.springframework.beans.factory.support.AbstractBeanFactory.getBean(AbstractBeanFactory.java:202)
	at org.springframework.context.support.AbstractApplicationContext.getBean(AbstractApplicationContext.java:1087)
	at com.haulmont.cuba.core.global.AppBeans.get(AppBeans.java:83)
	at com.haulmont.cuba.core.sys.PersistenceImpl.getTransactionManager(PersistenceImpl.java:328)
	at com.haulmont.cuba.core.sys.PersistenceImpl.createTransaction(PersistenceImpl.java:116)
	at com.haulmont.cuba.core.app.RdbmsStore.createLoadTransaction(RdbmsStore.java:905)
	at com.haulmont.cuba.core.app.RdbmsStore.loadList(RdbmsStore.java:181)
	at com.haulmont.cuba.core.app.DataManagerBean.loadList(DataManagerBean.java:84)
	at sun.reflect.NativeMethodAccessorImpl.invoke0(Native Method)
	at sun.reflect.NativeMethodAccessorImpl.invoke(NativeMethodAccessorImpl.java:62)
	at sun.reflect.DelegatingMethodAccessorImpl.invoke(DelegatingMethodAccessorImpl.java:43)
	at java.lang.reflect.Method.invoke(Method.java:498)
	at com.haulmont.cuba.core.app.DataManagerBean$SecureDataManagerInvocationHandler.invoke(DataManagerBean.java:356)
	at com.sun.proxy.$Proxy343.loadList(Unknown Source)
	at com.haulmont.cuba.core.app.DataServiceBean.loadList(DataServiceBean.java:51)
	at sun.reflect.NativeMethodAccessorImpl.invoke0(Native Method)
	at sun.reflect.NativeMethodAccessorImpl.invoke(NativeMethodAccessorImpl.java:62)
	at sun.reflect.DelegatingMethodAccessorImpl.invoke(DelegatingMethodAccessorImpl.java:43)
	at java.lang.reflect.Method.invoke(Method.java:498)
	at org.springframework.aop.support.AopUtils.invokeJoinpointUsingReflection(AopUtils.java:333)
	at org.springframework.aop.framework.ReflectiveMethodInvocation.invokeJoinpoint(ReflectiveMethodInvocation.java:190)
	at org.springframework.aop.framework.ReflectiveMethodInvocation.proceed(ReflectiveMethodInvocation.java:157)
	at org.springframework.aop.aspectj.MethodInvocationProceedingJoinPoint.proceed(MethodInvocationProceedingJoinPoint.java:85)
	at com.haulmont.cuba.core.sys.ServiceInterceptor.aroundInvoke(ServiceInterceptor.java:115)
	at sun.reflect.GeneratedMethodAccessor140.invoke(Unknown Source)
	at sun.reflect.DelegatingMethodAccessorImpl.invoke(DelegatingMethodAccessorImpl.java:43)
	at java.lang.reflect.Method.invoke(Method.java:498)
	at org.springframework.aop.aspectj.AbstractAspectJAdvice.invokeAdviceMethodWithGivenArgs(AbstractAspectJAdvice.java:629)
	at org.springframework.aop.aspectj.AbstractAspectJAdvice.invokeAdviceMethod(AbstractAspectJAdvice.java:618)
	at org.springframework.aop.aspectj.AspectJAroundAdvice.invoke(AspectJAroundAdvice.java:70)
	at org.springframework.aop.framework.ReflectiveMethodInvocation.proceed(ReflectiveMethodInvocation.java:168)
	at org.springframework.aop.interceptor.ExposeInvocationInterceptor.invoke(ExposeInvocationInterceptor.java:92)
	at org.springframework.aop.framework.ReflectiveMethodInvocation.proceed(ReflectiveMethodInvocation.java:179)
	at org.springframework.aop.framework.JdkDynamicAopProxy.invoke(JdkDynamicAopProxy.java:213)
	at com.sun.proxy.$Proxy195.loadList(Unknown Source)
	at sun.reflect.NativeMethodAccessorImpl.invoke0(Native Method)
	at sun.reflect.NativeMethodAccessorImpl.invoke(NativeMethodAccessorImpl.java:62)
	at sun.reflect.DelegatingMethodAccessorImpl.invoke(DelegatingMethodAccessorImpl.java:43)
	at java.lang.reflect.Method.invoke(Method.java:498)
	at com.haulmont.cuba.core.sys.remoting.LocalServiceInvokerImpl.invoke(LocalServiceInvokerImpl.java:94)
	at com.haulmont.cuba.web.sys.remoting.LocalServiceProxy$LocalServiceInvocationHandler.invoke(LocalServiceProxy.java:148)
	at com.sun.proxy.$Proxy26.loadList(Unknown Source)
	at com.haulmont.cuba.client.sys.DataManagerClientImpl.loadList(DataManagerClientImpl.java:53)
	at com.haulmont.cuba.gui.data.impl.GenericDataSupplier.loadList(GenericDataSupplier.java:102)
	at com.haulmont.cuba.gui.data.impl.CollectionDatasourceImpl.loadData(CollectionDatasourceImpl.java:587)
	at com.haulmont.cuba.gui.data.impl.CollectionDatasourceImpl.refresh(CollectionDatasourceImpl.java:146)
	at com.haulmont.cuba.gui.data.impl.CollectionDatasourceImpl.refresh(CollectionDatasourceImpl.java:104)
	at com.haulmont.cuba.gui.data.impl.GroupDatasourceImpl.setSuspended(GroupDatasourceImpl.java:191)
	at com.haulmont.cuba.gui.data.impl.DsContextImpl.resumeSuspended(DsContextImpl.java:85)
	at com.haulmont.cuba.gui.WindowManager.afterShowWindow(WindowManager.java:1110)
	at com.haulmont.cuba.web.WebWindowManager.showWindow(WebWindowManager.java:407)
	at com.haulmont.cuba.gui.WindowManager.openWindow(WindowManager.java:717)
	at com.haulmont.cuba.web.WebWindowManager.openWindow(WebWindowManager.java:144)
	at com.haulmont.cuba.gui.config.MenuCommand$ScreenCommand.run(MenuCommand.java:181)
	at com.haulmont.cuba.gui.config.MenuCommand.execute(MenuCommand.java:76)
	at com.haulmont.cuba.web.sys.MenuBuilder.lambda$createMenuBarCommand$0(MenuBuilder.java:180)
	at com.haulmont.cuba.web.gui.components.mainwindow.WebAppMenu$MenuItemImpl.lambda$setCommand$2434f46b$1(WebAppMenu.java:338)
	at com.vaadin.ui.MenuBar.changeVariables(MenuBar.java:212)
	at com.vaadin.server.communication.ServerRpcHandler.changeVariables(ServerRpcHandler.java:623)
	at com.vaadin.server.communication.ServerRpcHandler.handleInvocation(ServerRpcHandler.java:470)
	at com.vaadin.server.communication.ServerRpcHandler.handleInvocations(ServerRpcHandler.java:413)
	at com.vaadin.server.communication.ServerRpcHandler.handleRpc(ServerRpcHandler.java:274)
	at com.vaadin.server.communication.UidlRequestHandler.synchronizedHandleRequest(UidlRequestHandler.java:90)
	at com.vaadin.server.SynchronizedRequestHandler.handleRequest(SynchronizedRequestHandler.java:41)
	at com.vaadin.server.VaadinService.handleRequest(VaadinService.java:1436)
	at com.vaadin.server.VaadinServlet.service(VaadinServlet.java:385)
	at com.haulmont.cuba.web.sys.CubaApplicationServlet.serviceAppRequest(CubaApplicationServlet.java:301)
	at com.haulmont.cuba.web.sys.CubaApplicationServlet.service(CubaApplicationServlet.java:192)
	at javax.servlet.http.HttpServlet.service(HttpServlet.java:742)
	at org.apache.catalina.core.ApplicationFilterChain.internalDoFilter(ApplicationFilterChain.java:231)
	at org.apache.catalina.core.ApplicationFilterChain.doFilter(ApplicationFilterChain.java:166)
	at org.apache.tomcat.websocket.server.WsFilter.doFilter(WsFilter.java:52)
	at org.apache.catalina.core.ApplicationFilterChain.internalDoFilter(ApplicationFilterChain.java:193)
	at org.apache.catalina.core.ApplicationFilterChain.doFilter(ApplicationFilterChain.java:166)
	at com.haulmont.cuba.web.sys.CubaHttpFilter.handleNotFiltered(CubaHttpFilter.java:108)
	at com.haulmont.cuba.web.sys.CubaHttpFilter.doFilter(CubaHttpFilter.java:95)
	at org.apache.catalina.core.ApplicationFilterChain.internalDoFilter(ApplicationFilterChain.java:193)
	at org.apache.catalina.core.ApplicationFilterChain.doFilter(ApplicationFilterChain.java:166)
	at org.apache.catalina.core.StandardWrapperValve.invoke(StandardWrapperValve.java:198)
	at org.apache.catalina.core.StandardContextValve.invoke(StandardContextValve.java:96)
	at org.apache.catalina.authenticator.AuthenticatorBase.invoke(AuthenticatorBase.java:478)
	at org.apache.catalina.core.StandardHostValve.invoke(StandardHostValve.java:140)
	at org.apache.catalina.valves.ErrorReportValve.invoke(ErrorReportValve.java:80)
	at org.apache.catalina.valves.AbstractAccessLogValve.invoke(AbstractAccessLogValve.java:624)
	at org.apache.catalina.core.StandardEngineValve.invoke(StandardEngineValve.java:87)
	at org.apache.catalina.connector.CoyoteAdapter.service(CoyoteAdapter.java:342)
	at org.apache.coyote.http11.Http11Processor.service(Http11Processor.java:799)
	at org.apache.coyote.AbstractProcessorLight.process(AbstractProcessorLight.java:66)
	at org.apache.coyote.AbstractProtocol$ConnectionHandler.process(AbstractProtocol.java:861)
	at org.apache.tomcat.util.net.NioEndpoint$SocketProcessor.doRun(NioEndpoint.java:1455)
	at org.apache.tomcat.util.net.SocketProcessorBase.run(SocketProcessorBase.java:49)
	at java.util.concurrent.ThreadPoolExecutor.runWorker(ThreadPoolExecutor.java:1142)
	at java.util.concurrent.ThreadPoolExecutor$Worker.run(ThreadPoolExecutor.java:617)
	at org.apache.tomcat.util.threads.TaskThread$WrappingRunnable.run(TaskThread.java:61)
	at java.lang.Thread.run(Thread.java:748)
2018-02-02 16:24:34.542 ERROR [http-nio-8080-exec-27/app/admin] com.haulmont.cuba.web.log.AppLog - Exception in com.haulmont.cuba.web.toolkit.ui.CubaMenuBar: 
com.haulmont.cuba.core.global.RemoteException:
---
org.springframework.beans.factory.NoSuchBeanDefinitionException: No bean named 'transactionManager_legacy' available
	at com.haulmont.cuba.core.sys.ServiceInterceptor.aroundInvoke(ServiceInterceptor.java:127)
	at sun.reflect.GeneratedMethodAccessor140.invoke(Unknown Source)
	at sun.reflect.DelegatingMethodAccessorImpl.invoke(DelegatingMethodAccessorImpl.java:43)
	at java.lang.reflect.Method.invoke(Method.java:498)
	at org.springframework.aop.aspectj.AbstractAspectJAdvice.invokeAdviceMethodWithGivenArgs(AbstractAspectJAdvice.java:629)
	at org.springframework.aop.aspectj.AbstractAspectJAdvice.invokeAdviceMethod(AbstractAspectJAdvice.java:618)
	at org.springframework.aop.aspectj.AspectJAroundAdvice.invoke(AspectJAroundAdvice.java:70)
	at org.springframework.aop.framework.ReflectiveMethodInvocation.proceed(ReflectiveMethodInvocation.java:168)
	at org.springframework.aop.interceptor.ExposeInvocationInterceptor.invoke(ExposeInvocationInterceptor.java:92)
	at org.springframework.aop.framework.ReflectiveMethodInvocation.proceed(ReflectiveMethodInvocation.java:179)
	at org.springframework.aop.framework.JdkDynamicAopProxy.invoke(JdkDynamicAopProxy.java:213)
	at com.sun.proxy.$Proxy195.loadList(Unknown Source)
	at sun.reflect.NativeMethodAccessorImpl.invoke0(Native Method)
	at sun.reflect.NativeMethodAccessorImpl.invoke(NativeMethodAccessorImpl.java:62)
	at sun.reflect.DelegatingMethodAccessorImpl.invoke(DelegatingMethodAccessorImpl.java:43)
	at java.lang.reflect.Method.invoke(Method.java:498)
	at com.haulmont.cuba.core.sys.remoting.LocalServiceInvokerImpl.invoke(LocalServiceInvokerImpl.java:94)
	at com.haulmont.cuba.web.sys.remoting.LocalServiceProxy$LocalServiceInvocationHandler.invoke(LocalServiceProxy.java:148)
	at com.sun.proxy.$Proxy26.loadList(Unknown Source)
	at com.haulmont.cuba.client.sys.DataManagerClientImpl.loadList(DataManagerClientImpl.java:53)
	at com.haulmont.cuba.gui.data.impl.GenericDataSupplier.loadList(GenericDataSupplier.java:102)
	at com.haulmont.cuba.gui.data.impl.CollectionDatasourceImpl.loadData(CollectionDatasourceImpl.java:587)
	at com.haulmont.cuba.gui.data.impl.CollectionDatasourceImpl.refresh(CollectionDatasourceImpl.java:146)
	at com.haulmont.cuba.gui.data.impl.CollectionDatasourceImpl.refresh(CollectionDatasourceImpl.java:104)
	at com.haulmont.cuba.gui.data.impl.GroupDatasourceImpl.setSuspended(GroupDatasourceImpl.java:191)
	at com.haulmont.cuba.gui.data.impl.DsContextImpl.resumeSuspended(DsContextImpl.java:85)
	at com.haulmont.cuba.gui.WindowManager.afterShowWindow(WindowManager.java:1110)
	at com.haulmont.cuba.web.WebWindowManager.showWindow(WebWindowManager.java:407)
	at com.haulmont.cuba.gui.WindowManager.openWindow(WindowManager.java:717)
	at com.haulmont.cuba.web.WebWindowManager.openWindow(WebWindowManager.java:144)
	at com.haulmont.cuba.gui.config.MenuCommand$ScreenCommand.run(MenuCommand.java:181)
	at com.haulmont.cuba.gui.config.MenuCommand.execute(MenuCommand.java:76)
	at com.haulmont.cuba.web.sys.MenuBuilder.lambda$createMenuBarCommand$0(MenuBuilder.java:180)
	at com.haulmont.cuba.web.gui.components.mainwindow.WebAppMenu$MenuItemImpl.lambda$setCommand$2434f46b$1(WebAppMenu.java:338)
	at com.vaadin.ui.MenuBar.changeVariables(MenuBar.java:212)
	at com.vaadin.server.communication.ServerRpcHandler.changeVariables(ServerRpcHandler.java:623)
	at com.vaadin.server.communication.ServerRpcHandler.handleInvocation(ServerRpcHandler.java:470)
	at com.vaadin.server.communication.ServerRpcHandler.handleInvocations(ServerRpcHandler.java:413)
	at com.vaadin.server.communication.ServerRpcHandler.handleRpc(ServerRpcHandler.java:274)
	at com.vaadin.server.communication.UidlRequestHandler.synchronizedHandleRequest(UidlRequestHandler.java:90)
	at com.vaadin.server.SynchronizedRequestHandler.handleRequest(SynchronizedRequestHandler.java:41)
	at com.vaadin.server.VaadinService.handleRequest(VaadinService.java:1436)
	at com.vaadin.server.VaadinServlet.service(VaadinServlet.java:385)
	at com.haulmont.cuba.web.sys.CubaApplicationServlet.serviceAppRequest(CubaApplicationServlet.java:301)
	at com.haulmont.cuba.web.sys.CubaApplicationServlet.service(CubaApplicationServlet.java:192)
	at javax.servlet.http.HttpServlet.service(HttpServlet.java:742)
	at org.apache.catalina.core.ApplicationFilterChain.internalDoFilter(ApplicationFilterChain.java:231)
	at org.apache.catalina.core.ApplicationFilterChain.doFilter(ApplicationFilterChain.java:166)
	at org.apache.tomcat.websocket.server.WsFilter.doFilter(WsFilter.java:52)
	at org.apache.catalina.core.ApplicationFilterChain.internalDoFilter(ApplicationFilterChain.java:193)
	at org.apache.catalina.core.ApplicationFilterChain.doFilter(ApplicationFilterChain.java:166)
	at com.haulmont.cuba.web.sys.CubaHttpFilter.handleNotFiltered(CubaHttpFilter.java:108)
	at com.haulmont.cuba.web.sys.CubaHttpFilter.doFilter(CubaHttpFilter.java:95)
	at org.apache.catalina.core.ApplicationFilterChain.internalDoFilter(ApplicationFilterChain.java:193)
	at org.apache.catalina.core.ApplicationFilterChain.doFilter(ApplicationFilterChain.java:166)
	at org.apache.catalina.core.StandardWrapperValve.invoke(StandardWrapperValve.java:198)
	at org.apache.catalina.core.StandardContextValve.invoke(StandardContextValve.java:96)
	at org.apache.catalina.authenticator.AuthenticatorBase.invoke(AuthenticatorBase.java:478)
	at org.apache.catalina.core.StandardHostValve.invoke(StandardHostValve.java:140)
	at org.apache.catalina.valves.ErrorReportValve.invoke(ErrorReportValve.java:80)
	at org.apache.catalina.valves.AbstractAccessLogValve.invoke(AbstractAccessLogValve.java:624)
	at org.apache.catalina.core.StandardEngineValve.invoke(StandardEngineValve.java:87)
	at org.apache.catalina.connector.CoyoteAdapter.service(CoyoteAdapter.java:342)
	at org.apache.coyote.http11.Http11Processor.service(Http11Processor.java:799)
	at org.apache.coyote.AbstractProcessorLight.process(AbstractProcessorLight.java:66)
	at org.apache.coyote.AbstractProtocol$ConnectionHandler.process(AbstractProtocol.java:861)
	at org.apache.tomcat.util.net.NioEndpoint$SocketProcessor.doRun(NioEndpoint.java:1455)
	at org.apache.tomcat.util.net.SocketProcessorBase.run(SocketProcessorBase.java:49)
	at java.util.concurrent.ThreadPoolExecutor.runWorker(ThreadPoolExecutor.java:1142)
	at java.util.concurrent.ThreadPoolExecutor$Worker.run(ThreadPoolExecutor.java:617)
	at org.apache.tomcat.util.threads.TaskThread$WrappingRunnable.run(TaskThread.java:61)
	at java.lang.Thread.run(Thread.java:748)

2018-02-02 16:25:16.559 INFO  [localhost-startStop-1] org.atmosphere.cpr.AtmosphereFramework - Installed AtmosphereHandler com.vaadin.server.communication.PushAtmosphereHandler mapped to context-path: /*
2018-02-02 16:25:16.564 INFO  [localhost-startStop-1] org.atmosphere.cpr.AtmosphereFramework - Installed the following AtmosphereInterceptor mapped to AtmosphereHandler com.vaadin.server.communication.PushAtmosphereHandler
2018-02-02 16:25:16.568 INFO  [localhost-startStop-1] org.atmosphere.util.IOUtils - META-INF/services/org.atmosphere.cpr.AtmosphereFramework not found in class loader
2018-02-02 16:25:16.589 INFO  [localhost-startStop-1] org.atmosphere.cpr.AtmosphereFramework - Atmosphere is using org.atmosphere.util.VoidAnnotationProcessor for processing annotation
2018-02-02 16:25:16.600 INFO  [localhost-startStop-1] org.atmosphere.cpr.AtmosphereFramework - Installed WebSocketProtocol org.atmosphere.websocket.protocol.SimpleHttpProtocol 
2018-02-02 16:25:16.610 INFO  [localhost-startStop-1] org.atmosphere.container.JSR356AsyncSupport - JSR 356 Mapping path /{path}
2018-02-02 16:25:16.633 INFO  [localhost-startStop-1] org.atmosphere.cpr.AtmosphereFramework - Installing Default AtmosphereInterceptors
2018-02-02 16:25:16.635 INFO  [localhost-startStop-1] org.atmosphere.cpr.AtmosphereFramework - 	org.atmosphere.interceptor.CorsInterceptor : CORS Interceptor Support
2018-02-02 16:25:16.636 INFO  [localhost-startStop-1] org.atmosphere.cpr.AtmosphereFramework - 	org.atmosphere.interceptor.CacheHeadersInterceptor : Default Response's Headers Interceptor
2018-02-02 16:25:16.638 INFO  [localhost-startStop-1] org.atmosphere.cpr.AtmosphereFramework - 	org.atmosphere.interceptor.PaddingAtmosphereInterceptor : Browser Padding Interceptor Support
2018-02-02 16:25:16.639 INFO  [localhost-startStop-1] org.atmosphere.cpr.AtmosphereFramework - 	org.atmosphere.interceptor.AndroidAtmosphereInterceptor : Android Interceptor Support
2018-02-02 16:25:16.639 INFO  [localhost-startStop-1] org.atmosphere.cpr.AtmosphereFramework - Dropping Interceptor org.atmosphere.interceptor.HeartbeatInterceptor
2018-02-02 16:25:16.641 INFO  [localhost-startStop-1] org.atmosphere.cpr.AtmosphereFramework - 	org.atmosphere.interceptor.SSEAtmosphereInterceptor : SSE Interceptor Support
2018-02-02 16:25:16.642 INFO  [localhost-startStop-1] org.atmosphere.cpr.AtmosphereFramework - 	org.atmosphere.interceptor.JSONPAtmosphereInterceptor : JSONP Interceptor Support
2018-02-02 16:25:16.645 INFO  [localhost-startStop-1] org.atmosphere.cpr.AtmosphereFramework - 	org.atmosphere.interceptor.JavaScriptProtocol : Atmosphere JavaScript Protocol
2018-02-02 16:25:16.646 INFO  [localhost-startStop-1] org.atmosphere.cpr.AtmosphereFramework - 	org.atmosphere.interceptor.WebSocketMessageSuspendInterceptor : org.atmosphere.interceptor.WebSocketMessageSuspendInterceptor
2018-02-02 16:25:16.647 INFO  [localhost-startStop-1] org.atmosphere.cpr.AtmosphereFramework - 	org.atmosphere.interceptor.OnDisconnectInterceptor : Browser disconnection detection
2018-02-02 16:25:16.648 INFO  [localhost-startStop-1] org.atmosphere.cpr.AtmosphereFramework - 	org.atmosphere.interceptor.IdleResourceInterceptor : org.atmosphere.interceptor.IdleResourceInterceptor
2018-02-02 16:25:16.648 INFO  [localhost-startStop-1] org.atmosphere.cpr.AtmosphereFramework - Set org.atmosphere.cpr.AtmosphereInterceptor.disableDefaults to disable them.
2018-02-02 16:25:16.653 INFO  [localhost-startStop-1] org.atmosphere.cpr.AtmosphereFramework - Using EndpointMapper class org.atmosphere.util.DefaultEndpointMapper
2018-02-02 16:25:16.653 INFO  [localhost-startStop-1] org.atmosphere.cpr.AtmosphereFramework - Using BroadcasterCache: org.atmosphere.cache.UUIDBroadcasterCache
2018-02-02 16:25:16.654 INFO  [localhost-startStop-1] org.atmosphere.cpr.AtmosphereFramework - Default Broadcaster Class: org.atmosphere.cpr.DefaultBroadcaster
2018-02-02 16:25:16.654 INFO  [localhost-startStop-1] org.atmosphere.cpr.AtmosphereFramework - Broadcaster Polling Wait Time 100
2018-02-02 16:25:16.655 INFO  [localhost-startStop-1] org.atmosphere.cpr.AtmosphereFramework - Shared ExecutorService supported: true
2018-02-02 16:25:16.655 INFO  [localhost-startStop-1] org.atmosphere.cpr.AtmosphereFramework - Messaging Thread Pool Size: Unlimited
2018-02-02 16:25:16.656 INFO  [localhost-startStop-1] org.atmosphere.cpr.AtmosphereFramework - Async I/O Thread Pool Size: 200
2018-02-02 16:25:16.656 INFO  [localhost-startStop-1] org.atmosphere.cpr.AtmosphereFramework - Using BroadcasterFactory: org.atmosphere.cpr.DefaultBroadcasterFactory
2018-02-02 16:25:16.656 INFO  [localhost-startStop-1] org.atmosphere.cpr.AtmosphereFramework - Using WebSocketProcessor: org.atmosphere.websocket.DefaultWebSocketProcessor
2018-02-02 16:25:16.660 INFO  [localhost-startStop-1] org.atmosphere.cpr.AtmosphereFramework - Invoke AtmosphereInterceptor on WebSocket message true
2018-02-02 16:25:16.660 INFO  [localhost-startStop-1] org.atmosphere.cpr.AtmosphereFramework - HttpSession supported: true
2018-02-02 16:25:16.660 INFO  [localhost-startStop-1] org.atmosphere.cpr.AtmosphereFramework - Atmosphere is using DefaultAtmosphereObjectFactory for dependency injection and object creation
2018-02-02 16:25:16.661 INFO  [localhost-startStop-1] org.atmosphere.cpr.AtmosphereFramework - Atmosphere is using async support: org.atmosphere.container.JSR356AsyncSupport running under container: Apache Tomcat/8.5.14 using javax.servlet/3.0 and jsr356/WebSocket API
2018-02-02 16:25:16.661 INFO  [localhost-startStop-1] org.atmosphere.cpr.AtmosphereFramework - Atmosphere Framework 2.2.9.vaadin2.cuba1 started.
2018-02-02 16:25:16.665 INFO  [localhost-startStop-1] org.atmosphere.cpr.AtmosphereFramework - Installed AtmosphereInterceptor  Track Message Size Interceptor using | with priority BEFORE_DEFAULT 
2018-02-02 16:25:16.774 INFO  [localhost-startStop-1] com.haulmont.cuba.core.sys.AppComponents - Using app components: [com.haulmont.cuba]
2018-02-02 16:25:16.798 INFO  [localhost-startStop-1] com.haulmont.cuba.core.sys.AbstractWebAppContextLoader - Loading app properties from classpath:com/artwell/inspectionrecord/web-app.properties
2018-02-02 16:25:16.926 INFO  [localhost-startStop-1] com.haulmont.cuba.core.sys.CubaClassPathXmlApplicationContext - Refreshing com.haulmont.cuba.core.sys.CubaClassPathXmlApplicationContext@99feece: startup date [Fri Feb 02 16:25:16 CST 2018]; root of context hierarchy
2018-02-02 16:25:19.337 INFO  [localhost-startStop-1] com.haulmont.cuba.core.sys.remoting.discovery.StaticServerSelector - Server URLs: [http://localhost:8080/app-core/remoting]
2018-02-02 16:25:19.353 INFO  [localhost-startStop-1] com.haulmont.cuba.web.sys.remoting.WebRemoteProxyBeanCreator - Configuring proxy beans for local service invocations: [cuba_LoginService, cuba_ServerInfoService, cuba_UserSettingService, cuba_UserManagementService, cuba_DataService, cuba_ConfigStorageService, cuba_PersistenceManagerService, cuba_LockService, cuba_UserSessionService, cuba_FoldersService, cuba_EmailService, cuba_FileStorageService, cuba_EntitySnapshotService, cuba_UniqueNumbersService, cuba_LocalizedMessageService, cuba_ResourceService, cuba_ScheduledTasksService, cuba_EntityLogService, cuba_TestingService, cuba_ObjectsCacheManagerService, cuba_DomainDescriptionService, cuba_RelatedEntitiesService, cuba_EntitySqlGenerationService, cuba_NumberIdService, cuba_QueryResultsService, cuba_DynamicAttributesCacheService, cuba_EntityRestoreService, cuba_LocalFileExchangeService, cuba_EntityImportExportService, cuba_ScreenProfilerService, cuba_ServerTokenStore, cuba_IdpService, cuba_ConstraintLocalizationService]
2018-02-02 16:25:19.364 INFO  [localhost-startStop-1] com.haulmont.cuba.web.sys.remoting.WebRemoteProxyBeanCreator - Configuring proxy beans for local service invocations: [inspectionrecord_EmployeeService, inspectionrecord_InspectionRecordService]
2018-02-02 16:25:20.033 INFO  [localhost-startStop-1] com.haulmont.chile.core.datatypes.Datatypes - Can't find /datatypes.xml, using default datatypes settings
2018-02-02 16:25:21.206 INFO  [localhost-startStop-1] com.haulmont.cuba.core.sys.CubaThreadPoolTaskScheduler - Initializing ExecutorService  'scheduler'
2018-02-02 16:25:21.540 INFO  [localhost-startStop-1] com.haulmont.cuba.core.sys.jmx.MBeanExporter - Registering beans for JMX exposure: [app.cuba:type=ConfigStorage, app.cuba:type=CachingFacade, app.cuba:type=FileUploading, app.cuba:type=JmxNodeIdentifier, app.cuba:type=JmxLogControl, app.cuba:type=ClassLoaderManager, app.cuba:type=StatisticsCounter]
2018-02-02 16:25:21.645 INFO  [localhost-startStop-1] com.haulmont.cuba.core.sys.AbstractWebAppContextLoader - AppContext initialized
2018-02-02 16:25:21.694 INFO  [localhost-startStop-1] com.haulmont.cuba.web.sys.CubaDispatcherServlet - FrameworkServlet 'dispatcher': initialization started
2018-02-02 16:25:21.701 INFO  [localhost-startStop-1] com.haulmont.cuba.core.sys.CubaXmlWebApplicationContext - Refreshing WebApplicationContext for namespace 'dispatcher-servlet': startup date [Fri Feb 02 16:25:21 CST 2018]; parent: com.haulmont.cuba.core.sys.CubaClassPathXmlApplicationContext@99feece
2018-02-02 16:25:22.262 DEBUG [localhost-startStop-1] org.jboss.logging - Logging Provider: org.jboss.logging.Slf4jLoggerProvider
2018-02-02 16:25:23.079 INFO  [localhost-startStop-1] com.haulmont.cuba.web.sys.CubaDispatcherServlet - FrameworkServlet 'dispatcher': initialization completed in 1385 ms
2018-02-02 16:25:23.081 INFO  [localhost-startStop-1] com.haulmont.restapi.sys.CubaRestApiServlet - FrameworkServlet 'rest_api': initialization started
2018-02-02 16:25:23.084 INFO  [localhost-startStop-1] com.haulmont.cuba.core.sys.CubaXmlWebApplicationContext - Refreshing WebApplicationContext for namespace 'rest_api-servlet': startup date [Fri Feb 02 16:25:23 CST 2018]; parent: com.haulmont.cuba.core.sys.CubaClassPathXmlApplicationContext@99feece
2018-02-02 16:25:24.531 INFO  [localhost-startStop-1] com.haulmont.restapi.sys.CubaRestApiServlet - FrameworkServlet 'rest_api': initialization completed in 1449 ms
2018-02-02 16:25:24.653 INFO  [localhost-startStop-1] com.haulmont.cuba.core.sys.AppComponents - Using app components: [com.haulmont.cuba]
2018-02-02 16:25:24.664 INFO  [localhost-startStop-1] com.haulmont.cuba.core.sys.AbstractWebAppContextLoader - Loading app properties from classpath:com/artwell/inspectionrecord/app.properties
2018-02-02 16:25:24.675 INFO  [localhost-startStop-1] com.haulmont.cuba.core.sys.AppContextLoader - DbmsType of the main database is set to hsql
2018-02-02 16:25:24.797 INFO  [localhost-startStop-1] com.haulmont.cuba.core.sys.persistence.PersistenceConfigProcessor - Creating file C:\Users\Admin\Desktop\program\studio-projects\InspectionRecord\deploy\tomcat\work\app-core\persistence.xml
2018-02-02 16:25:24.823 INFO  [localhost-startStop-1] com.haulmont.cuba.core.sys.persistence.PersistenceConfigProcessor - Creating file C:\Users\Admin\Desktop\program\studio-projects\InspectionRecord\deploy\tomcat\work\app-core\legacy-persistence.xml
2018-02-02 16:25:24.834 INFO  [localhost-startStop-1] com.haulmont.cuba.core.sys.CubaCoreApplicationContext - Refreshing com.haulmont.cuba.core.sys.CubaCoreApplicationContext@76004198: startup date [Fri Feb 02 16:25:24 CST 2018]; root of context hierarchy
2018-02-02 16:25:29.446 INFO  [localhost-startStop-1] com.haulmont.chile.core.datatypes.Datatypes - Can't find /datatypes.xml, using default datatypes settings
2018-02-02 16:25:32.223 INFO  [localhost-startStop-1] com.haulmont.cuba.core.sys.CubaThreadPoolTaskScheduler - Initializing ExecutorService  'scheduler'
2018-02-02 16:25:32.417 INFO  [localhost-startStop-1] com.haulmont.cuba.core.sys.jmx.MBeanExporter - Registering beans for JMX exposure: [app-core.cuba:type=PersistenceManager, app-core.cuba:type=ConfigStorage, app-core.cuba:type=UserSessions, app-core.cuba:type=UniqueNumbers, app-core.cuba:type=Emailer, app-core.cuba:type=EntityLog, app-core.cuba:type=FileStorage, app-core.cuba:type=LockManager, app-core.cuba:type=CachingFacade, app-core.cuba:type=ClusterManager, app-core.cuba:type=ScriptingManager, app-core.cuba:type=ServerInfo, app-core.cuba:type=Scheduling, app-core.cuba:type=ObjectsCacheManager, app-core.cuba:type=PasswordEncryptionSupport, app-core.cuba:type=JmxNodeIdentifier, app-core.cuba:type=JmxLogControl, app-core.cuba:type=ClassLoaderManager, app-core.cuba:type=StatisticsCounter, app-core.cuba:type=BruteForceProtection, app-core.cuba:type=QueryCacheSupport, app-core.cuba:type=IdpSessions]
2018-02-02 16:25:33.083 DEBUG [localhost-startStop-1] com.haulmont.cuba.security.app.LoginWorkerBean - Initialize anonymous session
2018-02-02 16:25:33.084 INFO  [localhost-startStop-1] com.haulmont.cuba.core.app.ConfigStorage - Loading DB-stored app properties cache
2018-02-02 16:25:33.162 INFO  [localhost-startStop-1] com.haulmont.cuba.core.sys.MetadataImpl - Initializing metadata
2018-02-02 16:25:33.373 INFO  [localhost-startStop-1] com.haulmont.cuba.core.sys.MetadataImpl - Metadata initialized in 211ms
2018-02-02 16:25:34.064 INFO  [localhost-startStop-1] com.haulmont.cuba.core.sys.DefaultPermissionValuesConfig - Initializing default permission values
2018-02-02 16:25:34.149 INFO  [localhost-startStop-1] com.haulmont.cuba.security.app.LoginWorkerBean - Logged in: d01b3951-9d4b-b0b8-e54d-b51fd065f642 [anonymous]
2018-02-02 16:25:34.150 DEBUG [localhost-startStop-1] com.haulmont.cuba.security.app.LoginWorkerBean - Anonymous session initialized with id d01b3951-9d4b-b0b8-e54d-b51fd065f642
2018-02-02 16:25:34.150 INFO  [localhost-startStop-1] com.haulmont.cuba.core.sys.AbstractWebAppContextLoader - AppContext initialized
2018-02-02 16:25:34.153 INFO  [localhost-startStop-1] com.haulmont.cuba.core.sys.remoting.RemotingServlet - FrameworkServlet 'remoting': initialization started
2018-02-02 16:25:34.156 INFO  [localhost-startStop-1] com.haulmont.cuba.core.sys.CubaXmlWebApplicationContext - Refreshing WebApplicationContext for namespace 'remoting-servlet': startup date [Fri Feb 02 16:25:34 CST 2018]; parent: com.haulmont.cuba.core.sys.CubaCoreApplicationContext@76004198
2018-02-02 16:25:34.182 INFO  [localhost-startStop-1] com.haulmont.cuba.core.sys.remoting.RemoteServicesBeanCreator - Configuring remote services
2018-02-02 16:25:34.331 INFO  [localhost-startStop-1] com.haulmont.cuba.core.sys.remoting.RemotingServlet - FrameworkServlet 'remoting': initialization completed in 177 ms
2018-02-02 16:25:34.396 INFO  [localhost-startStop-1] com.haulmont.cuba.core.sys.AppComponents - Using app components: [com.haulmont.cuba]
2018-02-02 16:25:34.407 INFO  [localhost-startStop-1] com.haulmont.cuba.core.sys.AbstractWebAppContextLoader - Loading app properties from classpath:com/artwell/inspectionrecord/portal-app.properties
2018-02-02 16:25:34.423 INFO  [localhost-startStop-1] com.haulmont.cuba.core.sys.CubaXmlWebApplicationContext - Refreshing Root WebApplicationContext: startup date [Fri Feb 02 16:25:34 CST 2018]; root of context hierarchy
2018-02-02 16:25:35.010 INFO  [localhost-startStop-1] com.haulmont.cuba.core.sys.remoting.discovery.StaticServerSelector - Server URLs: [http://localhost:8080/app-core/remoting]
2018-02-02 16:25:35.012 INFO  [localhost-startStop-1] com.haulmont.cuba.portal.sys.remoting.PortalRemoteProxyBeanCreator - Configuring proxy beans for local service invocations: [cuba_LoginService, cuba_ServerInfoService, cuba_UserSettingService, cuba_UserManagementService, cuba_DataService, cuba_ConfigStorageService, cuba_PersistenceManagerService, cuba_LockService, cuba_UserSessionService, cuba_FoldersService, cuba_EmailService, cuba_FileStorageService, cuba_EntitySnapshotService, cuba_UniqueNumbersService, cuba_LocalizedMessageService, cuba_ResourceService, cuba_ScheduledTasksService, cuba_TestingService, cuba_DomainDescriptionService, cuba_RelatedEntitiesService, cuba_NumberIdService, cuba_DynamicAttributesCacheService, cuba_LocalFileExchangeService, cuba_EntityImportExportService, cuba_ServerTokenStore, cuba_IdpService, cuba_ConstraintLocalizationService]
2018-02-02 16:25:35.023 INFO  [localhost-startStop-1] com.haulmont.cuba.portal.sys.remoting.PortalRemoteProxyBeanCreator - Configuring proxy beans for local service invocations: [inspectionrecord_InspectionRecordService, inspectionrecord_EmployeeService]
2018-02-02 16:25:35.474 INFO  [localhost-startStop-1] com.haulmont.chile.core.datatypes.Datatypes - Can't find /datatypes.xml, using default datatypes settings
2018-02-02 16:25:36.073 INFO  [localhost-startStop-1] com.haulmont.cuba.core.sys.jmx.MBeanExporter - Registering beans for JMX exposure: [app-portal.cuba:type=ConfigStorage, app-portal.cuba:type=JmxNodeIdentifier, app-portal.cuba:type=JmxLogControl]
2018-02-02 16:25:36.090 INFO  [localhost-startStop-1] com.haulmont.cuba.core.sys.AbstractWebAppContextLoader - AppContext initialized
2018-02-02 16:25:36.100 INFO  [localhost-startStop-1] com.haulmont.cuba.portal.sys.PortalDispatcherServlet - FrameworkServlet 'portal': initialization started
2018-02-02 16:25:36.101 INFO  [localhost-startStop-1] com.haulmont.cuba.core.sys.CubaXmlWebApplicationContext - Refreshing WebApplicationContext for namespace 'portal-servlet': startup date [Fri Feb 02 16:25:36 CST 2018]; parent: Root WebApplicationContext
2018-02-02 16:25:36.527 INFO  [localhost-startStop-1] com.haulmont.cuba.portal.sys.PortalDispatcherServlet - FrameworkServlet 'portal': initialization completed in 427 ms
2018-02-02 16:25:36.529 INFO  [localhost-startStop-1] com.haulmont.restapi.sys.CubaRestApiServlet - FrameworkServlet 'rest_api': initialization started
2018-02-02 16:25:36.530 INFO  [localhost-startStop-1] com.haulmont.cuba.core.sys.CubaXmlWebApplicationContext - Refreshing WebApplicationContext for namespace 'rest_api-servlet': startup date [Fri Feb 02 16:25:36 CST 2018]; parent: Root WebApplicationContext
2018-02-02 16:25:37.118 INFO  [localhost-startStop-1] com.haulmont.restapi.sys.CubaRestApiServlet - FrameworkServlet 'rest_api': initialization completed in 589 ms
2018-02-02 16:38:51.331 DEBUG [http-nio-8080-exec-4] com.haulmont.cuba.gui.theme.ThemeConstantsRepository - Loading theme constants
2018-02-02 16:38:51.339 DEBUG [http-nio-8080-exec-4] com.haulmont.cuba.web.App - Initializing application
2018-02-02 16:38:51.468 DEBUG [http-nio-8080-exec-4/app/anonymous] com.haulmont.cuba.web.DefaultApp - connectionStateChanged connected: true, authenticated: false
2018-02-02 16:38:51.469 DEBUG [http-nio-8080-exec-4/app/anonymous] com.haulmont.cuba.web.App - Closing all windows
2018-02-02 16:38:51.485 INFO  [http-nio-8080-exec-4/app/anonymous] com.haulmont.cuba.core.sys.MetadataImpl - Initializing metadata
2018-02-02 16:38:51.778 INFO  [http-nio-8080-exec-4/app/anonymous] com.haulmont.cuba.core.sys.MetadataImpl - Metadata initialized in 291ms
2018-02-02 16:38:52.237 DEBUG [http-nio-8080-exec-4/app/anonymous] com.haulmont.cuba.web.AbstractConnection - Logged in: user=anonymous, ip=0:0:0:0:0:0:0:1, clientInfo=Web (localhost:8080/app) Mozilla/5.0 (Windows NT 10.0; Win64; x64) AppleWebKit/537.36 (KHTML, like Gecko) Chrome/63.0.3239.132 Safari/537.36
2018-02-02 16:38:53.583 INFO  [http-nio-8080-exec-3/app-core/anonymous] com.haulmont.cuba.security.app.LoginWorkerBean - Logged in: f81a04f4-0b05-556c-c5f7-0e79ac4324b2 [admin]
2018-02-02 16:38:53.600 DEBUG [http-nio-8080-exec-3/app/admin] com.haulmont.cuba.web.DefaultApp - connectionStateChanged connected: true, authenticated: true
2018-02-02 16:38:53.600 DEBUG [http-nio-8080-exec-3/app/admin] com.haulmont.cuba.web.App - Closing all windows
2018-02-02 16:38:53.603 DEBUG [http-nio-8080-exec-3/app/admin] com.haulmont.cuba.web.DefaultApp - Session reinitialized: HttpSession=org.apache.catalina.session.StandardSessionFacade@2277156d, timeout=1800sec, UserSession=f81a04f4-0b05-556c-c5f7-0e79ac4324b2 [admin]
2018-02-02 16:38:53.816 INFO  [http-nio-8080-exec-3/app/admin] com.haulmont.cuba.core.sys.AbstractViewRepository - Initializing views
2018-02-02 16:38:53.851 DEBUG [http-nio-8080-exec-3/app-core/admin] com.haulmont.cuba.core.app.StoreFactory - No implementation is specified for _MAIN_ store, using RdbmsStore
2018-02-02 16:38:53.947 DEBUG [http-nio-8080-exec-3/app-core/admin] com.haulmont.cuba.core.app.RdbmsStore - loadList: metaClass=sec$UserSubstitution, view=com.haulmont.cuba.security.entity.UserSubstitution/app, query=select us from sec$UserSubstitution us where us.user.id = :userId and (us.endDate is null or us.endDate >= :currentDate) and (us.startDate is null or us.startDate <= :currentDate) and (us.substitutedUser.active = true or us.substitutedUser.active is null) order by us.substitutedUser.name
2018-02-02 16:38:54.070 DEBUG [http-nio-8080-exec-3/app-core/admin] com.haulmont.cuba.core.app.FoldersServiceBean - Loading AppFolders
2018-02-02 16:38:54.089 DEBUG [http-nio-8080-exec-3/app-core/admin] com.haulmont.cuba.core.app.FoldersServiceBean - Loading SearchFolders
2018-02-02 16:38:54.126 DEBUG [http-nio-8080-exec-3/app/admin] com.haulmont.cuba.web.AbstractConnection - Logged in: user=admin, ip=0:0:0:0:0:0:0:1, clientInfo=Web (localhost:8080/app) Mozilla/5.0 (Windows NT 10.0; Win64; x64) AppleWebKit/537.36 (KHTML, like Gecko) Chrome/63.0.3239.132 Safari/537.36
2018-02-02 16:38:57.434 INFO  [http-nio-8080-exec-23/app-core/admin] com.haulmont.cuba.core.app.PersistenceManager - Loading statistics cache
2018-02-02 16:38:57.614 INFO  [http-nio-8080-exec-23/app-core/admin] com.haulmont.cuba.core.sys.AbstractViewRepository - Initializing views
2018-02-02 16:38:57.709 DEBUG [http-nio-8080-exec-23/app-core/admin] com.haulmont.cuba.core.app.RdbmsStore - loadList: metaClass=sec$Filter, view=com.haulmont.cuba.security.entity.FilterEntity/app, query=select f from sec$Filter f left join f.user u where f.componentId = :component and (u.id = :userId or u is null) order by f.name
2018-02-02 16:38:58.059 DEBUG [http-nio-8080-exec-23/app-core/admin] com.haulmont.cuba.core.app.StoreFactory - No implementation is specified for legacy store, using RdbmsStore
2018-02-02 16:38:58.060 DEBUG [http-nio-8080-exec-23/app-core/admin] com.haulmont.cuba.core.app.RdbmsStore - loadList: metaClass=inspectionrecord$HtEmpl, view=com.artwell.inspectionrecord.entity.HtEmpl/_local, query=select e from inspectionrecord$HtEmpl e, max=50
2018-02-02 16:39:08.730 DEBUG [http-nio-8080-exec-4/app-core/admin] com.haulmont.cuba.core.app.RdbmsStore - loadList: metaClass=inspectionrecord$HtEmpl, view=com.artwell.inspectionrecord.entity.HtEmpl/_local, query=select e from inspectionrecord$HtEmpl e, max=50
2018-02-02 16:39:21.776 INFO  [ClientCacheManager-pool-2-thread-1] com.haulmont.cuba.security.app.LoginWorkerBean - Logged in: ac837ffc-590b-6fda-4b60-b1f832b6f7ef [admin]
2018-02-02 16:39:31.920 DEBUG [http-nio-8080-exec-16/app-core/admin] com.haulmont.cuba.core.app.RdbmsStore - loadList: metaClass=inspectionrecord$HtEmpl, view=com.artwell.inspectionrecord.entity.HtEmpl/_local, query=select e from inspectionrecord$HtEmpl e where e.xName = :component_filter_xName37171, max=50
2018-02-02 16:39:36.663 DEBUG [http-nio-8080-exec-25/app-core/admin] com.haulmont.cuba.core.app.RdbmsStore - loadList: metaClass=inspectionrecord$HtEmpl, view=com.artwell.inspectionrecord.entity.HtEmpl/_local, query=select e from inspectionrecord$HtEmpl e, max=50
2018-02-02 16:43:14.574 INFO  [scheduler-9] com.haulmont.cuba.core.sys.TriggerFilesProcessor - Calling cuba_ClassLoaderManager.reloadClass('com.artwell.inspectionrecord.service.InspectionRecordServiceBean')
2018-02-02 16:43:15.913 INFO  [scheduler-9] com.haulmont.cuba.core.sys.CubaXmlWebApplicationContext - Refreshing WebApplicationContext for namespace 'remoting-servlet': startup date [Fri Feb 02 16:43:15 CST 2018]; parent: com.haulmont.cuba.core.sys.CubaCoreApplicationContext@76004198
2018-02-02 16:43:15.932 INFO  [scheduler-9] com.haulmont.cuba.core.sys.remoting.RemoteServicesBeanCreator - Configuring remote services
2018-02-02 16:43:36.005 INFO  [scheduler-4] com.haulmont.cuba.core.sys.TriggerFilesProcessor - Calling cuba_ClassLoaderManager.reloadClass('com.artwell.inspectionrecord.service.InspectionRecordServiceBean')
2018-02-02 16:43:36.267 INFO  [scheduler-4] com.haulmont.cuba.core.sys.CubaXmlWebApplicationContext - Refreshing WebApplicationContext for namespace 'remoting-servlet': startup date [Fri Feb 02 16:43:36 CST 2018]; parent: com.haulmont.cuba.core.sys.CubaCoreApplicationContext@76004198
2018-02-02 16:43:36.286 INFO  [scheduler-4] com.haulmont.cuba.core.sys.remoting.RemoteServicesBeanCreator - Configuring remote services
2018-02-02 16:46:37.169 INFO  [localhost-startStop-2] com.haulmont.cuba.core.sys.CubaXmlWebApplicationContext - Closing WebApplicationContext for namespace 'rest_api-servlet': startup date [Fri Feb 02 16:25:23 CST 2018]; parent: com.haulmont.cuba.core.sys.CubaClassPathXmlApplicationContext@99feece
2018-02-02 16:46:37.177 INFO  [localhost-startStop-2] com.haulmont.cuba.core.sys.CubaXmlWebApplicationContext - Closing WebApplicationContext for namespace 'dispatcher-servlet': startup date [Fri Feb 02 16:25:21 CST 2018]; parent: com.haulmont.cuba.core.sys.CubaClassPathXmlApplicationContext@99feece
2018-02-02 16:48:41.591 INFO  [localhost-startStop-1] org.atmosphere.cpr.AtmosphereFramework - Installed AtmosphereHandler com.vaadin.server.communication.PushAtmosphereHandler mapped to context-path: /*
2018-02-02 16:48:41.611 INFO  [localhost-startStop-1] org.atmosphere.cpr.AtmosphereFramework - Installed the following AtmosphereInterceptor mapped to AtmosphereHandler com.vaadin.server.communication.PushAtmosphereHandler
2018-02-02 16:48:41.620 INFO  [localhost-startStop-1] org.atmosphere.util.IOUtils - META-INF/services/org.atmosphere.cpr.AtmosphereFramework not found in class loader
2018-02-02 16:48:41.644 INFO  [localhost-startStop-1] org.atmosphere.cpr.AtmosphereFramework - Atmosphere is using org.atmosphere.util.VoidAnnotationProcessor for processing annotation
2018-02-02 16:48:41.665 INFO  [localhost-startStop-1] org.atmosphere.cpr.AtmosphereFramework - Installed WebSocketProtocol org.atmosphere.websocket.protocol.SimpleHttpProtocol 
2018-02-02 16:48:41.679 INFO  [localhost-startStop-1] org.atmosphere.container.JSR356AsyncSupport - JSR 356 Mapping path /{path}
2018-02-02 16:48:41.699 INFO  [localhost-startStop-1] org.atmosphere.cpr.AtmosphereFramework - Installing Default AtmosphereInterceptors
2018-02-02 16:48:41.701 INFO  [localhost-startStop-1] org.atmosphere.cpr.AtmosphereFramework - 	org.atmosphere.interceptor.CorsInterceptor : CORS Interceptor Support
2018-02-02 16:48:41.703 INFO  [localhost-startStop-1] org.atmosphere.cpr.AtmosphereFramework - 	org.atmosphere.interceptor.CacheHeadersInterceptor : Default Response's Headers Interceptor
2018-02-02 16:48:41.706 INFO  [localhost-startStop-1] org.atmosphere.cpr.AtmosphereFramework - 	org.atmosphere.interceptor.PaddingAtmosphereInterceptor : Browser Padding Interceptor Support
2018-02-02 16:48:41.707 INFO  [localhost-startStop-1] org.atmosphere.cpr.AtmosphereFramework - 	org.atmosphere.interceptor.AndroidAtmosphereInterceptor : Android Interceptor Support
2018-02-02 16:48:41.708 INFO  [localhost-startStop-1] org.atmosphere.cpr.AtmosphereFramework - Dropping Interceptor org.atmosphere.interceptor.HeartbeatInterceptor
2018-02-02 16:48:41.710 INFO  [localhost-startStop-1] org.atmosphere.cpr.AtmosphereFramework - 	org.atmosphere.interceptor.SSEAtmosphereInterceptor : SSE Interceptor Support
2018-02-02 16:48:41.711 INFO  [localhost-startStop-1] org.atmosphere.cpr.AtmosphereFramework - 	org.atmosphere.interceptor.JSONPAtmosphereInterceptor : JSONP Interceptor Support
2018-02-02 16:48:41.714 INFO  [localhost-startStop-1] org.atmosphere.cpr.AtmosphereFramework - 	org.atmosphere.interceptor.JavaScriptProtocol : Atmosphere JavaScript Protocol
2018-02-02 16:48:41.715 INFO  [localhost-startStop-1] org.atmosphere.cpr.AtmosphereFramework - 	org.atmosphere.interceptor.WebSocketMessageSuspendInterceptor : org.atmosphere.interceptor.WebSocketMessageSuspendInterceptor
2018-02-02 16:48:41.724 INFO  [localhost-startStop-1] org.atmosphere.cpr.AtmosphereFramework - 	org.atmosphere.interceptor.OnDisconnectInterceptor : Browser disconnection detection
2018-02-02 16:48:41.725 INFO  [localhost-startStop-1] org.atmosphere.cpr.AtmosphereFramework - 	org.atmosphere.interceptor.IdleResourceInterceptor : org.atmosphere.interceptor.IdleResourceInterceptor
2018-02-02 16:48:41.726 INFO  [localhost-startStop-1] org.atmosphere.cpr.AtmosphereFramework - Set org.atmosphere.cpr.AtmosphereInterceptor.disableDefaults to disable them.
2018-02-02 16:48:41.730 INFO  [localhost-startStop-1] org.atmosphere.cpr.AtmosphereFramework - Using EndpointMapper class org.atmosphere.util.DefaultEndpointMapper
2018-02-02 16:48:41.730 INFO  [localhost-startStop-1] org.atmosphere.cpr.AtmosphereFramework - Using BroadcasterCache: org.atmosphere.cache.UUIDBroadcasterCache
2018-02-02 16:48:41.731 INFO  [localhost-startStop-1] org.atmosphere.cpr.AtmosphereFramework - Default Broadcaster Class: org.atmosphere.cpr.DefaultBroadcaster
2018-02-02 16:48:41.731 INFO  [localhost-startStop-1] org.atmosphere.cpr.AtmosphereFramework - Broadcaster Polling Wait Time 100
2018-02-02 16:48:41.731 INFO  [localhost-startStop-1] org.atmosphere.cpr.AtmosphereFramework - Shared ExecutorService supported: true
2018-02-02 16:48:41.732 INFO  [localhost-startStop-1] org.atmosphere.cpr.AtmosphereFramework - Messaging Thread Pool Size: Unlimited
2018-02-02 16:48:41.732 INFO  [localhost-startStop-1] org.atmosphere.cpr.AtmosphereFramework - Async I/O Thread Pool Size: 200
2018-02-02 16:48:41.733 INFO  [localhost-startStop-1] org.atmosphere.cpr.AtmosphereFramework - Using BroadcasterFactory: org.atmosphere.cpr.DefaultBroadcasterFactory
2018-02-02 16:48:41.734 INFO  [localhost-startStop-1] org.atmosphere.cpr.AtmosphereFramework - Using WebSocketProcessor: org.atmosphere.websocket.DefaultWebSocketProcessor
2018-02-02 16:48:41.742 INFO  [localhost-startStop-1] org.atmosphere.cpr.AtmosphereFramework - Invoke AtmosphereInterceptor on WebSocket message true
2018-02-02 16:48:41.743 INFO  [localhost-startStop-1] org.atmosphere.cpr.AtmosphereFramework - HttpSession supported: true
2018-02-02 16:48:41.744 INFO  [localhost-startStop-1] org.atmosphere.cpr.AtmosphereFramework - Atmosphere is using DefaultAtmosphereObjectFactory for dependency injection and object creation
2018-02-02 16:48:41.746 INFO  [localhost-startStop-1] org.atmosphere.cpr.AtmosphereFramework - Atmosphere is using async support: org.atmosphere.container.JSR356AsyncSupport running under container: Apache Tomcat/8.5.14 using javax.servlet/3.0 and jsr356/WebSocket API
2018-02-02 16:48:41.749 INFO  [localhost-startStop-1] org.atmosphere.cpr.AtmosphereFramework - Atmosphere Framework 2.2.9.vaadin2.cuba1 started.
2018-02-02 16:48:41.755 INFO  [localhost-startStop-1] org.atmosphere.cpr.AtmosphereFramework - Installed AtmosphereInterceptor  Track Message Size Interceptor using | with priority BEFORE_DEFAULT 
2018-02-02 16:48:41.900 INFO  [localhost-startStop-1] com.haulmont.cuba.core.sys.AppComponents - Using app components: [com.haulmont.cuba]
2018-02-02 16:48:41.930 INFO  [localhost-startStop-1] com.haulmont.cuba.core.sys.AbstractWebAppContextLoader - Loading app properties from classpath:com/artwell/inspectionrecord/web-app.properties
2018-02-02 16:48:42.079 INFO  [localhost-startStop-1] com.haulmont.cuba.core.sys.CubaClassPathXmlApplicationContext - Refreshing com.haulmont.cuba.core.sys.CubaClassPathXmlApplicationContext@75f5d6a2: startup date [Fri Feb 02 16:48:42 CST 2018]; root of context hierarchy
2018-02-02 16:48:45.688 INFO  [localhost-startStop-1] com.haulmont.cuba.core.sys.remoting.discovery.StaticServerSelector - Server URLs: [http://localhost:8080/InspectionRecordApp-core/remoting]
2018-02-02 16:48:45.699 INFO  [localhost-startStop-1] com.haulmont.cuba.web.sys.remoting.WebRemoteProxyBeanCreator - Configuring proxy beans for local service invocations: [cuba_LoginService, cuba_ServerInfoService, cuba_UserSettingService, cuba_UserManagementService, cuba_DataService, cuba_ConfigStorageService, cuba_PersistenceManagerService, cuba_LockService, cuba_UserSessionService, cuba_FoldersService, cuba_EmailService, cuba_FileStorageService, cuba_EntitySnapshotService, cuba_UniqueNumbersService, cuba_LocalizedMessageService, cuba_ResourceService, cuba_ScheduledTasksService, cuba_EntityLogService, cuba_TestingService, cuba_ObjectsCacheManagerService, cuba_DomainDescriptionService, cuba_RelatedEntitiesService, cuba_EntitySqlGenerationService, cuba_NumberIdService, cuba_QueryResultsService, cuba_DynamicAttributesCacheService, cuba_EntityRestoreService, cuba_LocalFileExchangeService, cuba_EntityImportExportService, cuba_ScreenProfilerService, cuba_ServerTokenStore, cuba_IdpService, cuba_ConstraintLocalizationService]
2018-02-02 16:48:45.706 INFO  [localhost-startStop-1] com.haulmont.cuba.web.sys.remoting.WebRemoteProxyBeanCreator - Configuring proxy beans for local service invocations: [inspectionrecord_EmployeeService, inspectionrecord_InspectionRecordService]
2018-02-02 16:48:46.491 INFO  [localhost-startStop-1] com.haulmont.chile.core.datatypes.Datatypes - Can't find /datatypes.xml, using default datatypes settings
2018-02-02 16:48:48.270 INFO  [localhost-startStop-1] com.haulmont.cuba.core.sys.CubaThreadPoolTaskScheduler - Initializing ExecutorService  'scheduler'
2018-02-02 16:48:48.702 INFO  [localhost-startStop-1] com.haulmont.cuba.core.sys.jmx.MBeanExporter - Registering beans for JMX exposure: [InspectionRecordApp.cuba:type=ConfigStorage, InspectionRecordApp.cuba:type=CachingFacade, InspectionRecordApp.cuba:type=FileUploading, InspectionRecordApp.cuba:type=JmxNodeIdentifier, InspectionRecordApp.cuba:type=JmxLogControl, InspectionRecordApp.cuba:type=ClassLoaderManager, InspectionRecordApp.cuba:type=StatisticsCounter]
2018-02-02 16:48:48.822 INFO  [localhost-startStop-1] com.haulmont.cuba.core.sys.AbstractWebAppContextLoader - AppContext initialized
2018-02-02 16:48:48.885 INFO  [localhost-startStop-1] com.haulmont.cuba.web.sys.CubaDispatcherServlet - FrameworkServlet 'dispatcher': initialization started
2018-02-02 16:48:48.908 INFO  [localhost-startStop-1] com.haulmont.cuba.core.sys.CubaXmlWebApplicationContext - Refreshing WebApplicationContext for namespace 'dispatcher-servlet': startup date [Fri Feb 02 16:48:48 CST 2018]; parent: com.haulmont.cuba.core.sys.CubaClassPathXmlApplicationContext@75f5d6a2
2018-02-02 16:48:49.704 DEBUG [localhost-startStop-1] org.jboss.logging - Logging Provider: org.jboss.logging.Slf4jLoggerProvider
2018-02-02 16:48:51.186 INFO  [localhost-startStop-1] com.haulmont.cuba.web.sys.CubaDispatcherServlet - FrameworkServlet 'dispatcher': initialization completed in 2296 ms
2018-02-02 16:48:51.208 INFO  [localhost-startStop-1] com.haulmont.restapi.sys.CubaRestApiServlet - FrameworkServlet 'rest_api': initialization started
2018-02-02 16:48:51.210 INFO  [localhost-startStop-1] com.haulmont.cuba.core.sys.CubaXmlWebApplicationContext - Refreshing WebApplicationContext for namespace 'rest_api-servlet': startup date [Fri Feb 02 16:48:51 CST 2018]; parent: com.haulmont.cuba.core.sys.CubaClassPathXmlApplicationContext@75f5d6a2
2018-02-02 16:48:53.631 INFO  [localhost-startStop-1] com.haulmont.restapi.sys.CubaRestApiServlet - FrameworkServlet 'rest_api': initialization completed in 2422 ms
2018-02-02 16:48:53.808 INFO  [localhost-startStop-1] com.haulmont.cuba.core.sys.AppComponents - Using app components: [com.haulmont.cuba]
2018-02-02 16:48:53.828 INFO  [localhost-startStop-1] com.haulmont.cuba.core.sys.AbstractWebAppContextLoader - Loading app properties from classpath:com/artwell/inspectionrecord/app.properties
2018-02-02 16:48:53.846 INFO  [localhost-startStop-1] com.haulmont.cuba.core.sys.AppContextLoader - DbmsType of the main database is set to hsql
2018-02-02 16:48:53.967 INFO  [localhost-startStop-1] com.haulmont.cuba.core.sys.persistence.PersistenceConfigProcessor - Creating file C:\Users\Admin\Desktop\program\studio-projects\InspectionRecord\deploy\tomcat\work\InspectionRecordApp-core\persistence.xml
2018-02-02 16:48:53.993 INFO  [localhost-startStop-1] com.haulmont.cuba.core.sys.persistence.PersistenceConfigProcessor - Creating file C:\Users\Admin\Desktop\program\studio-projects\InspectionRecord\deploy\tomcat\work\InspectionRecordApp-core\legacy-persistence.xml
2018-02-02 16:48:54.007 INFO  [localhost-startStop-1] com.haulmont.cuba.core.sys.CubaCoreApplicationContext - Refreshing com.haulmont.cuba.core.sys.CubaCoreApplicationContext@30bf0f7d: startup date [Fri Feb 02 16:48:54 CST 2018]; root of context hierarchy
2018-02-02 16:49:00.660 INFO  [localhost-startStop-1] com.haulmont.chile.core.datatypes.Datatypes - Can't find /datatypes.xml, using default datatypes settings
2018-02-02 16:49:03.972 INFO  [localhost-startStop-1] com.haulmont.cuba.core.sys.CubaThreadPoolTaskScheduler - Initializing ExecutorService  'scheduler'
2018-02-02 16:49:04.276 INFO  [localhost-startStop-1] com.haulmont.cuba.core.sys.jmx.MBeanExporter - Registering beans for JMX exposure: [InspectionRecordApp-core.cuba:type=PersistenceManager, InspectionRecordApp-core.cuba:type=ConfigStorage, InspectionRecordApp-core.cuba:type=UserSessions, InspectionRecordApp-core.cuba:type=UniqueNumbers, InspectionRecordApp-core.cuba:type=Emailer, InspectionRecordApp-core.cuba:type=EntityLog, InspectionRecordApp-core.cuba:type=FileStorage, InspectionRecordApp-core.cuba:type=LockManager, InspectionRecordApp-core.cuba:type=CachingFacade, InspectionRecordApp-core.cuba:type=ClusterManager, InspectionRecordApp-core.cuba:type=ScriptingManager, InspectionRecordApp-core.cuba:type=ServerInfo, InspectionRecordApp-core.cuba:type=Scheduling, InspectionRecordApp-core.cuba:type=ObjectsCacheManager, InspectionRecordApp-core.cuba:type=PasswordEncryptionSupport, InspectionRecordApp-core.cuba:type=JmxNodeIdentifier, InspectionRecordApp-core.cuba:type=JmxLogControl, InspectionRecordApp-core.cuba:type=ClassLoaderManager, InspectionRecordApp-core.cuba:type=StatisticsCounter, InspectionRecordApp-core.cuba:type=BruteForceProtection, InspectionRecordApp-core.cuba:type=QueryCacheSupport, InspectionRecordApp-core.cuba:type=IdpSessions]
2018-02-02 16:49:05.023 DEBUG [localhost-startStop-1] com.haulmont.cuba.security.app.LoginWorkerBean - Initialize anonymous session
2018-02-02 16:49:05.024 INFO  [localhost-startStop-1] com.haulmont.cuba.core.app.ConfigStorage - Loading DB-stored app properties cache
2018-02-02 16:49:05.109 INFO  [localhost-startStop-1] com.haulmont.cuba.core.sys.MetadataImpl - Initializing metadata
2018-02-02 16:49:05.398 INFO  [localhost-startStop-1] com.haulmont.cuba.core.sys.MetadataImpl - Metadata initialized in 289ms
2018-02-02 16:49:06.160 INFO  [localhost-startStop-1] com.haulmont.cuba.core.sys.DefaultPermissionValuesConfig - Initializing default permission values
2018-02-02 16:49:06.240 INFO  [localhost-startStop-1] com.haulmont.cuba.security.app.LoginWorkerBean - Logged in: d01b3951-9d4b-b0b8-e54d-b51fd065f642 [anonymous]
2018-02-02 16:49:06.240 DEBUG [localhost-startStop-1] com.haulmont.cuba.security.app.LoginWorkerBean - Anonymous session initialized with id d01b3951-9d4b-b0b8-e54d-b51fd065f642
2018-02-02 16:49:06.241 INFO  [localhost-startStop-1] com.haulmont.cuba.core.sys.AbstractWebAppContextLoader - AppContext initialized
2018-02-02 16:49:06.243 INFO  [localhost-startStop-1] com.haulmont.cuba.core.sys.remoting.RemotingServlet - FrameworkServlet 'remoting': initialization started
2018-02-02 16:49:06.246 INFO  [localhost-startStop-1] com.haulmont.cuba.core.sys.CubaXmlWebApplicationContext - Refreshing WebApplicationContext for namespace 'remoting-servlet': startup date [Fri Feb 02 16:49:06 CST 2018]; parent: com.haulmont.cuba.core.sys.CubaCoreApplicationContext@30bf0f7d
2018-02-02 16:49:06.290 INFO  [localhost-startStop-1] com.haulmont.cuba.core.sys.remoting.RemoteServicesBeanCreator - Configuring remote services
2018-02-02 16:49:06.501 INFO  [localhost-startStop-1] com.haulmont.cuba.core.sys.remoting.RemotingServlet - FrameworkServlet 'remoting': initialization completed in 257 ms
2018-02-02 16:50:46.679 DEBUG [http-nio-8080-exec-9] com.haulmont.cuba.gui.theme.ThemeConstantsRepository - Loading theme constants
2018-02-02 16:50:47.049 DEBUG [http-nio-8080-exec-9] com.haulmont.cuba.web.App - Initializing application
2018-02-02 16:50:49.059 DEBUG [http-nio-8080-exec-9/InspectionRecordApp/anonymous] com.haulmont.cuba.web.DefaultApp - connectionStateChanged connected: true, authenticated: false
2018-02-02 16:50:49.059 DEBUG [http-nio-8080-exec-9/InspectionRecordApp/anonymous] com.haulmont.cuba.web.App - Closing all windows
2018-02-02 16:50:49.456 INFO  [http-nio-8080-exec-9/InspectionRecordApp/anonymous] com.haulmont.cuba.core.sys.MetadataImpl - Initializing metadata
2018-02-02 16:50:50.987 INFO  [http-nio-8080-exec-9/InspectionRecordApp/anonymous] com.haulmont.cuba.core.sys.MetadataImpl - Metadata initialized in 1530ms
2018-02-02 16:50:58.296 DEBUG [http-nio-8080-exec-9/InspectionRecordApp/anonymous] com.haulmont.cuba.web.AbstractConnection - Logged in: user=anonymous, ip=0:0:0:0:0:0:0:1, clientInfo=Web (localhost:8080/InspectionRecordApp) Mozilla/5.0 (Windows NT 10.0; Win64; x64) AppleWebKit/537.36 (KHTML, like Gecko) Chrome/63.0.3239.132 Safari/537.36
