05-Feb-2018 13:42:55.203 信息 [main] org.apache.catalina.startup.VersionLoggerListener.log Server version:        Apache Tomcat/8.5.14
05-Feb-2018 13:42:55.232 信息 [main] org.apache.catalina.startup.VersionLoggerListener.log Server built:          Apr 13 2017 12:55:45 UTC
05-Feb-2018 13:42:55.236 信息 [main] org.apache.catalina.startup.VersionLoggerListener.log Server number:         8.5.14.0
05-Feb-2018 13:42:55.241 信息 [main] org.apache.catalina.startup.VersionLoggerListener.log OS Name:               Windows 10
05-Feb-2018 13:42:55.243 信息 [main] org.apache.catalina.startup.VersionLoggerListener.log OS Version:            10.0
05-Feb-2018 13:42:55.244 信息 [main] org.apache.catalina.startup.VersionLoggerListener.log Architecture:          amd64
05-Feb-2018 13:42:55.245 信息 [main] org.apache.catalina.startup.VersionLoggerListener.log Java Home:             C:\Program Files\Java\jdk1.8.0_131\jre
05-Feb-2018 13:42:55.245 信息 [main] org.apache.catalina.startup.VersionLoggerListener.log JVM Version:           1.8.0_131-b11
05-Feb-2018 13:42:55.248 信息 [main] org.apache.catalina.startup.VersionLoggerListener.log JVM Vendor:            Oracle Corporation
05-Feb-2018 13:42:55.248 信息 [main] org.apache.catalina.startup.VersionLoggerListener.log CATALINA_BASE:         C:\Users\Admin\Desktop\program\studio-projects\InspectionRecord\deploy\tomcat
05-Feb-2018 13:42:55.249 信息 [main] org.apache.catalina.startup.VersionLoggerListener.log CATALINA_HOME:         C:\Users\Admin\Desktop\program\studio-projects\InspectionRecord\deploy\tomcat
05-Feb-2018 13:42:55.250 信息 [main] org.apache.catalina.startup.VersionLoggerListener.log Command line argument: -Djava.util.logging.config.file=C:\Users\Admin\Desktop\program\studio-projects\InspectionRecord\deploy\tomcat\conf\logging.properties
05-Feb-2018 13:42:55.251 信息 [main] org.apache.catalina.startup.VersionLoggerListener.log Command line argument: -Djava.util.logging.manager=org.apache.juli.ClassLoaderLogManager
05-Feb-2018 13:42:55.251 信息 [main] org.apache.catalina.startup.VersionLoggerListener.log Command line argument: -Djdk.tls.ephemeralDHKeySize=2048
05-Feb-2018 13:42:55.252 信息 [main] org.apache.catalina.startup.VersionLoggerListener.log Command line argument: -Djava.protocol.handler.pkgs=org.apache.catalina.webresources
05-Feb-2018 13:42:55.253 信息 [main] org.apache.catalina.startup.VersionLoggerListener.log Command line argument: -Xrunjdwp:transport=dt_socket,address=8787,server=y,suspend=n
05-Feb-2018 13:42:55.254 信息 [main] org.apache.catalina.startup.VersionLoggerListener.log Command line argument: -Xmx512m
05-Feb-2018 13:42:55.255 信息 [main] org.apache.catalina.startup.VersionLoggerListener.log Command line argument: -Dfile.encoding=UTF-8
05-Feb-2018 13:42:55.256 信息 [main] org.apache.catalina.startup.VersionLoggerListener.log Command line argument: -Dlogback.configurationFile=../conf/logback.xml
05-Feb-2018 13:42:55.258 信息 [main] org.apache.catalina.startup.VersionLoggerListener.log Command line argument: -Dcom.sun.management.jmxremote
05-Feb-2018 13:42:55.261 信息 [main] org.apache.catalina.startup.VersionLoggerListener.log Command line argument: -Dcatalina.base=C:\Users\Admin\Desktop\program\studio-projects\InspectionRecord\deploy\tomcat
05-Feb-2018 13:42:55.262 信息 [main] org.apache.catalina.startup.VersionLoggerListener.log Command line argument: -Dcatalina.home=C:\Users\Admin\Desktop\program\studio-projects\InspectionRecord\deploy\tomcat
05-Feb-2018 13:42:55.263 信息 [main] org.apache.catalina.startup.VersionLoggerListener.log Command line argument: -Djava.io.tmpdir=C:\Users\Admin\Desktop\program\studio-projects\InspectionRecord\deploy\tomcat\temp
05-Feb-2018 13:42:55.265 信息 [main] org.apache.catalina.core.AprLifecycleListener.lifecycleEvent The APR based Apache Tomcat Native library which allows optimal performance in production environments was not found on the java.library.path: C:\Program Files\Java\jdk1.8.0_131\bin;C:\WINDOWS\Sun\Java\bin;C:\WINDOWS\system32;C:\WINDOWS;C:\Program Files\Java\jdk1.8.0_131\bin;C:\Program Files\Java\jdk1.8.0_131\jre\bin;C:\Program Files\Java\gradle-4.4.1-all\gradle-4.4.1/bin;C:\Program Files\Java\apache-maven-3.5.2\bin;C:\ProgramData\Oracle\Java\javapath;C:\Program Files (x86)\Intel\iCLS Client\;C:\Program Files\Intel\iCLS Client\;C:\WINDOWS\system32;C:\WINDOWS;C:\WINDOWS\System32\Wbem;C:\WINDOWS\System32\WindowsPowerShell\v1.0\;C:\Program Files (x86)\Intel\Intel(R) Management Engine Components\DAL;C:\Program Files\Intel\Intel(R) Management Engine Components\DAL;C:\Program Files (x86)\Intel\Intel(R) Management Engine Components\IPT;C:\Program Files\Intel\Intel(R) Management Engine Components\IPT;C:\Program Files\TortoiseSVN\bin;C:\Program Files (x86)\Microsoft SQL Server\100\Tools\Binn\;C:\Program Files\Microsoft SQL Server\100\Tools\Binn\;C:\Program Files\Microsoft SQL Server\100\DTS\Binn\;C:\Program Files (x86)\Microsoft SQL Server\100\Tools\Binn\VSShell\Common7\IDE\;C:\Program Files (x86)\Microsoft SQL Server\100\DTS\Binn\;C:\Users\Admin\AppData\Local\Microsoft\WindowsApps;C:\Users\Admin\AppData\Local\GitHubDesktop\bin;.
05-Feb-2018 13:42:59.066 信息 [main] org.apache.coyote.AbstractProtocol.init Initializing ProtocolHandler ["http-nio-8080"]
05-Feb-2018 13:42:59.093 信息 [main] org.apache.tomcat.util.net.NioSelectorPool.getSharedSelector Using a shared selector for servlet write/read
05-Feb-2018 13:42:59.106 信息 [main] org.apache.coyote.AbstractProtocol.init Initializing ProtocolHandler ["ajp-nio-8009"]
05-Feb-2018 13:42:59.109 信息 [main] org.apache.tomcat.util.net.NioSelectorPool.getSharedSelector Using a shared selector for servlet write/read
05-Feb-2018 13:42:59.110 信息 [main] org.apache.catalina.startup.Catalina.load Initialization processed in 4391 ms
05-Feb-2018 13:42:59.177 信息 [main] org.apache.catalina.core.StandardService.startInternal Starting service Catalina
05-Feb-2018 13:42:59.179 信息 [main] org.apache.catalina.core.StandardEngine.startInternal Starting Servlet Engine: Apache Tomcat/8.5.14
05-Feb-2018 13:42:59.197 信息 [localhost-startStop-1] org.apache.catalina.startup.HostConfig.deployDirectory Deploying web application directory C:\Users\Admin\Desktop\program\studio-projects\InspectionRecord\deploy\tomcat\webapps\InspectionRecordApp
05-Feb-2018 13:43:14.417 信息 [localhost-startStop-1] org.apache.catalina.startup.HostConfig.deployDirectory Deployment of web application directory C:\Users\Admin\Desktop\program\studio-projects\InspectionRecord\deploy\tomcat\webapps\InspectionRecordApp has finished in 15,207 ms
05-Feb-2018 13:43:14.418 信息 [localhost-startStop-1] org.apache.catalina.startup.HostConfig.deployDirectory Deploying web application directory C:\Users\Admin\Desktop\program\studio-projects\InspectionRecord\deploy\tomcat\webapps\InspectionRecordApp-core
05-Feb-2018 13:43:27.854 信息 [localhost-startStop-1] org.apache.catalina.startup.HostConfig.deployDirectory Deployment of web application directory C:\Users\Admin\Desktop\program\studio-projects\InspectionRecord\deploy\tomcat\webapps\InspectionRecordApp-core has finished in 13,436 ms
05-Feb-2018 13:43:27.882 信息 [main] org.apache.coyote.AbstractProtocol.start Starting ProtocolHandler ["http-nio-8080"]
05-Feb-2018 13:43:27.910 信息 [main] org.apache.coyote.AbstractProtocol.start Starting ProtocolHandler ["ajp-nio-8009"]
05-Feb-2018 13:43:27.916 信息 [main] org.apache.catalina.startup.Catalina.start Server startup in 28805 ms
05-Feb-2018 13:43:52.872 警告 [http-nio-8080-exec-17] com.vaadin.server.DefaultDeploymentConfiguration.checkProductionMode 
=================================================================
Vaadin is running in DEBUG MODE.
Add productionMode=true to web.xml to disable debug features.
To show debug window, add ?debug to your application URL.
=================================================================
05-Feb-2018 14:01:38.811 信息 [main] org.apache.catalina.core.StandardServer.await A valid shutdown command was received via the shutdown port. Stopping the Server instance.
05-Feb-2018 14:01:38.812 信息 [main] org.apache.coyote.AbstractProtocol.pause Pausing ProtocolHandler ["http-nio-8080"]
05-Feb-2018 14:01:38.844 信息 [main] org.apache.coyote.AbstractProtocol.pause Pausing ProtocolHandler ["ajp-nio-8009"]
05-Feb-2018 14:01:38.921 信息 [main] org.apache.catalina.core.StandardService.stopInternal Stopping service Catalina
05-Feb-2018 14:01:39.008 严重 [localhost-startStop-2] org.apache.catalina.loader.WebappClassLoaderBase.checkThreadLocalMapForLeaks The web application [InspectionRecordApp] created a ThreadLocal with key of type [java.lang.ThreadLocal] (value [java.lang.ThreadLocal@7fed16a2]) and a value of type [com.haulmont.cuba.core.sys.UserInvocationContext.RequestScopeUserInfo] (value [com.haulmont.cuba.core.sys.UserInvocationContext$RequestScopeUserInfo@75f61ef8]) but failed to remove it when the web application was stopped. Threads are going to be renewed over time to try and avoid a probable memory leak.
05-Feb-2018 14:01:39.011 严重 [localhost-startStop-2] org.apache.catalina.loader.WebappClassLoaderBase.checkThreadLocalMapForLeaks The web application [InspectionRecordApp] created a ThreadLocal with key of type [java.lang.ThreadLocal] (value [java.lang.ThreadLocal@7fed16a2]) and a value of type [com.haulmont.cuba.core.sys.UserInvocationContext.RequestScopeUserInfo] (value [com.haulmont.cuba.core.sys.UserInvocationContext$RequestScopeUserInfo@4b9c0adc]) but failed to remove it when the web application was stopped. Threads are going to be renewed over time to try and avoid a probable memory leak.
05-Feb-2018 14:01:39.013 严重 [localhost-startStop-2] org.apache.catalina.loader.WebappClassLoaderBase.checkThreadLocalMapForLeaks The web application [InspectionRecordApp] created a ThreadLocal with key of type [java.lang.ThreadLocal] (value [java.lang.ThreadLocal@7fed16a2]) and a value of type [com.haulmont.cuba.core.sys.UserInvocationContext.RequestScopeUserInfo] (value [com.haulmont.cuba.core.sys.UserInvocationContext$RequestScopeUserInfo@5c535d0b]) but failed to remove it when the web application was stopped. Threads are going to be renewed over time to try and avoid a probable memory leak.
05-Feb-2018 14:01:39.014 严重 [localhost-startStop-2] org.apache.catalina.loader.WebappClassLoaderBase.checkThreadLocalMapForLeaks The web application [InspectionRecordApp] created a ThreadLocal with key of type [java.lang.ThreadLocal] (value [java.lang.ThreadLocal@7fed16a2]) and a value of type [com.haulmont.cuba.core.sys.UserInvocationContext.RequestScopeUserInfo] (value [com.haulmont.cuba.core.sys.UserInvocationContext$RequestScopeUserInfo@191799a7]) but failed to remove it when the web application was stopped. Threads are going to be renewed over time to try and avoid a probable memory leak.
05-Feb-2018 14:01:39.017 严重 [localhost-startStop-2] org.apache.catalina.loader.WebappClassLoaderBase.checkThreadLocalMapForLeaks The web application [InspectionRecordApp] created a ThreadLocal with key of type [java.lang.ThreadLocal] (value [java.lang.ThreadLocal@7fed16a2]) and a value of type [com.haulmont.cuba.core.sys.UserInvocationContext.RequestScopeUserInfo] (value [com.haulmont.cuba.core.sys.UserInvocationContext$RequestScopeUserInfo@2bd9b138]) but failed to remove it when the web application was stopped. Threads are going to be renewed over time to try and avoid a probable memory leak.
05-Feb-2018 14:01:39.017 严重 [localhost-startStop-2] org.apache.catalina.loader.WebappClassLoaderBase.checkThreadLocalMapForLeaks The web application [InspectionRecordApp] created a ThreadLocal with key of type [java.lang.ThreadLocal] (value [java.lang.ThreadLocal@7fed16a2]) and a value of type [com.haulmont.cuba.core.sys.UserInvocationContext.RequestScopeUserInfo] (value [com.haulmont.cuba.core.sys.UserInvocationContext$RequestScopeUserInfo@b88475]) but failed to remove it when the web application was stopped. Threads are going to be renewed over time to try and avoid a probable memory leak.
05-Feb-2018 14:01:39.018 严重 [localhost-startStop-2] org.apache.catalina.loader.WebappClassLoaderBase.checkThreadLocalMapForLeaks The web application [InspectionRecordApp] created a ThreadLocal with key of type [java.lang.ThreadLocal] (value [java.lang.ThreadLocal@7fed16a2]) and a value of type [com.haulmont.cuba.core.sys.UserInvocationContext.RequestScopeUserInfo] (value [com.haulmont.cuba.core.sys.UserInvocationContext$RequestScopeUserInfo@46453a6c]) but failed to remove it when the web application was stopped. Threads are going to be renewed over time to try and avoid a probable memory leak.
05-Feb-2018 14:01:39.019 严重 [localhost-startStop-2] org.apache.catalina.loader.WebappClassLoaderBase.checkThreadLocalMapForLeaks The web application [InspectionRecordApp] created a ThreadLocal with key of type [java.lang.ThreadLocal] (value [java.lang.ThreadLocal@7fed16a2]) and a value of type [com.haulmont.cuba.core.sys.UserInvocationContext.RequestScopeUserInfo] (value [com.haulmont.cuba.core.sys.UserInvocationContext$RequestScopeUserInfo@63ba49a2]) but failed to remove it when the web application was stopped. Threads are going to be renewed over time to try and avoid a probable memory leak.
05-Feb-2018 14:01:39.019 严重 [localhost-startStop-2] org.apache.catalina.loader.WebappClassLoaderBase.checkThreadLocalMapForLeaks The web application [InspectionRecordApp] created a ThreadLocal with key of type [java.lang.ThreadLocal] (value [java.lang.ThreadLocal@7fed16a2]) and a value of type [com.haulmont.cuba.core.sys.UserInvocationContext.RequestScopeUserInfo] (value [com.haulmont.cuba.core.sys.UserInvocationContext$RequestScopeUserInfo@58c649c]) but failed to remove it when the web application was stopped. Threads are going to be renewed over time to try and avoid a probable memory leak.
05-Feb-2018 14:01:39.022 信息 [main] org.apache.coyote.AbstractProtocol.stop Stopping ProtocolHandler ["http-nio-8080"]
05-Feb-2018 14:01:39.028 信息 [main] org.apache.coyote.AbstractProtocol.stop Stopping ProtocolHandler ["ajp-nio-8009"]
05-Feb-2018 14:01:39.029 信息 [main] org.apache.coyote.AbstractProtocol.destroy Destroying ProtocolHandler ["http-nio-8080"]
05-Feb-2018 14:01:39.031 信息 [main] org.apache.coyote.AbstractProtocol.destroy Destroying ProtocolHandler ["ajp-nio-8009"]
05-Feb-2018 14:11:35.183 信息 [main] org.apache.catalina.startup.VersionLoggerListener.log Server version:        Apache Tomcat/8.5.14
05-Feb-2018 14:11:35.203 信息 [main] org.apache.catalina.startup.VersionLoggerListener.log Server built:          Apr 13 2017 12:55:45 UTC
05-Feb-2018 14:11:35.204 信息 [main] org.apache.catalina.startup.VersionLoggerListener.log Server number:         8.5.14.0
05-Feb-2018 14:11:35.205 信息 [main] org.apache.catalina.startup.VersionLoggerListener.log OS Name:               Windows 10
05-Feb-2018 14:11:35.208 信息 [main] org.apache.catalina.startup.VersionLoggerListener.log OS Version:            10.0
05-Feb-2018 14:11:35.208 信息 [main] org.apache.catalina.startup.VersionLoggerListener.log Architecture:          amd64
05-Feb-2018 14:11:35.209 信息 [main] org.apache.catalina.startup.VersionLoggerListener.log Java Home:             C:\Program Files\Java\jdk1.8.0_131\jre
05-Feb-2018 14:11:35.211 信息 [main] org.apache.catalina.startup.VersionLoggerListener.log JVM Version:           1.8.0_131-b11
05-Feb-2018 14:11:35.213 信息 [main] org.apache.catalina.startup.VersionLoggerListener.log JVM Vendor:            Oracle Corporation
05-Feb-2018 14:11:35.214 信息 [main] org.apache.catalina.startup.VersionLoggerListener.log CATALINA_BASE:         C:\Users\Admin\Desktop\program\studio-projects\InspectionRecord\deploy\tomcat
05-Feb-2018 14:11:35.215 信息 [main] org.apache.catalina.startup.VersionLoggerListener.log CATALINA_HOME:         C:\Users\Admin\Desktop\program\studio-projects\InspectionRecord\deploy\tomcat
05-Feb-2018 14:11:35.216 信息 [main] org.apache.catalina.startup.VersionLoggerListener.log Command line argument: -Djava.util.logging.config.file=C:\Users\Admin\Desktop\program\studio-projects\InspectionRecord\deploy\tomcat\conf\logging.properties
05-Feb-2018 14:11:35.217 信息 [main] org.apache.catalina.startup.VersionLoggerListener.log Command line argument: -Djava.util.logging.manager=org.apache.juli.ClassLoaderLogManager
05-Feb-2018 14:11:35.217 信息 [main] org.apache.catalina.startup.VersionLoggerListener.log Command line argument: -Djdk.tls.ephemeralDHKeySize=2048
05-Feb-2018 14:11:35.218 信息 [main] org.apache.catalina.startup.VersionLoggerListener.log Command line argument: -Djava.protocol.handler.pkgs=org.apache.catalina.webresources
05-Feb-2018 14:11:35.218 信息 [main] org.apache.catalina.startup.VersionLoggerListener.log Command line argument: -Xrunjdwp:transport=dt_socket,address=8787,server=y,suspend=n
05-Feb-2018 14:11:35.220 信息 [main] org.apache.catalina.startup.VersionLoggerListener.log Command line argument: -Xmx512m
05-Feb-2018 14:11:35.221 信息 [main] org.apache.catalina.startup.VersionLoggerListener.log Command line argument: -Dfile.encoding=UTF-8
05-Feb-2018 14:11:35.221 信息 [main] org.apache.catalina.startup.VersionLoggerListener.log Command line argument: -Dlogback.configurationFile=../conf/logback.xml
05-Feb-2018 14:11:35.222 信息 [main] org.apache.catalina.startup.VersionLoggerListener.log Command line argument: -Dcom.sun.management.jmxremote
05-Feb-2018 14:11:35.223 信息 [main] org.apache.catalina.startup.VersionLoggerListener.log Command line argument: -Dcatalina.base=C:\Users\Admin\Desktop\program\studio-projects\InspectionRecord\deploy\tomcat
05-Feb-2018 14:11:35.224 信息 [main] org.apache.catalina.startup.VersionLoggerListener.log Command line argument: -Dcatalina.home=C:\Users\Admin\Desktop\program\studio-projects\InspectionRecord\deploy\tomcat
05-Feb-2018 14:11:35.225 信息 [main] org.apache.catalina.startup.VersionLoggerListener.log Command line argument: -Djava.io.tmpdir=C:\Users\Admin\Desktop\program\studio-projects\InspectionRecord\deploy\tomcat\temp
05-Feb-2018 14:11:35.226 信息 [main] org.apache.catalina.core.AprLifecycleListener.lifecycleEvent The APR based Apache Tomcat Native library which allows optimal performance in production environments was not found on the java.library.path: C:\Program Files\Java\jdk1.8.0_131\bin;C:\WINDOWS\Sun\Java\bin;C:\WINDOWS\system32;C:\WINDOWS;C:\Program Files\Java\jdk1.8.0_131\bin;C:\Program Files\Java\jdk1.8.0_131\jre\bin;C:\Program Files\Java\gradle-4.4.1-all\gradle-4.4.1/bin;C:\Program Files\Java\apache-maven-3.5.2\bin;C:\ProgramData\Oracle\Java\javapath;C:\Program Files (x86)\Intel\iCLS Client\;C:\Program Files\Intel\iCLS Client\;C:\WINDOWS\system32;C:\WINDOWS;C:\WINDOWS\System32\Wbem;C:\WINDOWS\System32\WindowsPowerShell\v1.0\;C:\Program Files (x86)\Intel\Intel(R) Management Engine Components\DAL;C:\Program Files\Intel\Intel(R) Management Engine Components\DAL;C:\Program Files (x86)\Intel\Intel(R) Management Engine Components\IPT;C:\Program Files\Intel\Intel(R) Management Engine Components\IPT;C:\Program Files\TortoiseSVN\bin;C:\Program Files (x86)\Microsoft SQL Server\100\Tools\Binn\;C:\Program Files\Microsoft SQL Server\100\Tools\Binn\;C:\Program Files\Microsoft SQL Server\100\DTS\Binn\;C:\Program Files (x86)\Microsoft SQL Server\100\Tools\Binn\VSShell\Common7\IDE\;C:\Program Files (x86)\Microsoft SQL Server\100\DTS\Binn\;C:\Users\Admin\AppData\Local\Microsoft\WindowsApps;C:\Users\Admin\AppData\Local\GitHubDesktop\bin;.
05-Feb-2018 14:11:35.463 信息 [main] org.apache.coyote.AbstractProtocol.init Initializing ProtocolHandler ["http-nio-8080"]
05-Feb-2018 14:11:35.492 信息 [main] org.apache.tomcat.util.net.NioSelectorPool.getSharedSelector Using a shared selector for servlet write/read
05-Feb-2018 14:11:35.499 信息 [main] org.apache.coyote.AbstractProtocol.init Initializing ProtocolHandler ["ajp-nio-8009"]
05-Feb-2018 14:11:35.503 信息 [main] org.apache.tomcat.util.net.NioSelectorPool.getSharedSelector Using a shared selector for servlet write/read
05-Feb-2018 14:11:35.535 信息 [main] org.apache.catalina.startup.Catalina.load Initialization processed in 757 ms
05-Feb-2018 14:11:35.575 信息 [main] org.apache.catalina.core.StandardService.startInternal Starting service Catalina
05-Feb-2018 14:11:35.577 信息 [main] org.apache.catalina.core.StandardEngine.startInternal Starting Servlet Engine: Apache Tomcat/8.5.14
05-Feb-2018 14:11:35.589 信息 [localhost-startStop-1] org.apache.catalina.startup.HostConfig.deployDirectory Deploying web application directory C:\Users\Admin\Desktop\program\studio-projects\InspectionRecord\deploy\tomcat\webapps\InspectionRecordApp
05-Feb-2018 14:11:45.850 信息 [localhost-startStop-1] org.apache.catalina.startup.HostConfig.deployDirectory Deployment of web application directory C:\Users\Admin\Desktop\program\studio-projects\InspectionRecord\deploy\tomcat\webapps\InspectionRecordApp has finished in 10,260 ms
05-Feb-2018 14:11:45.859 信息 [localhost-startStop-1] org.apache.catalina.startup.HostConfig.deployDirectory Deploying web application directory C:\Users\Admin\Desktop\program\studio-projects\InspectionRecord\deploy\tomcat\webapps\InspectionRecordApp-core
05-Feb-2018 14:11:57.682 信息 [localhost-startStop-1] org.apache.catalina.startup.HostConfig.deployDirectory Deployment of web application directory C:\Users\Admin\Desktop\program\studio-projects\InspectionRecord\deploy\tomcat\webapps\InspectionRecordApp-core has finished in 11,823 ms
05-Feb-2018 14:11:57.686 信息 [main] org.apache.coyote.AbstractProtocol.start Starting ProtocolHandler ["http-nio-8080"]
05-Feb-2018 14:11:57.696 信息 [main] org.apache.coyote.AbstractProtocol.start Starting ProtocolHandler ["ajp-nio-8009"]
05-Feb-2018 14:11:57.700 信息 [main] org.apache.catalina.startup.Catalina.start Server startup in 22157 ms
05-Feb-2018 14:11:57.830 警告 [http-nio-8080-exec-9] com.vaadin.server.DefaultDeploymentConfiguration.checkProductionMode 
=================================================================
Vaadin is running in DEBUG MODE.
Add productionMode=true to web.xml to disable debug features.
To show debug window, add ?debug to your application URL.
=================================================================
05-Feb-2018 14:13:04.312 信息 [Thread-19] org.apache.coyote.AbstractProtocol.pause Pausing ProtocolHandler ["http-nio-8080"]
05-Feb-2018 14:13:17.562 信息 [main] org.apache.catalina.startup.VersionLoggerListener.log Server version:        Apache Tomcat/8.5.14
05-Feb-2018 14:13:17.578 信息 [main] org.apache.catalina.startup.VersionLoggerListener.log Server built:          Apr 13 2017 12:55:45 UTC
05-Feb-2018 14:13:17.579 信息 [main] org.apache.catalina.startup.VersionLoggerListener.log Server number:         8.5.14.0
05-Feb-2018 14:13:17.580 信息 [main] org.apache.catalina.startup.VersionLoggerListener.log OS Name:               Windows 10
05-Feb-2018 14:13:17.581 信息 [main] org.apache.catalina.startup.VersionLoggerListener.log OS Version:            10.0
05-Feb-2018 14:13:17.582 信息 [main] org.apache.catalina.startup.VersionLoggerListener.log Architecture:          amd64
05-Feb-2018 14:13:17.582 信息 [main] org.apache.catalina.startup.VersionLoggerListener.log Java Home:             C:\Program Files\Java\jdk1.8.0_131\jre
05-Feb-2018 14:13:17.583 信息 [main] org.apache.catalina.startup.VersionLoggerListener.log JVM Version:           1.8.0_131-b11
05-Feb-2018 14:13:17.586 信息 [main] org.apache.catalina.startup.VersionLoggerListener.log JVM Vendor:            Oracle Corporation
05-Feb-2018 14:13:17.586 信息 [main] org.apache.catalina.startup.VersionLoggerListener.log CATALINA_BASE:         C:\Users\Admin\Desktop\program\studio-projects\InspectionRecord\deploy\tomcat
05-Feb-2018 14:13:17.588 信息 [main] org.apache.catalina.startup.VersionLoggerListener.log CATALINA_HOME:         C:\Users\Admin\Desktop\program\studio-projects\InspectionRecord\deploy\tomcat
05-Feb-2018 14:13:17.589 信息 [main] org.apache.catalina.startup.VersionLoggerListener.log Command line argument: -Djava.util.logging.config.file=C:\Users\Admin\Desktop\program\studio-projects\InspectionRecord\deploy\tomcat\conf\logging.properties
05-Feb-2018 14:13:17.589 信息 [main] org.apache.catalina.startup.VersionLoggerListener.log Command line argument: -Djava.util.logging.manager=org.apache.juli.ClassLoaderLogManager
05-Feb-2018 14:13:17.590 信息 [main] org.apache.catalina.startup.VersionLoggerListener.log Command line argument: -Djdk.tls.ephemeralDHKeySize=2048
05-Feb-2018 14:13:17.591 信息 [main] org.apache.catalina.startup.VersionLoggerListener.log Command line argument: -Djava.protocol.handler.pkgs=org.apache.catalina.webresources
05-Feb-2018 14:13:17.591 信息 [main] org.apache.catalina.startup.VersionLoggerListener.log Command line argument: -Xrunjdwp:transport=dt_socket,address=8787,server=y,suspend=n
05-Feb-2018 14:13:17.592 信息 [main] org.apache.catalina.startup.VersionLoggerListener.log Command line argument: -Xmx512m
05-Feb-2018 14:13:17.593 信息 [main] org.apache.catalina.startup.VersionLoggerListener.log Command line argument: -Dfile.encoding=UTF-8
05-Feb-2018 14:13:17.593 信息 [main] org.apache.catalina.startup.VersionLoggerListener.log Command line argument: -Dlogback.configurationFile=../conf/logback.xml
05-Feb-2018 14:13:17.594 信息 [main] org.apache.catalina.startup.VersionLoggerListener.log Command line argument: -Dcom.sun.management.jmxremote
05-Feb-2018 14:13:17.596 信息 [main] org.apache.catalina.startup.VersionLoggerListener.log Command line argument: -Dcatalina.base=C:\Users\Admin\Desktop\program\studio-projects\InspectionRecord\deploy\tomcat
05-Feb-2018 14:13:17.599 信息 [main] org.apache.catalina.startup.VersionLoggerListener.log Command line argument: -Dcatalina.home=C:\Users\Admin\Desktop\program\studio-projects\InspectionRecord\deploy\tomcat
05-Feb-2018 14:13:17.600 信息 [main] org.apache.catalina.startup.VersionLoggerListener.log Command line argument: -Djava.io.tmpdir=C:\Users\Admin\Desktop\program\studio-projects\InspectionRecord\deploy\tomcat\temp
05-Feb-2018 14:13:17.601 信息 [main] org.apache.catalina.core.AprLifecycleListener.lifecycleEvent The APR based Apache Tomcat Native library which allows optimal performance in production environments was not found on the java.library.path: C:\Program Files\Java\jdk1.8.0_131\bin;C:\WINDOWS\Sun\Java\bin;C:\WINDOWS\system32;C:\WINDOWS;C:\Program Files\Java\jdk1.8.0_131\bin;C:\Program Files\Java\jdk1.8.0_131\jre\bin;C:\Program Files\Java\gradle-4.4.1-all\gradle-4.4.1/bin;C:\Program Files\Java\apache-maven-3.5.2\bin;C:\ProgramData\Oracle\Java\javapath;C:\Program Files (x86)\Intel\iCLS Client\;C:\Program Files\Intel\iCLS Client\;C:\WINDOWS\system32;C:\WINDOWS;C:\WINDOWS\System32\Wbem;C:\WINDOWS\System32\WindowsPowerShell\v1.0\;C:\Program Files (x86)\Intel\Intel(R) Management Engine Components\DAL;C:\Program Files\Intel\Intel(R) Management Engine Components\DAL;C:\Program Files (x86)\Intel\Intel(R) Management Engine Components\IPT;C:\Program Files\Intel\Intel(R) Management Engine Components\IPT;C:\Program Files\TortoiseSVN\bin;C:\Program Files (x86)\Microsoft SQL Server\100\Tools\Binn\;C:\Program Files\Microsoft SQL Server\100\Tools\Binn\;C:\Program Files\Microsoft SQL Server\100\DTS\Binn\;C:\Program Files (x86)\Microsoft SQL Server\100\Tools\Binn\VSShell\Common7\IDE\;C:\Program Files (x86)\Microsoft SQL Server\100\DTS\Binn\;C:\Users\Admin\AppData\Local\Microsoft\WindowsApps;C:\Users\Admin\AppData\Local\GitHubDesktop\bin;.
05-Feb-2018 14:13:17.770 信息 [main] org.apache.coyote.AbstractProtocol.init Initializing ProtocolHandler ["http-nio-8080"]
05-Feb-2018 14:13:17.800 信息 [main] org.apache.tomcat.util.net.NioSelectorPool.getSharedSelector Using a shared selector for servlet write/read
05-Feb-2018 14:13:17.805 信息 [main] org.apache.coyote.AbstractProtocol.init Initializing ProtocolHandler ["ajp-nio-8009"]
05-Feb-2018 14:13:17.811 信息 [main] org.apache.tomcat.util.net.NioSelectorPool.getSharedSelector Using a shared selector for servlet write/read
05-Feb-2018 14:13:17.814 信息 [main] org.apache.catalina.startup.Catalina.load Initialization processed in 663 ms
05-Feb-2018 14:13:17.866 信息 [main] org.apache.catalina.core.StandardService.startInternal Starting service Catalina
05-Feb-2018 14:13:17.872 信息 [main] org.apache.catalina.core.StandardEngine.startInternal Starting Servlet Engine: Apache Tomcat/8.5.14
05-Feb-2018 14:13:17.887 信息 [localhost-startStop-1] org.apache.catalina.startup.HostConfig.deployDirectory Deploying web application directory C:\Users\Admin\Desktop\program\studio-projects\InspectionRecord\deploy\tomcat\webapps\InspectionRecordApp
05-Feb-2018 14:13:27.905 信息 [localhost-startStop-1] org.apache.catalina.startup.HostConfig.deployDirectory Deployment of web application directory C:\Users\Admin\Desktop\program\studio-projects\InspectionRecord\deploy\tomcat\webapps\InspectionRecordApp has finished in 10,017 ms
05-Feb-2018 14:13:27.907 信息 [localhost-startStop-1] org.apache.catalina.startup.HostConfig.deployDirectory Deploying web application directory C:\Users\Admin\Desktop\program\studio-projects\InspectionRecord\deploy\tomcat\webapps\InspectionRecordApp-core
05-Feb-2018 14:13:39.178 信息 [localhost-startStop-1] org.apache.catalina.startup.HostConfig.deployDirectory Deployment of web application directory C:\Users\Admin\Desktop\program\studio-projects\InspectionRecord\deploy\tomcat\webapps\InspectionRecordApp-core has finished in 11,271 ms
05-Feb-2018 14:13:39.185 信息 [main] org.apache.coyote.AbstractProtocol.start Starting ProtocolHandler ["http-nio-8080"]
05-Feb-2018 14:13:39.198 信息 [main] org.apache.coyote.AbstractProtocol.start Starting ProtocolHandler ["ajp-nio-8009"]
05-Feb-2018 14:13:39.211 信息 [main] org.apache.catalina.startup.Catalina.start Server startup in 21391 ms
05-Feb-2018 14:14:50.384 警告 [http-nio-8080-exec-5] com.vaadin.server.DefaultDeploymentConfiguration.checkProductionMode 
=================================================================
Vaadin is running in DEBUG MODE.
Add productionMode=true to web.xml to disable debug features.
To show debug window, add ?debug to your application URL.
=================================================================
05-Feb-2018 14:17:41.676 信息 [main] org.apache.catalina.startup.VersionLoggerListener.log Server version:        Apache Tomcat/8.5.14
05-Feb-2018 14:17:41.691 信息 [main] org.apache.catalina.startup.VersionLoggerListener.log Server built:          Apr 13 2017 12:55:45 UTC
05-Feb-2018 14:17:41.692 信息 [main] org.apache.catalina.startup.VersionLoggerListener.log Server number:         8.5.14.0
05-Feb-2018 14:17:41.693 信息 [main] org.apache.catalina.startup.VersionLoggerListener.log OS Name:               Windows 10
05-Feb-2018 14:17:41.695 信息 [main] org.apache.catalina.startup.VersionLoggerListener.log OS Version:            10.0
05-Feb-2018 14:17:41.696 信息 [main] org.apache.catalina.startup.VersionLoggerListener.log Architecture:          amd64
05-Feb-2018 14:17:41.698 信息 [main] org.apache.catalina.startup.VersionLoggerListener.log Java Home:             C:\Program Files\Java\jdk1.8.0_131\jre
05-Feb-2018 14:17:41.700 信息 [main] org.apache.catalina.startup.VersionLoggerListener.log JVM Version:           1.8.0_131-b11
05-Feb-2018 14:17:41.702 信息 [main] org.apache.catalina.startup.VersionLoggerListener.log JVM Vendor:            Oracle Corporation
05-Feb-2018 14:17:41.703 信息 [main] org.apache.catalina.startup.VersionLoggerListener.log CATALINA_BASE:         C:\Users\Admin\Desktop\program\studio-projects\InspectionRecord\deploy\tomcat
05-Feb-2018 14:17:41.703 信息 [main] org.apache.catalina.startup.VersionLoggerListener.log CATALINA_HOME:         C:\Users\Admin\Desktop\program\studio-projects\InspectionRecord\deploy\tomcat
05-Feb-2018 14:17:41.704 信息 [main] org.apache.catalina.startup.VersionLoggerListener.log Command line argument: -Djava.util.logging.config.file=C:\Users\Admin\Desktop\program\studio-projects\InspectionRecord\deploy\tomcat\conf\logging.properties
05-Feb-2018 14:17:41.705 信息 [main] org.apache.catalina.startup.VersionLoggerListener.log Command line argument: -Djava.util.logging.manager=org.apache.juli.ClassLoaderLogManager
05-Feb-2018 14:17:41.705 信息 [main] org.apache.catalina.startup.VersionLoggerListener.log Command line argument: -Djdk.tls.ephemeralDHKeySize=2048
05-Feb-2018 14:17:41.707 信息 [main] org.apache.catalina.startup.VersionLoggerListener.log Command line argument: -Djava.protocol.handler.pkgs=org.apache.catalina.webresources
05-Feb-2018 14:17:41.709 信息 [main] org.apache.catalina.startup.VersionLoggerListener.log Command line argument: -Xrunjdwp:transport=dt_socket,address=8787,server=y,suspend=n
05-Feb-2018 14:17:41.711 信息 [main] org.apache.catalina.startup.VersionLoggerListener.log Command line argument: -Xmx512m
05-Feb-2018 14:17:41.713 信息 [main] org.apache.catalina.startup.VersionLoggerListener.log Command line argument: -Dfile.encoding=UTF-8
05-Feb-2018 14:17:41.714 信息 [main] org.apache.catalina.startup.VersionLoggerListener.log Command line argument: -Dlogback.configurationFile=../conf/logback.xml
05-Feb-2018 14:17:41.719 信息 [main] org.apache.catalina.startup.VersionLoggerListener.log Command line argument: -Dcom.sun.management.jmxremote
05-Feb-2018 14:17:41.720 信息 [main] org.apache.catalina.startup.VersionLoggerListener.log Command line argument: -Dcatalina.base=C:\Users\Admin\Desktop\program\studio-projects\InspectionRecord\deploy\tomcat
05-Feb-2018 14:17:41.721 信息 [main] org.apache.catalina.startup.VersionLoggerListener.log Command line argument: -Dcatalina.home=C:\Users\Admin\Desktop\program\studio-projects\InspectionRecord\deploy\tomcat
05-Feb-2018 14:17:41.722 信息 [main] org.apache.catalina.startup.VersionLoggerListener.log Command line argument: -Djava.io.tmpdir=C:\Users\Admin\Desktop\program\studio-projects\InspectionRecord\deploy\tomcat\temp
05-Feb-2018 14:17:41.722 信息 [main] org.apache.catalina.core.AprLifecycleListener.lifecycleEvent The APR based Apache Tomcat Native library which allows optimal performance in production environments was not found on the java.library.path: C:\Program Files\Java\jdk1.8.0_131\bin;C:\WINDOWS\Sun\Java\bin;C:\WINDOWS\system32;C:\WINDOWS;C:\Program Files\Java\jdk1.8.0_131\bin;C:\Program Files\Java\jdk1.8.0_131\jre\bin;C:\Program Files\Java\gradle-4.4.1-all\gradle-4.4.1/bin;C:\Program Files\Java\apache-maven-3.5.2\bin;C:\ProgramData\Oracle\Java\javapath;C:\Program Files (x86)\Intel\iCLS Client\;C:\Program Files\Intel\iCLS Client\;C:\WINDOWS\system32;C:\WINDOWS;C:\WINDOWS\System32\Wbem;C:\WINDOWS\System32\WindowsPowerShell\v1.0\;C:\Program Files (x86)\Intel\Intel(R) Management Engine Components\DAL;C:\Program Files\Intel\Intel(R) Management Engine Components\DAL;C:\Program Files (x86)\Intel\Intel(R) Management Engine Components\IPT;C:\Program Files\Intel\Intel(R) Management Engine Components\IPT;C:\Program Files\TortoiseSVN\bin;C:\Program Files (x86)\Microsoft SQL Server\100\Tools\Binn\;C:\Program Files\Microsoft SQL Server\100\Tools\Binn\;C:\Program Files\Microsoft SQL Server\100\DTS\Binn\;C:\Program Files (x86)\Microsoft SQL Server\100\Tools\Binn\VSShell\Common7\IDE\;C:\Program Files (x86)\Microsoft SQL Server\100\DTS\Binn\;C:\Users\Admin\AppData\Local\Microsoft\WindowsApps;C:\Users\Admin\AppData\Local\GitHubDesktop\bin;.
05-Feb-2018 14:17:41.892 信息 [main] org.apache.coyote.AbstractProtocol.init Initializing ProtocolHandler ["http-nio-8080"]
05-Feb-2018 14:17:41.912 信息 [main] org.apache.tomcat.util.net.NioSelectorPool.getSharedSelector Using a shared selector for servlet write/read
05-Feb-2018 14:17:41.925 信息 [main] org.apache.coyote.AbstractProtocol.init Initializing ProtocolHandler ["ajp-nio-8009"]
05-Feb-2018 14:17:41.958 信息 [main] org.apache.tomcat.util.net.NioSelectorPool.getSharedSelector Using a shared selector for servlet write/read
05-Feb-2018 14:17:41.974 信息 [main] org.apache.catalina.startup.Catalina.load Initialization processed in 688 ms
05-Feb-2018 14:17:42.018 信息 [main] org.apache.catalina.core.StandardService.startInternal Starting service Catalina
05-Feb-2018 14:17:42.021 信息 [main] org.apache.catalina.core.StandardEngine.startInternal Starting Servlet Engine: Apache Tomcat/8.5.14
05-Feb-2018 14:17:42.032 信息 [localhost-startStop-1] org.apache.catalina.startup.HostConfig.deployDirectory Deploying web application directory C:\Users\Admin\Desktop\program\studio-projects\InspectionRecord\deploy\tomcat\webapps\InspectionRecordApp
05-Feb-2018 14:17:52.001 信息 [localhost-startStop-1] org.apache.catalina.startup.HostConfig.deployDirectory Deployment of web application directory C:\Users\Admin\Desktop\program\studio-projects\InspectionRecord\deploy\tomcat\webapps\InspectionRecordApp has finished in 9,968 ms
05-Feb-2018 14:17:52.002 信息 [localhost-startStop-1] org.apache.catalina.startup.HostConfig.deployDirectory Deploying web application directory C:\Users\Admin\Desktop\program\studio-projects\InspectionRecord\deploy\tomcat\webapps\InspectionRecordApp-core
05-Feb-2018 14:18:01.950 严重 [localhost-startStop-1] org.apache.catalina.core.StandardContext.startInternal One or more listeners failed to start. Full details will be found in the appropriate container log file
05-Feb-2018 14:18:01.951 严重 [localhost-startStop-1] org.apache.catalina.core.StandardContext.startInternal Context [/InspectionRecordApp-core] startup failed due to previous errors
05-Feb-2018 14:18:01.970 信息 [localhost-startStop-1] org.apache.catalina.startup.HostConfig.deployDirectory Deployment of web application directory C:\Users\Admin\Desktop\program\studio-projects\InspectionRecord\deploy\tomcat\webapps\InspectionRecordApp-core has finished in 9,968 ms
05-Feb-2018 14:18:01.977 信息 [main] org.apache.coyote.AbstractProtocol.start Starting ProtocolHandler ["http-nio-8080"]
05-Feb-2018 14:18:01.991 信息 [main] org.apache.coyote.AbstractProtocol.start Starting ProtocolHandler ["ajp-nio-8009"]
05-Feb-2018 14:18:01.994 信息 [main] org.apache.catalina.startup.Catalina.start Server startup in 20012 ms
05-Feb-2018 14:18:31.099 信息 [main] org.apache.catalina.startup.VersionLoggerListener.log Server version:        Apache Tomcat/8.5.14
05-Feb-2018 14:18:31.108 信息 [main] org.apache.catalina.startup.VersionLoggerListener.log Server built:          Apr 13 2017 12:55:45 UTC
05-Feb-2018 14:18:31.109 信息 [main] org.apache.catalina.startup.VersionLoggerListener.log Server number:         8.5.14.0
05-Feb-2018 14:18:31.109 信息 [main] org.apache.catalina.startup.VersionLoggerListener.log OS Name:               Windows 10
05-Feb-2018 14:18:31.110 信息 [main] org.apache.catalina.startup.VersionLoggerListener.log OS Version:            10.0
05-Feb-2018 14:18:31.111 信息 [main] org.apache.catalina.startup.VersionLoggerListener.log Architecture:          amd64
05-Feb-2018 14:18:31.111 信息 [main] org.apache.catalina.startup.VersionLoggerListener.log Java Home:             C:\Program Files\Java\jdk1.8.0_131\jre
05-Feb-2018 14:18:31.112 信息 [main] org.apache.catalina.startup.VersionLoggerListener.log JVM Version:           1.8.0_131-b11
05-Feb-2018 14:18:31.114 信息 [main] org.apache.catalina.startup.VersionLoggerListener.log JVM Vendor:            Oracle Corporation
05-Feb-2018 14:18:31.115 信息 [main] org.apache.catalina.startup.VersionLoggerListener.log CATALINA_BASE:         C:\Users\Admin\Desktop\program\studio-projects\InspectionRecord\deploy\tomcat
05-Feb-2018 14:18:31.115 信息 [main] org.apache.catalina.startup.VersionLoggerListener.log CATALINA_HOME:         C:\Users\Admin\Desktop\program\studio-projects\InspectionRecord\deploy\tomcat
05-Feb-2018 14:18:31.116 信息 [main] org.apache.catalina.startup.VersionLoggerListener.log Command line argument: -Djava.util.logging.config.file=C:\Users\Admin\Desktop\program\studio-projects\InspectionRecord\deploy\tomcat\conf\logging.properties
05-Feb-2018 14:18:31.117 信息 [main] org.apache.catalina.startup.VersionLoggerListener.log Command line argument: -Djava.util.logging.manager=org.apache.juli.ClassLoaderLogManager
05-Feb-2018 14:18:31.118 信息 [main] org.apache.catalina.startup.VersionLoggerListener.log Command line argument: -Djdk.tls.ephemeralDHKeySize=2048
05-Feb-2018 14:18:31.119 信息 [main] org.apache.catalina.startup.VersionLoggerListener.log Command line argument: -Djava.protocol.handler.pkgs=org.apache.catalina.webresources
05-Feb-2018 14:18:31.119 信息 [main] org.apache.catalina.startup.VersionLoggerListener.log Command line argument: -Xrunjdwp:transport=dt_socket,address=8787,server=y,suspend=n
05-Feb-2018 14:18:31.120 信息 [main] org.apache.catalina.startup.VersionLoggerListener.log Command line argument: -Xmx512m
05-Feb-2018 14:18:31.121 信息 [main] org.apache.catalina.startup.VersionLoggerListener.log Command line argument: -Dfile.encoding=UTF-8
05-Feb-2018 14:18:31.121 信息 [main] org.apache.catalina.startup.VersionLoggerListener.log Command line argument: -Dlogback.configurationFile=../conf/logback.xml
05-Feb-2018 14:18:31.122 信息 [main] org.apache.catalina.startup.VersionLoggerListener.log Command line argument: -Dcom.sun.management.jmxremote
05-Feb-2018 14:18:31.123 信息 [main] org.apache.catalina.startup.VersionLoggerListener.log Command line argument: -Dcatalina.base=C:\Users\Admin\Desktop\program\studio-projects\InspectionRecord\deploy\tomcat
05-Feb-2018 14:18:31.123 信息 [main] org.apache.catalina.startup.VersionLoggerListener.log Command line argument: -Dcatalina.home=C:\Users\Admin\Desktop\program\studio-projects\InspectionRecord\deploy\tomcat
05-Feb-2018 14:18:31.124 信息 [main] org.apache.catalina.startup.VersionLoggerListener.log Command line argument: -Djava.io.tmpdir=C:\Users\Admin\Desktop\program\studio-projects\InspectionRecord\deploy\tomcat\temp
05-Feb-2018 14:18:31.125 信息 [main] org.apache.catalina.core.AprLifecycleListener.lifecycleEvent The APR based Apache Tomcat Native library which allows optimal performance in production environments was not found on the java.library.path: C:\Program Files\Java\jdk1.8.0_131\bin;C:\WINDOWS\Sun\Java\bin;C:\WINDOWS\system32;C:\WINDOWS;C:\Program Files\Java\jdk1.8.0_131\bin;C:\Program Files\Java\jdk1.8.0_131\jre\bin;C:\Program Files\Java\gradle-4.4.1-all\gradle-4.4.1/bin;C:\Program Files\Java\apache-maven-3.5.2\bin;C:\ProgramData\Oracle\Java\javapath;C:\Program Files (x86)\Intel\iCLS Client\;C:\Program Files\Intel\iCLS Client\;C:\WINDOWS\system32;C:\WINDOWS;C:\WINDOWS\System32\Wbem;C:\WINDOWS\System32\WindowsPowerShell\v1.0\;C:\Program Files (x86)\Intel\Intel(R) Management Engine Components\DAL;C:\Program Files\Intel\Intel(R) Management Engine Components\DAL;C:\Program Files (x86)\Intel\Intel(R) Management Engine Components\IPT;C:\Program Files\Intel\Intel(R) Management Engine Components\IPT;C:\Program Files\TortoiseSVN\bin;C:\Program Files (x86)\Microsoft SQL Server\100\Tools\Binn\;C:\Program Files\Microsoft SQL Server\100\Tools\Binn\;C:\Program Files\Microsoft SQL Server\100\DTS\Binn\;C:\Program Files (x86)\Microsoft SQL Server\100\Tools\Binn\VSShell\Common7\IDE\;C:\Program Files (x86)\Microsoft SQL Server\100\DTS\Binn\;C:\Users\Admin\AppData\Local\Microsoft\WindowsApps;C:\Users\Admin\AppData\Local\GitHubDesktop\bin;.
05-Feb-2018 14:18:31.274 信息 [main] org.apache.coyote.AbstractProtocol.init Initializing ProtocolHandler ["http-nio-8080"]
05-Feb-2018 14:18:31.293 信息 [main] org.apache.tomcat.util.net.NioSelectorPool.getSharedSelector Using a shared selector for servlet write/read
05-Feb-2018 14:18:31.297 信息 [main] org.apache.coyote.AbstractProtocol.init Initializing ProtocolHandler ["ajp-nio-8009"]
05-Feb-2018 14:18:31.302 信息 [main] org.apache.tomcat.util.net.NioSelectorPool.getSharedSelector Using a shared selector for servlet write/read
05-Feb-2018 14:18:31.304 信息 [main] org.apache.catalina.startup.Catalina.load Initialization processed in 554 ms
05-Feb-2018 14:18:31.342 信息 [main] org.apache.catalina.core.StandardService.startInternal Starting service Catalina
05-Feb-2018 14:18:31.349 信息 [main] org.apache.catalina.core.StandardEngine.startInternal Starting Servlet Engine: Apache Tomcat/8.5.14
05-Feb-2018 14:18:31.367 信息 [localhost-startStop-1] org.apache.catalina.startup.HostConfig.deployDirectory Deploying web application directory C:\Users\Admin\Desktop\program\studio-projects\InspectionRecord\deploy\tomcat\webapps\InspectionRecordApp
05-Feb-2018 14:18:41.133 信息 [localhost-startStop-1] org.apache.catalina.startup.HostConfig.deployDirectory Deployment of web application directory C:\Users\Admin\Desktop\program\studio-projects\InspectionRecord\deploy\tomcat\webapps\InspectionRecordApp has finished in 9,765 ms
05-Feb-2018 14:18:41.134 信息 [localhost-startStop-1] org.apache.catalina.startup.HostConfig.deployDirectory Deploying web application directory C:\Users\Admin\Desktop\program\studio-projects\InspectionRecord\deploy\tomcat\webapps\InspectionRecordApp-core
05-Feb-2018 14:18:52.019 信息 [localhost-startStop-1] org.apache.catalina.startup.HostConfig.deployDirectory Deployment of web application directory C:\Users\Admin\Desktop\program\studio-projects\InspectionRecord\deploy\tomcat\webapps\InspectionRecordApp-core has finished in 10,886 ms
05-Feb-2018 14:18:52.027 信息 [main] org.apache.coyote.AbstractProtocol.start Starting ProtocolHandler ["http-nio-8080"]
05-Feb-2018 14:18:52.041 信息 [main] org.apache.coyote.AbstractProtocol.start Starting ProtocolHandler ["ajp-nio-8009"]
05-Feb-2018 14:18:52.056 信息 [main] org.apache.catalina.startup.Catalina.start Server startup in 20751 ms
05-Feb-2018 14:25:39.391 信息 [main] org.apache.catalina.core.StandardServer.await A valid shutdown command was received via the shutdown port. Stopping the Server instance.
05-Feb-2018 14:25:39.397 信息 [main] org.apache.coyote.AbstractProtocol.pause Pausing ProtocolHandler ["http-nio-8080"]
05-Feb-2018 14:25:39.493 信息 [main] org.apache.coyote.AbstractProtocol.pause Pausing ProtocolHandler ["ajp-nio-8009"]
05-Feb-2018 14:25:39.574 信息 [main] org.apache.catalina.core.StandardService.stopInternal Stopping service Catalina
05-Feb-2018 14:25:39.632 严重 [localhost-startStop-2] org.apache.catalina.loader.WebappClassLoaderBase.checkThreadLocalMapForLeaks The web application [InspectionRecordApp] created a ThreadLocal with key of type [java.lang.ThreadLocal] (value [java.lang.ThreadLocal@5fbde169]) and a value of type [com.haulmont.cuba.core.sys.UserInvocationContext.RequestScopeUserInfo] (value [com.haulmont.cuba.core.sys.UserInvocationContext$RequestScopeUserInfo@3629bb7d]) but failed to remove it when the web application was stopped. Threads are going to be renewed over time to try and avoid a probable memory leak.
05-Feb-2018 14:25:39.633 严重 [localhost-startStop-2] org.apache.catalina.loader.WebappClassLoaderBase.checkThreadLocalMapForLeaks The web application [InspectionRecordApp] created a ThreadLocal with key of type [java.lang.ThreadLocal] (value [java.lang.ThreadLocal@5fbde169]) and a value of type [com.haulmont.cuba.core.sys.UserInvocationContext.RequestScopeUserInfo] (value [com.haulmont.cuba.core.sys.UserInvocationContext$RequestScopeUserInfo@2dd819e9]) but failed to remove it when the web application was stopped. Threads are going to be renewed over time to try and avoid a probable memory leak.
05-Feb-2018 14:25:39.634 严重 [localhost-startStop-2] org.apache.catalina.loader.WebappClassLoaderBase.checkThreadLocalMapForLeaks The web application [InspectionRecordApp] created a ThreadLocal with key of type [java.lang.ThreadLocal] (value [java.lang.ThreadLocal@5fbde169]) and a value of type [com.haulmont.cuba.core.sys.UserInvocationContext.RequestScopeUserInfo] (value [com.haulmont.cuba.core.sys.UserInvocationContext$RequestScopeUserInfo@74d80020]) but failed to remove it when the web application was stopped. Threads are going to be renewed over time to try and avoid a probable memory leak.
05-Feb-2018 14:25:39.635 严重 [localhost-startStop-2] org.apache.catalina.loader.WebappClassLoaderBase.checkThreadLocalMapForLeaks The web application [InspectionRecordApp] created a ThreadLocal with key of type [java.lang.ThreadLocal] (value [java.lang.ThreadLocal@5fbde169]) and a value of type [com.haulmont.cuba.core.sys.UserInvocationContext.RequestScopeUserInfo] (value [com.haulmont.cuba.core.sys.UserInvocationContext$RequestScopeUserInfo@445e117b]) but failed to remove it when the web application was stopped. Threads are going to be renewed over time to try and avoid a probable memory leak.
05-Feb-2018 14:25:39.636 严重 [localhost-startStop-2] org.apache.catalina.loader.WebappClassLoaderBase.checkThreadLocalMapForLeaks The web application [InspectionRecordApp] created a ThreadLocal with key of type [java.lang.ThreadLocal] (value [java.lang.ThreadLocal@5fbde169]) and a value of type [com.haulmont.cuba.core.sys.UserInvocationContext.RequestScopeUserInfo] (value [com.haulmont.cuba.core.sys.UserInvocationContext$RequestScopeUserInfo@3fd7b8de]) but failed to remove it when the web application was stopped. Threads are going to be renewed over time to try and avoid a probable memory leak.
05-Feb-2018 14:25:39.636 严重 [localhost-startStop-2] org.apache.catalina.loader.WebappClassLoaderBase.checkThreadLocalMapForLeaks The web application [InspectionRecordApp] created a ThreadLocal with key of type [java.lang.ThreadLocal] (value [java.lang.ThreadLocal@5fbde169]) and a value of type [com.haulmont.cuba.core.sys.UserInvocationContext.RequestScopeUserInfo] (value [com.haulmont.cuba.core.sys.UserInvocationContext$RequestScopeUserInfo@52adf99c]) but failed to remove it when the web application was stopped. Threads are going to be renewed over time to try and avoid a probable memory leak.
05-Feb-2018 14:25:39.638 信息 [main] org.apache.coyote.AbstractProtocol.stop Stopping ProtocolHandler ["http-nio-8080"]
05-Feb-2018 14:25:39.642 信息 [main] org.apache.coyote.AbstractProtocol.stop Stopping ProtocolHandler ["ajp-nio-8009"]
05-Feb-2018 14:25:39.645 信息 [main] org.apache.coyote.AbstractProtocol.destroy Destroying ProtocolHandler ["http-nio-8080"]
05-Feb-2018 14:25:39.647 信息 [main] org.apache.coyote.AbstractProtocol.destroy Destroying ProtocolHandler ["ajp-nio-8009"]
05-Feb-2018 14:25:50.968 信息 [main] org.apache.catalina.startup.VersionLoggerListener.log Server version:        Apache Tomcat/8.5.14
05-Feb-2018 14:25:50.978 信息 [main] org.apache.catalina.startup.VersionLoggerListener.log Server built:          Apr 13 2017 12:55:45 UTC
05-Feb-2018 14:25:50.979 信息 [main] org.apache.catalina.startup.VersionLoggerListener.log Server number:         8.5.14.0
05-Feb-2018 14:25:50.979 信息 [main] org.apache.catalina.startup.VersionLoggerListener.log OS Name:               Windows 10
05-Feb-2018 14:25:50.980 信息 [main] org.apache.catalina.startup.VersionLoggerListener.log OS Version:            10.0
05-Feb-2018 14:25:50.981 信息 [main] org.apache.catalina.startup.VersionLoggerListener.log Architecture:          amd64
05-Feb-2018 14:25:50.981 信息 [main] org.apache.catalina.startup.VersionLoggerListener.log Java Home:             C:\Program Files\Java\jdk1.8.0_131\jre
05-Feb-2018 14:25:50.982 信息 [main] org.apache.catalina.startup.VersionLoggerListener.log JVM Version:           1.8.0_131-b11
05-Feb-2018 14:25:50.984 信息 [main] org.apache.catalina.startup.VersionLoggerListener.log JVM Vendor:            Oracle Corporation
05-Feb-2018 14:25:50.985 信息 [main] org.apache.catalina.startup.VersionLoggerListener.log CATALINA_BASE:         C:\Users\Admin\Desktop\program\studio-projects\InspectionRecord\deploy\tomcat
05-Feb-2018 14:25:50.985 信息 [main] org.apache.catalina.startup.VersionLoggerListener.log CATALINA_HOME:         C:\Users\Admin\Desktop\program\studio-projects\InspectionRecord\deploy\tomcat
05-Feb-2018 14:25:50.986 信息 [main] org.apache.catalina.startup.VersionLoggerListener.log Command line argument: -Djava.util.logging.config.file=C:\Users\Admin\Desktop\program\studio-projects\InspectionRecord\deploy\tomcat\conf\logging.properties
05-Feb-2018 14:25:50.988 信息 [main] org.apache.catalina.startup.VersionLoggerListener.log Command line argument: -Djava.util.logging.manager=org.apache.juli.ClassLoaderLogManager
05-Feb-2018 14:25:50.988 信息 [main] org.apache.catalina.startup.VersionLoggerListener.log Command line argument: -Djdk.tls.ephemeralDHKeySize=2048
05-Feb-2018 14:25:50.989 信息 [main] org.apache.catalina.startup.VersionLoggerListener.log Command line argument: -Djava.protocol.handler.pkgs=org.apache.catalina.webresources
05-Feb-2018 14:25:50.990 信息 [main] org.apache.catalina.startup.VersionLoggerListener.log Command line argument: -Xrunjdwp:transport=dt_socket,address=8787,server=y,suspend=n
05-Feb-2018 14:25:50.990 信息 [main] org.apache.catalina.startup.VersionLoggerListener.log Command line argument: -Xmx512m
05-Feb-2018 14:25:50.991 信息 [main] org.apache.catalina.startup.VersionLoggerListener.log Command line argument: -Dfile.encoding=UTF-8
05-Feb-2018 14:25:50.992 信息 [main] org.apache.catalina.startup.VersionLoggerListener.log Command line argument: -Dlogback.configurationFile=../conf/logback.xml
05-Feb-2018 14:25:50.993 信息 [main] org.apache.catalina.startup.VersionLoggerListener.log Command line argument: -Dcom.sun.management.jmxremote
05-Feb-2018 14:25:50.993 信息 [main] org.apache.catalina.startup.VersionLoggerListener.log Command line argument: -Dcatalina.base=C:\Users\Admin\Desktop\program\studio-projects\InspectionRecord\deploy\tomcat
05-Feb-2018 14:25:50.994 信息 [main] org.apache.catalina.startup.VersionLoggerListener.log Command line argument: -Dcatalina.home=C:\Users\Admin\Desktop\program\studio-projects\InspectionRecord\deploy\tomcat
05-Feb-2018 14:25:50.995 信息 [main] org.apache.catalina.startup.VersionLoggerListener.log Command line argument: -Djava.io.tmpdir=C:\Users\Admin\Desktop\program\studio-projects\InspectionRecord\deploy\tomcat\temp
05-Feb-2018 14:25:50.995 信息 [main] org.apache.catalina.core.AprLifecycleListener.lifecycleEvent The APR based Apache Tomcat Native library which allows optimal performance in production environments was not found on the java.library.path: C:\Program Files\Java\jdk1.8.0_131\bin;C:\WINDOWS\Sun\Java\bin;C:\WINDOWS\system32;C:\WINDOWS;C:\Program Files\Java\jdk1.8.0_131\bin;C:\Program Files\Java\jdk1.8.0_131\jre\bin;C:\Program Files\Java\gradle-4.4.1-all\gradle-4.4.1/bin;C:\Program Files\Java\apache-maven-3.5.2\bin;C:\ProgramData\Oracle\Java\javapath;C:\Program Files (x86)\Intel\iCLS Client\;C:\Program Files\Intel\iCLS Client\;C:\WINDOWS\system32;C:\WINDOWS;C:\WINDOWS\System32\Wbem;C:\WINDOWS\System32\WindowsPowerShell\v1.0\;C:\Program Files (x86)\Intel\Intel(R) Management Engine Components\DAL;C:\Program Files\Intel\Intel(R) Management Engine Components\DAL;C:\Program Files (x86)\Intel\Intel(R) Management Engine Components\IPT;C:\Program Files\Intel\Intel(R) Management Engine Components\IPT;C:\Program Files\TortoiseSVN\bin;C:\Program Files (x86)\Microsoft SQL Server\100\Tools\Binn\;C:\Program Files\Microsoft SQL Server\100\Tools\Binn\;C:\Program Files\Microsoft SQL Server\100\DTS\Binn\;C:\Program Files (x86)\Microsoft SQL Server\100\Tools\Binn\VSShell\Common7\IDE\;C:\Program Files (x86)\Microsoft SQL Server\100\DTS\Binn\;C:\Users\Admin\AppData\Local\Microsoft\WindowsApps;C:\Users\Admin\AppData\Local\GitHubDesktop\bin;.
05-Feb-2018 14:25:51.156 信息 [main] org.apache.coyote.AbstractProtocol.init Initializing ProtocolHandler ["http-nio-8080"]
05-Feb-2018 14:25:51.176 信息 [main] org.apache.tomcat.util.net.NioSelectorPool.getSharedSelector Using a shared selector for servlet write/read
05-Feb-2018 14:25:51.180 信息 [main] org.apache.coyote.AbstractProtocol.init Initializing ProtocolHandler ["ajp-nio-8009"]
05-Feb-2018 14:25:51.184 信息 [main] org.apache.tomcat.util.net.NioSelectorPool.getSharedSelector Using a shared selector for servlet write/read
05-Feb-2018 14:25:51.186 信息 [main] org.apache.catalina.startup.Catalina.load Initialization processed in 656 ms
05-Feb-2018 14:25:51.221 信息 [main] org.apache.catalina.core.StandardService.startInternal Starting service Catalina
05-Feb-2018 14:25:51.225 信息 [main] org.apache.catalina.core.StandardEngine.startInternal Starting Servlet Engine: Apache Tomcat/8.5.14
05-Feb-2018 14:25:51.238 信息 [localhost-startStop-1] org.apache.catalina.startup.HostConfig.deployDirectory Deploying web application directory C:\Users\Admin\Desktop\program\studio-projects\InspectionRecord\deploy\tomcat\webapps\InspectionRecordApp
05-Feb-2018 14:26:02.382 信息 [localhost-startStop-1] org.apache.catalina.startup.HostConfig.deployDirectory Deployment of web application directory C:\Users\Admin\Desktop\program\studio-projects\InspectionRecord\deploy\tomcat\webapps\InspectionRecordApp has finished in 11,143 ms
05-Feb-2018 14:26:02.383 信息 [localhost-startStop-1] org.apache.catalina.startup.HostConfig.deployDirectory Deploying web application directory C:\Users\Admin\Desktop\program\studio-projects\InspectionRecord\deploy\tomcat\webapps\InspectionRecordApp-core
05-Feb-2018 14:26:14.011 信息 [localhost-startStop-1] org.apache.catalina.startup.HostConfig.deployDirectory Deployment of web application directory C:\Users\Admin\Desktop\program\studio-projects\InspectionRecord\deploy\tomcat\webapps\InspectionRecordApp-core has finished in 11,627 ms
05-Feb-2018 14:26:14.015 信息 [main] org.apache.coyote.AbstractProtocol.start Starting ProtocolHandler ["http-nio-8080"]
05-Feb-2018 14:26:14.026 信息 [main] org.apache.coyote.AbstractProtocol.start Starting ProtocolHandler ["ajp-nio-8009"]
05-Feb-2018 14:26:14.038 信息 [main] org.apache.catalina.startup.Catalina.start Server startup in 22850 ms
05-Feb-2018 14:32:14.307 信息 [main] org.apache.catalina.startup.VersionLoggerListener.log Server version:        Apache Tomcat/8.5.14
05-Feb-2018 14:32:14.321 信息 [main] org.apache.catalina.startup.VersionLoggerListener.log Server built:          Apr 13 2017 12:55:45 UTC
05-Feb-2018 14:32:14.322 信息 [main] org.apache.catalina.startup.VersionLoggerListener.log Server number:         8.5.14.0
05-Feb-2018 14:32:14.323 信息 [main] org.apache.catalina.startup.VersionLoggerListener.log OS Name:               Windows 10
05-Feb-2018 14:32:14.325 信息 [main] org.apache.catalina.startup.VersionLoggerListener.log OS Version:            10.0
05-Feb-2018 14:32:14.326 信息 [main] org.apache.catalina.startup.VersionLoggerListener.log Architecture:          amd64
05-Feb-2018 14:32:14.328 信息 [main] org.apache.catalina.startup.VersionLoggerListener.log Java Home:             C:\Program Files\Java\jdk1.8.0_131\jre
05-Feb-2018 14:32:14.330 信息 [main] org.apache.catalina.startup.VersionLoggerListener.log JVM Version:           1.8.0_131-b11
05-Feb-2018 14:32:14.333 信息 [main] org.apache.catalina.startup.VersionLoggerListener.log JVM Vendor:            Oracle Corporation
05-Feb-2018 14:32:14.334 信息 [main] org.apache.catalina.startup.VersionLoggerListener.log CATALINA_BASE:         C:\Users\Admin\Desktop\program\studio-projects\InspectionRecord\deploy\tomcat
05-Feb-2018 14:32:14.335 信息 [main] org.apache.catalina.startup.VersionLoggerListener.log CATALINA_HOME:         C:\Users\Admin\Desktop\program\studio-projects\InspectionRecord\deploy\tomcat
05-Feb-2018 14:32:14.338 信息 [main] org.apache.catalina.startup.VersionLoggerListener.log Command line argument: -Djava.util.logging.config.file=C:\Users\Admin\Desktop\program\studio-projects\InspectionRecord\deploy\tomcat\conf\logging.properties
05-Feb-2018 14:32:14.342 信息 [main] org.apache.catalina.startup.VersionLoggerListener.log Command line argument: -Djava.util.logging.manager=org.apache.juli.ClassLoaderLogManager
05-Feb-2018 14:32:14.343 信息 [main] org.apache.catalina.startup.VersionLoggerListener.log Command line argument: -Djdk.tls.ephemeralDHKeySize=2048
05-Feb-2018 14:32:14.344 信息 [main] org.apache.catalina.startup.VersionLoggerListener.log Command line argument: -Djava.protocol.handler.pkgs=org.apache.catalina.webresources
05-Feb-2018 14:32:14.345 信息 [main] org.apache.catalina.startup.VersionLoggerListener.log Command line argument: -Xrunjdwp:transport=dt_socket,address=8787,server=y,suspend=n
05-Feb-2018 14:32:14.349 信息 [main] org.apache.catalina.startup.VersionLoggerListener.log Command line argument: -Xmx512m
05-Feb-2018 14:32:14.350 信息 [main] org.apache.catalina.startup.VersionLoggerListener.log Command line argument: -Dfile.encoding=UTF-8
05-Feb-2018 14:32:14.351 信息 [main] org.apache.catalina.startup.VersionLoggerListener.log Command line argument: -Dlogback.configurationFile=../conf/logback.xml
05-Feb-2018 14:32:14.353 信息 [main] org.apache.catalina.startup.VersionLoggerListener.log Command line argument: -Dcom.sun.management.jmxremote
05-Feb-2018 14:32:14.355 信息 [main] org.apache.catalina.startup.VersionLoggerListener.log Command line argument: -Dcatalina.base=C:\Users\Admin\Desktop\program\studio-projects\InspectionRecord\deploy\tomcat
05-Feb-2018 14:32:14.357 信息 [main] org.apache.catalina.startup.VersionLoggerListener.log Command line argument: -Dcatalina.home=C:\Users\Admin\Desktop\program\studio-projects\InspectionRecord\deploy\tomcat
05-Feb-2018 14:32:14.357 信息 [main] org.apache.catalina.startup.VersionLoggerListener.log Command line argument: -Djava.io.tmpdir=C:\Users\Admin\Desktop\program\studio-projects\InspectionRecord\deploy\tomcat\temp
05-Feb-2018 14:32:14.358 信息 [main] org.apache.catalina.core.AprLifecycleListener.lifecycleEvent The APR based Apache Tomcat Native library which allows optimal performance in production environments was not found on the java.library.path: C:\Program Files\Java\jdk1.8.0_131\bin;C:\WINDOWS\Sun\Java\bin;C:\WINDOWS\system32;C:\WINDOWS;C:\Program Files\Java\jdk1.8.0_131\bin;C:\Program Files\Java\jdk1.8.0_131\jre\bin;C:\Program Files\Java\gradle-4.4.1-all\gradle-4.4.1/bin;C:\Program Files\Java\apache-maven-3.5.2\bin;C:\ProgramData\Oracle\Java\javapath;C:\Program Files (x86)\Intel\iCLS Client\;C:\Program Files\Intel\iCLS Client\;C:\WINDOWS\system32;C:\WINDOWS;C:\WINDOWS\System32\Wbem;C:\WINDOWS\System32\WindowsPowerShell\v1.0\;C:\Program Files (x86)\Intel\Intel(R) Management Engine Components\DAL;C:\Program Files\Intel\Intel(R) Management Engine Components\DAL;C:\Program Files (x86)\Intel\Intel(R) Management Engine Components\IPT;C:\Program Files\Intel\Intel(R) Management Engine Components\IPT;C:\Program Files\TortoiseSVN\bin;C:\Program Files (x86)\Microsoft SQL Server\100\Tools\Binn\;C:\Program Files\Microsoft SQL Server\100\Tools\Binn\;C:\Program Files\Microsoft SQL Server\100\DTS\Binn\;C:\Program Files (x86)\Microsoft SQL Server\100\Tools\Binn\VSShell\Common7\IDE\;C:\Program Files (x86)\Microsoft SQL Server\100\DTS\Binn\;C:\Users\Admin\AppData\Local\Microsoft\WindowsApps;C:\Users\Admin\AppData\Local\GitHubDesktop\bin;.
05-Feb-2018 14:32:14.518 信息 [main] org.apache.coyote.AbstractProtocol.init Initializing ProtocolHandler ["http-nio-8080"]
05-Feb-2018 14:32:14.546 信息 [main] org.apache.tomcat.util.net.NioSelectorPool.getSharedSelector Using a shared selector for servlet write/read
05-Feb-2018 14:32:14.552 信息 [main] org.apache.coyote.AbstractProtocol.init Initializing ProtocolHandler ["ajp-nio-8009"]
05-Feb-2018 14:32:14.556 信息 [main] org.apache.tomcat.util.net.NioSelectorPool.getSharedSelector Using a shared selector for servlet write/read
05-Feb-2018 14:32:14.558 信息 [main] org.apache.catalina.startup.Catalina.load Initialization processed in 610 ms
05-Feb-2018 14:32:14.602 信息 [main] org.apache.catalina.core.StandardService.startInternal Starting service Catalina
05-Feb-2018 14:32:14.614 信息 [main] org.apache.catalina.core.StandardEngine.startInternal Starting Servlet Engine: Apache Tomcat/8.5.14
05-Feb-2018 14:32:14.627 信息 [localhost-startStop-1] org.apache.catalina.startup.HostConfig.deployDirectory Deploying web application directory C:\Users\Admin\Desktop\program\studio-projects\InspectionRecord\deploy\tomcat\webapps\InspectionRecordApp
05-Feb-2018 14:32:25.664 信息 [localhost-startStop-1] org.apache.catalina.startup.HostConfig.deployDirectory Deployment of web application directory C:\Users\Admin\Desktop\program\studio-projects\InspectionRecord\deploy\tomcat\webapps\InspectionRecordApp has finished in 11,035 ms
05-Feb-2018 14:32:25.664 信息 [localhost-startStop-1] org.apache.catalina.startup.HostConfig.deployDirectory Deploying web application directory C:\Users\Admin\Desktop\program\studio-projects\InspectionRecord\deploy\tomcat\webapps\InspectionRecordApp-core
05-Feb-2018 14:32:36.786 信息 [localhost-startStop-1] org.apache.catalina.startup.HostConfig.deployDirectory Deployment of web application directory C:\Users\Admin\Desktop\program\studio-projects\InspectionRecord\deploy\tomcat\webapps\InspectionRecordApp-core has finished in 11,122 ms
05-Feb-2018 14:32:36.790 信息 [main] org.apache.coyote.AbstractProtocol.start Starting ProtocolHandler ["http-nio-8080"]
05-Feb-2018 14:32:36.802 信息 [main] org.apache.coyote.AbstractProtocol.start Starting ProtocolHandler ["ajp-nio-8009"]
05-Feb-2018 14:32:36.805 信息 [main] org.apache.catalina.startup.Catalina.start Server startup in 22244 ms
05-Feb-2018 15:10:04.134 信息 [main] org.apache.catalina.startup.VersionLoggerListener.log Server version:        Apache Tomcat/8.5.14
05-Feb-2018 15:10:04.203 信息 [main] org.apache.catalina.startup.VersionLoggerListener.log Server built:          Apr 13 2017 12:55:45 UTC
05-Feb-2018 15:10:04.204 信息 [main] org.apache.catalina.startup.VersionLoggerListener.log Server number:         8.5.14.0
05-Feb-2018 15:10:04.205 信息 [main] org.apache.catalina.startup.VersionLoggerListener.log OS Name:               Windows 10
05-Feb-2018 15:10:04.205 信息 [main] org.apache.catalina.startup.VersionLoggerListener.log OS Version:            10.0
05-Feb-2018 15:10:04.206 信息 [main] org.apache.catalina.startup.VersionLoggerListener.log Architecture:          amd64
05-Feb-2018 15:10:04.207 信息 [main] org.apache.catalina.startup.VersionLoggerListener.log Java Home:             C:\Program Files\Java\jdk1.8.0_131\jre
05-Feb-2018 15:10:04.207 信息 [main] org.apache.catalina.startup.VersionLoggerListener.log JVM Version:           1.8.0_131-b11
05-Feb-2018 15:10:04.210 信息 [main] org.apache.catalina.startup.VersionLoggerListener.log JVM Vendor:            Oracle Corporation
05-Feb-2018 15:10:04.210 信息 [main] org.apache.catalina.startup.VersionLoggerListener.log CATALINA_BASE:         C:\Users\Admin\Desktop\program\studio-projects\InspectionRecord\deploy\tomcat
05-Feb-2018 15:10:04.211 信息 [main] org.apache.catalina.startup.VersionLoggerListener.log CATALINA_HOME:         C:\Users\Admin\Desktop\program\studio-projects\InspectionRecord\deploy\tomcat
05-Feb-2018 15:10:04.212 信息 [main] org.apache.catalina.startup.VersionLoggerListener.log Command line argument: -Djava.util.logging.config.file=C:\Users\Admin\Desktop\program\studio-projects\InspectionRecord\deploy\tomcat\conf\logging.properties
05-Feb-2018 15:10:04.213 信息 [main] org.apache.catalina.startup.VersionLoggerListener.log Command line argument: -Djava.util.logging.manager=org.apache.juli.ClassLoaderLogManager
05-Feb-2018 15:10:04.213 信息 [main] org.apache.catalina.startup.VersionLoggerListener.log Command line argument: -Djdk.tls.ephemeralDHKeySize=2048
05-Feb-2018 15:10:04.214 信息 [main] org.apache.catalina.startup.VersionLoggerListener.log Command line argument: -Djava.protocol.handler.pkgs=org.apache.catalina.webresources
05-Feb-2018 15:10:04.215 信息 [main] org.apache.catalina.startup.VersionLoggerListener.log Command line argument: -Xrunjdwp:transport=dt_socket,address=8787,server=y,suspend=n
05-Feb-2018 15:10:04.215 信息 [main] org.apache.catalina.startup.VersionLoggerListener.log Command line argument: -Xmx512m
05-Feb-2018 15:10:04.216 信息 [main] org.apache.catalina.startup.VersionLoggerListener.log Command line argument: -Dfile.encoding=UTF-8
05-Feb-2018 15:10:04.217 信息 [main] org.apache.catalina.startup.VersionLoggerListener.log Command line argument: -Dlogback.configurationFile=../conf/logback.xml
05-Feb-2018 15:10:04.218 信息 [main] org.apache.catalina.startup.VersionLoggerListener.log Command line argument: -Dcom.sun.management.jmxremote
05-Feb-2018 15:10:04.219 信息 [main] org.apache.catalina.startup.VersionLoggerListener.log Command line argument: -Dcatalina.base=C:\Users\Admin\Desktop\program\studio-projects\InspectionRecord\deploy\tomcat
05-Feb-2018 15:10:04.219 信息 [main] org.apache.catalina.startup.VersionLoggerListener.log Command line argument: -Dcatalina.home=C:\Users\Admin\Desktop\program\studio-projects\InspectionRecord\deploy\tomcat
05-Feb-2018 15:10:04.220 信息 [main] org.apache.catalina.startup.VersionLoggerListener.log Command line argument: -Djava.io.tmpdir=C:\Users\Admin\Desktop\program\studio-projects\InspectionRecord\deploy\tomcat\temp
05-Feb-2018 15:10:04.221 信息 [main] org.apache.catalina.core.AprLifecycleListener.lifecycleEvent The APR based Apache Tomcat Native library which allows optimal performance in production environments was not found on the java.library.path: C:\Program Files\Java\jdk1.8.0_131\bin;C:\WINDOWS\Sun\Java\bin;C:\WINDOWS\system32;C:\WINDOWS;C:\Program Files\Java\jdk1.8.0_131\bin;C:\Program Files\Java\jdk1.8.0_131\jre\bin;C:\Program Files\Java\gradle-4.4.1-all\gradle-4.4.1/bin;C:\Program Files\Java\apache-maven-3.5.2\bin;C:\ProgramData\Oracle\Java\javapath;C:\Program Files (x86)\Intel\iCLS Client\;C:\Program Files\Intel\iCLS Client\;C:\WINDOWS\system32;C:\WINDOWS;C:\WINDOWS\System32\Wbem;C:\WINDOWS\System32\WindowsPowerShell\v1.0\;C:\Program Files (x86)\Intel\Intel(R) Management Engine Components\DAL;C:\Program Files\Intel\Intel(R) Management Engine Components\DAL;C:\Program Files (x86)\Intel\Intel(R) Management Engine Components\IPT;C:\Program Files\Intel\Intel(R) Management Engine Components\IPT;C:\Program Files\TortoiseSVN\bin;C:\Program Files (x86)\Microsoft SQL Server\100\Tools\Binn\;C:\Program Files\Microsoft SQL Server\100\Tools\Binn\;C:\Program Files\Microsoft SQL Server\100\DTS\Binn\;C:\Program Files (x86)\Microsoft SQL Server\100\Tools\Binn\VSShell\Common7\IDE\;C:\Program Files (x86)\Microsoft SQL Server\100\DTS\Binn\;C:\Users\Admin\AppData\Local\Microsoft\WindowsApps;C:\Users\Admin\AppData\Local\GitHubDesktop\bin;.
05-Feb-2018 15:10:07.802 信息 [main] org.apache.coyote.AbstractProtocol.init Initializing ProtocolHandler ["http-nio-8080"]
05-Feb-2018 15:10:07.890 信息 [main] org.apache.tomcat.util.net.NioSelectorPool.getSharedSelector Using a shared selector for servlet write/read
05-Feb-2018 15:10:07.902 信息 [main] org.apache.coyote.AbstractProtocol.init Initializing ProtocolHandler ["ajp-nio-8009"]
05-Feb-2018 15:10:07.905 信息 [main] org.apache.tomcat.util.net.NioSelectorPool.getSharedSelector Using a shared selector for servlet write/read
05-Feb-2018 15:10:07.905 信息 [main] org.apache.catalina.startup.Catalina.load Initialization processed in 4297 ms
05-Feb-2018 15:10:07.979 信息 [main] org.apache.catalina.core.StandardService.startInternal Starting service Catalina
05-Feb-2018 15:10:07.982 信息 [main] org.apache.catalina.core.StandardEngine.startInternal Starting Servlet Engine: Apache Tomcat/8.5.14
05-Feb-2018 15:10:08.002 信息 [localhost-startStop-1] org.apache.catalina.startup.HostConfig.deployDirectory Deploying web application directory C:\Users\Admin\Desktop\program\studio-projects\InspectionRecord\deploy\tomcat\webapps\InspectionRecordApp
05-Feb-2018 15:10:28.521 信息 [localhost-startStop-1] org.apache.catalina.startup.HostConfig.deployDirectory Deployment of web application directory C:\Users\Admin\Desktop\program\studio-projects\InspectionRecord\deploy\tomcat\webapps\InspectionRecordApp has finished in 20,507 ms
05-Feb-2018 15:10:28.521 信息 [localhost-startStop-1] org.apache.catalina.startup.HostConfig.deployDirectory Deploying web application directory C:\Users\Admin\Desktop\program\studio-projects\InspectionRecord\deploy\tomcat\webapps\InspectionRecordApp-core
05-Feb-2018 15:10:42.105 信息 [localhost-startStop-1] org.apache.catalina.startup.HostConfig.deployDirectory Deployment of web application directory C:\Users\Admin\Desktop\program\studio-projects\InspectionRecord\deploy\tomcat\webapps\InspectionRecordApp-core has finished in 13,584 ms
05-Feb-2018 15:10:42.116 信息 [main] org.apache.coyote.AbstractProtocol.start Starting ProtocolHandler ["http-nio-8080"]
05-Feb-2018 15:10:42.146 信息 [main] org.apache.coyote.AbstractProtocol.start Starting ProtocolHandler ["ajp-nio-8009"]
05-Feb-2018 15:10:42.155 信息 [main] org.apache.catalina.startup.Catalina.start Server startup in 34248 ms
05-Feb-2018 15:20:36.003 信息 [main] org.apache.catalina.core.StandardServer.await A valid shutdown command was received via the shutdown port. Stopping the Server instance.
05-Feb-2018 15:20:36.004 信息 [main] org.apache.coyote.AbstractProtocol.pause Pausing ProtocolHandler ["http-nio-8080"]
05-Feb-2018 15:20:36.100 信息 [main] org.apache.coyote.AbstractProtocol.pause Pausing ProtocolHandler ["ajp-nio-8009"]
05-Feb-2018 15:20:36.140 信息 [main] org.apache.catalina.core.StandardService.stopInternal Stopping service Catalina
05-Feb-2018 15:20:37.042 严重 [localhost-startStop-2] org.apache.catalina.loader.WebappClassLoaderBase.checkThreadLocalMapForLeaks The web application [InspectionRecordApp] created a ThreadLocal with key of type [java.lang.ThreadLocal] (value [java.lang.ThreadLocal@19525bab]) and a value of type [com.haulmont.cuba.core.sys.UserInvocationContext.RequestScopeUserInfo] (value [com.haulmont.cuba.core.sys.UserInvocationContext$RequestScopeUserInfo@59189228]) but failed to remove it when the web application was stopped. Threads are going to be renewed over time to try and avoid a probable memory leak.
05-Feb-2018 15:20:37.043 严重 [localhost-startStop-2] org.apache.catalina.loader.WebappClassLoaderBase.checkThreadLocalMapForLeaks The web application [InspectionRecordApp] created a ThreadLocal with key of type [java.lang.ThreadLocal.SuppliedThreadLocal] (value [java.lang.ThreadLocal$SuppliedThreadLocal@23ac0e32]) and a value of type [com.haulmont.cuba.core.app.serialization.EntitySerialization.EntitySerializationContext] (value [com.haulmont.cuba.core.app.serialization.EntitySerialization$EntitySerializationContext@2cedfde6]) but failed to remove it when the web application was stopped. Threads are going to be renewed over time to try and avoid a probable memory leak.
05-Feb-2018 15:20:37.043 严重 [localhost-startStop-2] org.apache.catalina.loader.WebappClassLoaderBase.checkThreadLocalMapForLeaks The web application [InspectionRecordApp] created a ThreadLocal with key of type [java.lang.ThreadLocal] (value [java.lang.ThreadLocal@19525bab]) and a value of type [com.haulmont.cuba.core.sys.UserInvocationContext.RequestScopeUserInfo] (value [com.haulmont.cuba.core.sys.UserInvocationContext$RequestScopeUserInfo@276964d3]) but failed to remove it when the web application was stopped. Threads are going to be renewed over time to try and avoid a probable memory leak.
05-Feb-2018 15:20:37.046 信息 [main] org.apache.coyote.AbstractProtocol.stop Stopping ProtocolHandler ["http-nio-8080"]
05-Feb-2018 15:20:37.050 信息 [main] org.apache.coyote.AbstractProtocol.stop Stopping ProtocolHandler ["ajp-nio-8009"]
05-Feb-2018 15:20:37.051 信息 [main] org.apache.coyote.AbstractProtocol.destroy Destroying ProtocolHandler ["http-nio-8080"]
05-Feb-2018 15:20:37.054 信息 [main] org.apache.coyote.AbstractProtocol.destroy Destroying ProtocolHandler ["ajp-nio-8009"]
