18-Dec-2017 08:45:55.008 信息 [main] org.apache.catalina.startup.VersionLoggerListener.log Server version:        Apache Tomcat/8.5.14
18-Dec-2017 08:45:55.017 信息 [main] org.apache.catalina.startup.VersionLoggerListener.log Server built:          Apr 13 2017 12:55:45 UTC
18-Dec-2017 08:45:55.018 信息 [main] org.apache.catalina.startup.VersionLoggerListener.log Server number:         8.5.14.0
18-Dec-2017 08:45:55.019 信息 [main] org.apache.catalina.startup.VersionLoggerListener.log OS Name:               Windows 10
18-Dec-2017 08:45:55.019 信息 [main] org.apache.catalina.startup.VersionLoggerListener.log OS Version:            10.0
18-Dec-2017 08:45:55.020 信息 [main] org.apache.catalina.startup.VersionLoggerListener.log Architecture:          amd64
18-Dec-2017 08:45:55.021 信息 [main] org.apache.catalina.startup.VersionLoggerListener.log Java Home:             C:\Program Files\Java\jdk1.8.0_131\jre
18-Dec-2017 08:45:55.021 信息 [main] org.apache.catalina.startup.VersionLoggerListener.log JVM Version:           1.8.0_131-b11
18-Dec-2017 08:45:55.022 信息 [main] org.apache.catalina.startup.VersionLoggerListener.log JVM Vendor:            Oracle Corporation
18-Dec-2017 08:45:55.022 信息 [main] org.apache.catalina.startup.VersionLoggerListener.log CATALINA_BASE:         C:\Users\Admin\Desktop\program\studio-projects\InspectionRecord\deploy\tomcat
18-Dec-2017 08:45:55.023 信息 [main] org.apache.catalina.startup.VersionLoggerListener.log CATALINA_HOME:         C:\Users\Admin\Desktop\program\studio-projects\InspectionRecord\deploy\tomcat
18-Dec-2017 08:45:55.024 信息 [main] org.apache.catalina.startup.VersionLoggerListener.log Command line argument: -Djava.util.logging.config.file=C:\Users\Admin\Desktop\program\studio-projects\InspectionRecord\deploy\tomcat\conf\logging.properties
18-Dec-2017 08:45:55.027 信息 [main] org.apache.catalina.startup.VersionLoggerListener.log Command line argument: -Djava.util.logging.manager=org.apache.juli.ClassLoaderLogManager
18-Dec-2017 08:45:55.028 信息 [main] org.apache.catalina.startup.VersionLoggerListener.log Command line argument: -Djdk.tls.ephemeralDHKeySize=2048
18-Dec-2017 08:45:55.029 信息 [main] org.apache.catalina.startup.VersionLoggerListener.log Command line argument: -Djava.protocol.handler.pkgs=org.apache.catalina.webresources
18-Dec-2017 08:45:55.030 信息 [main] org.apache.catalina.startup.VersionLoggerListener.log Command line argument: -Xrunjdwp:transport=dt_socket,address=8787,server=y,suspend=n
18-Dec-2017 08:45:55.031 信息 [main] org.apache.catalina.startup.VersionLoggerListener.log Command line argument: -Xmx512m
18-Dec-2017 08:45:55.032 信息 [main] org.apache.catalina.startup.VersionLoggerListener.log Command line argument: -Dfile.encoding=UTF-8
18-Dec-2017 08:45:55.033 信息 [main] org.apache.catalina.startup.VersionLoggerListener.log Command line argument: -Dlogback.configurationFile=../conf/logback.xml
18-Dec-2017 08:45:55.033 信息 [main] org.apache.catalina.startup.VersionLoggerListener.log Command line argument: -Dcom.sun.management.jmxremote
18-Dec-2017 08:45:55.034 信息 [main] org.apache.catalina.startup.VersionLoggerListener.log Command line argument: -Dcatalina.base=C:\Users\Admin\Desktop\program\studio-projects\InspectionRecord\deploy\tomcat
18-Dec-2017 08:45:55.035 信息 [main] org.apache.catalina.startup.VersionLoggerListener.log Command line argument: -Dcatalina.home=C:\Users\Admin\Desktop\program\studio-projects\InspectionRecord\deploy\tomcat
18-Dec-2017 08:45:55.037 信息 [main] org.apache.catalina.startup.VersionLoggerListener.log Command line argument: -Djava.io.tmpdir=C:\Users\Admin\Desktop\program\studio-projects\InspectionRecord\deploy\tomcat\temp
18-Dec-2017 08:45:55.038 信息 [main] org.apache.catalina.core.AprLifecycleListener.lifecycleEvent The APR based Apache Tomcat Native library which allows optimal performance in production environments was not found on the java.library.path: C:\Program Files\Java\jdk1.8.0_131\bin;C:\WINDOWS\Sun\Java\bin;C:\WINDOWS\system32;C:\WINDOWS;C:\Program Files\Java\jdk1.8.0_131\bin;C:\Program Files\Java\jdk1.8.0_131\jre\bin;C:\Program Files\Java\apache-maven-3.5.2\bin;C:\ProgramData\Oracle\Java\javapath;C:\Program Files (x86)\Intel\iCLS Client\;C:\Program Files\Intel\iCLS Client\;C:\WINDOWS\system32;C:\WINDOWS;C:\WINDOWS\System32\Wbem;C:\WINDOWS\System32\WindowsPowerShell\v1.0\;C:\Program Files (x86)\Intel\Intel(R) Management Engine Components\DAL;C:\Program Files\Intel\Intel(R) Management Engine Components\DAL;C:\Program Files (x86)\Intel\Intel(R) Management Engine Components\IPT;C:\Program Files\Intel\Intel(R) Management Engine Components\IPT;C:\Program Files\TortoiseSVN\bin;C:\Program Files (x86)\Microsoft SQL Server\100\Tools\Binn\;C:\Program Files\Microsoft SQL Server\100\Tools\Binn\;C:\Program Files\Microsoft SQL Server\100\DTS\Binn\;C:\Program Files (x86)\Microsoft SQL Server\100\Tools\Binn\VSShell\Common7\IDE\;C:\Program Files (x86)\Microsoft SQL Server\100\DTS\Binn\;C:\Users\Admin\AppData\Local\Microsoft\WindowsApps;C:\Users\Admin\AppData\Local\GitHubDesktop\bin;.
18-Dec-2017 08:45:59.206 信息 [main] org.apache.coyote.AbstractProtocol.init Initializing ProtocolHandler ["http-nio-8080"]
18-Dec-2017 08:45:59.233 信息 [main] org.apache.tomcat.util.net.NioSelectorPool.getSharedSelector Using a shared selector for servlet write/read
18-Dec-2017 08:45:59.239 信息 [main] org.apache.coyote.AbstractProtocol.init Initializing ProtocolHandler ["ajp-nio-8009"]
18-Dec-2017 08:45:59.243 信息 [main] org.apache.tomcat.util.net.NioSelectorPool.getSharedSelector Using a shared selector for servlet write/read
18-Dec-2017 08:45:59.244 信息 [main] org.apache.catalina.startup.Catalina.load Initialization processed in 4569 ms
18-Dec-2017 08:45:59.289 信息 [main] org.apache.catalina.core.StandardService.startInternal Starting service Catalina
18-Dec-2017 08:45:59.291 信息 [main] org.apache.catalina.core.StandardEngine.startInternal Starting Servlet Engine: Apache Tomcat/8.5.14
18-Dec-2017 08:45:59.300 信息 [localhost-startStop-1] org.apache.catalina.startup.HostConfig.deployDirectory Deploying web application directory C:\Users\Admin\Desktop\program\studio-projects\InspectionRecord\deploy\tomcat\webapps\app
18-Dec-2017 08:46:12.637 信息 [localhost-startStop-1] org.apache.catalina.startup.HostConfig.deployDirectory Deployment of web application directory C:\Users\Admin\Desktop\program\studio-projects\InspectionRecord\deploy\tomcat\webapps\app has finished in 13,336 ms
18-Dec-2017 08:46:12.638 信息 [localhost-startStop-1] org.apache.catalina.startup.HostConfig.deployDirectory Deploying web application directory C:\Users\Admin\Desktop\program\studio-projects\InspectionRecord\deploy\tomcat\webapps\app-core
18-Dec-2017 08:46:23.358 信息 [localhost-startStop-1] org.apache.catalina.startup.HostConfig.deployDirectory Deployment of web application directory C:\Users\Admin\Desktop\program\studio-projects\InspectionRecord\deploy\tomcat\webapps\app-core has finished in 10,720 ms
18-Dec-2017 08:46:23.360 信息 [localhost-startStop-1] org.apache.catalina.startup.HostConfig.deployDirectory Deploying web application directory C:\Users\Admin\Desktop\program\studio-projects\InspectionRecord\deploy\tomcat\webapps\app-portal
18-Dec-2017 08:46:26.535 信息 [localhost-startStop-1] org.apache.catalina.startup.HostConfig.deployDirectory Deployment of web application directory C:\Users\Admin\Desktop\program\studio-projects\InspectionRecord\deploy\tomcat\webapps\app-portal has finished in 3,175 ms
18-Dec-2017 08:46:26.539 信息 [main] org.apache.coyote.AbstractProtocol.start Starting ProtocolHandler ["http-nio-8080"]
18-Dec-2017 08:46:26.550 信息 [main] org.apache.coyote.AbstractProtocol.start Starting ProtocolHandler ["ajp-nio-8009"]
18-Dec-2017 08:46:26.553 信息 [main] org.apache.catalina.startup.Catalina.start Server startup in 27308 ms
18-Dec-2017 08:46:50.924 警告 [http-nio-8080-exec-27] com.vaadin.server.DefaultDeploymentConfiguration.checkProductionMode 
=================================================================
Vaadin is running in DEBUG MODE.
Add productionMode=true to web.xml to disable debug features.
To show debug window, add ?debug to your application URL.
=================================================================
18-Dec-2017 18:44:21.116 信息 [main] org.apache.catalina.core.StandardServer.await A valid shutdown command was received via the shutdown port. Stopping the Server instance.
18-Dec-2017 18:44:21.134 信息 [main] org.apache.coyote.AbstractProtocol.pause Pausing ProtocolHandler ["http-nio-8080"]
18-Dec-2017 18:44:21.212 信息 [main] org.apache.coyote.AbstractProtocol.pause Pausing ProtocolHandler ["ajp-nio-8009"]
18-Dec-2017 18:44:21.286 信息 [main] org.apache.catalina.core.StandardService.stopInternal Stopping service Catalina
18-Dec-2017 18:44:22.691 严重 [localhost-startStop-2] org.apache.catalina.loader.WebappClassLoaderBase.checkThreadLocalMapForLeaks The web application [app] created a ThreadLocal with key of type [java.lang.ThreadLocal] (value [java.lang.ThreadLocal@533ed159]) and a value of type [com.haulmont.cuba.core.sys.UserInvocationContext.RequestScopeUserInfo] (value [com.haulmont.cuba.core.sys.UserInvocationContext$RequestScopeUserInfo@6f342a7f]) but failed to remove it when the web application was stopped. Threads are going to be renewed over time to try and avoid a probable memory leak.
18-Dec-2017 18:44:22.693 严重 [localhost-startStop-2] org.apache.catalina.loader.WebappClassLoaderBase.checkThreadLocalMapForLeaks The web application [app] created a ThreadLocal with key of type [java.lang.ThreadLocal] (value [java.lang.ThreadLocal@533ed159]) and a value of type [com.haulmont.cuba.core.sys.UserInvocationContext.RequestScopeUserInfo] (value [com.haulmont.cuba.core.sys.UserInvocationContext$RequestScopeUserInfo@31f8952]) but failed to remove it when the web application was stopped. Threads are going to be renewed over time to try and avoid a probable memory leak.
18-Dec-2017 18:44:22.694 严重 [localhost-startStop-2] org.apache.catalina.loader.WebappClassLoaderBase.checkThreadLocalMapForLeaks The web application [app] created a ThreadLocal with key of type [java.lang.ThreadLocal] (value [java.lang.ThreadLocal@533ed159]) and a value of type [com.haulmont.cuba.core.sys.UserInvocationContext.RequestScopeUserInfo] (value [com.haulmont.cuba.core.sys.UserInvocationContext$RequestScopeUserInfo@268e3471]) but failed to remove it when the web application was stopped. Threads are going to be renewed over time to try and avoid a probable memory leak.
18-Dec-2017 18:44:22.695 严重 [localhost-startStop-2] org.apache.catalina.loader.WebappClassLoaderBase.checkThreadLocalMapForLeaks The web application [app] created a ThreadLocal with key of type [java.lang.ThreadLocal] (value [java.lang.ThreadLocal@533ed159]) and a value of type [com.haulmont.cuba.core.sys.UserInvocationContext.RequestScopeUserInfo] (value [com.haulmont.cuba.core.sys.UserInvocationContext$RequestScopeUserInfo@68a7950d]) but failed to remove it when the web application was stopped. Threads are going to be renewed over time to try and avoid a probable memory leak.
18-Dec-2017 18:44:22.696 严重 [localhost-startStop-2] org.apache.catalina.loader.WebappClassLoaderBase.checkThreadLocalMapForLeaks The web application [app] created a ThreadLocal with key of type [java.lang.ThreadLocal.SuppliedThreadLocal] (value [java.lang.ThreadLocal$SuppliedThreadLocal@2a06eae9]) and a value of type [com.haulmont.cuba.core.app.serialization.EntitySerialization.EntitySerializationContext] (value [com.haulmont.cuba.core.app.serialization.EntitySerialization$EntitySerializationContext@552cb3e2]) but failed to remove it when the web application was stopped. Threads are going to be renewed over time to try and avoid a probable memory leak.
18-Dec-2017 18:44:22.696 严重 [localhost-startStop-2] org.apache.catalina.loader.WebappClassLoaderBase.checkThreadLocalMapForLeaks The web application [app] created a ThreadLocal with key of type [java.lang.ThreadLocal] (value [java.lang.ThreadLocal@533ed159]) and a value of type [com.haulmont.cuba.core.sys.UserInvocationContext.RequestScopeUserInfo] (value [com.haulmont.cuba.core.sys.UserInvocationContext$RequestScopeUserInfo@2d6388a]) but failed to remove it when the web application was stopped. Threads are going to be renewed over time to try and avoid a probable memory leak.
18-Dec-2017 18:44:22.697 严重 [localhost-startStop-2] org.apache.catalina.loader.WebappClassLoaderBase.checkThreadLocalMapForLeaks The web application [app] created a ThreadLocal with key of type [java.lang.ThreadLocal.SuppliedThreadLocal] (value [java.lang.ThreadLocal$SuppliedThreadLocal@2a06eae9]) and a value of type [com.haulmont.cuba.core.app.serialization.EntitySerialization.EntitySerializationContext] (value [com.haulmont.cuba.core.app.serialization.EntitySerialization$EntitySerializationContext@560dca20]) but failed to remove it when the web application was stopped. Threads are going to be renewed over time to try and avoid a probable memory leak.
18-Dec-2017 18:44:22.698 严重 [localhost-startStop-2] org.apache.catalina.loader.WebappClassLoaderBase.checkThreadLocalMapForLeaks The web application [app] created a ThreadLocal with key of type [java.lang.ThreadLocal] (value [java.lang.ThreadLocal@533ed159]) and a value of type [com.haulmont.cuba.core.sys.UserInvocationContext.RequestScopeUserInfo] (value [com.haulmont.cuba.core.sys.UserInvocationContext$RequestScopeUserInfo@4bc123aa]) but failed to remove it when the web application was stopped. Threads are going to be renewed over time to try and avoid a probable memory leak.
18-Dec-2017 18:44:23.458 信息 [main] org.apache.coyote.AbstractProtocol.stop Stopping ProtocolHandler ["http-nio-8080"]
18-Dec-2017 18:44:23.468 信息 [main] org.apache.coyote.AbstractProtocol.stop Stopping ProtocolHandler ["ajp-nio-8009"]
18-Dec-2017 18:44:23.472 信息 [main] org.apache.coyote.AbstractProtocol.destroy Destroying ProtocolHandler ["http-nio-8080"]
18-Dec-2017 18:44:23.478 信息 [main] org.apache.coyote.AbstractProtocol.destroy Destroying ProtocolHandler ["ajp-nio-8009"]
