Performance Statistics   2018-02-02 16:21:00 - 2018-02-02 16:22:00
Tag                                                  Avg(ms)         Min         Max     Std Dev       Count
Messages.searchClasspath                                 0.6           0          14         2.1         130
Messages.searchFiles                                     0.2           0          17         1.5         130
Metadata.replaceExtendedMetaClasses                      2.0           2           2         0.0           1
QueryParser.getEntityName()                             77.7           2         223       102.8           3
QueryParser.getEntityNameIfSecondaryReturnedInsteadOfMain()         0.0           0           0         0.0           3
QueryParser.getEntityPathIfSecondaryReturnedInsteadOfMain()         0.0           0           0         0.0           3
QueryParser.getParamNames()                              0.0           0           0         0.0           3
QueryParser.isCollectionSecondaryEntitySelect()          0.0           0           0         0.0           2
QueryTransformer.addEntityInGroupBy(..)                  0.0           0           0         0.0           2
QueryTransformer.addFirstSelectionSource(..)             0.0           0           0         0.0           2
QueryTransformer.addWhereAsIs(..)                        0.5           0           1         0.5           2
QueryTransformer.getResult()                             1.0           0           2         1.0           2
QueryTransformer.replaceWithSelectEntityVariable(..)         0.5           0           1         0.5           2

Performance Statistics   2018-02-02 16:22:00 - 2018-02-02 16:23:00
Tag                                                  Avg(ms)         Min         Max     Std Dev       Count
AppFolders                                              10.0          10          10         0.0           1
LoadClass                                                0.5           0           1         0.5           4
Messages.searchClasspath                                 0.1           0           7         0.5         299
Messages.searchFiles                                     0.0           0           3         0.2         299
Metadata.replaceExtendedMetaClasses                      9.0           9           9         0.0           1
PersistenceSecurity.applyConstraints(..)                 3.0           3           3         0.0           1
QueryParser.getEntityAlias()                             1.0           1           1         0.0           1
QueryParser.getEntityName()                              0.8           0           5         1.5          11
QueryParser.getEntityNameIfSecondaryReturnedInsteadOfMain()         0.0           0           0         0.0          10
QueryParser.getEntityPathIfSecondaryReturnedInsteadOfMain()         0.0           0           0         0.0          10
QueryParser.getParamNames()                              0.1           0           1         0.3          11
QueryParser.hasIsNullCondition(..)                      14.0          14          14         0.0           1
QueryParser.isCollectionSecondaryEntitySelect()          0.0           0           0         0.0           2
QueryTransformer.addEntityInGroupBy(..)                  0.0           0           0         0.0           2
QueryTransformer.addFirstSelectionSource(..)             0.0           0           0         0.0           2
QueryTransformer.addWhereAsIs(..)                        0.0           0           0         0.0           2
QueryTransformer.getResult()                             0.0           0           0         0.0           2
QueryTransformer.replaceWithSelectEntityVariable(..)         0.5           0           1         0.5           2
SearchFolders                                           19.0          19          19         0.0           1
Security.isEntityOpPermitted(..)                         0.0           0           0         0.0           1
ViewRepository.init.ViewRepositoryClientImpl            33.0          33          33         0.0           1

Performance Statistics   2018-02-02 16:23:00 - 2018-02-02 16:24:00
Tag                                                  Avg(ms)         Min         Max     Std Dev       Count

Performance Statistics   2018-02-02 16:25:00 - 2018-02-02 16:26:00
Tag                                                  Avg(ms)         Min         Max     Std Dev       Count
Messages.searchClasspath                                 0.5           0          10         1.6         130
Messages.searchFiles                                     0.2           0          15         1.3         130
Metadata.replaceExtendedMetaClasses                      1.0           1           1         0.0           1
QueryParser.getEntityName()                             76.3           1         224       104.4           3
QueryParser.getEntityNameIfSecondaryReturnedInsteadOfMain()         0.0           0           0         0.0           3
QueryParser.getEntityPathIfSecondaryReturnedInsteadOfMain()         0.0           0           0         0.0           3
QueryParser.getParamNames()                              0.0           0           0         0.0           3
QueryParser.isCollectionSecondaryEntitySelect()          0.0           0           0         0.0           2
QueryTransformer.addEntityInGroupBy(..)                  0.0           0           0         0.0           2
QueryTransformer.addFirstSelectionSource(..)             0.0           0           0         0.0           2
QueryTransformer.addWhereAsIs(..)                        0.5           0           1         0.5           2
QueryTransformer.getResult()                             1.0           0           2         1.0           2
QueryTransformer.replaceWithSelectEntityVariable(..)         0.5           0           1         0.5           2

Performance Statistics   2018-02-02 16:26:00 - 2018-02-02 16:27:00
Tag                                                  Avg(ms)         Min         Max     Std Dev       Count

Performance Statistics   2018-02-02 16:27:00 - 2018-02-02 16:28:00
Tag                                                  Avg(ms)         Min         Max     Std Dev       Count

Performance Statistics   2018-02-02 16:28:00 - 2018-02-02 16:29:00
Tag                                                  Avg(ms)         Min         Max     Std Dev       Count

Performance Statistics   2018-02-02 16:29:00 - 2018-02-02 16:30:00
Tag                                                  Avg(ms)         Min         Max     Std Dev       Count

Performance Statistics   2018-02-02 16:30:00 - 2018-02-02 16:31:00
Tag                                                  Avg(ms)         Min         Max     Std Dev       Count

Performance Statistics   2018-02-02 16:31:00 - 2018-02-02 16:32:00
Tag                                                  Avg(ms)         Min         Max     Std Dev       Count

Performance Statistics   2018-02-02 16:32:00 - 2018-02-02 16:33:00
Tag                                                  Avg(ms)         Min         Max     Std Dev       Count

Performance Statistics   2018-02-02 16:33:00 - 2018-02-02 16:34:00
Tag                                                  Avg(ms)         Min         Max     Std Dev       Count

Performance Statistics   2018-02-02 16:34:00 - 2018-02-02 16:35:00
Tag                                                  Avg(ms)         Min         Max     Std Dev       Count

Performance Statistics   2018-02-02 16:35:00 - 2018-02-02 16:36:00
Tag                                                  Avg(ms)         Min         Max     Std Dev       Count

Performance Statistics   2018-02-02 16:36:00 - 2018-02-02 16:37:00
Tag                                                  Avg(ms)         Min         Max     Std Dev       Count

Performance Statistics   2018-02-02 16:37:00 - 2018-02-02 16:38:00
Tag                                                  Avg(ms)         Min         Max     Std Dev       Count

Performance Statistics   2018-02-02 16:38:00 - 2018-02-02 16:39:00
Tag                                                  Avg(ms)         Min         Max     Std Dev       Count
AppFolders                                               5.0           5           5         0.0           1
LoadClass                                                0.5           0           2         0.8           6
MenuItem.inspectionrecord$HtEmpl.browse               2334.0        2334        2334         0.0           1
Messages.searchClasspath                                 0.0           0           3         0.2        1356
Messages.searchFiles                                     0.0           0           2         0.1        1356
Metadata.replaceExtendedMetaClasses                      1.0           1           1         0.0           1
PersistenceSecurity.applyConstraints(..)                 3.0           2           5         1.4           3
QueryParser.getEntityAlias()                             0.3           0           1         0.5           3
QueryParser.getEntityName()                              0.5           0           4         1.0          18
QueryParser.getEntityNameIfSecondaryReturnedInsteadOfMain()         0.0           0           0         0.0          15
QueryParser.getEntityPathIfSecondaryReturnedInsteadOfMain()         0.0           0           0         0.0          15
QueryParser.getParamNames()                              0.1           0           1         0.2          18
QueryParser.hasIsNullCondition(..)                       2.5           0           5         2.5           2
QueryParser.isCollectionSecondaryEntitySelect()          0.0           0           0         0.0           2
QueryTransformer.addEntityInGroupBy(..)                  0.0           0           0         0.0           2
QueryTransformer.addFirstSelectionSource(..)             0.0           0           0         0.0           2
QueryTransformer.addWhereAsIs(..)                        0.0           0           0         0.0           2
QueryTransformer.getResult()                             0.0           0           0         0.0           2
QueryTransformer.replaceWithSelectEntityVariable(..)         0.0           0           0         0.0           2
SearchFolders                                           10.0          10          10         0.0           1
Security.isEntityOpPermitted(..)                         0.0           0           0         0.0           3
ViewRepository.init.ViewRepositoryClientImpl            15.0          15          15         0.0           1
ViewRepository.init.ViewRepositoryImpl                  12.0          12          12         0.0           1

Performance Statistics   2018-02-02 16:39:00 - 2018-02-02 16:40:00
Tag                                                  Avg(ms)         Min         Max     Std Dev       Count
LoadClass                                                1.0           0           2         0.8           3
Messages.searchClasspath                                 0.0           0           1         0.2         126
Messages.searchFiles                                     0.0           0           0         0.0         126
PersistenceSecurity.applyConstraints(..)                 0.7           0           2         0.9           3
QueryParser.getEntityName()                              0.3           0           2         0.7           9
QueryParser.getEntityNameIfSecondaryReturnedInsteadOfMain()         0.0           0           0         0.0           6
QueryParser.getEntityPathIfSecondaryReturnedInsteadOfMain()         0.0           0           0         0.0           6
QueryParser.getParamNames()                              0.4           0           4         1.3           9
QueryParser.isCollectionSecondaryEntitySelect()          0.0           0           0         0.0           2
QueryTransformer.addEntityInGroupBy(..)                  0.0           0           0         0.0           2
QueryTransformer.addFirstSelectionSource(..)             0.0           0           0         0.0           2
QueryTransformer.addWhereAsIs(..)                        0.0           0           0         0.0           2
QueryTransformer.getResult()                             0.0           0           0         0.0           2
QueryTransformer.replaceWithSelectEntityVariable(..)         0.0           0           0         0.0           2
Security.isEntityOpPermitted(..)                         0.0           0           0         0.0           3

Performance Statistics   2018-02-02 16:40:00 - 2018-02-02 16:41:00
Tag                                                  Avg(ms)         Min         Max     Std Dev       Count

Performance Statistics   2018-02-02 16:41:00 - 2018-02-02 16:42:00
Tag                                                  Avg(ms)         Min         Max     Std Dev       Count

Performance Statistics   2018-02-02 16:42:00 - 2018-02-02 16:43:00
Tag                                                  Avg(ms)         Min         Max     Std Dev       Count

Performance Statistics   2018-02-02 16:43:00 - 2018-02-02 16:44:00
Tag                                                  Avg(ms)         Min         Max     Std Dev       Count
LoadClass                                              876.5         336        1417       540.5           2

Performance Statistics   2018-02-02 16:44:00 - 2018-02-02 16:45:00
Tag                                                  Avg(ms)         Min         Max     Std Dev       Count

Performance Statistics   2018-02-02 16:45:00 - 2018-02-02 16:46:00
Tag                                                  Avg(ms)         Min         Max     Std Dev       Count

Performance Statistics   2018-02-02 16:48:00 - 2018-02-02 16:49:00
Tag                                                  Avg(ms)         Min         Max     Std Dev       Count
Messages.searchClasspath                                 0.4           0           7         1.4          50
Messages.searchFiles                                     0.3           0          13         1.8          50

Performance Statistics   2018-02-02 16:49:00 - 2018-02-02 16:50:00
Tag                                                  Avg(ms)         Min         Max     Std Dev       Count
Messages.searchClasspath                                 0.3           0           6         1.1          40
Messages.searchFiles                                     0.0           0           1         0.2          40
Metadata.replaceExtendedMetaClasses                      1.0           1           1         0.0           1
QueryParser.getEntityName()                             56.3           1         163        75.4           3
QueryParser.getEntityNameIfSecondaryReturnedInsteadOfMain()         0.0           0           0         0.0           3
QueryParser.getEntityPathIfSecondaryReturnedInsteadOfMain()         0.0           0           0         0.0           3
QueryParser.getParamNames()                              0.0           0           0         0.0           3
QueryParser.isCollectionSecondaryEntitySelect()          0.0           0           0         0.0           2
QueryTransformer.addEntityInGroupBy(..)                  0.0           0           0         0.0           2
QueryTransformer.addFirstSelectionSource(..)             0.0           0           0         0.0           2
QueryTransformer.addWhereAsIs(..)                        0.5           0           1         0.5           2
QueryTransformer.getResult()                             0.5           0           1         0.5           2
QueryTransformer.replaceWithSelectEntityVariable(..)         0.5           0           1         0.5           2

Performance Statistics   2018-02-02 16:50:00 - 2018-02-02 16:51:00
Tag                                                  Avg(ms)         Min         Max     Std Dev       Count
LoadClass                                               49.0           0          98        49.0           2
Messages.searchClasspath                                 0.3           0          19         2.0         100
Messages.searchFiles                                     0.0           0           2         0.2         100
Metadata.replaceExtendedMetaClasses                      2.0           2           2         0.0           1

Performance Statistics   2018-02-02 16:51:00 - 2018-02-02 16:52:00
Tag                                                  Avg(ms)         Min         Max     Std Dev       Count

Performance Statistics   2018-02-02 16:52:00 - 2018-02-02 16:53:00
Tag                                                  Avg(ms)         Min         Max     Std Dev       Count

Performance Statistics   2018-02-02 16:53:00 - 2018-02-02 16:54:00
Tag                                                  Avg(ms)         Min         Max     Std Dev       Count

Performance Statistics   2018-02-02 16:54:00 - 2018-02-02 16:55:00
Tag                                                  Avg(ms)         Min         Max     Std Dev       Count

Performance Statistics   2018-02-02 16:55:00 - 2018-02-02 16:56:00
Tag                                                  Avg(ms)         Min         Max     Std Dev       Count

Performance Statistics   2018-02-02 16:56:00 - 2018-02-02 16:57:00
Tag                                                  Avg(ms)         Min         Max     Std Dev       Count

Performance Statistics   2018-02-02 16:57:00 - 2018-02-02 16:58:00
Tag                                                  Avg(ms)         Min         Max     Std Dev       Count

Performance Statistics   2018-02-02 16:58:00 - 2018-02-02 16:59:00
Tag                                                  Avg(ms)         Min         Max     Std Dev       Count

Performance Statistics   2018-02-02 16:59:00 - 2018-02-02 17:00:00
Tag                                                  Avg(ms)         Min         Max     Std Dev       Count

Performance Statistics   2018-02-02 17:00:00 - 2018-02-02 17:01:00
Tag                                                  Avg(ms)         Min         Max     Std Dev       Count

