Performance Statistics   2018-02-01 10:36:00 - 2018-02-01 10:38:00
Tag                                                  Avg(ms)         Min         Max     Std Dev       Count
inspectionrecord$DefectType.browse#init                  7.0           7           7         0.0           1
inspectionrecord$DefectType.browse#inject                0.0           0           0         0.0           1
inspectionrecord$DefectType.browse#load                109.0         109         109         0.0           1
inspectionrecord$DefectType.browse#ready                 0.0           0           0         0.0           1
inspectionrecord$DefectType.browse#uiPermissions         0.0           0           0         0.0           1
inspectionrecord$DefectType.browse#xml                   1.0           1           1         0.0           1
inspectionrecord$DefectType.browse@defectTypesDs        28.0          28          28         0.0           1
inspectionrecord$Employee.browse#init                    7.0           7           7         0.0           1
inspectionrecord$Employee.browse#inject                  0.0           0           0         0.0           1
inspectionrecord$Employee.browse#load                  282.0         282         282         0.0           1
inspectionrecord$Employee.browse#ready                   0.0           0           0         0.0           1
inspectionrecord$Employee.browse#uiPermissions           0.0           0           0         0.0           1
inspectionrecord$Employee.browse#xml                     3.0           3           3         0.0           1
inspectionrecord$Employee.browse@employeesDs            28.0          28          28         0.0           1
inspectionrecord$HtEmpl.browse#init                      0.0           0           0         0.0           2
inspectionrecord$HtEmpl.browse#inject                    0.5           0           1         0.5           2
inspectionrecord$HtEmpl.browse#load                    254.5          30         479       224.5           2
inspectionrecord$HtEmpl.browse#ready                     0.0           0           0         0.0           2
inspectionrecord$HtEmpl.browse#uiPermissions             0.0           0           0         0.0           2
inspectionrecord$HtEmpl.browse#xml                       2.0           0           4         2.0           2
inspectionrecord$HtEmpl.browse@htEmplsDs               731.0         252        1210       479.0           2
inspectionrecord$HtJob.browse#init                       0.0           0           0         0.0           1
inspectionrecord$HtJob.browse#inject                     0.0           0           0         0.0           1
inspectionrecord$HtJob.browse#load                      16.0          16          16         0.0           1
inspectionrecord$HtJob.browse#ready                      0.0           0           0         0.0           1
inspectionrecord$HtJob.browse#uiPermissions              0.0           0           0         0.0           1
inspectionrecord$HtJob.browse#xml                        0.0           0           0         0.0           1
inspectionrecord$HtJob.browse@htJobsDs                 191.0         191         191         0.0           1
inspectionrecord$Job.browse#init                         4.0           4           4         0.0           1
inspectionrecord$Job.browse#inject                       0.0           0           0         0.0           1
inspectionrecord$Job.browse#load                        54.0          54          54         0.0           1
inspectionrecord$Job.browse#ready                        0.0           0           0         0.0           1
inspectionrecord$Job.browse#uiPermissions                0.0           0           0         0.0           1
inspectionrecord$Job.browse#xml                          2.0           2           2         0.0           1
inspectionrecord$Job.browse@jobsDs                       9.0           9           9         0.0           1
loginWindow#init                                        12.0          12          12         0.0           1
loginWindow#inject                                      10.0          10          10         0.0           1
loginWindow#load                                       465.0         465         465         0.0           1
loginWindow#ready                                        0.0           0           0         0.0           1
loginWindow#uiPermissions                                0.0           0           0         0.0           1
loginWindow#xml                                          7.0           7           7         0.0           1
mainWindow#init                                         42.0          42          42         0.0           1
mainWindow#inject                                        1.0           1           1         0.0           1
mainWindow#load                                        213.0         213         213         0.0           1
mainWindow#ready                                         0.0           0           0         0.0           1
mainWindow#uiPermissions                                 0.0           0           0         0.0           1
mainWindow#xml                                           1.0           1           1         0.0           1

Performance Statistics   2018-02-01 10:38:00 - 2018-02-01 10:40:00
Tag                                                  Avg(ms)         Min         Max     Std Dev       Count
inspectionrecord$DefectType.browse#init                  0.0           0           0         0.0           2
inspectionrecord$DefectType.browse#inject                0.0           0           0         0.0           2
inspectionrecord$DefectType.browse#load                 19.5          19          20         0.5           2
inspectionrecord$DefectType.browse#ready                 0.0           0           0         0.0           2
inspectionrecord$DefectType.browse#uiPermissions         0.0           0           0         0.0           2
inspectionrecord$DefectType.browse#xml                   0.0           0           0         0.0           2
inspectionrecord$DefectType.browse@defectTypesDs        81.0          17         145        64.0           2
inspectionrecord$Employee.browse#init                    0.0           0           0         0.0           1
inspectionrecord$Employee.browse#inject                  0.0           0           0         0.0           1
inspectionrecord$Employee.browse#load                   11.0          11          11         0.0           1
inspectionrecord$Employee.browse#ready                   0.0           0           0         0.0           1
inspectionrecord$Employee.browse#uiPermissions           0.0           0           0         0.0           1
inspectionrecord$Employee.browse#xml                     0.0           0           0         0.0           1
inspectionrecord$Employee.browse@employeesDs           135.0         135         135         0.0           1
inspectionrecord$InspectionRecord.browse#init            4.0           4           4         0.0           1
inspectionrecord$InspectionRecord.browse#inject          0.0           0           0         0.0           1
inspectionrecord$InspectionRecord.browse#load           73.0          73          73         0.0           1
inspectionrecord$InspectionRecord.browse#ready           0.0           0           0         0.0           1
inspectionrecord$InspectionRecord.browse#uiPermissions         0.0           0           0         0.0           1
inspectionrecord$InspectionRecord.browse#xml             2.0           2           2         0.0           1
inspectionrecord$InspectionRecord.browse@inspectionRecordsDs        12.0          12          12         0.0           1
inspectionrecord$Job.browse#init                         0.0           0           0         0.0           3
inspectionrecord$Job.browse#inject                       0.0           0           0         0.0           3
inspectionrecord$Job.browse#load                         9.0           7          11         1.6           3
inspectionrecord$Job.browse#ready                        0.0           0           0         0.0           3
inspectionrecord$Job.browse#uiPermissions                0.0           0           0         0.0           3
inspectionrecord$Job.browse#xml                          0.0           0           0         0.0           3
inspectionrecord$Job.browse@jobsDs                     136.7         134         138         1.9           3

Performance Statistics   2018-02-01 10:40:00 - 2018-02-01 10:42:00
Tag                                                  Avg(ms)         Min         Max     Std Dev       Count

Performance Statistics   2018-02-01 10:42:00 - 2018-02-01 10:44:00
Tag                                                  Avg(ms)         Min         Max     Std Dev       Count

Performance Statistics   2018-02-01 10:44:00 - 2018-02-01 10:46:00
Tag                                                  Avg(ms)         Min         Max     Std Dev       Count

Performance Statistics   2018-02-01 10:46:00 - 2018-02-01 10:48:00
Tag                                                  Avg(ms)         Min         Max     Std Dev       Count

Performance Statistics   2018-02-01 10:48:00 - 2018-02-01 10:50:00
Tag                                                  Avg(ms)         Min         Max     Std Dev       Count

Performance Statistics   2018-02-01 10:50:00 - 2018-02-01 10:52:00
Tag                                                  Avg(ms)         Min         Max     Std Dev       Count

Performance Statistics   2018-02-01 10:52:00 - 2018-02-01 10:54:00
Tag                                                  Avg(ms)         Min         Max     Std Dev       Count

Performance Statistics   2018-02-01 10:54:00 - 2018-02-01 10:56:00
Tag                                                  Avg(ms)         Min         Max     Std Dev       Count

Performance Statistics   2018-02-01 10:56:00 - 2018-02-01 10:58:00
Tag                                                  Avg(ms)         Min         Max     Std Dev       Count

Performance Statistics   2018-02-01 10:58:00 - 2018-02-01 11:00:00
Tag                                                  Avg(ms)         Min         Max     Std Dev       Count

Performance Statistics   2018-02-01 11:00:00 - 2018-02-01 11:02:00
Tag                                                  Avg(ms)         Min         Max     Std Dev       Count

Performance Statistics   2018-02-01 11:02:00 - 2018-02-01 11:04:00
Tag                                                  Avg(ms)         Min         Max     Std Dev       Count

Performance Statistics   2018-02-01 11:04:00 - 2018-02-01 11:06:00
Tag                                                  Avg(ms)         Min         Max     Std Dev       Count

Performance Statistics   2018-02-01 11:06:00 - 2018-02-01 11:08:00
Tag                                                  Avg(ms)         Min         Max     Std Dev       Count

Performance Statistics   2018-02-01 11:08:00 - 2018-02-01 11:10:00
Tag                                                  Avg(ms)         Min         Max     Std Dev       Count

Performance Statistics   2018-02-01 11:10:00 - 2018-02-01 11:12:00
Tag                                                  Avg(ms)         Min         Max     Std Dev       Count

Performance Statistics   2018-02-01 11:12:00 - 2018-02-01 11:14:00
Tag                                                  Avg(ms)         Min         Max     Std Dev       Count

Performance Statistics   2018-02-01 11:14:00 - 2018-02-01 11:16:00
Tag                                                  Avg(ms)         Min         Max     Std Dev       Count

Performance Statistics   2018-02-01 11:16:00 - 2018-02-01 11:18:00
Tag                                                  Avg(ms)         Min         Max     Std Dev       Count

Performance Statistics   2018-02-01 11:20:00 - 2018-02-01 11:22:00
Tag                                                  Avg(ms)         Min         Max     Std Dev       Count
addCondition#init                                        5.0           5           5         0.0           1
addCondition#inject                                      0.0           0           0         0.0           1
addCondition#load                                       24.0          24          24         0.0           1
addCondition#ready                                       0.0           0           0         0.0           1
addCondition#uiPermissions                               0.0           0           0         0.0           1
addCondition#xml                                         1.0           1           1         0.0           1
addCondition@conditionDescriptorsDs                      0.0           0           0         0.0           5
inspectionrecord$Employee.browse#init                    5.0           5           5         0.0           1
inspectionrecord$Employee.browse#inject                  1.0           1           1         0.0           1
inspectionrecord$Employee.browse#load                  493.0         493         493         0.0           1
inspectionrecord$Employee.browse#ready                   0.0           0           0         0.0           1
inspectionrecord$Employee.browse#uiPermissions           0.0           0           0         0.0           1
inspectionrecord$Employee.browse#xml                     4.0           4           4         0.0           1
inspectionrecord$Employee.browse@employeesDs          1035.0        1035        1035         0.0           1
inspectionrecord$HtEmpl.browse#init                      0.0           0           0         0.0           1
inspectionrecord$HtEmpl.browse#inject                    0.0           0           0         0.0           1
inspectionrecord$HtEmpl.browse#load                     79.0          79          79         0.0           1
inspectionrecord$HtEmpl.browse#ready                     0.0           0           0         0.0           1
inspectionrecord$HtEmpl.browse#uiPermissions             0.0           0           0         0.0           1
inspectionrecord$HtEmpl.browse#xml                       3.0           3           3         0.0           1
inspectionrecord$HtEmpl.browse@htEmplsDs               299.5         289         310        10.5           2
loginWindow#init                                        19.0          19          19         0.0           1
loginWindow#inject                                       8.0           8           8         0.0           1
loginWindow#load                                       304.0         304         304         0.0           1
loginWindow#ready                                        0.0           0           0         0.0           1
loginWindow#uiPermissions                                0.0           0           0         0.0           1
loginWindow#xml                                         10.0          10          10         0.0           1
mainWindow#init                                         24.0          24          24         0.0           1
mainWindow#inject                                        2.0           2           2         0.0           1
mainWindow#load                                        159.0         159         159         0.0           1
mainWindow#ready                                         0.0           0           0         0.0           1
mainWindow#uiPermissions                                 0.0           0           0         0.0           1
mainWindow#xml                                           1.0           1           1         0.0           1

Performance Statistics   2018-02-01 11:22:00 - 2018-02-01 11:24:00
Tag                                                  Avg(ms)         Min         Max     Std Dev       Count
inspectionrecord$Employee.browse#init                    0.0           0           0         0.0           1
inspectionrecord$Employee.browse#inject                  0.0           0           0         0.0           1
inspectionrecord$Employee.browse#load                    9.0           9           9         0.0           1
inspectionrecord$Employee.browse#ready                   0.0           0           0         0.0           1
inspectionrecord$Employee.browse#uiPermissions           0.0           0           0         0.0           1
inspectionrecord$Employee.browse#xml                     0.0           0           0         0.0           1
inspectionrecord$Employee.browse@employeesDs           180.0         180         180         0.0           1
inspectionrecord$HtEmpl.browse#init                      0.0           0           0         0.0           1
inspectionrecord$HtEmpl.browse#inject                    0.0           0           0         0.0           1
inspectionrecord$HtEmpl.browse#load                     33.0          33          33         0.0           1
inspectionrecord$HtEmpl.browse#ready                     0.0           0           0         0.0           1
inspectionrecord$HtEmpl.browse#uiPermissions             0.0           0           0         0.0           1
inspectionrecord$HtEmpl.browse#xml                       0.0           0           0         0.0           1
inspectionrecord$HtEmpl.browse@htEmplsDs               342.5         263         422        79.5           2

Performance Statistics   2018-02-01 11:24:00 - 2018-02-01 11:26:00
Tag                                                  Avg(ms)         Min         Max     Std Dev       Count
inspectionrecord$DefectType.browse#init                  6.0           6           6         0.0           1
inspectionrecord$DefectType.browse#inject                0.0           0           0         0.0           1
inspectionrecord$DefectType.browse#load                 65.0          65          65         0.0           1
inspectionrecord$DefectType.browse#ready                 0.0           0           0         0.0           1
inspectionrecord$DefectType.browse#uiPermissions         0.0           0           0         0.0           1
inspectionrecord$DefectType.browse#xml                   1.0           1           1         0.0           1
inspectionrecord$DefectType.browse@defectTypesDs       168.0         168         168         0.0           1
inspectionrecord$HtJob.browse#init                       0.0           0           0         0.0           2
inspectionrecord$HtJob.browse#inject                     0.0           0           0         0.0           2
inspectionrecord$HtJob.browse#load                      29.0          24          34         5.0           2
inspectionrecord$HtJob.browse#ready                      0.0           0           0         0.0           2
inspectionrecord$HtJob.browse#uiPermissions              0.0           0           0         0.0           2
inspectionrecord$HtJob.browse#xml                        0.0           0           0         0.0           2
inspectionrecord$HtJob.browse@htJobsDs                 179.5         176         183         3.5           2
inspectionrecord$Job.browse#init                         4.0           4           4         0.0           1
inspectionrecord$Job.browse#inject                       0.0           0           0         0.0           1
inspectionrecord$Job.browse#load                        47.0          47          47         0.0           1
inspectionrecord$Job.browse#ready                        0.0           0           0         0.0           1
inspectionrecord$Job.browse#uiPermissions                0.0           0           0         0.0           1
inspectionrecord$Job.browse#xml                          1.0           1           1         0.0           1
inspectionrecord$Job.browse@jobsDs                     139.0         139         139         0.0           1

Performance Statistics   2018-02-01 11:26:00 - 2018-02-01 11:28:00
Tag                                                  Avg(ms)         Min         Max     Std Dev       Count
addCondition#init                                        0.0           0           0         0.0           2
addCondition#inject                                      0.0           0           0         0.0           2
addCondition#load                                        8.5           7          10         1.5           2
addCondition#ready                                       0.0           0           0         0.0           2
addCondition#uiPermissions                               0.0           0           0         0.0           2
addCondition#xml                                         0.0           0           0         0.0           2
addCondition@conditionDescriptorsDs                      0.0           0           0         0.0           7
inspectionrecord$HtEmpl.browse#init                      0.0           0           0         0.0           2
inspectionrecord$HtEmpl.browse#inject                    0.0           0           0         0.0           2
inspectionrecord$HtEmpl.browse#load                     23.0          19          27         4.0           2
inspectionrecord$HtEmpl.browse#ready                     0.0           0           0         0.0           2
inspectionrecord$HtEmpl.browse#uiPermissions             0.0           0           0         0.0           2
inspectionrecord$HtEmpl.browse#xml                       0.0           0           0         0.0           2
inspectionrecord$HtEmpl.browse@htEmplsDs               232.8         221         258        12.9           5

Performance Statistics   2018-02-01 11:28:00 - 2018-02-01 11:30:00
Tag                                                  Avg(ms)         Min         Max     Std Dev       Count
inspectionrecord$HtJob.browse#init                       0.0           0           0         0.0           1
inspectionrecord$HtJob.browse#inject                     6.0           6           6         0.0           1
inspectionrecord$HtJob.browse#load                       9.0           9           9         0.0           1
inspectionrecord$HtJob.browse#ready                      0.0           0           0         0.0           1
inspectionrecord$HtJob.browse#uiPermissions              0.0           0           0         0.0           1
inspectionrecord$HtJob.browse#xml                        0.0           0           0         0.0           1
inspectionrecord$HtJob.browse@htJobsDs                 184.0         184         184         0.0           1

Performance Statistics   2018-02-01 11:30:00 - 2018-02-01 11:32:00
Tag                                                  Avg(ms)         Min         Max     Std Dev       Count
addCondition#init                                        0.0           0           0         0.0           1
addCondition#inject                                      0.0           0           0         0.0           1
addCondition#load                                       23.0          23          23         0.0           1
addCondition#ready                                       0.0           0           0         0.0           1
addCondition#uiPermissions                               0.0           0           0         0.0           1
addCondition#xml                                         0.0           0           0         0.0           1
addCondition@conditionDescriptorsDs                      0.0           0           0         0.0           5
inspectionrecord$HtJob.browse#init                       0.0           0           0         0.0           2
inspectionrecord$HtJob.browse#inject                     0.0           0           0         0.0           2
inspectionrecord$HtJob.browse#load                      10.5           7          14         3.5           2
inspectionrecord$HtJob.browse#ready                      0.0           0           0         0.0           2
inspectionrecord$HtJob.browse#uiPermissions              0.0           0           0         0.0           2
inspectionrecord$HtJob.browse#xml                        0.0           0           0         0.0           2
inspectionrecord$HtJob.browse@htJobsDs                 183.0         182         184         1.0           2
inspectionrecord$Job.browse#init                         0.0           0           0         0.0           1
inspectionrecord$Job.browse#inject                       0.0           0           0         0.0           1
inspectionrecord$Job.browse#load                         8.0           8           8         0.0           1
inspectionrecord$Job.browse#ready                        0.0           0           0         0.0           1
inspectionrecord$Job.browse#uiPermissions                0.0           0           0         0.0           1
inspectionrecord$Job.browse#xml                          0.0           0           0         0.0           1
inspectionrecord$Job.browse@jobsDs                     172.0         132         212        40.0           2

Performance Statistics   2018-02-01 11:32:00 - 2018-02-01 11:34:00
Tag                                                  Avg(ms)         Min         Max     Std Dev       Count
inspectionrecord$HtEmpl.browse@htEmplsDs               234.0         234         234         0.0           1
inspectionrecord$Job.browse#init                         0.0           0           0         0.0           1
inspectionrecord$Job.browse#inject                       0.0           0           0         0.0           1
inspectionrecord$Job.browse#load                        12.0          12          12         0.0           1
inspectionrecord$Job.browse#ready                        0.0           0           0         0.0           1
inspectionrecord$Job.browse#uiPermissions                0.0           0           0         0.0           1
inspectionrecord$Job.browse#xml                          0.0           0           0         0.0           1
inspectionrecord$Job.browse@jobsDs                     175.0         175         175         0.0           1

Performance Statistics   2018-02-01 11:34:00 - 2018-02-01 11:36:00
Tag                                                  Avg(ms)         Min         Max     Std Dev       Count
inspectionrecord$Employee.browse#init                    7.0           7           7         0.0           1
inspectionrecord$Employee.browse#inject                  1.0           1           1         0.0           1
inspectionrecord$Employee.browse#load                  519.0         519         519         0.0           1
inspectionrecord$Employee.browse#ready                   0.0           0           0         0.0           1
inspectionrecord$Employee.browse#uiPermissions           0.0           0           0         0.0           1
inspectionrecord$Employee.browse#xml                     3.0           3           3         0.0           1
inspectionrecord$Employee.browse@employeesDs          1099.0        1099        1099         0.0           1
loginWindow#init                                        10.0          10          10         0.0           1
loginWindow#inject                                       8.0           8           8         0.0           1
loginWindow#load                                       222.0         222         222         0.0           1
loginWindow#ready                                        0.0           0           0         0.0           1
loginWindow#uiPermissions                                0.0           0           0         0.0           1
loginWindow#xml                                         10.0          10          10         0.0           1
mainWindow#init                                         16.0          16          16         0.0           1
mainWindow#inject                                        1.0           1           1         0.0           1
mainWindow#load                                        190.0         190         190         0.0           1
mainWindow#ready                                         0.0           0           0         0.0           1
mainWindow#uiPermissions                                 0.0           0           0         0.0           1
mainWindow#xml                                           1.0           1           1         0.0           1

Performance Statistics   2018-02-01 11:36:00 - 2018-02-01 11:38:00
Tag                                                  Avg(ms)         Min         Max     Std Dev       Count

Performance Statistics   2018-02-01 11:40:00 - 2018-02-01 11:42:00
Tag                                                  Avg(ms)         Min         Max     Std Dev       Count
inspectionrecord$DefectType.browse#init                 10.0          10          10         0.0           1
inspectionrecord$DefectType.browse#inject                2.0           2           2         0.0           1
inspectionrecord$DefectType.browse#load                600.0         600         600         0.0           1
inspectionrecord$DefectType.browse#ready                 0.0           0           0         0.0           1
inspectionrecord$DefectType.browse#uiPermissions         0.0           0           0         0.0           1
inspectionrecord$DefectType.browse#xml                   6.0           6           6         0.0           1
inspectionrecord$DefectType.browse@defectTypesDs      1102.0        1102        1102         0.0           1
inspectionrecord$Employee.browse#init                    6.0           6           6         0.0           1
inspectionrecord$Employee.browse#inject                  0.0           0           0         0.0           1
inspectionrecord$Employee.browse#load                   28.0          28          28         0.0           1
inspectionrecord$Employee.browse#ready                   0.0           0           0         0.0           1
inspectionrecord$Employee.browse#uiPermissions           0.0           0           0         0.0           1
inspectionrecord$Employee.browse#xml                     1.0           1           1         0.0           1
inspectionrecord$Employee.browse@employeesDs           149.0         149         149         0.0           1
inspectionrecord$HtEmpl.browse#init                      0.0           0           0         0.0           1
inspectionrecord$HtEmpl.browse#inject                    0.0           0           0         0.0           1
inspectionrecord$HtEmpl.browse#load                     80.0          80          80         0.0           1
inspectionrecord$HtEmpl.browse#ready                     0.0           0           0         0.0           1
inspectionrecord$HtEmpl.browse#uiPermissions             0.0           0           0         0.0           1
inspectionrecord$HtEmpl.browse#xml                       2.0           2           2         0.0           1
inspectionrecord$HtEmpl.browse@htEmplsDs               358.0         358         358         0.0           1
inspectionrecord$HtJob.browse#init                       0.0           0           0         0.0           1
inspectionrecord$HtJob.browse#inject                     0.0           0           0         0.0           1
inspectionrecord$HtJob.browse#load                      29.0          29          29         0.0           1
inspectionrecord$HtJob.browse#ready                      0.0           0           0         0.0           1
inspectionrecord$HtJob.browse#uiPermissions              0.0           0           0         0.0           1
inspectionrecord$HtJob.browse#xml                        1.0           1           1         0.0           1
inspectionrecord$HtJob.browse@htJobsDs                 223.0         223         223         0.0           1
inspectionrecord$InspectionRecord.browse#init            6.0           6           6         0.0           1
inspectionrecord$InspectionRecord.browse#inject          0.0           0           0         0.0           1
inspectionrecord$InspectionRecord.browse#load           64.0          64          64         0.0           1
inspectionrecord$InspectionRecord.browse#ready           0.0           0           0         0.0           1
inspectionrecord$InspectionRecord.browse#uiPermissions         0.0           0           0         0.0           1
inspectionrecord$InspectionRecord.browse#xml             1.0           1           1         0.0           1
inspectionrecord$InspectionRecord.browse@inspectionRecordsDs        30.0          30          30         0.0           1
inspectionrecord$Job.browse#init                         5.0           5           5         0.0           1
inspectionrecord$Job.browse#inject                       0.0           0           0         0.0           1
inspectionrecord$Job.browse#load                        51.0          51          51         0.0           1
inspectionrecord$Job.browse#ready                        0.0           0           0         0.0           1
inspectionrecord$Job.browse#uiPermissions                0.0           0           0         0.0           1
inspectionrecord$Job.browse#xml                          2.0           2           2         0.0           1
inspectionrecord$Job.browse@jobsDs                     164.0         164         164         0.0           1
loginWindow#init                                        14.0          14          14         0.0           1
loginWindow#inject                                       9.0           9           9         0.0           1
loginWindow#load                                       302.0         302         302         0.0           1
loginWindow#ready                                        0.0           0           0         0.0           1
loginWindow#uiPermissions                                0.0           0           0         0.0           1
loginWindow#xml                                          8.0           8           8         0.0           1
mainWindow#init                                         17.0          17          17         0.0           1
mainWindow#inject                                        1.0           1           1         0.0           1
mainWindow#load                                        208.0         208         208         0.0           1
mainWindow#ready                                         0.0           0           0         0.0           1
mainWindow#uiPermissions                                 0.0           0           0         0.0           1
mainWindow#xml                                           1.0           1           1         0.0           1

Performance Statistics   2018-02-01 11:42:00 - 2018-02-01 11:44:00
Tag                                                  Avg(ms)         Min         Max     Std Dev       Count
inspectionrecord$HtJob.browse#init                       0.0           0           0         0.0           1
inspectionrecord$HtJob.browse#inject                     0.0           0           0         0.0           1
inspectionrecord$HtJob.browse#load                      12.0          12          12         0.0           1
inspectionrecord$HtJob.browse#ready                      0.0           0           0         0.0           1
inspectionrecord$HtJob.browse#uiPermissions              0.0           0           0         0.0           1
inspectionrecord$HtJob.browse#xml                        0.0           0           0         0.0           1
inspectionrecord$HtJob.browse@htJobsDs                 193.0         193         193         0.0           1
inspectionrecord$Job.browse#init                         0.0           0           0         0.0           1
inspectionrecord$Job.browse#inject                       2.0           2           2         0.0           1
inspectionrecord$Job.browse#load                        18.0          18          18         0.0           1
inspectionrecord$Job.browse#ready                        0.0           0           0         0.0           1
inspectionrecord$Job.browse#uiPermissions                0.0           0           0         0.0           1
inspectionrecord$Job.browse#xml                          0.0           0           0         0.0           1
inspectionrecord$Job.browse@jobsDs                     139.0         139         139         0.0           1

Performance Statistics   2018-02-01 11:44:00 - 2018-02-01 11:46:00
Tag                                                  Avg(ms)         Min         Max     Std Dev       Count
inspectionrecord$Job.browse#init                         0.0           0           0         0.0           4
inspectionrecord$Job.browse#inject                       0.0           0           0         0.0           4
inspectionrecord$Job.browse#load                        10.3           9          13         1.6           4
inspectionrecord$Job.browse#ready                        0.0           0           0         0.0           4
inspectionrecord$Job.browse#uiPermissions                0.0           0           0         0.0           4
inspectionrecord$Job.browse#xml                          0.0           0           0         0.0           4
inspectionrecord$Job.browse@jobsDs                     142.8         134         166        13.4           4

Performance Statistics   2018-02-01 11:46:00 - 2018-02-01 11:48:00
Tag                                                  Avg(ms)         Min         Max     Std Dev       Count

Performance Statistics   2018-02-01 11:48:00 - 2018-02-01 11:50:00
Tag                                                  Avg(ms)         Min         Max     Std Dev       Count

Performance Statistics   2018-02-01 11:54:00 - 2018-02-01 11:56:00
Tag                                                  Avg(ms)         Min         Max     Std Dev       Count

Performance Statistics   2018-02-01 11:56:00 - 2018-02-01 11:58:00
Tag                                                  Avg(ms)         Min         Max     Std Dev       Count

Performance Statistics   2018-02-01 11:58:00 - 2018-02-01 12:00:00
Tag                                                  Avg(ms)         Min         Max     Std Dev       Count

Performance Statistics   2018-02-01 12:00:00 - 2018-02-01 12:02:00
Tag                                                  Avg(ms)         Min         Max     Std Dev       Count

Performance Statistics   2018-02-01 12:02:00 - 2018-02-01 12:04:00
Tag                                                  Avg(ms)         Min         Max     Std Dev       Count

Performance Statistics   2018-02-01 12:04:00 - 2018-02-01 12:06:00
Tag                                                  Avg(ms)         Min         Max     Std Dev       Count

Performance Statistics   2018-02-01 12:06:00 - 2018-02-01 12:08:00
Tag                                                  Avg(ms)         Min         Max     Std Dev       Count

Performance Statistics   2018-02-01 12:08:00 - 2018-02-01 12:10:00
Tag                                                  Avg(ms)         Min         Max     Std Dev       Count

Performance Statistics   2018-02-01 12:10:00 - 2018-02-01 12:12:00
Tag                                                  Avg(ms)         Min         Max     Std Dev       Count

Performance Statistics   2018-02-01 12:12:00 - 2018-02-01 12:14:00
Tag                                                  Avg(ms)         Min         Max     Std Dev       Count

Performance Statistics   2018-02-01 12:14:00 - 2018-02-01 12:16:00
Tag                                                  Avg(ms)         Min         Max     Std Dev       Count

Performance Statistics   2018-02-01 12:16:00 - 2018-02-01 12:18:00
Tag                                                  Avg(ms)         Min         Max     Std Dev       Count

Performance Statistics   2018-02-01 12:18:00 - 2018-02-01 12:20:00
Tag                                                  Avg(ms)         Min         Max     Std Dev       Count

Performance Statistics   2018-02-01 12:20:00 - 2018-02-01 12:22:00
Tag                                                  Avg(ms)         Min         Max     Std Dev       Count

Performance Statistics   2018-02-01 12:22:00 - 2018-02-01 12:24:00
Tag                                                  Avg(ms)         Min         Max     Std Dev       Count

Performance Statistics   2018-02-01 12:24:00 - 2018-02-01 12:26:00
Tag                                                  Avg(ms)         Min         Max     Std Dev       Count

Performance Statistics   2018-02-01 12:26:00 - 2018-02-01 12:28:00
Tag                                                  Avg(ms)         Min         Max     Std Dev       Count

Performance Statistics   2018-02-01 12:28:00 - 2018-02-01 12:30:00
Tag                                                  Avg(ms)         Min         Max     Std Dev       Count

Performance Statistics   2018-02-01 12:30:00 - 2018-02-01 12:32:00
Tag                                                  Avg(ms)         Min         Max     Std Dev       Count

Performance Statistics   2018-02-01 12:32:00 - 2018-02-01 12:34:00
Tag                                                  Avg(ms)         Min         Max     Std Dev       Count

Performance Statistics   2018-02-01 12:34:00 - 2018-02-01 12:36:00
Tag                                                  Avg(ms)         Min         Max     Std Dev       Count

Performance Statistics   2018-02-01 12:36:00 - 2018-02-01 12:38:00
Tag                                                  Avg(ms)         Min         Max     Std Dev       Count

Performance Statistics   2018-02-01 12:38:00 - 2018-02-01 12:40:00
Tag                                                  Avg(ms)         Min         Max     Std Dev       Count

Performance Statistics   2018-02-01 12:40:00 - 2018-02-01 12:42:00
Tag                                                  Avg(ms)         Min         Max     Std Dev       Count

Performance Statistics   2018-02-01 12:42:00 - 2018-02-01 12:44:00
Tag                                                  Avg(ms)         Min         Max     Std Dev       Count

Performance Statistics   2018-02-01 12:44:00 - 2018-02-01 12:46:00
Tag                                                  Avg(ms)         Min         Max     Std Dev       Count

Performance Statistics   2018-02-01 12:46:00 - 2018-02-01 12:48:00
Tag                                                  Avg(ms)         Min         Max     Std Dev       Count

Performance Statistics   2018-02-01 12:48:00 - 2018-02-01 12:50:00
Tag                                                  Avg(ms)         Min         Max     Std Dev       Count

Performance Statistics   2018-02-01 12:50:00 - 2018-02-01 12:52:00
Tag                                                  Avg(ms)         Min         Max     Std Dev       Count

Performance Statistics   2018-02-01 12:52:00 - 2018-02-01 12:54:00
Tag                                                  Avg(ms)         Min         Max     Std Dev       Count

Performance Statistics   2018-02-01 12:54:00 - 2018-02-01 12:56:00
Tag                                                  Avg(ms)         Min         Max     Std Dev       Count

Performance Statistics   2018-02-01 12:56:00 - 2018-02-01 12:58:00
Tag                                                  Avg(ms)         Min         Max     Std Dev       Count

Performance Statistics   2018-02-01 12:58:00 - 2018-02-01 13:00:00
Tag                                                  Avg(ms)         Min         Max     Std Dev       Count

Performance Statistics   2018-02-01 13:00:00 - 2018-02-01 13:02:00
Tag                                                  Avg(ms)         Min         Max     Std Dev       Count

Performance Statistics   2018-02-01 13:02:00 - 2018-02-01 13:04:00
Tag                                                  Avg(ms)         Min         Max     Std Dev       Count

Performance Statistics   2018-02-01 13:04:00 - 2018-02-01 13:06:00
Tag                                                  Avg(ms)         Min         Max     Std Dev       Count

Performance Statistics   2018-02-01 13:06:00 - 2018-02-01 13:08:00
Tag                                                  Avg(ms)         Min         Max     Std Dev       Count

Performance Statistics   2018-02-01 13:08:00 - 2018-02-01 13:10:00
Tag                                                  Avg(ms)         Min         Max     Std Dev       Count

Performance Statistics   2018-02-01 13:10:00 - 2018-02-01 13:12:00
Tag                                                  Avg(ms)         Min         Max     Std Dev       Count

Performance Statistics   2018-02-01 13:12:00 - 2018-02-01 13:14:00
Tag                                                  Avg(ms)         Min         Max     Std Dev       Count

Performance Statistics   2018-02-01 13:14:00 - 2018-02-01 13:16:00
Tag                                                  Avg(ms)         Min         Max     Std Dev       Count

Performance Statistics   2018-02-01 13:16:00 - 2018-02-01 13:18:00
Tag                                                  Avg(ms)         Min         Max     Std Dev       Count

Performance Statistics   2018-02-01 13:18:00 - 2018-02-01 13:20:00
Tag                                                  Avg(ms)         Min         Max     Std Dev       Count

Performance Statistics   2018-02-01 13:20:00 - 2018-02-01 13:22:00
Tag                                                  Avg(ms)         Min         Max     Std Dev       Count

Performance Statistics   2018-02-01 13:22:00 - 2018-02-01 13:24:00
Tag                                                  Avg(ms)         Min         Max     Std Dev       Count

Performance Statistics   2018-02-01 13:24:00 - 2018-02-01 13:26:00
Tag                                                  Avg(ms)         Min         Max     Std Dev       Count

Performance Statistics   2018-02-01 13:26:00 - 2018-02-01 13:28:00
Tag                                                  Avg(ms)         Min         Max     Std Dev       Count

Performance Statistics   2018-02-01 13:28:00 - 2018-02-01 13:30:00
Tag                                                  Avg(ms)         Min         Max     Std Dev       Count

Performance Statistics   2018-02-01 13:30:00 - 2018-02-01 13:32:00
Tag                                                  Avg(ms)         Min         Max     Std Dev       Count

Performance Statistics   2018-02-01 13:32:00 - 2018-02-01 13:34:00
Tag                                                  Avg(ms)         Min         Max     Std Dev       Count

Performance Statistics   2018-02-01 13:34:00 - 2018-02-01 13:36:00
Tag                                                  Avg(ms)         Min         Max     Std Dev       Count

Performance Statistics   2018-02-01 16:46:00 - 2018-02-01 16:48:00
Tag                                                  Avg(ms)         Min         Max     Std Dev       Count
inspectionrecord$DefectType.browse#init                  6.0           6           6         0.0           1
inspectionrecord$DefectType.browse#inject                0.0           0           0         0.0           1
inspectionrecord$DefectType.browse#load                 95.0          95          95         0.0           1
inspectionrecord$DefectType.browse#ready                 0.0           0           0         0.0           1
inspectionrecord$DefectType.browse#uiPermissions         0.0           0           0         0.0           1
inspectionrecord$DefectType.browse#xml                   3.0           3           3         0.0           1
inspectionrecord$DefectType.browse@defectTypesDs        23.0          23          23         0.0           1
inspectionrecord$Employee.browse#init                    4.0           4           4         0.0           1
inspectionrecord$Employee.browse#inject                  0.0           0           0         0.0           1
inspectionrecord$Employee.browse#load                   38.0          38          38         0.0           1
inspectionrecord$Employee.browse#ready                   0.0           0           0         0.0           1
inspectionrecord$Employee.browse#uiPermissions           0.0           0           0         0.0           1
inspectionrecord$Employee.browse#xml                     3.0           3           3         0.0           1
inspectionrecord$Employee.browse@employeesDs            16.0          16          16         0.0           1
inspectionrecord$HtJob.browse#init                       0.0           0           0         0.0           1
inspectionrecord$HtJob.browse#inject                     0.0           0           0         0.0           1
inspectionrecord$HtJob.browse#load                      55.0          55          55         0.0           1
inspectionrecord$HtJob.browse#ready                      0.0           0           0         0.0           1
inspectionrecord$HtJob.browse#uiPermissions              0.0           0           0         0.0           1
inspectionrecord$HtJob.browse#xml                        2.0           2           2         0.0           1
inspectionrecord$HtJob.browse@htJobsDs                 923.0         923         923         0.0           1
inspectionrecord$Job.browse#init                         1.7           0           5         2.4           3
inspectionrecord$Job.browse#inject                       0.3           0           1         0.5           3
inspectionrecord$Job.browse#load                       226.0          11         654       302.6           3
inspectionrecord$Job.browse#ready                        0.0           0           0         0.0           3
inspectionrecord$Job.browse#uiPermissions                0.0           0           0         0.0           3
inspectionrecord$Job.browse#xml                          1.7           0           5         2.4           3
inspectionrecord$Job.browse@jobsDs                     171.3         137         234        44.4           3
loginWindow#init                                        10.0          10          10         0.0           1
loginWindow#inject                                       8.0           8           8         0.0           1
loginWindow#load                                       286.0         286         286         0.0           1
loginWindow#ready                                        0.0           0           0         0.0           1
loginWindow#uiPermissions                                0.0           0           0         0.0           1
loginWindow#xml                                          8.0           8           8         0.0           1
mainWindow#init                                         27.0          27          27         0.0           1
mainWindow#inject                                        1.0           1           1         0.0           1
mainWindow#load                                        237.0         237         237         0.0           1
mainWindow#ready                                         0.0           0           0         0.0           1
mainWindow#uiPermissions                                 0.0           0           0         0.0           1
mainWindow#xml                                           6.0           6           6         0.0           1

Performance Statistics   2018-02-01 16:48:00 - 2018-02-01 16:50:00
Tag                                                  Avg(ms)         Min         Max     Std Dev       Count
inspectionrecord$HtJob.browse#init                       0.0           0           0         0.0           1
inspectionrecord$HtJob.browse#inject                     0.0           0           0         0.0           1
inspectionrecord$HtJob.browse#load                      12.0          12          12         0.0           1
inspectionrecord$HtJob.browse#ready                      0.0           0           0         0.0           1
inspectionrecord$HtJob.browse#uiPermissions              0.0           0           0         0.0           1
inspectionrecord$HtJob.browse#xml                        0.0           0           0         0.0           1
inspectionrecord$HtJob.browse@htJobsDs                 189.0         189         189         0.0           1
inspectionrecord$Job.browse#init                         0.0           0           0         0.0           2
inspectionrecord$Job.browse#inject                       0.0           0           0         0.0           2
inspectionrecord$Job.browse#load                         9.0           8          10         1.0           2
inspectionrecord$Job.browse#ready                        0.0           0           0         0.0           2
inspectionrecord$Job.browse#uiPermissions                0.0           0           0         0.0           2
inspectionrecord$Job.browse#xml                          0.0           0           0         0.0           2
inspectionrecord$Job.browse@jobsDs                     142.0         133         151         9.0           2

Performance Statistics   2018-02-01 16:50:00 - 2018-02-01 16:52:00
Tag                                                  Avg(ms)         Min         Max     Std Dev       Count

Performance Statistics   2018-02-01 16:52:00 - 2018-02-01 16:54:00
Tag                                                  Avg(ms)         Min         Max     Std Dev       Count

Performance Statistics   2018-02-01 16:54:00 - 2018-02-01 16:56:00
Tag                                                  Avg(ms)         Min         Max     Std Dev       Count

Performance Statistics   2018-02-01 16:56:00 - 2018-02-01 16:58:00
Tag                                                  Avg(ms)         Min         Max     Std Dev       Count

Performance Statistics   2018-02-01 16:58:00 - 2018-02-01 17:00:00
Tag                                                  Avg(ms)         Min         Max     Std Dev       Count

Performance Statistics   2018-02-01 17:00:00 - 2018-02-01 17:02:00
Tag                                                  Avg(ms)         Min         Max     Std Dev       Count

Performance Statistics   2018-02-01 17:08:00 - 2018-02-01 17:10:00
Tag                                                  Avg(ms)         Min         Max     Std Dev       Count

Performance Statistics   2018-02-01 17:10:00 - 2018-02-01 17:12:00
Tag                                                  Avg(ms)         Min         Max     Std Dev       Count

Performance Statistics   2018-02-01 17:12:00 - 2018-02-01 17:14:00
Tag                                                  Avg(ms)         Min         Max     Std Dev       Count

Performance Statistics   2018-02-01 17:14:00 - 2018-02-01 17:16:00
Tag                                                  Avg(ms)         Min         Max     Std Dev       Count

Performance Statistics   2018-02-01 17:16:00 - 2018-02-01 17:18:00
Tag                                                  Avg(ms)         Min         Max     Std Dev       Count

Performance Statistics   2018-02-01 17:18:00 - 2018-02-01 17:20:00
Tag                                                  Avg(ms)         Min         Max     Std Dev       Count

Performance Statistics   2018-02-01 17:20:00 - 2018-02-01 17:22:00
Tag                                                  Avg(ms)         Min         Max     Std Dev       Count

Performance Statistics   2018-02-01 17:22:00 - 2018-02-01 17:24:00
Tag                                                  Avg(ms)         Min         Max     Std Dev       Count

Performance Statistics   2018-02-01 17:24:00 - 2018-02-01 17:26:00
Tag                                                  Avg(ms)         Min         Max     Std Dev       Count

Performance Statistics   2018-02-01 17:26:00 - 2018-02-01 17:28:00
Tag                                                  Avg(ms)         Min         Max     Std Dev       Count

Performance Statistics   2018-02-01 17:28:00 - 2018-02-01 17:30:00
Tag                                                  Avg(ms)         Min         Max     Std Dev       Count

Performance Statistics   2018-02-01 17:30:00 - 2018-02-01 17:32:00
Tag                                                  Avg(ms)         Min         Max     Std Dev       Count

Performance Statistics   2018-02-01 17:32:00 - 2018-02-01 17:34:00
Tag                                                  Avg(ms)         Min         Max     Std Dev       Count

Performance Statistics   2018-02-01 17:34:00 - 2018-02-01 17:36:00
Tag                                                  Avg(ms)         Min         Max     Std Dev       Count

Performance Statistics   2018-02-01 17:36:00 - 2018-02-01 17:38:00
Tag                                                  Avg(ms)         Min         Max     Std Dev       Count

Performance Statistics   2018-02-01 17:38:00 - 2018-02-01 17:40:00
Tag                                                  Avg(ms)         Min         Max     Std Dev       Count

Performance Statistics   2018-02-01 17:40:00 - 2018-02-01 17:42:00
Tag                                                  Avg(ms)         Min         Max     Std Dev       Count

Performance Statistics   2018-02-01 17:42:00 - 2018-02-01 17:44:00
Tag                                                  Avg(ms)         Min         Max     Std Dev       Count

Performance Statistics   2018-02-01 17:44:00 - 2018-02-01 17:46:00
Tag                                                  Avg(ms)         Min         Max     Std Dev       Count

Performance Statistics   2018-02-01 17:46:00 - 2018-02-01 17:48:00
Tag                                                  Avg(ms)         Min         Max     Std Dev       Count

Performance Statistics   2018-02-01 17:48:00 - 2018-02-01 17:50:00
Tag                                                  Avg(ms)         Min         Max     Std Dev       Count

Performance Statistics   2018-02-01 17:50:00 - 2018-02-01 17:52:00
Tag                                                  Avg(ms)         Min         Max     Std Dev       Count

Performance Statistics   2018-02-01 17:52:00 - 2018-02-01 17:54:00
Tag                                                  Avg(ms)         Min         Max     Std Dev       Count

Performance Statistics   2018-02-01 17:54:00 - 2018-02-01 17:56:00
Tag                                                  Avg(ms)         Min         Max     Std Dev       Count

