Performance Statistics   2018-02-05 13:43:00 - 2018-02-05 13:44:00
Tag                                                  Avg(ms)         Min         Max     Std Dev       Count
AppFolders                                              15.0          15          15         0.0           1
LoadClass                                                0.5           0           1         0.5           6
Messages.searchClasspath                                 0.2           0          48         2.4         636
Messages.searchFiles                                     0.0           0          18         0.7         636
Metadata.replaceExtendedMetaClasses                      1.0           1           1         0.0           2
PersistenceSecurity.applyConstraints(..)                 4.5           4           5         0.5           2
QueryParser.getEntityAlias()                             0.3           0           1         0.5           3
QueryParser.getEntityName()                             11.9           0         203        45.1          19
QueryParser.getEntityNameIfSecondaryReturnedInsteadOfMain()         0.0           0           0         0.0          17
QueryParser.getEntityPathIfSecondaryReturnedInsteadOfMain()         0.0           0           0         0.0          17
QueryParser.getParamNames()                              0.1           0           1         0.2          19
QueryParser.hasIsNullCondition(..)                      10.0           9          11         1.0           2
QueryParser.isCollectionSecondaryEntitySelect()          0.0           0           0         0.0           4
QueryTransformer.addEntityInGroupBy(..)                  0.0           0           0         0.0           4
QueryTransformer.addFirstSelectionSource(..)             0.0           0           0         0.0           4
QueryTransformer.addWhereAsIs(..)                        0.3           0           1         0.4           4
QueryTransformer.getResult()                             0.5           0           2         0.9           4
QueryTransformer.replaceWithSelectEntityVariable(..)         0.3           0           1         0.4           4
SearchFolders                                           19.0          19          19         0.0           1
Security.isEntityOpPermitted(..)                         0.0           0           0         0.0           2
ViewRepository.init.ViewRepositoryClientImpl            29.0          29          29         0.0           1
ViewRepository.init.ViewRepositoryImpl                  11.0          11          11         0.0           1

Performance Statistics   2018-02-05 13:44:00 - 2018-02-05 13:45:00
Tag                                                  Avg(ms)         Min         Max     Std Dev       Count
LoadClass                                                0.2           0           2         0.6          14
MenuItem.inspectionrecord$DefectType.browse            190.0         190         190         0.0           1
MenuItem.inspectionrecord$Job.browse                  1206.0        1206        1206         0.0           1
Messages.searchClasspath                                 0.0           0          16         0.9         347
Messages.searchFiles                                     0.0           0          16         0.9         347
PersistenceSecurity.applyConstraints(..)                 0.4           0           2         0.6          35
QueryParser.getEntityAlias()                             0.1           0           1         0.2          18
QueryParser.getEntityName()                              0.0           0           1         0.1          90
QueryParser.getEntityNameIfSecondaryReturnedInsteadOfMain()         0.0           0           0         0.0          55
QueryParser.getEntityPathIfSecondaryReturnedInsteadOfMain()         0.0           0           0         0.0          55
QueryParser.getParamNames()                              0.0           0           0         0.0          90
QueryParser.hasIsNullCondition(..)                       0.0           0           1         0.2          26
QueryParser.isCollectionSecondaryEntitySelect()          0.0           0           0         0.0           2
QueryTransformer.addEntityInGroupBy(..)                  0.0           0           0         0.0           2
QueryTransformer.addFirstSelectionSource(..)             0.0           0           0         0.0           2
QueryTransformer.addWhereAsIs(..)                        0.0           0           0         0.0           2
QueryTransformer.getResult()                             0.0           0           0         0.0           2
QueryTransformer.replaceWithSelectEntityVariable(..)         0.0           0           0         0.0           2
Security.isEntityOpPermitted(..)                         0.0           0           0         0.0          39

Performance Statistics   2018-02-05 13:45:00 - 2018-02-05 13:46:00
Tag                                                  Avg(ms)         Min         Max     Std Dev       Count
LoadClass                                                0.4           0           1         0.5           7
MenuItem.inspectionrecord$Employee.browse               82.0          82          82         0.0           1
Messages.searchClasspath                                 0.0           0          18         0.6        1012
Messages.searchFiles                                     0.0           0           0         0.0        1012
PersistenceSecurity.applyConstraints(..)                 0.9           0           2         0.6           7
QueryParser.getEntityAlias()                             0.0           0           0         0.0           3
QueryParser.getEntityName()                              0.1           0           1         0.2          18
QueryParser.getEntityNameIfSecondaryReturnedInsteadOfMain()         0.0           0           0         0.0          11
QueryParser.getEntityPathIfSecondaryReturnedInsteadOfMain()         0.0           0           0         0.0          11
QueryParser.getParamNames()                              0.0           0           0         0.0          18
QueryParser.hasIsNullCondition(..)                       0.0           0           0         0.0           4
Security.isEntityOpPermitted(..)                         0.0           0           0         0.0           8

Performance Statistics   2018-02-05 13:46:00 - 2018-02-05 13:47:00
Tag                                                  Avg(ms)         Min         Max     Std Dev       Count
QueryParser.getEntityName()                              0.0           0           0         0.0           4
QueryParser.getEntityNameIfSecondaryReturnedInsteadOfMain()         0.0           0           0         0.0           4
QueryParser.getEntityPathIfSecondaryReturnedInsteadOfMain()         0.0           0           0         0.0           4
QueryParser.getParamNames()                              0.0           0           0         0.0           4
QueryParser.isCollectionSecondaryEntitySelect()          0.0           0           0         0.0           2
QueryTransformer.addEntityInGroupBy(..)                  0.0           0           0         0.0           2
QueryTransformer.addFirstSelectionSource(..)             0.0           0           0         0.0           2
QueryTransformer.addWhereAsIs(..)                        0.0           0           0         0.0           2
QueryTransformer.getResult()                             0.0           0           0         0.0           2
QueryTransformer.replaceWithSelectEntityVariable(..)         0.0           0           0         0.0           2

Performance Statistics   2018-02-05 13:47:00 - 2018-02-05 13:48:00
Tag                                                  Avg(ms)         Min         Max     Std Dev       Count

Performance Statistics   2018-02-05 13:48:00 - 2018-02-05 13:49:00
Tag                                                  Avg(ms)         Min         Max     Std Dev       Count
QueryParser.getEntityName()                              0.0           0           0         0.0           7
QueryParser.getEntityNameIfSecondaryReturnedInsteadOfMain()         0.0           0           0         0.0           7
QueryParser.getEntityPathIfSecondaryReturnedInsteadOfMain()         0.0           0           0         0.0           7
QueryParser.getParamNames()                              0.0           0           0         0.0           7
QueryParser.isCollectionSecondaryEntitySelect()          0.0           0           0         0.0           2
QueryTransformer.addEntityInGroupBy(..)                  0.0           0           0         0.0           2
QueryTransformer.addFirstSelectionSource(..)             0.0           0           0         0.0           2
QueryTransformer.addWhereAsIs(..)                        0.0           0           0         0.0           2
QueryTransformer.getResult()                             0.0           0           0         0.0           2
QueryTransformer.replaceWithSelectEntityVariable(..)         0.0           0           0         0.0           2

Performance Statistics   2018-02-05 13:49:00 - 2018-02-05 13:50:00
Tag                                                  Avg(ms)         Min         Max     Std Dev       Count
QueryParser.getEntityName()                              0.0           0           0         0.0          14
QueryParser.getEntityNameIfSecondaryReturnedInsteadOfMain()         0.0           0           0         0.0          14
QueryParser.getEntityPathIfSecondaryReturnedInsteadOfMain()         0.0           0           0         0.0          14
QueryParser.getParamNames()                              0.0           0           0         0.0          14
QueryParser.isCollectionSecondaryEntitySelect()          0.0           0           0         0.0           4
QueryTransformer.addEntityInGroupBy(..)                  0.0           0           0         0.0           4
QueryTransformer.addFirstSelectionSource(..)             0.0           0           0         0.0           4
QueryTransformer.addWhereAsIs(..)                        0.0           0           0         0.0           4
QueryTransformer.getResult()                             0.0           0           0         0.0           4
QueryTransformer.replaceWithSelectEntityVariable(..)         0.0           0           0         0.0           4

Performance Statistics   2018-02-05 13:50:00 - 2018-02-05 13:51:00
Tag                                                  Avg(ms)         Min         Max     Std Dev       Count

Performance Statistics   2018-02-05 13:51:00 - 2018-02-05 13:52:00
Tag                                                  Avg(ms)         Min         Max     Std Dev       Count

Performance Statistics   2018-02-05 13:52:00 - 2018-02-05 13:53:00
Tag                                                  Avg(ms)         Min         Max     Std Dev       Count

Performance Statistics   2018-02-05 13:53:00 - 2018-02-05 13:54:00
Tag                                                  Avg(ms)         Min         Max     Std Dev       Count

Performance Statistics   2018-02-05 13:54:00 - 2018-02-05 13:55:00
Tag                                                  Avg(ms)         Min         Max     Std Dev       Count

Performance Statistics   2018-02-05 13:55:00 - 2018-02-05 13:56:00
Tag                                                  Avg(ms)         Min         Max     Std Dev       Count
QueryParser.getEntityName()                              0.0           0           0         0.0          14
QueryParser.getEntityNameIfSecondaryReturnedInsteadOfMain()         0.0           0           0         0.0          14
QueryParser.getEntityPathIfSecondaryReturnedInsteadOfMain()         0.0           0           0         0.0          14
QueryParser.getParamNames()                              0.0           0           0         0.0          14
QueryParser.isCollectionSecondaryEntitySelect()          0.0           0           0         0.0           4
QueryTransformer.addEntityInGroupBy(..)                  0.0           0           0         0.0           4
QueryTransformer.addFirstSelectionSource(..)             0.0           0           0         0.0           4
QueryTransformer.addWhereAsIs(..)                        0.0           0           0         0.0           4
QueryTransformer.getResult()                             0.0           0           0         0.0           4
QueryTransformer.replaceWithSelectEntityVariable(..)         0.0           0           0         0.0           4

Performance Statistics   2018-02-05 13:56:00 - 2018-02-05 13:57:00
Tag                                                  Avg(ms)         Min         Max     Std Dev       Count

Performance Statistics   2018-02-05 13:57:00 - 2018-02-05 13:58:00
Tag                                                  Avg(ms)         Min         Max     Std Dev       Count

Performance Statistics   2018-02-05 13:58:00 - 2018-02-05 13:59:00
Tag                                                  Avg(ms)         Min         Max     Std Dev       Count
QueryParser.getEntityName()                              0.0           0           0         0.0           7
QueryParser.getEntityNameIfSecondaryReturnedInsteadOfMain()         0.0           0           0         0.0           7
QueryParser.getEntityPathIfSecondaryReturnedInsteadOfMain()         0.0           0           0         0.0           7
QueryParser.getParamNames()                              0.0           0           0         0.0           7
QueryParser.isCollectionSecondaryEntitySelect()          0.0           0           0         0.0           2
QueryTransformer.addEntityInGroupBy(..)                  0.0           0           0         0.0           2
QueryTransformer.addFirstSelectionSource(..)             0.0           0           0         0.0           2
QueryTransformer.addWhereAsIs(..)                        0.0           0           0         0.0           2
QueryTransformer.getResult()                             0.0           0           0         0.0           2
QueryTransformer.replaceWithSelectEntityVariable(..)         0.0           0           0         0.0           2

Performance Statistics   2018-02-05 13:59:00 - 2018-02-05 14:00:00
Tag                                                  Avg(ms)         Min         Max     Std Dev       Count
QueryParser.getEntityName()                              0.0           0           0         0.0           7
QueryParser.getEntityNameIfSecondaryReturnedInsteadOfMain()         0.0           0           0         0.0           7
QueryParser.getEntityPathIfSecondaryReturnedInsteadOfMain()         0.0           0           0         0.0           7
QueryParser.getParamNames()                              0.0           0           0         0.0           7
QueryParser.isCollectionSecondaryEntitySelect()          0.0           0           0         0.0           2
QueryTransformer.addEntityInGroupBy(..)                  0.0           0           0         0.0           2
QueryTransformer.addFirstSelectionSource(..)             0.0           0           0         0.0           2
QueryTransformer.addWhereAsIs(..)                        0.0           0           0         0.0           2
QueryTransformer.getResult()                             0.0           0           0         0.0           2
QueryTransformer.replaceWithSelectEntityVariable(..)         0.0           0           0         0.0           2

Performance Statistics   2018-02-05 14:00:00 - 2018-02-05 14:01:00
Tag                                                  Avg(ms)         Min         Max     Std Dev       Count
QueryParser.getEntityName()                              0.0           0           0         0.0           7
QueryParser.getEntityNameIfSecondaryReturnedInsteadOfMain()         0.0           0           0         0.0           7
QueryParser.getEntityPathIfSecondaryReturnedInsteadOfMain()         0.0           0           0         0.0           7
QueryParser.getParamNames()                              0.0           0           0         0.0           7
QueryParser.isCollectionSecondaryEntitySelect()          0.0           0           0         0.0           2
QueryTransformer.addEntityInGroupBy(..)                  0.0           0           0         0.0           2
QueryTransformer.addFirstSelectionSource(..)             0.0           0           0         0.0           2
QueryTransformer.addWhereAsIs(..)                        0.0           0           0         0.0           2
QueryTransformer.getResult()                             0.0           0           0         0.0           2
QueryTransformer.replaceWithSelectEntityVariable(..)         0.0           0           0         0.0           2

Performance Statistics   2018-02-05 14:11:00 - 2018-02-05 14:12:00
Tag                                                  Avg(ms)         Min         Max     Std Dev       Count
Messages.searchClasspath                                 0.5           0          23         2.5         114
Messages.searchFiles                                     0.1           0          12         1.1         114
Metadata.replaceExtendedMetaClasses                      2.0           2           2         0.0           1
QueryParser.getEntityName()                             85.0           1         248       115.3           3
QueryParser.getEntityNameIfSecondaryReturnedInsteadOfMain()         0.0           0           0         0.0           3
QueryParser.getEntityPathIfSecondaryReturnedInsteadOfMain()         0.0           0           0         0.0           3
QueryParser.getParamNames()                              0.3           0           1         0.5           3
QueryParser.isCollectionSecondaryEntitySelect()          0.0           0           0         0.0           2
QueryTransformer.addEntityInGroupBy(..)                  0.0           0           0         0.0           2
QueryTransformer.addFirstSelectionSource(..)             0.0           0           0         0.0           2
QueryTransformer.addWhereAsIs(..)                        0.5           0           1         0.5           2
QueryTransformer.getResult()                             1.0           0           2         1.0           2
QueryTransformer.replaceWithSelectEntityVariable(..)         0.5           0           1         0.5           2

Performance Statistics   2018-02-05 14:13:00 - 2018-02-05 14:14:00
Tag                                                  Avg(ms)         Min         Max     Std Dev       Count
Messages.searchClasspath                                 0.6           0          13         1.8          90
Messages.searchFiles                                     0.4           0          28         2.9          90
Metadata.replaceExtendedMetaClasses                      1.0           1           1         0.0           1
QueryParser.getEntityName()                             17.7           0         169        50.5          10
QueryParser.getEntityNameIfSecondaryReturnedInsteadOfMain()         0.0           0           0         0.0          10
QueryParser.getEntityPathIfSecondaryReturnedInsteadOfMain()         0.0           0           0         0.0          10
QueryParser.getParamNames()                              0.0           0           0         0.0          10
QueryParser.isCollectionSecondaryEntitySelect()          0.0           0           0         0.0           4
QueryTransformer.addEntityInGroupBy(..)                  0.0           0           0         0.0           4
QueryTransformer.addFirstSelectionSource(..)             0.0           0           0         0.0           4
QueryTransformer.addWhereAsIs(..)                        0.3           0           1         0.4           4
QueryTransformer.getResult()                             0.5           0           2         0.9           4
QueryTransformer.replaceWithSelectEntityVariable(..)         0.3           0           1         0.4           4

Performance Statistics   2018-02-05 14:14:00 - 2018-02-05 14:15:00
Tag                                                  Avg(ms)         Min         Max     Std Dev       Count
AppFolders                                              15.0          15          15         0.0           1
LoadClass                                                0.7           0           2         0.7           6
MenuItem.inspectionrecord$DefectType.browse           1311.0        1311        1311         0.0           1
Messages.searchClasspath                                 0.0           0           5         0.3         577
Messages.searchFiles                                     0.0           0           2         0.1         577
Metadata.replaceExtendedMetaClasses                      1.0           1           1         0.0           1
PersistenceSecurity.applyConstraints(..)                 2.0           0           7         2.6           6
QueryParser.getEntityAlias()                             0.2           0           1         0.4           6
QueryParser.getEntityName()                              0.5           0           5         1.1          25
QueryParser.getEntityNameIfSecondaryReturnedInsteadOfMain()         0.0           0           0         0.0          19
QueryParser.getEntityPathIfSecondaryReturnedInsteadOfMain()         0.0           0           0         0.0          19
QueryParser.getParamNames()                              0.1           0           2         0.4          25
QueryParser.hasIsNullCondition(..)                       3.8           0          23         8.6           6
QueryParser.isCollectionSecondaryEntitySelect()          0.0           0           0         0.0           2
QueryTransformer.addEntityInGroupBy(..)                  0.0           0           0         0.0           2
QueryTransformer.addFirstSelectionSource(..)             0.0           0           0         0.0           2
QueryTransformer.addWhereAsIs(..)                        0.0           0           0         0.0           2
QueryTransformer.getResult()                             0.0           0           0         0.0           2
QueryTransformer.replaceWithSelectEntityVariable(..)         0.0           0           0         0.0           2
SearchFolders                                           10.0          10          10         0.0           1
Security.isEntityOpPermitted(..)                         0.0           0           0         0.0           6
ViewRepository.init.ViewRepositoryClientImpl            18.0          18          18         0.0           1
ViewRepository.init.ViewRepositoryImpl                  13.0          13          13         0.0           1

Performance Statistics   2018-02-05 14:15:00 - 2018-02-05 14:16:00
Tag                                                  Avg(ms)         Min         Max     Std Dev       Count
LoadClass                                                0.6           0           1         0.5           9
MenuItem.inspectionrecord$Employee.browse              233.0         233         233         0.0           1
MenuItem.inspectionrecord$HtEmpl.browse                476.0         476         476         0.0           1
MenuItem.inspectionrecord$HtJob.browse                 349.0         349         349         0.0           1
Messages.searchClasspath                                 0.0           0          14         0.4        1277
Messages.searchFiles                                     0.0           0          13         0.4        1277
PersistenceSecurity.applyConstraints(..)                 2.8           0          29         7.3          14
QueryParser.getEntityAlias()                             0.0           0           0         0.0           8
QueryParser.getEntityName()                              0.0           0           1         0.2          37
QueryParser.getEntityNameIfSecondaryReturnedInsteadOfMain()         0.0           0           0         0.0          23
QueryParser.getEntityPathIfSecondaryReturnedInsteadOfMain()         0.0           0           0         0.0          23
QueryParser.getParamNames()                              0.0           0           0         0.0          37
QueryParser.hasIsNullCondition(..)                       0.0           0           0         0.0          11
QueryParser.isCollectionSecondaryEntitySelect()          0.0           0           0         0.0           2
QueryTransformer.addEntityInGroupBy(..)                  0.0           0           0         0.0           2
QueryTransformer.addFirstSelectionSource(..)             0.0           0           0         0.0           2
QueryTransformer.addWhereAsIs(..)                        0.0           0           0         0.0           2
QueryTransformer.getResult()                             0.0           0           0         0.0           2
QueryTransformer.replaceWithSelectEntityVariable(..)         0.0           0           0         0.0           2
Security.isEntityOpPermitted(..)                         0.0           0           0         0.0          14

Performance Statistics   2018-02-05 14:17:00 - 2018-02-05 14:18:00
Tag                                                  Avg(ms)         Min         Max     Std Dev       Count
Messages.searchClasspath                                 0.8           0          25         3.4          90
Messages.searchFiles                                     0.2           0          15         1.6          90

Performance Statistics   2018-02-05 14:18:00 - 2018-02-05 14:19:00
Tag                                                  Avg(ms)         Min         Max     Std Dev       Count
Messages.searchClasspath                                 0.6           0          13         2.1          90
Messages.searchFiles                                     0.3           0          14         1.8          90
Metadata.replaceExtendedMetaClasses                      1.0           1           1         0.0           1
QueryParser.getEntityName()                             31.2           0         178        65.7           6
QueryParser.getEntityNameIfSecondaryReturnedInsteadOfMain()         0.0           0           0         0.0           6
QueryParser.getEntityPathIfSecondaryReturnedInsteadOfMain()         0.0           0           0         0.0           6
QueryParser.getParamNames()                              0.0           0           0         0.0           6
QueryParser.isCollectionSecondaryEntitySelect()          0.0           0           0         0.0           4
QueryTransformer.addEntityInGroupBy(..)                  0.0           0           0         0.0           4
QueryTransformer.addFirstSelectionSource(..)             0.0           0           0         0.0           4
QueryTransformer.addWhereAsIs(..)                        0.3           0           1         0.4           4
QueryTransformer.getResult()                             0.5           0           2         0.9           4
QueryTransformer.replaceWithSelectEntityVariable(..)         1.3           0           3         1.3           4

Performance Statistics   2018-02-05 14:19:00 - 2018-02-05 14:20:00
Tag                                                  Avg(ms)         Min         Max     Std Dev       Count
Metadata.replaceExtendedMetaClasses                      3.0           3           3         0.0           1
QueryParser.getEntityName()                              0.4           0           5         1.2          18
QueryParser.getEntityNameIfSecondaryReturnedInsteadOfMain()         0.0           0           0         0.0          18
QueryParser.getEntityPathIfSecondaryReturnedInsteadOfMain()         0.0           0           0         0.0          18
QueryParser.getParamNames()                              0.0           0           0         0.0          18
QueryParser.isCollectionSecondaryEntitySelect()          0.0           0           0         0.0           4
QueryTransformer.addEntityInGroupBy(..)                  0.0           0           0         0.0           4
QueryTransformer.addFirstSelectionSource(..)             0.0           0           0         0.0           4
QueryTransformer.addWhereAsIs(..)                        0.0           0           0         0.0           4
QueryTransformer.getResult()                             0.0           0           0         0.0           4
QueryTransformer.replaceWithSelectEntityVariable(..)         0.0           0           0         0.0           4

Performance Statistics   2018-02-05 14:20:00 - 2018-02-05 14:21:00
Tag                                                  Avg(ms)         Min         Max     Std Dev       Count
LoadClass                                              882.0         882         882         0.0           1
QueryParser.getEntityName()                              0.0           0           0         0.0           8
QueryParser.getEntityNameIfSecondaryReturnedInsteadOfMain()         0.0           0           0         0.0           8
QueryParser.getEntityPathIfSecondaryReturnedInsteadOfMain()         0.0           0           0         0.0           8
QueryParser.getParamNames()                              0.0           0           0         0.0           8
QueryParser.isCollectionSecondaryEntitySelect()          0.0           0           0         0.0           4
QueryTransformer.addEntityInGroupBy(..)                  0.0           0           0         0.0           4
QueryTransformer.addFirstSelectionSource(..)             0.0           0           0         0.0           4
QueryTransformer.addWhereAsIs(..)                        0.0           0           0         0.0           4
QueryTransformer.getResult()                             0.0           0           0         0.0           4
QueryTransformer.replaceWithSelectEntityVariable(..)         0.0           0           0         0.0           4

Performance Statistics   2018-02-05 14:21:00 - 2018-02-05 14:22:00
Tag                                                  Avg(ms)         Min         Max     Std Dev       Count
QueryParser.getEntityName()                              0.0           0           0         0.0          14
QueryParser.getEntityNameIfSecondaryReturnedInsteadOfMain()         0.0           0           0         0.0          14
QueryParser.getEntityPathIfSecondaryReturnedInsteadOfMain()         0.0           0           0         0.0          14
QueryParser.getParamNames()                              0.0           0           0         0.0          14
QueryParser.isCollectionSecondaryEntitySelect()          0.0           0           0         0.0           4
QueryTransformer.addEntityInGroupBy(..)                  0.0           0           0         0.0           4
QueryTransformer.addFirstSelectionSource(..)             0.0           0           0         0.0           4
QueryTransformer.addWhereAsIs(..)                        0.0           0           0         0.0           4
QueryTransformer.getResult()                             0.0           0           0         0.0           4
QueryTransformer.replaceWithSelectEntityVariable(..)         0.0           0           0         0.0           4

Performance Statistics   2018-02-05 14:22:00 - 2018-02-05 14:23:00
Tag                                                  Avg(ms)         Min         Max     Std Dev       Count
LoadClass                                              244.0         244         244         0.0           1

Performance Statistics   2018-02-05 14:23:00 - 2018-02-05 14:24:00
Tag                                                  Avg(ms)         Min         Max     Std Dev       Count
LoadClass                                              170.0         165         175         5.0           2

Performance Statistics   2018-02-05 14:24:00 - 2018-02-05 14:25:00
Tag                                                  Avg(ms)         Min         Max     Std Dev       Count
LoadClass                                              245.0         245         245         0.0           1

Performance Statistics   2018-02-05 14:25:00 - 2018-02-05 14:26:00
Tag                                                  Avg(ms)         Min         Max     Std Dev       Count
LoadClass                                              209.0         209         209         0.0           1

Performance Statistics   2018-02-05 14:25:00 - 2018-02-05 14:26:00
Tag                                                  Avg(ms)         Min         Max     Std Dev       Count
Messages.searchClasspath                                 1.0           0          19         3.7          50
Messages.searchFiles                                     0.3           0          15         2.1          50

Performance Statistics   2018-02-05 14:26:00 - 2018-02-05 14:27:00
Tag                                                  Avg(ms)         Min         Max     Std Dev       Count
Messages.searchClasspath                                 0.3           0           5         1.1          40
Messages.searchFiles                                     0.0           0           1         0.2          40
Metadata.replaceExtendedMetaClasses                      1.0           1           1         0.0           1
QueryParser.getEntityName()                             68.3           2         199        92.4           3
QueryParser.getEntityNameIfSecondaryReturnedInsteadOfMain()         0.0           0           0         0.0           3
QueryParser.getEntityPathIfSecondaryReturnedInsteadOfMain()         0.0           0           0         0.0           3
QueryParser.getParamNames()                              0.0           0           0         0.0           3
QueryParser.isCollectionSecondaryEntitySelect()          0.0           0           0         0.0           2
QueryTransformer.addEntityInGroupBy(..)                  0.0           0           0         0.0           2
QueryTransformer.addFirstSelectionSource(..)             0.0           0           0         0.0           2
QueryTransformer.addWhereAsIs(..)                        0.5           0           1         0.5           2
QueryTransformer.getResult()                             1.0           0           2         1.0           2
QueryTransformer.replaceWithSelectEntityVariable(..)         0.5           0           1         0.5           2

Performance Statistics   2018-02-05 14:27:00 - 2018-02-05 14:28:00
Tag                                                  Avg(ms)         Min         Max     Std Dev       Count

Performance Statistics   2018-02-05 14:28:00 - 2018-02-05 14:29:00
Tag                                                  Avg(ms)         Min         Max     Std Dev       Count
Metadata.replaceExtendedMetaClasses                      1.0           1           1         0.0           1
QueryParser.getEntityName()                              0.3           0           2         0.7           7
QueryParser.getEntityNameIfSecondaryReturnedInsteadOfMain()         0.0           0           0         0.0           7
QueryParser.getEntityPathIfSecondaryReturnedInsteadOfMain()         0.0           0           0         0.0           7
QueryParser.getParamNames()                              0.0           0           0         0.0           7
QueryParser.isCollectionSecondaryEntitySelect()          0.0           0           0         0.0           2
QueryTransformer.addEntityInGroupBy(..)                  0.0           0           0         0.0           2
QueryTransformer.addFirstSelectionSource(..)             0.0           0           0         0.0           2
QueryTransformer.addWhereAsIs(..)                        0.0           0           0         0.0           2
QueryTransformer.getResult()                             0.0           0           0         0.0           2
QueryTransformer.replaceWithSelectEntityVariable(..)         0.0           0           0         0.0           2

Performance Statistics   2018-02-05 14:32:00 - 2018-02-05 14:33:00
Tag                                                  Avg(ms)         Min         Max     Std Dev       Count
Messages.searchClasspath                                 0.4           0           9         1.3          90
Messages.searchFiles                                     0.2           0          13         1.4          90
Metadata.replaceExtendedMetaClasses                      2.0           1           3         1.0           2
QueryParser.getEntityName()                             16.5           0         272        63.9          17
QueryParser.getEntityNameIfSecondaryReturnedInsteadOfMain()         0.0           0           0         0.0          17
QueryParser.getEntityPathIfSecondaryReturnedInsteadOfMain()         0.0           0           0         0.0          17
QueryParser.getParamNames()                              0.1           0           1         0.2          17
QueryParser.isCollectionSecondaryEntitySelect()          0.0           0           0         0.0           6
QueryTransformer.addEntityInGroupBy(..)                  0.0           0           0         0.0           6
QueryTransformer.addFirstSelectionSource(..)             0.0           0           0         0.0           6
QueryTransformer.addWhereAsIs(..)                        0.2           0           1         0.4           6
QueryTransformer.getResult()                             0.3           0           2         0.7           6
QueryTransformer.replaceWithSelectEntityVariable(..)         0.3           0           2         0.7           6

Performance Statistics   2018-02-05 15:10:00 - 2018-02-05 15:11:00
Tag                                                  Avg(ms)         Min         Max     Std Dev       Count
Messages.searchClasspath                                 0.9           0          45         5.0          90
Messages.searchFiles                                     0.2           0          15         1.6          90
Metadata.replaceExtendedMetaClasses                     11.5           1          22        10.5           2
QueryParser.getEntityName()                             23.7           0         228        68.1          10
QueryParser.getEntityNameIfSecondaryReturnedInsteadOfMain()         0.0           0           0         0.0          10
QueryParser.getEntityPathIfSecondaryReturnedInsteadOfMain()         0.0           0           0         0.0          10
QueryParser.getParamNames()                              0.0           0           0         0.0          10
QueryParser.isCollectionSecondaryEntitySelect()          0.0           0           0         0.0           4
QueryTransformer.addEntityInGroupBy(..)                  0.0           0           0         0.0           4
QueryTransformer.addFirstSelectionSource(..)             0.0           0           0         0.0           4
QueryTransformer.addWhereAsIs(..)                        0.3           0           1         0.4           4
QueryTransformer.getResult()                             0.5           0           2         0.9           4
QueryTransformer.replaceWithSelectEntityVariable(..)         0.3           0           1         0.4           4

Performance Statistics   2018-02-05 15:11:00 - 2018-02-05 15:12:00
Tag                                                  Avg(ms)         Min         Max     Std Dev       Count
QueryParser.getEntityName()                              0.0           0           0         0.0           3
QueryParser.getEntityNameIfSecondaryReturnedInsteadOfMain()         0.0           0           0         0.0           3
QueryParser.getEntityPathIfSecondaryReturnedInsteadOfMain()         0.0           0           0         0.0           3
QueryParser.getParamNames()                              0.0           0           0         0.0           3

Performance Statistics   2018-02-05 15:12:00 - 2018-02-05 15:13:00
Tag                                                  Avg(ms)         Min         Max     Std Dev       Count

Performance Statistics   2018-02-05 15:13:00 - 2018-02-05 15:14:00
Tag                                                  Avg(ms)         Min         Max     Std Dev       Count

Performance Statistics   2018-02-05 15:14:00 - 2018-02-05 15:15:00
Tag                                                  Avg(ms)         Min         Max     Std Dev       Count

Performance Statistics   2018-02-05 15:15:00 - 2018-02-05 15:16:00
Tag                                                  Avg(ms)         Min         Max     Std Dev       Count

Performance Statistics   2018-02-05 15:16:00 - 2018-02-05 15:17:00
Tag                                                  Avg(ms)         Min         Max     Std Dev       Count

Performance Statistics   2018-02-05 15:17:00 - 2018-02-05 15:18:00
Tag                                                  Avg(ms)         Min         Max     Std Dev       Count

Performance Statistics   2018-02-05 15:18:00 - 2018-02-05 15:19:00
Tag                                                  Avg(ms)         Min         Max     Std Dev       Count

Performance Statistics   2018-02-05 15:19:00 - 2018-02-05 15:20:00
Tag                                                  Avg(ms)         Min         Max     Std Dev       Count

