Performance Statistics   2018-02-01 10:30:00 - 2018-02-01 10:31:00
Tag                                                  Avg(ms)         Min         Max     Std Dev       Count
Messages.searchClasspath                                 1.2           0          36         5.3          50
Messages.searchFiles                                     0.4           0          21         2.9          50

Performance Statistics   2018-02-01 10:31:00 - 2018-02-01 10:32:00
Tag                                                  Avg(ms)         Min         Max     Std Dev       Count
Messages.searchClasspath                                 0.4           0           9         1.5          50
Messages.searchFiles                                     0.2           0          11         1.5          50

Performance Statistics   2018-02-01 10:36:00 - 2018-02-01 10:37:00
Tag                                                  Avg(ms)         Min         Max     Std Dev       Count
AppFolders                                              39.0          39          39         0.0           1
LoadClass                                                0.7           0           3         1.0          10
MenuItem.inspectionrecord$Employee.browse              359.0         359         359         0.0           1
MenuItem.inspectionrecord$HtEmpl.browse               1994.0        1994        1994         0.0           1
Messages.searchClasspath                                 0.1           0          18         0.6        1584
Messages.searchFiles                                     0.0           0          13         0.3        1584
Metadata.replaceExtendedMetaClasses                      1.0           1           1         0.0           2
PersistenceSecurity.applyConstraints(..)                 1.3           0           5         1.7           7
QueryParser.getEntityAlias()                             0.6           0           3         1.2           5
QueryParser.getEntityName()                              8.9           0         265        45.3          33
QueryParser.getEntityNameIfSecondaryReturnedInsteadOfMain()         0.0           0           0         0.0          26
QueryParser.getEntityPathIfSecondaryReturnedInsteadOfMain()         0.0           0           0         0.0          26
QueryParser.getParamNames()                              0.8           0          27         4.6          33
QueryParser.hasIsNullCondition(..)                       2.5           0           9         3.8           4
QueryParser.isCollectionSecondaryEntitySelect()          0.0           0           0         0.0           6
QueryTransformer.addEntityInGroupBy(..)                  0.0           0           0         0.0           6
QueryTransformer.addFirstSelectionSource(..)             0.0           0           0         0.0           6
QueryTransformer.addWhereAsIs(..)                        0.2           0           1         0.4           6
QueryTransformer.getResult()                             0.2           0           1         0.4           6
QueryTransformer.replaceWithSelectEntityVariable(..)         0.2           0           1         0.4           6
SearchFolders                                           49.0          49          49         0.0           1
Security.isEntityOpPermitted(..)                         0.0           0           0         0.0           7
ViewRepository.init.ViewRepositoryClientImpl            11.0          11          11         0.0           1
ViewRepository.init.ViewRepositoryImpl                  10.0          10          10         0.0           1

Performance Statistics   2018-02-01 10:37:00 - 2018-02-01 10:38:00
Tag                                                  Avg(ms)         Min         Max     Std Dev       Count
LoadClass                                                0.3           0           1         0.5           6
MenuItem.inspectionrecord$DefectType.browse            167.0         167         167         0.0           1
Messages.searchClasspath                                 0.0           0           1         0.1         335
Messages.searchFiles                                     0.0           0           0         0.0         335
PersistenceSecurity.applyConstraints(..)                 0.6           0           2         0.9           8
QueryParser.getEntityAlias()                             0.0           0           0         0.0           5
QueryParser.getEntityName()                              0.0           0           0         0.0          24
QueryParser.getEntityNameIfSecondaryReturnedInsteadOfMain()         0.0           0           0         0.0          16
QueryParser.getEntityPathIfSecondaryReturnedInsteadOfMain()         0.0           0           0         0.0          16
QueryParser.getParamNames()                              0.0           0           0         0.0          24
QueryParser.hasIsNullCondition(..)                       0.0           0           0         0.0           6
Security.isEntityOpPermitted(..)                         0.0           0           0         0.0           9

Performance Statistics   2018-02-01 10:38:00 - 2018-02-01 10:39:00
Tag                                                  Avg(ms)         Min         Max     Std Dev       Count
LoadClass                                                0.1           0           1         0.3          12
MenuItem.inspectionrecord$DefectType.browse             55.0          55          55         0.0           1
MenuItem.inspectionrecord$Employee.browse              161.0         161         161         0.0           1
MenuItem.inspectionrecord$InspectionRecord.browse       105.0         105         105         0.0           1
MenuItem.inspectionrecord$Job.browse                   163.0         163         163         0.0           1
Messages.searchClasspath                                 0.0           0           1         0.1          79
Messages.searchFiles                                     0.0           0           0         0.0          79
PersistenceSecurity.applyConstraints(..)                 0.3           0           3         0.6          28
QueryParser.getEntityAlias()                             0.0           0           0         0.0          16
QueryParser.getEntityName()                              0.0           0           1         0.1          70
QueryParser.getEntityNameIfSecondaryReturnedInsteadOfMain()         0.0           0           0         0.0          42
QueryParser.getEntityPathIfSecondaryReturnedInsteadOfMain()         0.0           0           0         0.0          42
QueryParser.getParamNames()                              0.0           0           1         0.1          70
QueryParser.hasIsNullCondition(..)                       0.5           0          11         2.3          22
Security.isEntityOpPermitted(..)                         0.0           0           0         0.0          31

Performance Statistics   2018-02-01 10:39:00 - 2018-02-01 10:40:00
Tag                                                  Avg(ms)         Min         Max     Std Dev       Count
LoadClass                                                0.0           0           0         0.0           2
MenuItem.inspectionrecord$DefectType.browse            181.0         181         181         0.0           1
PersistenceSecurity.applyConstraints(..)                 1.0           0           3         1.4           3
QueryParser.getEntityAlias()                             0.0           0           0         0.0           2
QueryParser.getEntityName()                              0.0           0           0         0.0           7
QueryParser.getEntityNameIfSecondaryReturnedInsteadOfMain()         0.0           0           0         0.0           4
QueryParser.getEntityPathIfSecondaryReturnedInsteadOfMain()         0.0           0           0         0.0           4
QueryParser.getParamNames()                              0.0           0           0         0.0           7
QueryParser.hasIsNullCondition(..)                       0.5           0           1         0.5           2
Security.isEntityOpPermitted(..)                         0.0           0           0         0.0           3

Performance Statistics   2018-02-01 10:40:00 - 2018-02-01 10:41:00
Tag                                                  Avg(ms)         Min         Max     Std Dev       Count

Performance Statistics   2018-02-01 10:41:00 - 2018-02-01 10:42:00
Tag                                                  Avg(ms)         Min         Max     Std Dev       Count

Performance Statistics   2018-02-01 10:42:00 - 2018-02-01 10:43:00
Tag                                                  Avg(ms)         Min         Max     Std Dev       Count

Performance Statistics   2018-02-01 10:43:00 - 2018-02-01 10:44:00
Tag                                                  Avg(ms)         Min         Max     Std Dev       Count

Performance Statistics   2018-02-01 10:44:00 - 2018-02-01 10:45:00
Tag                                                  Avg(ms)         Min         Max     Std Dev       Count

Performance Statistics   2018-02-01 10:45:00 - 2018-02-01 10:46:00
Tag                                                  Avg(ms)         Min         Max     Std Dev       Count

Performance Statistics   2018-02-01 10:46:00 - 2018-02-01 10:47:00
Tag                                                  Avg(ms)         Min         Max     Std Dev       Count

Performance Statistics   2018-02-01 10:47:00 - 2018-02-01 10:48:00
Tag                                                  Avg(ms)         Min         Max     Std Dev       Count

Performance Statistics   2018-02-01 10:48:00 - 2018-02-01 10:49:00
Tag                                                  Avg(ms)         Min         Max     Std Dev       Count

Performance Statistics   2018-02-01 10:49:00 - 2018-02-01 10:50:00
Tag                                                  Avg(ms)         Min         Max     Std Dev       Count

Performance Statistics   2018-02-01 10:50:00 - 2018-02-01 10:51:00
Tag                                                  Avg(ms)         Min         Max     Std Dev       Count

Performance Statistics   2018-02-01 10:51:00 - 2018-02-01 10:52:00
Tag                                                  Avg(ms)         Min         Max     Std Dev       Count

Performance Statistics   2018-02-01 10:52:00 - 2018-02-01 10:53:00
Tag                                                  Avg(ms)         Min         Max     Std Dev       Count

Performance Statistics   2018-02-01 10:53:00 - 2018-02-01 10:54:00
Tag                                                  Avg(ms)         Min         Max     Std Dev       Count

Performance Statistics   2018-02-01 10:54:00 - 2018-02-01 10:55:00
Tag                                                  Avg(ms)         Min         Max     Std Dev       Count

Performance Statistics   2018-02-01 10:55:00 - 2018-02-01 10:56:00
Tag                                                  Avg(ms)         Min         Max     Std Dev       Count

Performance Statistics   2018-02-01 10:56:00 - 2018-02-01 10:57:00
Tag                                                  Avg(ms)         Min         Max     Std Dev       Count

Performance Statistics   2018-02-01 10:57:00 - 2018-02-01 10:58:00
Tag                                                  Avg(ms)         Min         Max     Std Dev       Count

Performance Statistics   2018-02-01 10:58:00 - 2018-02-01 10:59:00
Tag                                                  Avg(ms)         Min         Max     Std Dev       Count

Performance Statistics   2018-02-01 10:59:00 - 2018-02-01 11:00:00
Tag                                                  Avg(ms)         Min         Max     Std Dev       Count

Performance Statistics   2018-02-01 11:00:00 - 2018-02-01 11:01:00
Tag                                                  Avg(ms)         Min         Max     Std Dev       Count

Performance Statistics   2018-02-01 11:01:00 - 2018-02-01 11:02:00
Tag                                                  Avg(ms)         Min         Max     Std Dev       Count

Performance Statistics   2018-02-01 11:02:00 - 2018-02-01 11:03:00
Tag                                                  Avg(ms)         Min         Max     Std Dev       Count

Performance Statistics   2018-02-01 11:03:00 - 2018-02-01 11:04:00
Tag                                                  Avg(ms)         Min         Max     Std Dev       Count

Performance Statistics   2018-02-01 11:04:00 - 2018-02-01 11:05:00
Tag                                                  Avg(ms)         Min         Max     Std Dev       Count

Performance Statistics   2018-02-01 11:05:00 - 2018-02-01 11:06:00
Tag                                                  Avg(ms)         Min         Max     Std Dev       Count

Performance Statistics   2018-02-01 11:06:00 - 2018-02-01 11:07:00
Tag                                                  Avg(ms)         Min         Max     Std Dev       Count

Performance Statistics   2018-02-01 11:07:00 - 2018-02-01 11:08:00
Tag                                                  Avg(ms)         Min         Max     Std Dev       Count

Performance Statistics   2018-02-01 11:08:00 - 2018-02-01 11:09:00
Tag                                                  Avg(ms)         Min         Max     Std Dev       Count

Performance Statistics   2018-02-01 11:09:00 - 2018-02-01 11:10:00
Tag                                                  Avg(ms)         Min         Max     Std Dev       Count

Performance Statistics   2018-02-01 11:10:00 - 2018-02-01 11:11:00
Tag                                                  Avg(ms)         Min         Max     Std Dev       Count

Performance Statistics   2018-02-01 11:11:00 - 2018-02-01 11:12:00
Tag                                                  Avg(ms)         Min         Max     Std Dev       Count

Performance Statistics   2018-02-01 11:12:00 - 2018-02-01 11:13:00
Tag                                                  Avg(ms)         Min         Max     Std Dev       Count

Performance Statistics   2018-02-01 11:13:00 - 2018-02-01 11:14:00
Tag                                                  Avg(ms)         Min         Max     Std Dev       Count

Performance Statistics   2018-02-01 11:14:00 - 2018-02-01 11:15:00
Tag                                                  Avg(ms)         Min         Max     Std Dev       Count

Performance Statistics   2018-02-01 11:15:00 - 2018-02-01 11:16:00
Tag                                                  Avg(ms)         Min         Max     Std Dev       Count

Performance Statistics   2018-02-01 11:16:00 - 2018-02-01 11:17:00
Tag                                                  Avg(ms)         Min         Max     Std Dev       Count

Performance Statistics   2018-02-01 11:17:00 - 2018-02-01 11:18:00
Tag                                                  Avg(ms)         Min         Max     Std Dev       Count
QueryParser.getEntityName()                              0.1           0           2         0.3          35
QueryParser.getEntityNameIfSecondaryReturnedInsteadOfMain()         0.0           0           0         0.0          35
QueryParser.getEntityPathIfSecondaryReturnedInsteadOfMain()         0.0           0           0         0.0          35
QueryParser.getParamNames()                              0.0           0           0         0.0          35
QueryParser.isCollectionSecondaryEntitySelect()          0.0           0           0         0.0          14
QueryTransformer.addEntityInGroupBy(..)                  0.0           0           0         0.0          14
QueryTransformer.addFirstSelectionSource(..)             0.0           0           0         0.0          14
QueryTransformer.addWhereAsIs(..)                        0.0           0           0         0.0          14
QueryTransformer.getResult()                             0.0           0           0         0.0          14
QueryTransformer.replaceWithSelectEntityVariable(..)         0.0           0           0         0.0          14

Performance Statistics   2018-02-01 11:18:00 - 2018-02-01 11:19:00
Tag                                                  Avg(ms)         Min         Max     Std Dev       Count

Performance Statistics   2018-02-01 11:19:00 - 2018-02-01 11:20:00
Tag                                                  Avg(ms)         Min         Max     Std Dev       Count
Messages.searchClasspath                                 0.5           0          12         1.7          90
Messages.searchFiles                                     0.3           0          14         1.6          90
Metadata.replaceExtendedMetaClasses                      1.0           1           1         0.0           1
QueryParser.getEntityName()                             77.7           1         226       104.9           3
QueryParser.getEntityNameIfSecondaryReturnedInsteadOfMain()         0.0           0           0         0.0           3
QueryParser.getEntityPathIfSecondaryReturnedInsteadOfMain()         0.0           0           0         0.0           3
QueryParser.getParamNames()                              0.0           0           0         0.0           3
QueryParser.isCollectionSecondaryEntitySelect()          0.0           0           0         0.0           2
QueryTransformer.addEntityInGroupBy(..)                  0.0           0           0         0.0           2
QueryTransformer.addFirstSelectionSource(..)             0.0           0           0         0.0           2
QueryTransformer.addWhereAsIs(..)                        1.0           0           2         1.0           2
QueryTransformer.getResult()                             1.0           0           2         1.0           2
QueryTransformer.replaceWithSelectEntityVariable(..)         0.5           0           1         0.5           2

Performance Statistics   2018-02-01 11:20:00 - 2018-02-01 11:21:00
Tag                                                  Avg(ms)         Min         Max     Std Dev       Count
AppFolders                                              12.0          12          12         0.0           1
LoadClass                                                0.4           0           1         0.5          11
MenuItem.inspectionrecord$Employee.browse             1678.0        1678        1678         0.0           1
MenuItem.inspectionrecord$HtEmpl.browse                472.0         472         472         0.0           1
Messages.searchClasspath                                 0.0           0          15         0.5        1528
Messages.searchFiles                                     0.0           0           1         0.0        1528
Metadata.replaceExtendedMetaClasses                      1.0           1           1         0.0           1
PersistenceSecurity.applyConstraints(..)                 1.7           0           4         1.2           9
QueryParser.getEntityAlias()                             0.6           0           3         1.2           5
QueryParser.getEntityName()                              0.2           0           3         0.6          35
QueryParser.getEntityNameIfSecondaryReturnedInsteadOfMain()         0.0           0           0         0.0          26
QueryParser.getEntityPathIfSecondaryReturnedInsteadOfMain()         0.0           0           0         0.0          26
QueryParser.getParamNames()                              0.0           0           1         0.2          35
QueryParser.hasIsNullCondition(..)                       1.0           0           5         2.0           5
QueryParser.isCollectionSecondaryEntitySelect()          0.0           0           0         0.0           4
QueryTransformer.addEntityInGroupBy(..)                  0.0           0           0         0.0           4
QueryTransformer.addFirstSelectionSource(..)             0.0           0           0         0.0           4
QueryTransformer.addWhereAsIs(..)                        0.0           0           0         0.0           4
QueryTransformer.getResult()                             0.0           0           0         0.0           4
QueryTransformer.replaceWithSelectEntityVariable(..)         0.0           0           0         0.0           4
SearchFolders                                           21.0          21          21         0.0           1
Security.isEntityOpPermitted(..)                         0.0           0           0         0.0           9
ViewRepository.init.ViewRepositoryClientImpl            16.0          16          16         0.0           1
ViewRepository.init.ViewRepositoryImpl                  12.0          12          12         0.0           1

Performance Statistics   2018-02-01 11:21:00 - 2018-02-01 11:22:00
Tag                                                  Avg(ms)         Min         Max     Std Dev       Count
Messages.searchClasspath                                 0.0           0           0         0.0           5
Messages.searchFiles                                     0.0           0           0         0.0           5

Performance Statistics   2018-02-01 11:22:00 - 2018-02-01 11:23:00
Tag                                                  Avg(ms)         Min         Max     Std Dev       Count
LoadClass                                                0.0           0           0         0.0           4
MenuItem.inspectionrecord$Employee.browse              247.0         247         247         0.0           1
MenuItem.inspectionrecord$HtEmpl.browse                384.0         384         384         0.0           1
PersistenceSecurity.applyConstraints(..)                 1.3           0           3         1.1           6
QueryParser.getEntityAlias()                             0.0           0           0         0.0           2
QueryParser.getEntityName()                              0.1           0           1         0.3          22
QueryParser.getEntityNameIfSecondaryReturnedInsteadOfMain()         0.0           0           0         0.0          16
QueryParser.getEntityPathIfSecondaryReturnedInsteadOfMain()         0.0           0           0         0.0          16
QueryParser.getParamNames()                              0.0           0           1         0.2          22
QueryParser.hasIsNullCondition(..)                       0.0           0           0         0.0           2
QueryParser.isCollectionSecondaryEntitySelect()          0.0           0           0         0.0           2
QueryTransformer.addEntityInGroupBy(..)                  0.0           0           0         0.0           2
QueryTransformer.addFirstSelectionSource(..)             0.0           0           0         0.0           2
QueryTransformer.addWhereAsIs(..)                        0.0           0           0         0.0           2
QueryTransformer.getResult()                             0.0           0           0         0.0           2
QueryTransformer.replaceWithSelectEntityVariable(..)         0.0           0           0         0.0           2
Security.isEntityOpPermitted(..)                         0.0           0           0         0.0           6

Performance Statistics   2018-02-01 11:23:00 - 2018-02-01 11:24:00
Tag                                                  Avg(ms)         Min         Max     Std Dev       Count

Performance Statistics   2018-02-01 11:24:00 - 2018-02-01 11:25:00
Tag                                                  Avg(ms)         Min         Max     Std Dev       Count
QueryParser.getEntityName()                              0.1           0           1         0.3          14
QueryParser.getEntityNameIfSecondaryReturnedInsteadOfMain()         0.0           0           0         0.0          14
QueryParser.getEntityPathIfSecondaryReturnedInsteadOfMain()         0.0           0           0         0.0          14
QueryParser.getParamNames()                              0.0           0           0         0.0          14
QueryParser.isCollectionSecondaryEntitySelect()          0.0           0           0         0.0           4
QueryTransformer.addEntityInGroupBy(..)                  0.0           0           0         0.0           4
QueryTransformer.addFirstSelectionSource(..)             0.0           0           0         0.0           4
QueryTransformer.addWhereAsIs(..)                        0.0           0           0         0.0           4
QueryTransformer.getResult()                             0.0           0           0         0.0           4
QueryTransformer.replaceWithSelectEntityVariable(..)         0.0           0           0         0.0           4

Performance Statistics   2018-02-01 11:25:00 - 2018-02-01 11:26:00
Tag                                                  Avg(ms)         Min         Max     Std Dev       Count
LoadClass                                                0.4           0           1         0.5           8
MenuItem.inspectionrecord$DefectType.browse            265.0         265         265         0.0           1
MenuItem.inspectionrecord$HtJob.browse                 241.0         241         241         0.0           1
MenuItem.inspectionrecord$Job.browse                   213.0         213         213         0.0           1
Messages.searchClasspath                                 0.0           0           1         0.1         362
Messages.searchFiles                                     0.0           0           0         0.0         362
PersistenceSecurity.applyConstraints(..)                 0.4           0           2         0.7          18
QueryParser.getEntityAlias()                             1.3           0          12         3.8           9
QueryParser.getEntityName()                              0.0           0           1         0.1          44
QueryParser.getEntityNameIfSecondaryReturnedInsteadOfMain()         0.0           0           0         0.0          26
QueryParser.getEntityPathIfSecondaryReturnedInsteadOfMain()         0.0           0           0         0.0          26
QueryParser.getParamNames()                              0.0           0           0         0.0          44
QueryParser.hasIsNullCondition(..)                       0.0           0           0         0.0          13
Security.isEntityOpPermitted(..)                         0.0           0           0         0.0          19

Performance Statistics   2018-02-01 11:26:00 - 2018-02-01 11:27:00
Tag                                                  Avg(ms)         Min         Max     Std Dev       Count
LoadClass                                                0.0           0           0         0.0           5
MenuItem.inspectionrecord$HtEmpl.browse                300.0         300         300         0.0           1
Messages.searchClasspath                                 0.0           0           0         0.0          57
Messages.searchFiles                                     0.0           0           0         0.0          57
PersistenceSecurity.applyConstraints(..)                 1.3           0           3         1.2           3
QueryParser.getEntityAlias()                             0.0           0           0         0.0           1
QueryParser.getEntityName()                              0.0           0           0         0.0           7
QueryParser.getEntityNameIfSecondaryReturnedInsteadOfMain()         0.0           0           0         0.0           4
QueryParser.getEntityPathIfSecondaryReturnedInsteadOfMain()         0.0           0           0         0.0           4
QueryParser.getParamNames()                              0.0           0           0         0.0           7
QueryParser.hasIsNullCondition(..)                       0.0           0           0         0.0           1
Security.isEntityOpPermitted(..)                         0.0           0           0         0.0           3

Performance Statistics   2018-02-01 11:27:00 - 2018-02-01 11:28:00
Tag                                                  Avg(ms)         Min         Max     Std Dev       Count
LoadClass                                                0.0           0           0         0.0           5
Messages.searchClasspath                                 0.0           0           0         0.0          25
Messages.searchFiles                                     0.0           0           0         0.0          25
PersistenceSecurity.applyConstraints(..)                 1.2           0           3         1.2           6
QueryParser.getEntityAlias()                             0.0           0           0         0.0           2
QueryParser.getEntityName()                              0.0           0           0         0.0          14
QueryParser.getEntityNameIfSecondaryReturnedInsteadOfMain()         0.0           0           0         0.0           8
QueryParser.getEntityPathIfSecondaryReturnedInsteadOfMain()         0.0           0           0         0.0           8
QueryParser.getParamNames()                              0.0           0           0         0.0          14
QueryParser.hasIsNullCondition(..)                       0.0           0           0         0.0           3
Security.isEntityOpPermitted(..)                         0.0           0           0         0.0           7

Performance Statistics   2018-02-01 11:28:00 - 2018-02-01 11:29:00
Tag                                                  Avg(ms)         Min         Max     Std Dev       Count
LoadClass                                                0.0           0           0         0.0           2
PersistenceSecurity.applyConstraints(..)                 1.0           0           2         1.0           2
QueryParser.getEntityAlias()                             0.0           0           0         0.0           1
QueryParser.getEntityName()                              0.1           0           1         0.3          25
QueryParser.getEntityNameIfSecondaryReturnedInsteadOfMain()         0.0           0           0         0.0          23
QueryParser.getEntityPathIfSecondaryReturnedInsteadOfMain()         0.0           0           0         0.0          23
QueryParser.getParamNames()                              0.0           0           0         0.0          25
QueryParser.hasIsNullCondition(..)                       0.0           0           0         0.0           1
QueryParser.isCollectionSecondaryEntitySelect()          0.0           0           0         0.0           6
QueryTransformer.addEntityInGroupBy(..)                  0.0           0           0         0.0           6
QueryTransformer.addFirstSelectionSource(..)             0.0           0           0         0.0           6
QueryTransformer.addWhereAsIs(..)                        0.0           0           0         0.0           6
QueryTransformer.getResult()                             0.0           0           0         0.0           6
QueryTransformer.replaceWithSelectEntityVariable(..)         0.0           0           0         0.0           6
Security.isEntityOpPermitted(..)                         0.0           0           0         0.0           2

Performance Statistics   2018-02-01 11:29:00 - 2018-02-01 11:30:00
Tag                                                  Avg(ms)         Min         Max     Std Dev       Count
Messages.searchClasspath                                 0.0           0           0         0.0          10
Messages.searchFiles                                     0.0           0           0         0.0          10
PersistenceSecurity.applyConstraints(..)                 0.1           0           1         0.3          12
PersistenceSecurity.restoreFilteredData(..)              0.0           0           0         0.0           1
QueryParser.getEntityAlias()                             0.0           0           0         0.0           9
QueryParser.getEntityName()                              0.0           0           0         0.0          45
QueryParser.getEntityNameIfSecondaryReturnedInsteadOfMain()         0.0           0           0         0.0          33
QueryParser.getEntityPathIfSecondaryReturnedInsteadOfMain()         0.0           0           0         0.0          33
QueryParser.getParamNames()                              0.0           0           0         0.0          45
QueryParser.hasIsNullCondition(..)                       0.1           0           1         0.2          15
QueryParser.isCollectionSecondaryEntitySelect()          0.0           0           0         0.0           4
QueryTransformer.addEntityInGroupBy(..)                  0.0           0           0         0.0           4
QueryTransformer.addFirstSelectionSource(..)             0.0           0           0         0.0           4
QueryTransformer.addWhereAsIs(..)                        0.0           0           0         0.0           4
QueryTransformer.getResult()                             0.0           0           0         0.0           4
QueryTransformer.replaceWithSelectEntityVariable(..)         0.0           0           0         0.0           4
Security.isEntityOpPermitted(..)                         0.0           0           0         0.0          14

Performance Statistics   2018-02-01 11:30:00 - 2018-02-01 11:31:00
Tag                                                  Avg(ms)         Min         Max     Std Dev       Count
LoadClass                                                0.0           0           0         0.0           4
MenuItem.inspectionrecord$HtJob.browse                 233.0         233         233         0.0           1
MenuItem.inspectionrecord$Job.browse                   255.0         255         255         0.0           1
PersistenceSecurity.applyConstraints(..)                 0.6           0           3         1.0           7
QueryParser.getEntityAlias()                             0.0           0           0         0.0           3
QueryParser.getEntityName()                              0.0           0           0         0.0          17
QueryParser.getEntityNameIfSecondaryReturnedInsteadOfMain()         0.0           0           0         0.0          10
QueryParser.getEntityPathIfSecondaryReturnedInsteadOfMain()         0.0           0           0         0.0          10
QueryParser.getParamNames()                              0.0           0           0         0.0          17
QueryParser.hasIsNullCondition(..)                       0.0           0           0         0.0           4
Security.isEntityOpPermitted(..)                         0.0           0           0         0.0           7

Performance Statistics   2018-02-01 11:31:00 - 2018-02-01 11:32:00
Tag                                                  Avg(ms)         Min         Max     Std Dev       Count
LoadClass                                                0.0           0           0         0.0           5
Messages.searchClasspath                                 0.2           0           1         0.4          12
Messages.searchFiles                                     0.0           0           0         0.0          12
PersistenceSecurity.applyConstraints(..)                 0.2           0           1         0.4           6
QueryParser.getEntityAlias()                             0.0           0           0         0.0           2
QueryParser.getEntityName()                              0.0           0           0         0.0          13
QueryParser.getEntityNameIfSecondaryReturnedInsteadOfMain()         0.0           0           0         0.0           7
QueryParser.getEntityPathIfSecondaryReturnedInsteadOfMain()         0.0           0           0         0.0           7
QueryParser.getParamNames()                              0.0           0           0         0.0          13
QueryParser.hasIsNullCondition(..)                       0.0           0           0         0.0           3
Security.isEntityOpPermitted(..)                         0.0           0           0         0.0           6

Performance Statistics   2018-02-01 11:32:00 - 2018-02-01 11:33:00
Tag                                                  Avg(ms)         Min         Max     Std Dev       Count
PersistenceSecurity.applyConstraints(..)                 2.0           2           2         0.0           1
QueryParser.getEntityName()                              0.0           0           0         0.0           2
QueryParser.getEntityNameIfSecondaryReturnedInsteadOfMain()         0.0           0           0         0.0           1
QueryParser.getEntityPathIfSecondaryReturnedInsteadOfMain()         0.0           0           0         0.0           1
QueryParser.getParamNames()                              0.0           0           0         0.0           2
Security.isEntityOpPermitted(..)                         0.0           0           0         0.0           1

Performance Statistics   2018-02-01 11:33:00 - 2018-02-01 11:34:00
Tag                                                  Avg(ms)         Min         Max     Std Dev       Count
LoadClass                                                0.0           0           0         0.0           2
MenuItem.inspectionrecord$Job.browse                   212.0         212         212         0.0           1
PersistenceSecurity.applyConstraints(..)                 0.6           0           3         1.0           7
QueryParser.getEntityAlias()                             0.0           0           0         0.0           3
QueryParser.getEntityName()                              0.0           0           0         0.0          16
QueryParser.getEntityNameIfSecondaryReturnedInsteadOfMain()         0.0           0           0         0.0           9
QueryParser.getEntityPathIfSecondaryReturnedInsteadOfMain()         0.0           0           0         0.0           9
QueryParser.getParamNames()                              0.0           0           0         0.0          16
QueryParser.hasIsNullCondition(..)                       0.0           0           0         0.0           5
Security.isEntityOpPermitted(..)                         0.0           0           0         0.0           7

Performance Statistics   2018-02-01 11:34:00 - 2018-02-01 11:35:00
Tag                                                  Avg(ms)         Min         Max     Std Dev       Count
Messages.searchClasspath                                 0.4           0           8         1.2         154
Messages.searchFiles                                     0.1           0          12         1.0         154
Metadata.replaceExtendedMetaClasses                      1.0           1           1         0.0           1
QueryParser.getEntityName()                             70.3           1         203        93.8           3
QueryParser.getEntityNameIfSecondaryReturnedInsteadOfMain()         0.0           0           0         0.0           3
QueryParser.getEntityPathIfSecondaryReturnedInsteadOfMain()         0.0           0           0         0.0           3
QueryParser.getParamNames()                              0.0           0           0         0.0           3
QueryParser.isCollectionSecondaryEntitySelect()          0.0           0           0         0.0           2
QueryTransformer.addEntityInGroupBy(..)                  0.0           0           0         0.0           2
QueryTransformer.addFirstSelectionSource(..)             0.0           0           0         0.0           2
QueryTransformer.addWhereAsIs(..)                        0.5           0           1         0.5           2
QueryTransformer.getResult()                             1.0           0           2         1.0           2
QueryTransformer.replaceWithSelectEntityVariable(..)         0.5           0           1         0.5           2

Performance Statistics   2018-02-01 11:35:00 - 2018-02-01 11:36:00
Tag                                                  Avg(ms)         Min         Max     Std Dev       Count
AppFolders                                              18.0          18          18         0.0           1
LoadClass                                                0.7           0           2         0.7           6
MenuItem.inspectionrecord$Employee.browse             1786.0        1786        1786         0.0           1
Messages.searchClasspath                                 0.0           0           3         0.3         534
Messages.searchFiles                                     0.0           0           1         0.1         534
Metadata.replaceExtendedMetaClasses                      1.0           1           1         0.0           1
PersistenceSecurity.applyConstraints(..)                 2.3           1           4         1.1           4
QueryParser.getEntityAlias()                             0.3           0           1         0.5           3
QueryParser.getEntityName()                              0.2           0           3         0.7          44
QueryParser.getEntityNameIfSecondaryReturnedInsteadOfMain()         0.0           0           0         0.0          40
QueryParser.getEntityPathIfSecondaryReturnedInsteadOfMain()         0.0           0           0         0.0          40
QueryParser.getParamNames()                              0.1           0           2         0.3          44
QueryParser.hasIsNullCondition(..)                       3.0           0           6         3.0           2
QueryParser.isCollectionSecondaryEntitySelect()          0.0           0           0         0.0          10
QueryTransformer.addEntityInGroupBy(..)                  0.0           0           0         0.0          10
QueryTransformer.addFirstSelectionSource(..)             0.0           0           0         0.0          10
QueryTransformer.addWhereAsIs(..)                        0.0           0           0         0.0          10
QueryTransformer.getResult()                             0.0           0           0         0.0          10
QueryTransformer.replaceWithSelectEntityVariable(..)         0.0           0           0         0.0          10
SearchFolders                                           18.0          18          18         0.0           1
Security.isEntityOpPermitted(..)                         0.0           0           0         0.0           4
ViewRepository.init.ViewRepositoryClientImpl            12.0          12          12         0.0           1
ViewRepository.init.ViewRepositoryImpl                  12.0          12          12         0.0           1

Performance Statistics   2018-02-01 11:36:00 - 2018-02-01 11:37:00
Tag                                                  Avg(ms)         Min         Max     Std Dev       Count

Performance Statistics   2018-02-01 11:37:00 - 2018-02-01 11:38:00
Tag                                                  Avg(ms)         Min         Max     Std Dev       Count

Performance Statistics   2018-02-01 11:38:00 - 2018-02-01 11:39:00
Tag                                                  Avg(ms)         Min         Max     Std Dev       Count

Performance Statistics   2018-02-01 11:40:00 - 2018-02-01 11:41:00
Tag                                                  Avg(ms)         Min         Max     Std Dev       Count
AppFolders                                               5.0           5           5         0.0           1
LoadClass                                                0.8           0           2         0.7           5
Messages.searchClasspath                                 0.1           0          10         0.8         522
Messages.searchFiles                                     0.1           0          30         1.4         522
Metadata.replaceExtendedMetaClasses                      1.0           1           1         0.0           2
PersistenceSecurity.applyConstraints(..)                 4.0           4           4         0.0           1
QueryParser.getEntityAlias()                             1.0           1           1         0.0           1
QueryParser.getEntityName()                             17.9           0         233        59.7          14
QueryParser.getEntityNameIfSecondaryReturnedInsteadOfMain()         0.0           0           0         0.0          13
QueryParser.getEntityPathIfSecondaryReturnedInsteadOfMain()         0.0           0           0         0.0          13
QueryParser.getParamNames()                              0.1           0           1         0.3          14
QueryParser.hasIsNullCondition(..)                       9.0           9           9         0.0           1
QueryParser.isCollectionSecondaryEntitySelect()          0.0           0           0         0.0           4
QueryTransformer.addEntityInGroupBy(..)                  0.0           0           0         0.0           4
QueryTransformer.addFirstSelectionSource(..)             0.0           0           0         0.0           4
QueryTransformer.addWhereAsIs(..)                        0.3           0           1         0.4           4
QueryTransformer.getResult()                             0.5           0           2         0.9           4
QueryTransformer.replaceWithSelectEntityVariable(..)         1.0           0           3         1.2           4
SearchFolders                                           15.0          15          15         0.0           1
Security.isEntityOpPermitted(..)                         0.0           0           0         0.0           1
ViewRepository.init.ViewRepositoryClientImpl            13.0          13          13         0.0           1

Performance Statistics   2018-02-01 11:41:00 - 2018-02-01 11:42:00
Tag                                                  Avg(ms)         Min         Max     Std Dev       Count
LoadClass                                                0.4           0           1         0.5          11
MenuItem.inspectionrecord$DefectType.browse           1911.0        1911        1911         0.0           1
MenuItem.inspectionrecord$Employee.browse              222.0         222         222         0.0           1
MenuItem.inspectionrecord$HtEmpl.browse                507.0         507         507         0.0           1
MenuItem.inspectionrecord$HtJob.browse                 333.0         333         333         0.0           1
MenuItem.inspectionrecord$InspectionRecord.browse       126.0         126         126         0.0           1
MenuItem.inspectionrecord$Job.browse                   251.0         251         251         0.0           1
Messages.searchClasspath                                 0.0           0           1         0.0        1426
Messages.searchFiles                                     0.0           0           3         0.1        1426
PersistenceSecurity.applyConstraints(..)                 0.6           0           4         1.0          17
QueryParser.getEntityAlias()                             0.0           0           0         0.0          10
QueryParser.getEntityName()                              0.1           0           1         0.3          46
QueryParser.getEntityNameIfSecondaryReturnedInsteadOfMain()         0.4           0          11         2.0          29
QueryParser.getEntityPathIfSecondaryReturnedInsteadOfMain()         0.0           0           0         0.0          29
QueryParser.getParamNames()                              0.0           0           0         0.0          46
QueryParser.hasIsNullCondition(..)                       2.1           0          19         5.6          10
QueryParser.isCollectionSecondaryEntitySelect()          0.0           0           0         0.0           2
QueryTransformer.addEntityInGroupBy(..)                  0.0           0           0         0.0           2
QueryTransformer.addFirstSelectionSource(..)             0.0           0           0         0.0           2
QueryTransformer.addWhereAsIs(..)                        0.0           0           0         0.0           2
QueryTransformer.getResult()                             0.0           0           0         0.0           2
QueryTransformer.replaceWithSelectEntityVariable(..)         0.0           0           0         0.0           2
Security.isEntityOpPermitted(..)                         0.0           0           0         0.0          17
ViewRepository.init.ViewRepositoryImpl                   9.0           9           9         0.0           1

Performance Statistics   2018-02-01 11:42:00 - 2018-02-01 11:43:00
Tag                                                  Avg(ms)         Min         Max     Std Dev       Count
QueryParser.getEntityName()                              0.0           0           0         0.0           7
QueryParser.getEntityNameIfSecondaryReturnedInsteadOfMain()         0.0           0           0         0.0           7
QueryParser.getEntityPathIfSecondaryReturnedInsteadOfMain()         0.0           0           0         0.0           7
QueryParser.getParamNames()                              0.0           0           0         0.0           7
QueryParser.isCollectionSecondaryEntitySelect()          0.0           0           0         0.0           2
QueryTransformer.addEntityInGroupBy(..)                  0.0           0           0         0.0           2
QueryTransformer.addFirstSelectionSource(..)             0.0           0           0         0.0           2
QueryTransformer.addWhereAsIs(..)                        0.0           0           0         0.0           2
QueryTransformer.getResult()                             0.0           0           0         0.0           2
QueryTransformer.replaceWithSelectEntityVariable(..)         0.0           0           0         0.0           2

Performance Statistics   2018-02-01 11:43:00 - 2018-02-01 11:44:00
Tag                                                  Avg(ms)         Min         Max     Std Dev       Count
LoadClass                                                0.0           0           0         0.0           4
Messages.searchClasspath                                 0.0           0           0         0.0          40
Messages.searchFiles                                     0.0           0           0         0.0          40
PersistenceSecurity.applyConstraints(..)                 0.1           0           1         0.2          17
PersistenceSecurity.restoreFilteredData(..)              0.0           0           0         0.0           1
QueryParser.getEntityAlias()                             0.0           0           0         0.0           9
QueryParser.getEntityName()                              0.0           0           0         0.0          41
QueryParser.getEntityNameIfSecondaryReturnedInsteadOfMain()         0.0           0           0         0.0          24
QueryParser.getEntityPathIfSecondaryReturnedInsteadOfMain()         0.0           0           0         0.0          24
QueryParser.getParamNames()                              0.0           0           0         0.0          41
QueryParser.hasIsNullCondition(..)                       0.0           0           0         0.0          15
Security.isEntityOpPermitted(..)                         0.0           0           0         0.0          18

Performance Statistics   2018-02-01 11:44:00 - 2018-02-01 11:45:00
Tag                                                  Avg(ms)         Min         Max     Std Dev       Count
LoadClass                                                0.0           0           0         0.0           4
PersistenceSecurity.applyConstraints(..)                 0.2           0           1         0.4          20
PersistenceSecurity.restoreFilteredData(..)              0.0           0           0         0.0           4
QueryParser.getEntityAlias()                             0.0           0           0         0.0          13
QueryParser.getEntityName()                              0.0           0           1         0.1          51
QueryParser.getEntityNameIfSecondaryReturnedInsteadOfMain()         0.0           0           0         0.0          31
QueryParser.getEntityPathIfSecondaryReturnedInsteadOfMain()         0.0           0           0         0.0          31
QueryParser.getParamNames()                              0.0           0           0         0.0          51
QueryParser.hasIsNullCondition(..)                       0.0           0           0         0.0          20
Security.isEntityOpPermitted(..)                         0.0           0           0         0.0          26

Performance Statistics   2018-02-01 11:45:00 - 2018-02-01 11:46:00
Tag                                                  Avg(ms)         Min         Max     Std Dev       Count
LoadClass                                              240.4           0        1202       480.8           5
MenuItem.inspectionrecord$Job.browse                   162.0         162         162         0.0           1
PersistenceSecurity.applyConstraints(..)                 0.3           0           2         0.6          12
QueryParser.getEntityAlias()                             0.0           0           0         0.0           6
QueryParser.getEntityName()                              0.0           0           0         0.0          29
QueryParser.getEntityNameIfSecondaryReturnedInsteadOfMain()         0.0           0           0         0.0          17
QueryParser.getEntityPathIfSecondaryReturnedInsteadOfMain()         0.0           0           0         0.0          17
QueryParser.getParamNames()                              0.0           0           0         0.0          29
QueryParser.hasIsNullCondition(..)                       0.0           0           0         0.0           9
Security.isEntityOpPermitted(..)                         0.0           0           0         0.0          13

Performance Statistics   2018-02-01 11:46:00 - 2018-02-01 11:47:00
Tag                                                  Avg(ms)         Min         Max     Std Dev       Count

Performance Statistics   2018-02-01 11:47:00 - 2018-02-01 11:48:00
Tag                                                  Avg(ms)         Min         Max     Std Dev       Count

Performance Statistics   2018-02-01 11:48:00 - 2018-02-01 11:49:00
Tag                                                  Avg(ms)         Min         Max     Std Dev       Count

Performance Statistics   2018-02-01 11:49:00 - 2018-02-01 11:50:00
Tag                                                  Avg(ms)         Min         Max     Std Dev       Count
QueryParser.getEntityName()                              0.0           0           0         0.0           7
QueryParser.getEntityNameIfSecondaryReturnedInsteadOfMain()         0.0           0           0         0.0           7
QueryParser.getEntityPathIfSecondaryReturnedInsteadOfMain()         0.0           0           0         0.0           7
QueryParser.getParamNames()                              0.0           0           0         0.0           7
QueryParser.isCollectionSecondaryEntitySelect()          0.0           0           0         0.0           2
QueryTransformer.addEntityInGroupBy(..)                  0.0           0           0         0.0           2
QueryTransformer.addFirstSelectionSource(..)             0.0           0           0         0.0           2
QueryTransformer.addWhereAsIs(..)                        0.0           0           0         0.0           2
QueryTransformer.getResult()                             0.0           0           0         0.0           2
QueryTransformer.replaceWithSelectEntityVariable(..)         0.0           0           0         0.0           2

Performance Statistics   2018-02-01 11:50:00 - 2018-02-01 11:51:00
Tag                                                  Avg(ms)         Min         Max     Std Dev       Count

Performance Statistics   2018-02-01 11:53:00 - 2018-02-01 11:54:00
Tag                                                  Avg(ms)         Min         Max     Std Dev       Count
Messages.searchClasspath                                 0.3           0           9         1.2         130
Messages.searchFiles                                     0.1           0          12         1.1         130
Metadata.replaceExtendedMetaClasses                      1.0           1           1         0.0           1
QueryParser.getEntityName()                             66.3           1         193        89.6           3
QueryParser.getEntityNameIfSecondaryReturnedInsteadOfMain()         0.0           0           0         0.0           3
QueryParser.getEntityPathIfSecondaryReturnedInsteadOfMain()         0.0           0           0         0.0           3
QueryParser.getParamNames()                              0.3           0           1         0.5           3
QueryParser.isCollectionSecondaryEntitySelect()          0.0           0           0         0.0           2
QueryTransformer.addEntityInGroupBy(..)                  0.0           0           0         0.0           2
QueryTransformer.addFirstSelectionSource(..)             0.0           0           0         0.0           2
QueryTransformer.addWhereAsIs(..)                        0.5           0           1         0.5           2
QueryTransformer.getResult()                             0.5           0           1         0.5           2
QueryTransformer.replaceWithSelectEntityVariable(..)         0.5           0           1         0.5           2

Performance Statistics   2018-02-01 11:54:00 - 2018-02-01 11:55:00
Tag                                                  Avg(ms)         Min         Max     Std Dev       Count
QueryParser.getEntityName()                              0.1           0           1         0.3           7
QueryParser.getEntityNameIfSecondaryReturnedInsteadOfMain()         0.0           0           0         0.0           7
QueryParser.getEntityPathIfSecondaryReturnedInsteadOfMain()         0.0           0           0         0.0           7
QueryParser.getParamNames()                              0.0           0           0         0.0           7
QueryParser.isCollectionSecondaryEntitySelect()          0.0           0           0         0.0           2
QueryTransformer.addEntityInGroupBy(..)                  0.0           0           0         0.0           2
QueryTransformer.addFirstSelectionSource(..)             0.0           0           0         0.0           2
QueryTransformer.addWhereAsIs(..)                        0.0           0           0         0.0           2
QueryTransformer.getResult()                             0.0           0           0         0.0           2
QueryTransformer.replaceWithSelectEntityVariable(..)         0.0           0           0         0.0           2

Performance Statistics   2018-02-01 11:55:00 - 2018-02-01 11:56:00
Tag                                                  Avg(ms)         Min         Max     Std Dev       Count

Performance Statistics   2018-02-01 11:56:00 - 2018-02-01 11:57:00
Tag                                                  Avg(ms)         Min         Max     Std Dev       Count

Performance Statistics   2018-02-01 11:57:00 - 2018-02-01 11:58:00
Tag                                                  Avg(ms)         Min         Max     Std Dev       Count

Performance Statistics   2018-02-01 11:58:00 - 2018-02-01 11:59:00
Tag                                                  Avg(ms)         Min         Max     Std Dev       Count

Performance Statistics   2018-02-01 11:59:00 - 2018-02-01 12:00:00
Tag                                                  Avg(ms)         Min         Max     Std Dev       Count

Performance Statistics   2018-02-01 12:00:00 - 2018-02-01 12:01:00
Tag                                                  Avg(ms)         Min         Max     Std Dev       Count

Performance Statistics   2018-02-01 12:01:00 - 2018-02-01 12:02:00
Tag                                                  Avg(ms)         Min         Max     Std Dev       Count

Performance Statistics   2018-02-01 12:02:00 - 2018-02-01 12:03:00
Tag                                                  Avg(ms)         Min         Max     Std Dev       Count

Performance Statistics   2018-02-01 12:03:00 - 2018-02-01 12:04:00
Tag                                                  Avg(ms)         Min         Max     Std Dev       Count

Performance Statistics   2018-02-01 12:04:00 - 2018-02-01 12:05:00
Tag                                                  Avg(ms)         Min         Max     Std Dev       Count

Performance Statistics   2018-02-01 12:05:00 - 2018-02-01 12:06:00
Tag                                                  Avg(ms)         Min         Max     Std Dev       Count

Performance Statistics   2018-02-01 12:06:00 - 2018-02-01 12:07:00
Tag                                                  Avg(ms)         Min         Max     Std Dev       Count

Performance Statistics   2018-02-01 12:07:00 - 2018-02-01 12:08:00
Tag                                                  Avg(ms)         Min         Max     Std Dev       Count

Performance Statistics   2018-02-01 12:08:00 - 2018-02-01 12:09:00
Tag                                                  Avg(ms)         Min         Max     Std Dev       Count

Performance Statistics   2018-02-01 12:09:00 - 2018-02-01 12:10:00
Tag                                                  Avg(ms)         Min         Max     Std Dev       Count

Performance Statistics   2018-02-01 12:10:00 - 2018-02-01 12:11:00
Tag                                                  Avg(ms)         Min         Max     Std Dev       Count

Performance Statistics   2018-02-01 12:11:00 - 2018-02-01 12:12:00
Tag                                                  Avg(ms)         Min         Max     Std Dev       Count

Performance Statistics   2018-02-01 12:12:00 - 2018-02-01 12:13:00
Tag                                                  Avg(ms)         Min         Max     Std Dev       Count

Performance Statistics   2018-02-01 12:13:00 - 2018-02-01 12:14:00
Tag                                                  Avg(ms)         Min         Max     Std Dev       Count

Performance Statistics   2018-02-01 12:14:00 - 2018-02-01 12:15:00
Tag                                                  Avg(ms)         Min         Max     Std Dev       Count

Performance Statistics   2018-02-01 12:15:00 - 2018-02-01 12:16:00
Tag                                                  Avg(ms)         Min         Max     Std Dev       Count

Performance Statistics   2018-02-01 12:16:00 - 2018-02-01 12:17:00
Tag                                                  Avg(ms)         Min         Max     Std Dev       Count

Performance Statistics   2018-02-01 12:17:00 - 2018-02-01 12:18:00
Tag                                                  Avg(ms)         Min         Max     Std Dev       Count

Performance Statistics   2018-02-01 12:18:00 - 2018-02-01 12:19:00
Tag                                                  Avg(ms)         Min         Max     Std Dev       Count

Performance Statistics   2018-02-01 12:19:00 - 2018-02-01 12:20:00
Tag                                                  Avg(ms)         Min         Max     Std Dev       Count

Performance Statistics   2018-02-01 12:20:00 - 2018-02-01 12:21:00
Tag                                                  Avg(ms)         Min         Max     Std Dev       Count

Performance Statistics   2018-02-01 12:21:00 - 2018-02-01 12:22:00
Tag                                                  Avg(ms)         Min         Max     Std Dev       Count

Performance Statistics   2018-02-01 12:22:00 - 2018-02-01 12:23:00
Tag                                                  Avg(ms)         Min         Max     Std Dev       Count

Performance Statistics   2018-02-01 12:23:00 - 2018-02-01 12:24:00
Tag                                                  Avg(ms)         Min         Max     Std Dev       Count

Performance Statistics   2018-02-01 12:24:00 - 2018-02-01 12:25:00
Tag                                                  Avg(ms)         Min         Max     Std Dev       Count

Performance Statistics   2018-02-01 12:25:00 - 2018-02-01 12:26:00
Tag                                                  Avg(ms)         Min         Max     Std Dev       Count

Performance Statistics   2018-02-01 12:26:00 - 2018-02-01 12:27:00
Tag                                                  Avg(ms)         Min         Max     Std Dev       Count

Performance Statistics   2018-02-01 12:27:00 - 2018-02-01 12:28:00
Tag                                                  Avg(ms)         Min         Max     Std Dev       Count

Performance Statistics   2018-02-01 12:28:00 - 2018-02-01 12:29:00
Tag                                                  Avg(ms)         Min         Max     Std Dev       Count

Performance Statistics   2018-02-01 12:29:00 - 2018-02-01 12:30:00
Tag                                                  Avg(ms)         Min         Max     Std Dev       Count

Performance Statistics   2018-02-01 12:30:00 - 2018-02-01 12:31:00
Tag                                                  Avg(ms)         Min         Max     Std Dev       Count

Performance Statistics   2018-02-01 12:31:00 - 2018-02-01 12:32:00
Tag                                                  Avg(ms)         Min         Max     Std Dev       Count

Performance Statistics   2018-02-01 12:32:00 - 2018-02-01 12:33:00
Tag                                                  Avg(ms)         Min         Max     Std Dev       Count

Performance Statistics   2018-02-01 12:33:00 - 2018-02-01 12:34:00
Tag                                                  Avg(ms)         Min         Max     Std Dev       Count

Performance Statistics   2018-02-01 12:34:00 - 2018-02-01 12:35:00
Tag                                                  Avg(ms)         Min         Max     Std Dev       Count

Performance Statistics   2018-02-01 12:35:00 - 2018-02-01 12:36:00
Tag                                                  Avg(ms)         Min         Max     Std Dev       Count

Performance Statistics   2018-02-01 12:36:00 - 2018-02-01 12:37:00
Tag                                                  Avg(ms)         Min         Max     Std Dev       Count

Performance Statistics   2018-02-01 12:37:00 - 2018-02-01 12:38:00
Tag                                                  Avg(ms)         Min         Max     Std Dev       Count

Performance Statistics   2018-02-01 12:38:00 - 2018-02-01 12:39:00
Tag                                                  Avg(ms)         Min         Max     Std Dev       Count

Performance Statistics   2018-02-01 12:39:00 - 2018-02-01 12:40:00
Tag                                                  Avg(ms)         Min         Max     Std Dev       Count

Performance Statistics   2018-02-01 12:40:00 - 2018-02-01 12:41:00
Tag                                                  Avg(ms)         Min         Max     Std Dev       Count

Performance Statistics   2018-02-01 12:41:00 - 2018-02-01 12:42:00
Tag                                                  Avg(ms)         Min         Max     Std Dev       Count

Performance Statistics   2018-02-01 12:42:00 - 2018-02-01 12:43:00
Tag                                                  Avg(ms)         Min         Max     Std Dev       Count

Performance Statistics   2018-02-01 12:43:00 - 2018-02-01 12:44:00
Tag                                                  Avg(ms)         Min         Max     Std Dev       Count

Performance Statistics   2018-02-01 12:44:00 - 2018-02-01 12:45:00
Tag                                                  Avg(ms)         Min         Max     Std Dev       Count

Performance Statistics   2018-02-01 12:45:00 - 2018-02-01 12:46:00
Tag                                                  Avg(ms)         Min         Max     Std Dev       Count

Performance Statistics   2018-02-01 12:46:00 - 2018-02-01 12:47:00
Tag                                                  Avg(ms)         Min         Max     Std Dev       Count

Performance Statistics   2018-02-01 12:47:00 - 2018-02-01 12:48:00
Tag                                                  Avg(ms)         Min         Max     Std Dev       Count

Performance Statistics   2018-02-01 12:48:00 - 2018-02-01 12:49:00
Tag                                                  Avg(ms)         Min         Max     Std Dev       Count

Performance Statistics   2018-02-01 12:49:00 - 2018-02-01 12:50:00
Tag                                                  Avg(ms)         Min         Max     Std Dev       Count

Performance Statistics   2018-02-01 12:50:00 - 2018-02-01 12:51:00
Tag                                                  Avg(ms)         Min         Max     Std Dev       Count

Performance Statistics   2018-02-01 12:51:00 - 2018-02-01 12:52:00
Tag                                                  Avg(ms)         Min         Max     Std Dev       Count

Performance Statistics   2018-02-01 12:52:00 - 2018-02-01 12:53:00
Tag                                                  Avg(ms)         Min         Max     Std Dev       Count

Performance Statistics   2018-02-01 12:53:00 - 2018-02-01 12:54:00
Tag                                                  Avg(ms)         Min         Max     Std Dev       Count

Performance Statistics   2018-02-01 12:54:00 - 2018-02-01 12:55:00
Tag                                                  Avg(ms)         Min         Max     Std Dev       Count

Performance Statistics   2018-02-01 12:55:00 - 2018-02-01 12:56:00
Tag                                                  Avg(ms)         Min         Max     Std Dev       Count

Performance Statistics   2018-02-01 12:56:00 - 2018-02-01 12:57:00
Tag                                                  Avg(ms)         Min         Max     Std Dev       Count

Performance Statistics   2018-02-01 12:57:00 - 2018-02-01 12:58:00
Tag                                                  Avg(ms)         Min         Max     Std Dev       Count

Performance Statistics   2018-02-01 12:58:00 - 2018-02-01 12:59:00
Tag                                                  Avg(ms)         Min         Max     Std Dev       Count

Performance Statistics   2018-02-01 12:59:00 - 2018-02-01 13:00:00
Tag                                                  Avg(ms)         Min         Max     Std Dev       Count

Performance Statistics   2018-02-01 13:00:00 - 2018-02-01 13:01:00
Tag                                                  Avg(ms)         Min         Max     Std Dev       Count

Performance Statistics   2018-02-01 13:01:00 - 2018-02-01 13:02:00
Tag                                                  Avg(ms)         Min         Max     Std Dev       Count

Performance Statistics   2018-02-01 13:02:00 - 2018-02-01 13:03:00
Tag                                                  Avg(ms)         Min         Max     Std Dev       Count

Performance Statistics   2018-02-01 13:03:00 - 2018-02-01 13:04:00
Tag                                                  Avg(ms)         Min         Max     Std Dev       Count

Performance Statistics   2018-02-01 13:04:00 - 2018-02-01 13:05:00
Tag                                                  Avg(ms)         Min         Max     Std Dev       Count

Performance Statistics   2018-02-01 13:05:00 - 2018-02-01 13:06:00
Tag                                                  Avg(ms)         Min         Max     Std Dev       Count

Performance Statistics   2018-02-01 13:06:00 - 2018-02-01 13:07:00
Tag                                                  Avg(ms)         Min         Max     Std Dev       Count

Performance Statistics   2018-02-01 13:07:00 - 2018-02-01 13:08:00
Tag                                                  Avg(ms)         Min         Max     Std Dev       Count

Performance Statistics   2018-02-01 13:08:00 - 2018-02-01 13:09:00
Tag                                                  Avg(ms)         Min         Max     Std Dev       Count

Performance Statistics   2018-02-01 13:09:00 - 2018-02-01 13:10:00
Tag                                                  Avg(ms)         Min         Max     Std Dev       Count

Performance Statistics   2018-02-01 13:10:00 - 2018-02-01 13:11:00
Tag                                                  Avg(ms)         Min         Max     Std Dev       Count

Performance Statistics   2018-02-01 13:11:00 - 2018-02-01 13:12:00
Tag                                                  Avg(ms)         Min         Max     Std Dev       Count

Performance Statistics   2018-02-01 13:12:00 - 2018-02-01 13:13:00
Tag                                                  Avg(ms)         Min         Max     Std Dev       Count

Performance Statistics   2018-02-01 13:13:00 - 2018-02-01 13:14:00
Tag                                                  Avg(ms)         Min         Max     Std Dev       Count

Performance Statistics   2018-02-01 13:14:00 - 2018-02-01 13:15:00
Tag                                                  Avg(ms)         Min         Max     Std Dev       Count

Performance Statistics   2018-02-01 13:15:00 - 2018-02-01 13:16:00
Tag                                                  Avg(ms)         Min         Max     Std Dev       Count

Performance Statistics   2018-02-01 13:16:00 - 2018-02-01 13:17:00
Tag                                                  Avg(ms)         Min         Max     Std Dev       Count

Performance Statistics   2018-02-01 13:17:00 - 2018-02-01 13:18:00
Tag                                                  Avg(ms)         Min         Max     Std Dev       Count

Performance Statistics   2018-02-01 13:18:00 - 2018-02-01 13:19:00
Tag                                                  Avg(ms)         Min         Max     Std Dev       Count

Performance Statistics   2018-02-01 13:19:00 - 2018-02-01 13:20:00
Tag                                                  Avg(ms)         Min         Max     Std Dev       Count

Performance Statistics   2018-02-01 13:20:00 - 2018-02-01 13:21:00
Tag                                                  Avg(ms)         Min         Max     Std Dev       Count

Performance Statistics   2018-02-01 13:21:00 - 2018-02-01 13:22:00
Tag                                                  Avg(ms)         Min         Max     Std Dev       Count

Performance Statistics   2018-02-01 13:22:00 - 2018-02-01 13:23:00
Tag                                                  Avg(ms)         Min         Max     Std Dev       Count

Performance Statistics   2018-02-01 13:23:00 - 2018-02-01 13:24:00
Tag                                                  Avg(ms)         Min         Max     Std Dev       Count

Performance Statistics   2018-02-01 13:24:00 - 2018-02-01 13:25:00
Tag                                                  Avg(ms)         Min         Max     Std Dev       Count

Performance Statistics   2018-02-01 13:25:00 - 2018-02-01 13:26:00
Tag                                                  Avg(ms)         Min         Max     Std Dev       Count

Performance Statistics   2018-02-01 13:26:00 - 2018-02-01 13:27:00
Tag                                                  Avg(ms)         Min         Max     Std Dev       Count

Performance Statistics   2018-02-01 13:27:00 - 2018-02-01 13:28:00
Tag                                                  Avg(ms)         Min         Max     Std Dev       Count

Performance Statistics   2018-02-01 13:28:00 - 2018-02-01 13:29:00
Tag                                                  Avg(ms)         Min         Max     Std Dev       Count

Performance Statistics   2018-02-01 13:29:00 - 2018-02-01 13:30:00
Tag                                                  Avg(ms)         Min         Max     Std Dev       Count

Performance Statistics   2018-02-01 13:30:00 - 2018-02-01 13:31:00
Tag                                                  Avg(ms)         Min         Max     Std Dev       Count

Performance Statistics   2018-02-01 13:31:00 - 2018-02-01 13:32:00
Tag                                                  Avg(ms)         Min         Max     Std Dev       Count

Performance Statistics   2018-02-01 13:32:00 - 2018-02-01 13:33:00
Tag                                                  Avg(ms)         Min         Max     Std Dev       Count

Performance Statistics   2018-02-01 13:33:00 - 2018-02-01 13:34:00
Tag                                                  Avg(ms)         Min         Max     Std Dev       Count

Performance Statistics   2018-02-01 13:34:00 - 2018-02-01 13:35:00
Tag                                                  Avg(ms)         Min         Max     Std Dev       Count

Performance Statistics   2018-02-01 13:35:00 - 2018-02-01 13:36:00
Tag                                                  Avg(ms)         Min         Max     Std Dev       Count

Performance Statistics   2018-02-01 16:46:00 - 2018-02-01 16:47:00
Tag                                                  Avg(ms)         Min         Max     Std Dev       Count
AppFolders                                              21.0          21          21         0.0           1
LoadClass                                                0.8           0           3         1.0           8
MenuItem.inspectionrecord$Job.browse                  1106.0        1106        1106         0.0           1
Messages.searchClasspath                                 0.1           0          40         1.5         966
Messages.searchFiles                                     0.0           0          17         0.5         966
Metadata.replaceExtendedMetaClasses                      1.0           1           1         0.0           2
PersistenceSecurity.applyConstraints(..)                 1.8           0           8         2.8           6
QueryParser.getEntityAlias()                             0.3           0           1         0.4           4
QueryParser.getEntityName()                              6.4           0         189        32.3          33
QueryParser.getEntityNameIfSecondaryReturnedInsteadOfMain()         0.0           0           0         0.0          27
QueryParser.getEntityPathIfSecondaryReturnedInsteadOfMain()         0.0           0           0         0.0          27
QueryParser.getParamNames()                              0.1           0           2         0.4          33
QueryParser.hasIsNullCondition(..)                       2.0           0           6         2.8           3
QueryParser.isCollectionSecondaryEntitySelect()          0.0           0           0         0.0           6
QueryTransformer.addEntityInGroupBy(..)                  0.0           0           0         0.0           6
QueryTransformer.addFirstSelectionSource(..)             0.0           0           0         0.0           6
QueryTransformer.addWhereAsIs(..)                        0.2           0           1         0.4           6
QueryTransformer.getResult()                             0.3           0           2         0.7           6
QueryTransformer.replaceWithSelectEntityVariable(..)         0.3           0           2         0.7           6
SearchFolders                                           32.0          32          32         0.0           1
Security.isEntityOpPermitted(..)                         0.0           0           0         0.0           7
ViewRepository.init.ViewRepositoryClientImpl            15.0          15          15         0.0           1
ViewRepository.init.ViewRepositoryImpl                  11.0          11          11         0.0           1

Performance Statistics   2018-02-01 16:47:00 - 2018-02-01 16:48:00
Tag                                                  Avg(ms)         Min         Max     Std Dev       Count
LoadClass                                                0.3           0           1         0.4           8
MenuItem.inspectionrecord$DefectType.browse            154.0         154         154         0.0           1
MenuItem.inspectionrecord$Employee.browse               82.0          82          82         0.0           1
Messages.searchClasspath                                 0.0           0           1         0.1          97
Messages.searchFiles                                     0.0           0           0         0.0          97
PersistenceSecurity.applyConstraints(..)                 0.6           0           4         0.9          19
QueryParser.getEntityAlias()                             0.2           0           2         0.6          12
QueryParser.getEntityName()                              0.0           0           1         0.1          47
QueryParser.getEntityNameIfSecondaryReturnedInsteadOfMain()         0.0           0           0         0.0          28
QueryParser.getEntityPathIfSecondaryReturnedInsteadOfMain()         0.0           0           0         0.0          28
QueryParser.getParamNames()                              0.0           0           0         0.0          47
QueryParser.hasIsNullCondition(..)                       0.1           0           1         0.2          17
Security.isEntityOpPermitted(..)                         0.0           0           0         0.0          21

Performance Statistics   2018-02-01 16:48:00 - 2018-02-01 16:49:00
Tag                                                  Avg(ms)         Min         Max     Std Dev       Count
LoadClass                                                0.0           0           0         0.0           6
PersistenceSecurity.applyConstraints(..)                 0.2           0           1         0.4          22
PersistenceSecurity.restoreFilteredData(..)              0.0           0           0         0.0           2
QueryParser.getEntityAlias()                             0.0           0           0         0.0          14
QueryParser.getEntityName()                              0.0           0           1         0.1          54
QueryParser.getEntityNameIfSecondaryReturnedInsteadOfMain()         0.0           0           0         0.0          32
QueryParser.getEntityPathIfSecondaryReturnedInsteadOfMain()         0.0           0           0         0.0          32
QueryParser.getParamNames()                              0.0           0           0         0.0          54
QueryParser.hasIsNullCondition(..)                       0.0           0           0         0.0          21
Security.isEntityOpPermitted(..)                         0.0           0           0         0.0          25

Performance Statistics   2018-02-01 16:49:00 - 2018-02-01 16:50:00
Tag                                                  Avg(ms)         Min         Max     Std Dev       Count

Performance Statistics   2018-02-01 16:50:00 - 2018-02-01 16:51:00
Tag                                                  Avg(ms)         Min         Max     Std Dev       Count

Performance Statistics   2018-02-01 16:51:00 - 2018-02-01 16:52:00
Tag                                                  Avg(ms)         Min         Max     Std Dev       Count

Performance Statistics   2018-02-01 16:52:00 - 2018-02-01 16:53:00
Tag                                                  Avg(ms)         Min         Max     Std Dev       Count

Performance Statistics   2018-02-01 16:53:00 - 2018-02-01 16:54:00
Tag                                                  Avg(ms)         Min         Max     Std Dev       Count
QueryParser.getEntityName()                              0.0           0           0         0.0          20
QueryParser.getEntityNameIfSecondaryReturnedInsteadOfMain()         0.0           0           0         0.0          20
QueryParser.getEntityPathIfSecondaryReturnedInsteadOfMain()         0.0           0           0         0.0          20
QueryParser.getParamNames()                              0.0           0           0         0.0          20
QueryParser.isCollectionSecondaryEntitySelect()          0.0           0           0         0.0           8
QueryTransformer.addEntityInGroupBy(..)                  0.0           0           0         0.0           8
QueryTransformer.addFirstSelectionSource(..)             0.0           0           0         0.0           8
QueryTransformer.addWhereAsIs(..)                        0.0           0           0         0.0           8
QueryTransformer.getResult()                             0.0           0           0         0.0           8
QueryTransformer.replaceWithSelectEntityVariable(..)         0.0           0           0         0.0           8

Performance Statistics   2018-02-01 16:54:00 - 2018-02-01 16:55:00
Tag                                                  Avg(ms)         Min         Max     Std Dev       Count

Performance Statistics   2018-02-01 16:55:00 - 2018-02-01 16:56:00
Tag                                                  Avg(ms)         Min         Max     Std Dev       Count

Performance Statistics   2018-02-01 16:56:00 - 2018-02-01 16:57:00
Tag                                                  Avg(ms)         Min         Max     Std Dev       Count

Performance Statistics   2018-02-01 16:57:00 - 2018-02-01 16:58:00
Tag                                                  Avg(ms)         Min         Max     Std Dev       Count
LoadClass                                             1483.0        1483        1483         0.0           1

Performance Statistics   2018-02-01 16:58:00 - 2018-02-01 16:59:00
Tag                                                  Avg(ms)         Min         Max     Std Dev       Count
QueryParser.getEntityName()                              0.0           0           0         0.0          10
QueryParser.getEntityNameIfSecondaryReturnedInsteadOfMain()         0.0           0           0         0.0          10
QueryParser.getEntityPathIfSecondaryReturnedInsteadOfMain()         0.0           0           0         0.0          10
QueryParser.getParamNames()                              0.0           0           0         0.0          10
QueryParser.isCollectionSecondaryEntitySelect()          0.0           0           0         0.0           4
QueryTransformer.addEntityInGroupBy(..)                  0.0           0           0         0.0           4
QueryTransformer.addFirstSelectionSource(..)             0.0           0           0         0.0           4
QueryTransformer.addWhereAsIs(..)                        0.0           0           0         0.0           4
QueryTransformer.getResult()                             0.0           0           0         0.0           4
QueryTransformer.replaceWithSelectEntityVariable(..)         0.0           0           0         0.0           4

Performance Statistics   2018-02-01 16:59:00 - 2018-02-01 17:00:00
Tag                                                  Avg(ms)         Min         Max     Std Dev       Count

Performance Statistics   2018-02-01 17:00:00 - 2018-02-01 17:01:00
Tag                                                  Avg(ms)         Min         Max     Std Dev       Count

Performance Statistics   2018-02-01 17:01:00 - 2018-02-01 17:02:00
Tag                                                  Avg(ms)         Min         Max     Std Dev       Count

Performance Statistics   2018-02-01 17:02:00 - 2018-02-01 17:03:00
Tag                                                  Avg(ms)         Min         Max     Std Dev       Count
LoadClass                                                0.0           0           0         0.0           4
MenuItem.inspectionrecord$DefectType.browse            313.0         313         313         0.0           1
MenuItem.inspectionrecord$Job.browse                   265.0         265         265         0.0           1
PersistenceSecurity.applyConstraints(..)                 0.2           0           1         0.4          10
QueryParser.getEntityAlias()                             0.0           0           0         0.0           7
QueryParser.getEntityName()                              0.0           0           0         0.0          24
QueryParser.getEntityNameIfSecondaryReturnedInsteadOfMain()         0.0           0           0         0.0          14
QueryParser.getEntityPathIfSecondaryReturnedInsteadOfMain()         0.0           0           0         0.0          14
QueryParser.getParamNames()                              0.0           0           0         0.0          24
QueryParser.hasIsNullCondition(..)                       0.0           0           0         0.0           9
Security.isEntityOpPermitted(..)                         0.0           0           0         0.0          10

Performance Statistics   2018-02-01 17:04:00 - 2018-02-01 17:05:00
Tag                                                  Avg(ms)         Min         Max     Std Dev       Count
Messages.searchClasspath                                 0.4           0           9         1.4          90
Messages.searchFiles                                     0.2           0          16         1.7          90

Performance Statistics   2018-02-01 17:06:00 - 2018-02-01 17:07:00
Tag                                                  Avg(ms)         Min         Max     Std Dev       Count
Messages.searchClasspath                                 0.4           0          10         1.3         130
Messages.searchFiles                                     0.1           0          12         1.1         130
Metadata.replaceExtendedMetaClasses                      1.5           1           2         0.5           2
QueryParser.getEntityName()                             13.3           0         309        61.7          24
QueryParser.getEntityNameIfSecondaryReturnedInsteadOfMain()         0.0           0           0         0.0          24
QueryParser.getEntityPathIfSecondaryReturnedInsteadOfMain()         0.0           0           0         0.0          24
QueryParser.getParamNames()                              0.0           0           0         0.0          24
QueryParser.isCollectionSecondaryEntitySelect()          0.0           0           0         0.0           8
QueryTransformer.addEntityInGroupBy(..)                  0.0           0           0         0.0           8
QueryTransformer.addFirstSelectionSource(..)             0.0           0           0         0.0           8
QueryTransformer.addWhereAsIs(..)                        0.1           0           1         0.3           8
QueryTransformer.getResult()                             0.1           0           1         0.3           8
QueryTransformer.replaceWithSelectEntityVariable(..)         0.1           0           1         0.3           8

Performance Statistics   2018-02-01 17:07:00 - 2018-02-01 17:08:00
Tag                                                  Avg(ms)         Min         Max     Std Dev       Count

Performance Statistics   2018-02-01 17:08:00 - 2018-02-01 17:09:00
Tag                                                  Avg(ms)         Min         Max     Std Dev       Count

Performance Statistics   2018-02-01 17:09:00 - 2018-02-01 17:10:00
Tag                                                  Avg(ms)         Min         Max     Std Dev       Count

Performance Statistics   2018-02-01 17:10:00 - 2018-02-01 17:11:00
Tag                                                  Avg(ms)         Min         Max     Std Dev       Count

Performance Statistics   2018-02-01 17:11:00 - 2018-02-01 17:12:00
Tag                                                  Avg(ms)         Min         Max     Std Dev       Count

Performance Statistics   2018-02-01 17:12:00 - 2018-02-01 17:13:00
Tag                                                  Avg(ms)         Min         Max     Std Dev       Count
LoadClass                                              837.0         837         837         0.0           1

Performance Statistics   2018-02-01 17:13:00 - 2018-02-01 17:14:00
Tag                                                  Avg(ms)         Min         Max     Std Dev       Count
LoadClass                                              274.0         274         274         0.0           1

Performance Statistics   2018-02-01 17:14:00 - 2018-02-01 17:15:00
Tag                                                  Avg(ms)         Min         Max     Std Dev       Count
LoadClass                                              221.3         162         294        54.7           3

Performance Statistics   2018-02-01 17:16:00 - 2018-02-01 17:17:00
Tag                                                  Avg(ms)         Min         Max     Std Dev       Count

Performance Statistics   2018-02-01 17:17:00 - 2018-02-01 17:18:00
Tag                                                  Avg(ms)         Min         Max     Std Dev       Count
LoadClass                                              205.0         176         234        29.0           2

Performance Statistics   2018-02-01 17:18:00 - 2018-02-01 17:19:00
Tag                                                  Avg(ms)         Min         Max     Std Dev       Count
LoadClass                                              175.0         175         175         0.0           1

Performance Statistics   2018-02-01 17:19:00 - 2018-02-01 17:20:00
Tag                                                  Avg(ms)         Min         Max     Std Dev       Count

Performance Statistics   2018-02-01 17:20:00 - 2018-02-01 17:21:00
Tag                                                  Avg(ms)         Min         Max     Std Dev       Count

Performance Statistics   2018-02-01 17:21:00 - 2018-02-01 17:22:00
Tag                                                  Avg(ms)         Min         Max     Std Dev       Count

Performance Statistics   2018-02-01 17:22:00 - 2018-02-01 17:23:00
Tag                                                  Avg(ms)         Min         Max     Std Dev       Count

Performance Statistics   2018-02-01 17:23:00 - 2018-02-01 17:24:00
Tag                                                  Avg(ms)         Min         Max     Std Dev       Count

Performance Statistics   2018-02-01 17:24:00 - 2018-02-01 17:25:00
Tag                                                  Avg(ms)         Min         Max     Std Dev       Count

Performance Statistics   2018-02-01 17:25:00 - 2018-02-01 17:26:00
Tag                                                  Avg(ms)         Min         Max     Std Dev       Count

Performance Statistics   2018-02-01 17:26:00 - 2018-02-01 17:27:00
Tag                                                  Avg(ms)         Min         Max     Std Dev       Count

Performance Statistics   2018-02-01 17:27:00 - 2018-02-01 17:28:00
Tag                                                  Avg(ms)         Min         Max     Std Dev       Count

Performance Statistics   2018-02-01 17:28:00 - 2018-02-01 17:29:00
Tag                                                  Avg(ms)         Min         Max     Std Dev       Count

Performance Statistics   2018-02-01 17:29:00 - 2018-02-01 17:30:00
Tag                                                  Avg(ms)         Min         Max     Std Dev       Count

Performance Statistics   2018-02-01 17:30:00 - 2018-02-01 17:31:00
Tag                                                  Avg(ms)         Min         Max     Std Dev       Count

Performance Statistics   2018-02-01 17:31:00 - 2018-02-01 17:32:00
Tag                                                  Avg(ms)         Min         Max     Std Dev       Count

Performance Statistics   2018-02-01 17:32:00 - 2018-02-01 17:33:00
Tag                                                  Avg(ms)         Min         Max     Std Dev       Count

Performance Statistics   2018-02-01 17:33:00 - 2018-02-01 17:34:00
Tag                                                  Avg(ms)         Min         Max     Std Dev       Count

Performance Statistics   2018-02-01 17:34:00 - 2018-02-01 17:35:00
Tag                                                  Avg(ms)         Min         Max     Std Dev       Count

Performance Statistics   2018-02-01 17:35:00 - 2018-02-01 17:36:00
Tag                                                  Avg(ms)         Min         Max     Std Dev       Count

Performance Statistics   2018-02-01 17:36:00 - 2018-02-01 17:37:00
Tag                                                  Avg(ms)         Min         Max     Std Dev       Count

Performance Statistics   2018-02-01 17:37:00 - 2018-02-01 17:38:00
Tag                                                  Avg(ms)         Min         Max     Std Dev       Count

Performance Statistics   2018-02-01 17:38:00 - 2018-02-01 17:39:00
Tag                                                  Avg(ms)         Min         Max     Std Dev       Count

Performance Statistics   2018-02-01 17:39:00 - 2018-02-01 17:40:00
Tag                                                  Avg(ms)         Min         Max     Std Dev       Count

Performance Statistics   2018-02-01 17:40:00 - 2018-02-01 17:41:00
Tag                                                  Avg(ms)         Min         Max     Std Dev       Count

Performance Statistics   2018-02-01 17:41:00 - 2018-02-01 17:42:00
Tag                                                  Avg(ms)         Min         Max     Std Dev       Count

Performance Statistics   2018-02-01 17:42:00 - 2018-02-01 17:43:00
Tag                                                  Avg(ms)         Min         Max     Std Dev       Count

Performance Statistics   2018-02-01 17:43:00 - 2018-02-01 17:44:00
Tag                                                  Avg(ms)         Min         Max     Std Dev       Count

Performance Statistics   2018-02-01 17:44:00 - 2018-02-01 17:45:00
Tag                                                  Avg(ms)         Min         Max     Std Dev       Count

Performance Statistics   2018-02-01 17:45:00 - 2018-02-01 17:46:00
Tag                                                  Avg(ms)         Min         Max     Std Dev       Count

Performance Statistics   2018-02-01 17:46:00 - 2018-02-01 17:47:00
Tag                                                  Avg(ms)         Min         Max     Std Dev       Count

Performance Statistics   2018-02-01 17:47:00 - 2018-02-01 17:48:00
Tag                                                  Avg(ms)         Min         Max     Std Dev       Count

Performance Statistics   2018-02-01 17:48:00 - 2018-02-01 17:49:00
Tag                                                  Avg(ms)         Min         Max     Std Dev       Count

Performance Statistics   2018-02-01 17:49:00 - 2018-02-01 17:50:00
Tag                                                  Avg(ms)         Min         Max     Std Dev       Count

Performance Statistics   2018-02-01 17:50:00 - 2018-02-01 17:51:00
Tag                                                  Avg(ms)         Min         Max     Std Dev       Count
LoadClass                                              261.0         213         309        48.0           2

Performance Statistics   2018-02-01 17:51:00 - 2018-02-01 17:52:00
Tag                                                  Avg(ms)         Min         Max     Std Dev       Count

Performance Statistics   2018-02-01 17:52:00 - 2018-02-01 17:53:00
Tag                                                  Avg(ms)         Min         Max     Std Dev       Count

Performance Statistics   2018-02-01 17:53:00 - 2018-02-01 17:54:00
Tag                                                  Avg(ms)         Min         Max     Std Dev       Count

Performance Statistics   2018-02-01 17:54:00 - 2018-02-01 17:55:00
Tag                                                  Avg(ms)         Min         Max     Std Dev       Count

